do run
loading script "felix_analysis400_120.py"
loading script "felix_pump_ms.py"
loading script "felix_diode.py"
loading script "felix_pump_extraction_line.py"
testing...
no interpolation path defined
executed snippet estimated_duration=624.242112, duration=0.000401020050049
script duration name:analysis400_120 seconds:624.0
loading script "felix_analysis400_120.py"
loading script "felix_pump_ms.py"
loading script "felix_diode.py"
loading script "felix_pump_extraction_line.py"
testing...
no interpolation path defined
executed snippet estimated_duration=0, duration=4.50611114502e-05
loading script "felix_analysis400_120.py"
loading script "felix_pump_ms.py"
loading script "felix_diode.py"
loading script "felix_pump_extraction_line.py"
testing...
no interpolation path defined
calculate duration
testing...
no interpolation path defined
executed snippet estimated_duration=0, duration=0.00012993812561
calculate duration
testing...
no interpolation path defined
executed snippet estimated_duration=0, duration=4.38690185547e-05
calculate duration
testing...
no interpolation path defined
executed snippet estimated_duration=42.0, duration=0.000155925750732
executed snippet estimated_duration=42.0, duration=0.00610589981079
script duration name:diode seconds:42.0
loading script "felix_analysis400_120.py"
loading script "felix_pump_ms.py"
loading script "felix_diode.py"
loading script "felix_pump_extraction_line.py"
testing...
no interpolation path defined
calculate duration
testing...
no interpolation path defined
executed snippet estimated_duration=4.0, duration=0.000277042388916
executed snippet estimated_duration=4.0, duration=0.00205206871033
Script duration 666.0
Run total estimated duration= 667.000
run duration: 0:11:07
doing event level: 2
08:30:41 -- Setting default integration. t=1.048576
setting integration time = 1.048576
SetIntegrationTime 1.048576 ===>> OK
----------------- start -----------------
**************** Experiment Type: Ar/Ar, Ar/Ar
create new session 4710191760
close session 4710191760
$$$$$ Clearing conditionals
adding conditionals 
Add queue conditionals
add default conditionals
adding default conditionals from /Users/obama/PychronDev/setupfiles/spectrometer/default_conditionals.yaml
Start automated run 65407-01D
loading script "felix_analysis400_120.py"
loading script "felix_pump_ms.py"
loading script "felix_diode.py"
loading script "felix_pump_extraction_line.py"
%%%%%%%%%%%%%%%%%% setting automated run 65407-01D
No value "sensitivity_multiplier" in metadata
$$$$$$$$$$$$$$$ auto_save_detector_ic=False
============================= Pre Extraction Check =============================
loading queue conditionals pre_run_terminations
loading system conditionals pre_run_terminations
loading conditionals from /Users/obama/PychronDev/setupfiles/spectrometer/default_conditionals.yaml
08:30:41 -- ******* Pre Extraction Check *******
Get a measurement from the spectrometer
GetData ===>> L2(CDD),0.00125795775396796,H2,0.272943204660326,H1,-0.0927322049188603,AX,-0.12437990384413,L1,-...
Pre Extraction Termination data. keys=L2(CDD),H2,H1,AX,L1,L2, signals=0.00126,0.27294,-0.09273,-0.12438,-0.11369,-0.08571
08:30:41 -- testing system defined conditionals
Checking default pre extraction terminations n=2
testing L2_CDD_
evaluate ot="L2(CDD).inactive" t="L2_CDD_", ctx="{'L2_CDD_': False}"
GetDeflection L2 (CDD) ===>> 0
testing L2_CDD_==3250
evaluate ot="L2(CDD).deflection==3250" t="L2_CDD_==3250", ctx="{'L2_CDD_': 0.0}"
08:30:41 -- ******* Pre Extraction Check Passed *******
=================================================================================
08:30:41 -- stopping status monitor
stop 4818565936
Status monitor stopped
Status monitor finished
08:30:43 -- starting status monitor
start 4818565936
StatusMonitor period=1. Frequencies(state=1, checksum=3, lock=5, owner=5)
start extraction
do extraction
Analysis started at 08:30:44.622281
Extraction Started felix_diode.py
08:30:44 -- ******* Extraction Started felix_diode.py *******
state changed from not run to extraction
DO EXTRACTION <pychron.extraction_line.pyscript_runner.RemotePyScriptRunner object at 0x119e48590>
testing...
no interpolation path defined
calculate duration
testing...
no interpolation path defined
executed snippet estimated_duration=0, duration=0.000128030776978
calculate duration
testing...
no interpolation path defined
executed snippet estimated_duration=0, duration=3.50475311279e-05
calculate duration
testing...
no interpolation path defined
executed snippet estimated_duration=42.0, duration=0.000127077102661
executed snippet estimated_duration=204.0, duration=0.00540399551392
Felix unknown laser analysis
set_motor ('beam', '3.0') {}
setting motor "beam" to 3.0
set motor beam to 3.0
SetMotor beam,3.0 ===>> OK
GetMotorMoving beam ===>> False
GetMotorMoving beam ===>> False
Block completed
doing GOSUB
testing...
no interpolation path defined
executed snippet estimated_duration=0, duration=0.000121116638184
Prepare for Diode Analysis
close () {'description': 'Felix Inlet'}
closing name=--- desc=Felix Inlet
checking ownership. requestor=129.138.12.137
check software interlocks H
interlocks []
actuate state mode=None-script, software_lock=False
doing actuation None-script close_channel False
Close H ===>> OK
GetIndicatorState H ===>> False
change switch state (True, True)
update switch state H False args=() kw={} ncanvase=4
08:30:45 -- CLOSE  VALVE-H (Felix Inlet)
---------------------------------------- close None (Felix Inlet) result=[(True, True)]
action=close, ok=True, locked=[False]
open () {'description': 'Felix Ion Pump'}
opening name=--- desc=Felix Ion Pump
checking ownership. requestor=129.138.12.137
check software interlocks V
interlocks []
actuate state mode=None-script, software_lock=False
doing actuation None-script open_channel False
Open V ===>> OK
GetIndicatorState V ===>> OK
change switch state (True, True)
update switch state V True args=() kw={} ncanvase=4
08:30:46 -- OPEN   VALVE-V (Felix Ion Pump)
---------------------------------------- open None (Felix Ion Pump) result=[(True, True)], time=0.11 sec
action=open, ok=True, locked=[False]
close () {'description': 'Bone to Minibone'}
closing name=--- desc=Bone to Minibone
checking ownership. requestor=129.138.12.137
check software interlocks E
interlocks []
actuate state mode=None-script, software_lock=False
doing actuation None-script close_channel False
Close E ===>> OK
GetIndicatorState E ===>> False
change switch state (True, True)
update switch state E False args=() kw={} ncanvase=4
08:30:46 -- CLOSE  VALVE-E (Bone to Minibone)
---------------------------------------- close None (Bone to Minibone) result=[(True, True)]
action=close, ok=True, locked=[False]
open () {'description': 'Bone to Getter GP-50'}
opening name=--- desc=Bone to Getter GP-50
checking ownership. requestor=129.138.12.137
check software interlocks N
interlocks []
actuate state mode=None-script, software_lock=False
doing actuation None-script open_channel False
Open N ===>> OK
GetIndicatorState N ===>> OK
change switch state (True, True)
update switch state N True args=() kw={} ncanvase=4
08:30:47 -- OPEN   VALVE-N (Bone to Getter GP-50)
---------------------------------------- open None (Bone to Getter GP-50) result=[(True, True)], time=0.17 sec
action=open, ok=True, locked=[False]
close () {'description': 'Bone to CO2 Laser'}
closing name=--- desc=Bone to CO2 Laser
checking ownership. requestor=129.138.12.137
check software interlocks D
interlocks []
actuate state mode=None-script, software_lock=False
doing actuation None-script close_channel True
Close D ===>> OK
set states for children of D. state=False
handle state [('D', False)]
update switch state D False args=() kw={'refresh': False} ncanvase=4
GetIndicatorState D ===>> False
change switch state (True, True)
update switch state D False args=() kw={} ncanvase=4
refresh_canvas_needed fired
08:30:48 -- CLOSE  VALVE-D (Bone to CO2 Laser)
---------------------------------------- close None (Bone to CO2 Laser) result=[(True, True)]
action=close, ok=True, locked=[False]
open () {'description': 'Bone to Diode Laser'}
opening name=--- desc=Bone to Diode Laser
checking ownership. requestor=129.138.12.137
check software interlocks B
interlocks []
actuate state mode=None-script, software_lock=False
doing actuation None-script open_channel False
Open B ===>> OK
GetIndicatorState B ===>> OK
change switch state (True, True)
update switch state B True args=() kw={} ncanvase=4
08:30:48 -- OPEN   VALVE-B (Bone to Diode Laser)
---------------------------------------- open None (Bone to Diode Laser) result=[(True, True)], time=0.16 sec
action=open, ok=True, locked=[False]
executed snippet estimated_duration=0, duration=3.03474092484
PrepareForDiodeAnalysis.py completed successfully
gosub finished
doing GOSUB
testing...
no interpolation path defined
executed snippet estimated_duration=0, duration=4.79221343994e-05
Isolate coldfinger
close () {'name': 'B', 'description': 'Bone to Diode Laser'}
closing name=B desc=Bone to Diode Laser
checking ownership. requestor=129.138.12.137
check software interlocks B
interlocks []
actuate state mode=None-script, software_lock=False
doing actuation None-script close_channel True
Close B ===>> OK
GetIndicatorState B ===>> False
change switch state (True, True)
update switch state B False args=() kw={} ncanvase=4
08:30:48 -- CLOSE  VALVE-B (Bone to Diode Laser)
---------------------------------------- close B (Bone to Diode Laser) result=[(True, True)]
action=close, ok=True, locked=[False]
executed snippet estimated_duration=0, duration=0.4562458992
IsolateDiodeColdfinger.py completed successfully
gosub finished
open () {'description': 'Bone to Turbo'}
opening name=--- desc=Bone to Turbo
checking ownership. requestor=129.138.12.137
check software interlocks C
interlocks []
actuate state mode=None-script, software_lock=False
doing actuation None-script open_channel False
Open C ===>> OK
GetIndicatorState C ===>> OK
change switch state (True, True)
update switch state C True args=() kw={} ncanvase=4
08:30:49 -- OPEN   VALVE-C (Bone to Turbo)
---------------------------------------- open None (Bone to Turbo) result=[(True, True)], time=0.18 sec
action=open, ok=True, locked=[False]
Diodelaser enabled. Heating sample.
enable () {}
set extraction state FusionsDiode Enabled (False, 'red', 1.5)
enabling laser
Enable ===>> OK
move_to_position ('19',) {}
FusionsDiode move to position 19
sending GoToHole 19,True
GoToHole 19,True ===>> OK
GetDriveMoving ===>> False
GetDriveMoving ===>> False
Block completed
GetAutoCorrecting ===>> False
GetAutoCorrecting ===>> False
Block completed
update position
GetPosition ===>> 0.00000,0.00000,9.00000
got position (0.0, 0.0, 9.0)
move to position succeeded
BEGIN INTERVAL Interval 1 waiting for 40.0
block started
set extract to 1.6 (watts)
WaitControl setup for 40.0  
extract () {}
GetPosition ===>> 0.00000,0.00000,9.00000
set extraction state FusionsDiode ON! 1.6(watts) (0.75, 'red', 1.5)
extract sample to 1.6 (watts)
set laser output
SetLaserOutput 1.6,watts ===>> OK
sleep (2,) {}
SLEEP 2.0
block started
WaitControl setup for 2.0  
Join finished
block finished. duration 2.00570893288
executing pattern diamond_37hole_3mmbeam.lp
execute_pattern ('diamond_37hole_3mmbeam.lp',) {}
executing pattern diamond_37hole_3mmbeam.lp
IsPatterning ===>> OK
IsPatterning ===>> OK
IsPatterning ===>> OK
IsPatterning ===>> OK
IsPatterning ===>> OK
IsPatterning ===>> OK
IsPatterning ===>> OK
IsPatterning ===>> OK
IsPatterning ===>> OK
IsPatterning ===>> OK
IsPatterning ===>> OK
IsPatterning ===>> OK
IsPatterning ===>> OK
IsPatterning ===>> OK
IsPatterning ===>> OK
IsPatterning ===>> OK
IsPatterning ===>> OK
IsPatterning ===>> OK
IsPatterning ===>> OK
IsPatterning ===>> OK
IsPatterning ===>> OK
IsPatterning ===>> OK
IsPatterning ===>> OK
IsPatterning ===>> OK
IsPatterning ===>> OK
IsPatterning ===>> OK
IsPatterning ===>> OK
IsPatterning ===>> OK
IsPatterning ===>> OK
IsPatterning ===>> OK
IsPatterning ===>> OK
IsPatterning ===>> OK
IsPatterning ===>> OK
IsPatterning ===>> OK
IsPatterning ===>> OK
IsPatterning ===>> OK
IsPatterning ===>> OK
Join finished
block finished. duration 40.0887970924
Interval 1 finished
IsPatterning ===>> OK
IsPatterning ===>> False
IsPatterning ===>> False
Block completed
COMPLETE INTERVAL waiting for Interval 1 to complete
Diode laser disabled.
disable () {}
%%%%%%%%%%%%%%%%%%%%%%%%%%%%%%%%%%% disable
set extraction state False (0.75, 'red', 1.5)
disabling laser
Disable ===>> OK
doing GOSUB
testing...
no interpolation path defined
executed snippet estimated_duration=42.0, duration=0.000144958496094
Equilibrate then isolate coldfinger
close () {'name': 'C', 'description': 'Bone to Turbo'}
closing name=C desc=Bone to Turbo
checking ownership. requestor=129.138.12.137
check software interlocks C
interlocks []
actuate state mode=None-script, software_lock=False
doing actuation None-script close_channel True
Close C ===>> OK
GetIndicatorState C ===>> False
change switch state (True, True)
update switch state C False args=() kw={} ncanvase=4
08:31:35 -- CLOSE  VALVE-C (Bone to Turbo)
---------------------------------------- close C (Bone to Turbo) result=[(True, True)]
action=close, ok=True, locked=[False]
sleep (1,) {}
SLEEP 1.0
open () {'name': 'B', 'description': 'Bone to Diode Laser'}
opening name=B desc=Bone to Diode Laser
checking ownership. requestor=129.138.12.137
check software interlocks B
interlocks []
actuate state mode=None-script, software_lock=False
doing actuation None-script open_channel True
Open B ===>> OK
GetIndicatorState B ===>> OK
change switch state (True, True)
update switch state B True args=() kw={} ncanvase=4
08:31:36 -- OPEN   VALVE-B (Bone to Diode Laser)
---------------------------------------- open B (Bone to Diode Laser) result=[(True, True)], time=0.16 sec
action=open, ok=True, locked=[False]
sleep (20,) {}
SLEEP 20.0
block started
WaitControl setup for 20.0  
Join finished
block finished. duration 20.0589208603
close () {'name': 'B', 'description': 'Bone to Diode Laser'}
closing name=B desc=Bone to Diode Laser
checking ownership. requestor=129.138.12.137
check software interlocks B
interlocks []
actuate state mode=None-script, software_lock=False
doing actuation None-script close_channel True
Close B ===>> OK
GetIndicatorState B ===>> False
change switch state (True, True)
update switch state B False args=() kw={} ncanvase=4
08:31:57 -- CLOSE  VALVE-B (Bone to Diode Laser)
---------------------------------------- close B (Bone to Diode Laser) result=[(True, True)]
action=close, ok=True, locked=[False]
executed snippet estimated_duration=63.0, duration=22.3573741913
EquilibrateThenIsolateDiodeColdfinger.py completed successfully
gosub finished
sleep (60.0,) {}
SLEEP 60.0
block started
WaitControl setup for 60.0  
Join finished
block finished. duration 60.0759928226
executed snippet estimated_duration=306.0, duration=133.046330929
felix_diode.py completed successfully
GetAchievedOutput ===>> No Response
Requested Output= 0.000
Achieved Output=  0.000
GetResponseBlob ===>> ][[177]N[00][00][00][00] [134][182]=[00][00][250]Dp[10][06]@[00][00][250]D>3[131]@[00][00][250]D[...
GetOutputBlob ===>> ][[177]N[00][00][00][00] [134][182]=[159]Y[149]Ap[10][06]@[00][00][00][00]>3[131]@[00][00][00][00...
persistence save...
persistence save - db
AutomatedRunPersister post_extraction_save deprecated
persistence save - dvc
no extraction position for 19
create new session 4671971248
close session 4671971248
Extraction Finished
08:32:57 -- ******* Extraction Finished *******
no overlap. not waiting for min ms pumptime
08:32:57 -- Sending spectrometer configuration
======== Sending configuration ========
SetZFocus 9.84 ===>> OK
SetHV 9000.0 ===>> OK
SetZSymmetry 18.34 ===>> OK
SetExtractionLens 42.35 ===>> OK
SetIonRepeller -4.08 ===>> OK
SetElectronEnergy 107.0 ===>> OK
SetYSymmetry 12.72 ===>> OK
send trap current 400.0
GetParameter Trap Current Readback ===>> 399.203076359641
SetParameter Trap Current Set,400.0 ===>> OK
updating mftable name argon
Using mftable located at /Users/obama/PychronDev/setupfiles/spectrometer/mftables/argon.csv
============ MFtable ===========
Isotope  H2     H1     AX     L1     L2     L2(CDD)
Ar40     3.4929 3.5641 3.6384 3.7153 3.8112 3.7978
Ar39     3.4239 3.4942 3.5670 3.6453 3.7363 3.7226
Ar36     3.2138 3.2800 3.3484 3.4202 3.5169 3.4942
================================
get initial guess parabolic
get initial guess parabolic
get initial guess parabolic
get initial guess parabolic
get initial guess parabolic
get initial guess parabolic
======== Configuration Finished ========
GetYSymmetry ===>> 12.72
GetZSymmetry ===>> 18.34
GetParameter Trap Current Readback ===>> 398.084233656839
GetHighVoltage ===>> 9000
start measurement
do measurement
L#=65407 analysis type=unknown
Measurement Started felix_analysis400_120.py
08:32:57 -- ******* Measurement Started felix_analysis400_120.py *******
state changed from extraction to measurement
setting spec, defl, and gains
GetExtractionLens ===>> 42.35
GetYSymmetry ===>> 12.72
GetZSymmetry ===>> 18.34
GetZFocus ===>> 9.84
GetDeflection H2 (CDD) ===>> 3250
GetDeflection H1 (CDD) ===>> 3250
GetDeflection AX (CDD) ===>> 3250
GetDeflection L1 (CDD) ===>> 3250
GetDeflection L2 (CDD) ===>> 0
GetGain H2 ===>> 0.9809305
GetGain H1 ===>> 0.96484
GetGain AX ===>> 0.96253
GetGain L1 ===>> 0.970094835296087
GetGain L2 ===>> 0.967359864778375
GetGain H2(CDD) ===>> 0
GetGain H1(CDD) ===>> 0
GetGain AX(CDD) ===>> 0
GetGain L1(CDD) ===>> 0
GetGain L2(CDD) ===>> 0
pre measurement save
New frame /Users/obama/PychronDev/data/isotopes/13/aa159d-0aec-4dae-9e7a-a37f6aac0550.h5
flush and close file /Users/obama/PychronDev/data/isotopes/13/aa159d-0aec-4dae-9e7a-a37f6aac0550.h5
testing...
no interpolation path defined
executed snippet estimated_duration=650.242112, duration=0.000195026397705
unknown measurement script
activate_detectors ('H2', 'H1', 'AX', 'L1', 'L2(CDD)') {}
activate detectors
*************** Set Analysis View Ar/Ar
create graphs
clearing graphs
clear isotope group
setting isotope det=H2, iso=Ar40
setting isotope det=H1, iso=Ar39
setting isotope det=AX, iso=Ar38
setting isotope det=L1, iso=Ar37
setting isotope det=L2(CDD), iso=Ar36
setting previous blanks
 - setting Ar40 blank 0.430+/-0.018
 - setting Ar36 blank 0.00160+/-0.00020
 - setting Ar37 blank 0.005+/-0.012
 - setting Ar38 blank -0.003+/-0.014
 - setting Ar39 blank -0.004+/-0.021
load analysis view
position_magnet ('Ar40',) {'detector': 'H2'}
detector Detector(H2)
POSITION Ar40 H2
setting detector H2 to Ar40 (39.9624)
setting detector H1 to Ar39 (38.8624)
setting detector AX to Ar38 (37.9624)
setting detector L1 to Ar37 (36.9624)
setting detector L2 to Ar36 (35.8624)
setting detector H2(CDD) to Ar40 (39.8624)
setting detector H1(CDD) to Ar39 (38.8624)
setting detector AX(CDD) to Ar38 (37.8624)
setting detector L1(CDD) to Ar37 (36.8624)
setting detector L2(CDD) to Ar36 (35.9624)
Mapping mass to dac mass func: "parabolic"
H2 map mass coeffs = [ -2.38925034e-04   8.80081338e-02   3.57445459e-01]
H2 map mass to dac 39.9624 >> 3.4929
GetHighVoltage ===>> 9000
positioning Ar40 (3.4929) on H2
setting magnet DAC
current  : 3.492904
requested: 3.492900
Delta Dac: 0.000004
Checking detector protection. dv=0.00000
SetMagnetDAC 3.4929 ===>> OK
Magnet settling time: 0.500
update labels <pychron.experiment.plot_panel.PlotPanel object at 0x12168ff50>
update labels "<pychron.graph.stacked_regression_graph.StackedRegressionGraph object at 0x121794410>"
setting label 0 H2 Ar40
setting label 1 H1 Ar39
setting label 2 AX Ar38
setting label 3 L1 Ar37
setting label 4 L2(CDD) Ar36
update labels "<pychron.graph.stacked_graph.StackedGraph object at 0x121686590>"
setting label 0 H2 Ar40
setting label 1 H1 Ar39
setting label 2 AX Ar38
setting label 3 L1 Ar37
setting label 4 L2(CDD) Ar36
equilibrate () {'delay': 3, 'inlet': 'H', 'outlet': 'V', 'eqtime': 25.0}
Equilibration Started
08:32:59 -- ******* Equilibration Started *******
checking ownership. requestor=129.138.12.137
check software interlocks V
interlocks []
actuate state mode=None-script, software_lock=False
doing actuation None-script close_channel True
Close V ===>> OK
GetIndicatorState V ===>> False
change switch state (True, True)
update switch state V False args=() kw={} ncanvase=4
08:32:59 -- CLOSE  VALVE-V (Felix Ion Pump)
waiting 3s before opening inlet value ('H',)
checking ownership. requestor=129.138.12.137
check software interlocks H
interlocks []
actuate state mode=None-script, software_lock=False
doing actuation None-script open_channel True
Open H ===>> OK
GetIndicatorState H ===>> OK
change switch state (True, True)
update switch state H True args=() kw={} ncanvase=4
08:33:02 -- OPEN   VALVE-H (Felix Inlet)
equilibrating for 25.0sec
set_time_zero () {}
sniff (25.0,) {}
py_sniff
build tables- sniff [Detector(H2), Detector(H1), Detector(AX), Detector(L1), Detector(L2(CDD))]
add group /sniff/Ar40 (Group) u'' table H2
add group /sniff/Ar39 (Group) u'' table H1
add group /sniff/Ar38 (Group) u'' table AX
add group /sniff/Ar37 (Group) u'' table L1
add group /sniff/Ar36 (Group) u'' table L2(CDD)
flush and close file /Users/obama/PychronDev/data/isotopes/13/aa159d-0aec-4dae-9e7a-a37f6aac0550.h5
measuring sniff. ncounts=25.0
"sniff" increment series count="1" fit count="0" regressing="False"
starting measurement
GetData ===>> L2(CDD),0.00110071301372752,H2,0.37228085502919,H1,-0.268751900344866,AX,0.15220271589578,L1,-0.1...
GetData ===>> L2(CDD),0.217475150230875,H2,32.9516821212632,H1,0.325730736131611,AX,-0.266539042927395,L1,-0.21...
GetData ===>> L2(CDD),0.519883744785402,H2,155.800387227826,H1,2.05123964602896,AX,-0.0929644868017194,L1,0.019...
GetData ===>> L2(CDD),0.477265278038109,H2,169.336922323527,H1,2.30956529844926,AX,-0.0401063065889156,L1,-0.07...
GetData ===>> L2(CDD),0.424425281619312,H2,146.35939105262,H1,2.2821760525406,AX,0.323443980612013,L1,-0.114501...
GetData ===>> L2(CDD),0.368126268803384,H2,124.994980094399,H1,1.55388413932003,AX,0.253475683911312,L1,-0.2191...
GetData ===>> L2(CDD),0.304594228042047,H2,109.732524313638,H1,1.15664334556898,AX,-0.176545575517506,L1,-0.237...
GetData ===>> L2(CDD),0.296888675818009,H2,99.2245903028764,H1,1.2017458533599,AX,0.0362622652040765,L1,-0.0157...
GetData ===>> L2(CDD),0.269368964027681,H2,92.2797679784473,H1,1.21129588941134,AX,-0.203716464681022,L1,-0.075...
GetData ===>> L2(CDD),0.263393279459786,H2,87.3625561882363,H1,1.19610792462684,AX,-0.0363224209489443,L1,-0.15...
GetData ===>> L2(CDD),0.252857225138859,H2,84.0677762689615,H1,1.02341916369623,AX,0.018144247923113,L1,-0.0533...
GetData ===>> L2(CDD),0.249712139515893,H2,81.315220540751,H1,1.05321468558105,AX,-0.402487734141232,L1,0.11962...
GetData ===>> L2(CDD),0.247982343446083,H2,80.1506042584773,H1,1.02134846663029,AX,0.269304132115836,L1,0.02119...
GetData ===>> L2(CDD),0.234144001018993,H2,79.1405618771469,H1,1.13397782996197,AX,0.100022050739226,L1,-0.0200...
GetData ===>> L2(CDD),0.245466277731223,H2,78.4596592417905,H1,0.76611156230031,AX,0.101971607134937,L1,-0.1573...
GetData ===>> L2(CDD),0.235244776556814,H2,77.9702729597512,H1,1.10866671572967,AX,0.0453214017509266,L1,-0.217...
GetData ===>> L2(CDD),0.234301254649256,H2,77.4162067588738,H1,1.12120713936176,AX,-0.0219893858910124,L1,-0.14...
GetData ===>> L2(CDD),0.240748658655133,H2,77.5502769402718,H1,1.09083428381189,AX,0.0706645024967906,L1,-0.206...
GetData ===>> L2(CDD),0.236660059823079,H2,77.2843372217894,H1,0.952787894859828,AX,0.00186125758329194,L1,-0.1...
GetData ===>> L2(CDD),0.236188298680334,H2,77.2550082710146,H1,1.2417300683928,AX,0.239253242325271,L1,-0.38006...
GetData ===>> L2(CDD),0.231942450825191,H2,77.1260678789608,H1,0.997650805463085,AX,0.107132216656044,L1,-0.258...
GetData ===>> L2(CDD),0.241220420319785,H2,77.3088190599277,H1,0.998916199849009,AX,0.03511554513907,L1,0.05961...
GetData ===>> L2(CDD),0.230684422670923,H2,77.0841415378056,H1,0.960609995830545,AX,0.0436013059746875,L1,-0.16...
GetData ===>> L2(CDD),0.232728718616573,H2,76.7743522000051,H1,1.20577296547416,AX,0.049449644155858,L1,-0.4537...
Equilibration Finished
08:33:27 -- ******* Equilibration Finished *******
checking ownership. requestor=129.138.12.137
check software interlocks H
interlocks []
actuate state mode=None-script, software_lock=False
doing actuation None-script close_channel True
Close H ===>> OK
GetIndicatorState H ===>> False
change switch state (True, True)
update switch state H False args=() kw={} ncanvase=4
08:33:27 -- CLOSE  VALVE-H (Felix Inlet)
Post Equilibration Started felix_pump_extraction_line.py
08:33:27 -- ******* Post Equilibration Started felix_pump_extraction_line.py *******
testing...
no interpolation path defined
calculate duration
testing...
no interpolation path defined
executed snippet estimated_duration=4.0, duration=0.000249147415161
executed snippet estimated_duration=4.0, duration=0.00207901000977
Pump after analysis
doing GOSUB
testing...
no interpolation path defined
executed snippet estimated_duration=4.0, duration=0.000235080718994
Pump Bone
close () {'description': 'Felix Inlet'}
closing name=--- desc=Felix Inlet
checking ownership. requestor=129.138.12.137
check software interlocks H
interlocks []
actuate state mode=None-script, software_lock=False
doing actuation None-script close_channel False
Close H ===>> OK
GetIndicatorState H ===>> False
change switch state (True, True)
update switch state H False args=() kw={} ncanvase=4
08:33:28 -- CLOSE  VALVE-H (Felix Inlet)
---------------------------------------- close None (Felix Inlet) result=[(True, True)]
action=close, ok=True, locked=[False]
is_closed ('A',) {}
is A () closed?
is closed False
close () {'description': 'CO2 Laser to Bone'}
closing name=--- desc=CO2 Laser to Bone
checking ownership. requestor=129.138.12.137
check software interlocks F
interlocks []
actuate state mode=None-script, software_lock=True
VALVE-F(CO2 Laser to Bone) software locked
change switch state (True, False)
---------------------------------------- close None (CO2 Laser to Bone) result=[(True, False)]
action=close, ok=True, locked=[True]
sleep (1,) {}
SLEEP 1.0
08:33:28 -- collecting point 25
GetData ===>> L2(CDD),0.227696607343257,H2,76.7036118341352,H1,0.777727458521155,AX,-0.0624653271335756,L1,-0.1...
close () {'description': 'CO2 Laser to Roughing'}
closing name=--- desc=CO2 Laser to Roughing
checking ownership. requestor=129.138.12.137
check software interlocks G
interlocks []
actuate state mode=None-script, software_lock=True
VALVE-G(CO2 Laser to Roughing) software locked
change switch state (True, False)
---------------------------------------- close None (CO2 Laser to Roughing) result=[(True, False)]
action=close, ok=True, locked=[True]
open () {'description': 'Bone to Turbo'}
opening name=--- desc=Bone to Turbo
checking ownership. requestor=129.138.12.137
check software interlocks C
interlocks []
actuate state mode=None-script, software_lock=False
doing actuation None-script open_channel True
Open C ===>> OK
measurement finished
estimated time: 26.214 actual time: :26.330
flush and close file /Users/obama/PychronDev/data/isotopes/13/aa159d-0aec-4dae-9e7a-a37f6aac0550.h5
set_fits () {}
GetIndicatorState C ===>> OK
change switch state (True, True)
using default fits file=/Users/obama/PychronDev/scripts/measurement/fits/nominal.yaml
update switch state C True args=() kw={} ncanvase=4
set "Ar40" to "('Parabolic', 'SEM')"
set "Ar36" to "('Parabolic', 'SEM')"
08:33:29 -- OPEN   VALVE-C (Bone to Turbo)
set "Ar37" to "('linear', 'SEM')"
---------------------------------------- open None (Bone to Turbo) result=[(True, True)], time=0.26 sec
set "Ar38" to "('linear', 'SEM')"
set "Ar39" to "('Parabolic', 'SEM')"
set_baseline_fits () {}
using default fits file=/Users/obama/PychronDev/scripts/measurement/fits/nominal.yaml
set "H2" to "('average', 'SEM')"
set "L2(CDD)" to "('average', 'SEM')"
set "L1" to "('average', 'SEM')"
set "AX" to "('average', 'SEM')"
set "H1" to "('average', 'SEM')"
multicollect () {'integration_time': 1.048576, 'ncounts': 400}
build tables- signal [Detector(H2), Detector(H1), Detector(AX), Detector(L1), Detector(L2(CDD))]
add group /signal/Ar40 (Group) u'' table H2
add group /signal/Ar39 (Group) u'' table H1
add group /signal/Ar38 (Group) u'' table AX
add group /signal/Ar37 (Group) u'' table L1
add group /signal/Ar36 (Group) u'' table L2(CDD)
flush and close file /Users/obama/PychronDev/data/isotopes/13/aa159d-0aec-4dae-9e7a-a37f6aac0550.h5
measuring signal. ncounts=400
"signal" increment series count="2" fit count="1" regressing="True"
action=open, ok=True, locked=[False]
open () {'description': 'Bone to Getter GP-50'}
opening name=--- desc=Bone to Getter GP-50
checking ownership. requestor=129.138.12.137
check software interlocks N
interlocks []
actuate state mode=None-script, software_lock=False
doing actuation None-script open_channel False
Open N ===>> OK
GetIndicatorState N ===>> OK
change switch state (True, True)
update switch state N True args=() kw={} ncanvase=4
08:33:30 -- OPEN   VALVE-N (Bone to Getter GP-50)
---------------------------------------- open None (Bone to Getter GP-50) result=[(True, True)], time=0.19 sec
action=open, ok=True, locked=[False]
open () {'description': 'Bone to Diode Laser'}
opening name=--- desc=Bone to Diode Laser
checking ownership. requestor=129.138.12.137
check software interlocks B
interlocks []
actuate state mode=None-script, software_lock=False
doing actuation None-script open_channel True
starting measurement
GetData ===>> L2(CDD),0.23461576192778,H2,77.3214238005266,H1,1.10026817449049,AX,-0.101563699243943,L1,0.01265...
Open B ===>> OK
GetIndicatorState B ===>> OK
change switch state (True, True)
update switch state B True args=() kw={} ncanvase=4
08:33:30 -- OPEN   VALVE-B (Bone to Diode Laser)
---------------------------------------- open None (Bone to Diode Laser) result=[(True, True)], time=0.26 sec
action=open, ok=True, locked=[False]
open () {'description': 'Bone to CO2 Laser'}
opening name=--- desc=Bone to CO2 Laser
checking ownership. requestor=129.138.12.137
check software interlocks D
interlocks []
actuate state mode=None-script, software_lock=False
doing actuation None-script open_channel True
Open D ===>> OK
GetIndicatorState D ===>> OK
change switch state (True, True)
update switch state D True args=() kw={} ncanvase=4
08:33:30 -- OPEN   VALVE-D (Bone to CO2 Laser)
---------------------------------------- open None (Bone to CO2 Laser) result=[(True, True)], time=0.19 sec
action=open, ok=True, locked=[False]
sleep (1,) {}
SLEEP 1.0
GetData ===>> L2(CDD),0.224079781159871,H2,77.3193633995523,H1,1.03848937061066,AX,-0.193398495853642,L1,-0.018...
set_resource () {'name': 'CO2PumpTimeFlag', 'value': 30}
Set CO2PumpTimeFlag 30 ===>> OK
release ('FelixCO2Flag',) {}
release FelixCO2Flag
Set FelixCO2Flag 0 ===>> OK
executed snippet estimated_duration=6.0, duration=4.3469889164
PumpBone.py completed successfully
gosub finished
get_resource_value () {'name': 'FelixMiniboneFlag'}
Read FelixMiniboneFlag ===>> 0
Get Resource Value FelixMiniboneFlag=0.0
executed snippet estimated_duration=4.0, duration=4.40735006332
felix_pump_extraction_line.py completed successfully
Post Equilibration Finished
08:33:32 -- ******* Post Equilibration Finished *******
GetData ===>> L2(CDD),0.231942450825191,H2,76.9956899002099,H1,1.34611511300882,AX,0.0782331597297184,L1,-0.321...
GetData ===>> L2(CDD),0.233829493776463,H2,76.2939232984268,H1,1.06046238404586,AX,-0.00444546043395759,L1,-0.0...
GetData ===>> L2(CDD),0.226753087163386,H2,76.4960221293113,H1,0.784053005364235,AX,-0.0122428001200282,L1,-0.1...
GetData ===>> L2(CDD),0.239490627813347,H2,76.6452305142872,H1,1.04263084273785,AX,-0.00398679142615246,L1,0.07...
GetData ===>> L2(CDD),0.242950213552094,H2,76.8858024895134,H1,1.36037121545381,AX,-0.151437616194231,L1,-0.008...
GetData ===>> L2(CDD),0.230055408737763,H2,76.8701744841017,H1,1.18172560252843,AX,0.033739482864855,L1,-0.1788...
GetData ===>> L2(CDD),0.23209970437147,H2,76.822443924036,H1,0.961530247171927,AX,0.114242435099101,L1,-0.13573...
GetData ===>> L2(CDD),0.231313436700066,H2,76.8864082309931,H1,1.13179184390895,AX,0.00782401080798204,L1,-0.02...
GetData ===>> L2(CDD),0.236031044978083,H2,76.9269937324237,H1,1.23678700371062,AX,-0.000546766900726499,L1,-0....
GetData ===>> L2(CDD),0.242792959591889,H2,76.8167503266371,H1,1.18529239842487,AX,0.25576964578452,L1,-0.01100...
65407-01D   Al-1   NM-288 C:1 set to terminate after 60 counts
GetData ===>> L2(CDD),0.221878236341089,H2,77.1083762062272,H1,1.10970215738077,AX,-0.173794050292375,L1,-0.355...
GetData ===>> L2(CDD),0.237918089801019,H2,76.9438341623915,H1,1.05286955844022,AX,-0.00662413523503224,L1,0.03...
GetDeflection L2 (CDD) ===>> 0
testing L2_CDD_==3250
evaluate ot="L2(CDD).deflection==3250" t="L2_CDD_==3250", ctx="{'L2_CDD_': 0.0}"
GetData ===>> L2(CDD),0.230055408737763,H2,76.9159688538325,H1,0.855132000474005,AX,-0.14673696653302,L1,-0.268...
GetData ===>> L2(CDD),0.247038818623042,H2,77.1368526798119,H1,0.790723626953793,AX,0.176975186793675,L1,-0.086...
GetData ===>> L2(CDD),0.236345552388583,H2,76.9057921489462,H1,0.952327773247224,AX,0.0270885429402993,L1,0.028...
GetData ===>> L2(CDD),0.239962389334025,H2,76.8293489679265,H1,0.926676340386731,AX,-0.0305892325413052,L1,-0.3...
GetData ===>> L2(CDD),0.23477301557604,H2,76.8036672874864,H1,1.11395898473,AX,-0.0943403659560615,L1,-0.142538...
GetData ===>> L2(CDD),0.233043225775118,H2,76.9846642766015,H1,1.19921453434506,AX,-0.330274547741718,L1,-0.147...
65407-01D   Al-1   NM-288 C:1 set to terminate after 60 counts
GetData ===>> L2(CDD),0.234144001018993,H2,77.0133796120912,H1,0.986377365079902,AX,-0.0646438705936208,L1,-0.2...
GetData ===>> L2(CDD),0.242321197747269,H2,77.1246137572609,H1,1.19047002882551,AX,-0.251980160881696,L1,-0.428...
GetData ===>> L2(CDD),0.23209970437147,H2,76.7817414605469,H1,1.22740459806628,AX,-0.0453807890216614,L1,-0.354...
GetData ===>> L2(CDD),0.23461576192778,H2,76.8062111985784,H1,1.06115264388099,AX,0.132820995738877,L1,-0.17334...
GetDeflection L2 (CDD) ===>> 0
testing L2_CDD_==3250
evaluate ot="L2(CDD).deflection==3250" t="L2_CDD_==3250", ctx="{'L2_CDD_': 0.0}"
08:33:55 -- collecting point 25
GetData ===>> L2(CDD),0.232414211482024,H2,77.0403994236834,H1,0.770941918003403,AX,0.0783478368121995,L1,-0.21...
GetData ===>> L2(CDD),0.220305705047541,H2,76.9662481170273,H1,0.854211850585228,AX,0.197160634502794,L1,-0.147...
GetData ===>> L2(CDD),0.233514986557928,H2,76.6323919186293,H1,1.19702840053756,AX,-0.0803521695603269,L1,-0.27...
65407-01D   Al-1   NM-288 C:1 set to terminate after 60 counts
len selected runs 1
cloning run 65407-01. set_labnumber=True, set_position=True
matched Position to 19
calculating time of run 65407-01
loading script "felix_analysis400_120.py"
loading script "felix_pump_ms.py"
loading script "felix_diode.py"
loading script "felix_pump_extraction_line.py"
testing...
no interpolation path defined
executed snippet estimated_duration=624.242112, duration=0.000241041183472
script duration name:analysis400_120 seconds:624.0
loading script "felix_analysis400_120.py"
loading script "felix_pump_ms.py"
loading script "felix_diode.py"
loading script "felix_pump_extraction_line.py"
testing...
no interpolation path defined
executed snippet estimated_duration=0, duration=2.8133392334e-05
loading script "felix_analysis400_120.py"
loading script "felix_pump_ms.py"
loading script "felix_diode.py"
loading script "felix_pump_extraction_line.py"
testing...
no interpolation path defined
calculate duration
testing...
no interpolation path defined
executed snippet estimated_duration=0, duration=0.00010085105896
calculate duration
testing...
no interpolation path defined
executed snippet estimated_duration=0, duration=2.69412994385e-05
calculate duration
testing...
no interpolation path defined
executed snippet estimated_duration=42.0, duration=0.000128984451294
executed snippet estimated_duration=42.0, duration=0.00394177436829
script duration name:diode seconds:42.0
loading script "felix_analysis400_120.py"
loading script "felix_pump_ms.py"
loading script "felix_diode.py"
loading script "felix_pump_extraction_line.py"
testing...
no interpolation path defined
calculate duration
testing...
no interpolation path defined
executed snippet estimated_duration=4.0, duration=0.000236988067627
executed snippet estimated_duration=4.0, duration=0.001620054245
Script duration 666.0
Run total estimated duration= 667.000
analysis400_120 in script context. using previous estimated duration
script duration name:analysis400_120 seconds:624.0
pump_ms in script context. using previous estimated duration
diode in script context. using previous estimated duration
script duration name:diode seconds:42.0
pump_extraction_line in script context. using previous estimated duration
Script duration 666.0
Run total estimated duration= 667.000
script duration name:analysis400_120 seconds:624.0
script duration name:diode seconds:42.0
Script duration 666.0
Run total estimated duration= 667.000
script duration name:analysis400_120 seconds:624.0
script duration name:diode seconds:42.0
Script duration 666.0
Run total estimated duration= 667.000
nruns=4 before=0.0, run_dur=2668.0, btw=180.0
loading script "felix_analysis400_120.py"
loading script "felix_pump_ms.py"
loading script "felix_diode.py"
loading script "felix_pump_extraction_line.py"
testing...
no interpolation path defined
executed snippet estimated_duration=624.242112, duration=0.000230073928833
script duration name:analysis400_120 seconds:624.0
loading script "felix_analysis400_120.py"
loading script "felix_pump_ms.py"
loading script "felix_diode.py"
loading script "felix_pump_extraction_line.py"
testing...
no interpolation path defined
executed snippet estimated_duration=0, duration=2.69412994385e-05
loading script "felix_analysis400_120.py"
loading script "felix_pump_ms.py"
loading script "felix_diode.py"
loading script "felix_pump_extraction_line.py"
testing...
no interpolation path defined
calculate duration
testing...
no interpolation path defined
executed snippet estimated_duration=0, duration=0.000102043151855
calculate duration
testing...
no interpolation path defined
executed snippet estimated_duration=0, duration=2.69412994385e-05
calculate duration
testing...
no interpolation path defined
executed snippet estimated_duration=42.0, duration=0.000118017196655
executed snippet estimated_duration=42.0, duration=0.00371408462524
script duration name:diode seconds:42.0
loading script "felix_analysis400_120.py"
loading script "felix_pump_ms.py"
loading script "felix_diode.py"
loading script "felix_pump_extraction_line.py"
testing...
no interpolation path defined
calculate duration
testing...
no interpolation path defined
executed snippet estimated_duration=4.0, duration=0.000226020812988
executed snippet estimated_duration=4.0, duration=0.00147819519043
Script duration 666.0
Run total estimated duration= 667.000
run duration: 667.0
GetData ===>> L2(CDD),0.23477301557604,H2,76.988056763438,H1,0.895964535107567,AX,0.116880110136646,L1,-0.07411...
GetData ===>> L2(CDD),0.231313436700066,H2,76.7113639628102,H1,0.996845555354381,AX,-0.179870324667517,L1,-0.11...
GetData ===>> L2(CDD),0.246409802194327,H2,76.8553947310421,H1,1.30587724998516,AX,0.238106280386859,L1,-0.0572...
GetData ===>> L2(CDD),0.234458508285519,H2,76.8447340589545,H1,1.0184725058537,AX,-0.0930791434732881,L1,0.0709...
GetData ===>> L2(CDD),0.240905912537351,H2,76.8813200137758,H1,0.84995616875928,AX,-0.074963219975227,L1,-0.114...
GetData ===>> L2(CDD),0.225809567199476,H2,76.8171137467949,H1,1.17367159576213,AX,-0.0770270765733949,L1,-0.31...
GetData ===>> L2(CDD),0.245780785861595,H2,76.702279442973,H1,1.1419164525289,AX,0.0784625139081453,L1,0.138436...
GetDeflection L2 (CDD) ===>> 0
testing L2_CDD_==3250
evaluate ot="L2(CDD).deflection==3250" t="L2_CDD_==3250", ctx="{'L2_CDD_': 0.0}"
GetData ===>> L2(CDD),0.238389851141728,H2,76.936686032143,H1,1.02859592579736,AX,-0.110621453255127,L1,-0.1007...
GetData ===>> L2(CDD),0.234144001018993,H2,77.0068368060737,H1,1.17056506825542,AX,0.0300699930846976,L1,-0.220...
GetData ===>> L2(CDD),0.241220420319785,H2,76.8688418746021,H1,1.18690321379552,AX,0.026056504657364,L1,-0.0832...
GetData ===>> L2(CDD),0.218890427396253,H2,76.8529718412051,H1,0.949106928104186,AX,0.0715819123245055,L1,-0.45...
GetData ===>> L2(CDD),0.236502806102832,H2,76.6643675899536,H1,1.21543810310285,AX,0.0122960999705092,L1,-0.037...
GetData ===>> L2(CDD),0.232571465046299,H2,76.7690222749278,H1,1.01018978669953,AX,-0.0271493031030196,L1,-0.06...
GetData ===>> L2(CDD),0.243893737439299,H2,76.8910118780399,H1,1.01743716207231,AX,-0.0557003449571872,L1,-0.16...
GetData ===>> L2(CDD),0.244365499463887,H2,76.710273816143,H1,0.961760310143956,AX,0.107132216656044,L1,-0.0773...
GetData ===>> L2(CDD),0.23697456728157,H2,76.7349840943634,H1,0.92725147714931,AX,0.0552980178749401,L1,-0.3869...
GetData ===>> L2(CDD),0.243893737439299,H2,76.8259570106806,H1,1.02364924142194,AX,-0.0714087899031337,L1,-0.04...
GetDeflection L2 (CDD) ===>> 0
testing L2_CDD_==3250
evaluate ot="L2(CDD).deflection==3250" t="L2_CDD_==3250", ctx="{'L2_CDD_': 0.0}"
GetData ===>> L2(CDD),0.236031044978083,H2,76.9249341306383,H1,1.02848088633786,AX,-0.200621085648804,L1,-0.381...
GetData ===>> L2(CDD),0.237446328514299,H2,76.7197217927681,H1,0.990978753413057,AX,-0.0747339023018156,L1,-0.1...
GetData ===>> L2(CDD),0.236502806102832,H2,76.6994935398235,H1,0.888027935361418,AX,-0.0333411672394611,L1,-0.1...
GetData ===>> L2(CDD),0.241849435956639,H2,76.6285161480328,H1,0.902520905866912,AX,0.0132134541622927,L1,-0.19...
GetData ===>> L2(CDD),0.236345552388583,H2,76.7180259956253,H1,1.20289645510679,AX,0.128348346512976,L1,-0.2785...
08:34:21 -- collecting point 50
GetData ===>> L2(CDD),0.240591404778913,H2,76.7094259250987,H1,0.850531259801431,AX,-0.605343402252367,L1,-0.00...
GetData ===>> L2(CDD),0.232256957923747,H2,76.6862908852533,H1,1.0181273911365,AX,-0.0357491036452235,L1,-0.095...
GetData ===>> L2(CDD),0.242478451689477,H2,76.8593925118983,H1,1.10325942737431,AX,0.12353167059111,L1,-0.33138...
GetData ===>> L2(CDD),0.23461576192778,H2,76.7652671172219,H1,1.06644465235179,AX,-0.0352904495562499,L1,-0.210...
GetData ===>> L2(CDD),0.236660059823079,H2,76.7000991702931,H1,0.937373940269656,AX,0.154381750260272,L1,-0.087...
GetDeflection L2 (CDD) ===>> 0
testing L2_CDD_==3250
evaluate ot="L2(CDD).deflection==3250" t="L2_CDD_==3250", ctx="{'L2_CDD_': 0.0}"
GetData ===>> L2(CDD),0.22911188801799,H2,76.8558793097024,H1,1.16354665403369,AX,-0.0999585187541528,L1,-0.030...
GetData ===>> L2(CDD),0.235716537591579,H2,77.0235573940369,H1,1.21141095066266,AX,-0.092620516705798,L1,-0.172...
GetData ===>> L2(CDD),0.234458508285519,H2,76.6927105032118,H1,1.12546401745358,AX,-0.0634972693874863,L1,-0.00...
GetData ===>> L2(CDD),0.22911188801799,H2,76.5350176611429,H1,0.990403578671307,AX,-0.156023593736073,L1,-0.209...
GetData ===>> L2(CDD),0.231470690222349,H2,76.7588470410188,H1,0.959114589272593,AX,0.0714672360484073,L1,-0.11...
GetData ===>> L2(CDD),0.23760358227054,H2,76.6352987562751,H1,0.789228483622622,AX,-0.217932151629945,L1,-0.399...
08:34:33 -- user termination. measurement iteration executed 60/400 counts
state changed from measurement to truncated
measurement finished
estimated time: 419.430 actual time: :63.106
flush and close file /Users/obama/PychronDev/data/isotopes/13/aa159d-0aec-4dae-9e7a-a37f6aac0550.h5
baselines () {'settling_time': 15.0, 'detector': 'H2', 'mass': 39.862, 'ncounts': 120}
%%%%%%%%%%%%%%%%%%%%%%%%%%%%%%%% Baseline
build tables- baseline [Detector(H2), Detector(H1), Detector(AX), Detector(L1), Detector(L2(CDD))]
add group baseline table H2
add group baseline table H1
add group baseline table AX
add group baseline table L1
add group baseline table L2(CDD)
flush and close file /Users/obama/PychronDev/data/isotopes/13/aa159d-0aec-4dae-9e7a-a37f6aac0550.h5
detector Detector(H2)
POSITION 39.862 H2
Mapping mass to dac mass func: "parabolic"
H2 map mass coeffs = [ -2.38925034e-04   8.80081338e-02   3.57445459e-01]
H2 map mass to dac 39.862 >> 3.48597881693
GetHighVoltage ===>> 9000
positioning 39.862 (3.48597881693) on H2
setting magnet DAC
current  : 3.492900
requested: 3.485979
Delta Dac: 0.006921
Checking detector protection. dv=0.00692
SetMagnetDAC 3.48597881693 ===>> OK
Magnet settling time: 0.500
Delaying 15.0s for detectors to settle
Join finished
measuring baseline. ncounts=120
"baseline" increment series count="2" fit count="1" regressing="True"
starting measurement
GetData ===>> L2(CDD),0,H2,0.06147621668444,H1,-0.0785986822022968,AX,0.129036445040974,L1,-0.0756192087611504,...
GetData ===>> L2(CDD),0,H2,0.117194614547879,H1,-0.0595238435174968,AX,0.241661866844933,L1,-0.218912114082832,...
GetData ===>> L2(CDD),0,H2,-0.0417925880698315,H1,-0.0490669947678376,AX,-0.0872316358192628,L1,0.0278833016560...
GetData ===>> L2(CDD),0,H2,0.0507525377896312,H1,-0.0946856023383496,AX,-0.26309995680297,L1,-0.232063540438637...
GetData ===>> L2(CDD),0,H2,-0.245151300960582,H1,0.0952720808905213,AX,-0.202913959961977,L1,-0.168727398406799...
GetData ===>> L2(CDD),0,H2,0.0432926565930252,H1,-0.078253959548536,AX,-0.164966187085312,L1,-0.103771823802505...
GetData ===>> L2(CDD),0,H2,0.147269880395882,H1,0.175150517781227,AX,0.194178666715079,L1,-0.0599272319855534,L...
GetData ===>> L2(CDD),0,H2,-0.0282726876309365,H1,-0.187295081376679,AX,-0.284880628013551,L1,-0.19030137654804...
GetData ===>> L2(CDD),0,H2,0.047372272073341,H1,0.0270071192109658,AX,-0.232491548807484,L1,-0.256635463610015,...
GetData ===>> L2(CDD),0,H2,-0.0247761312401227,H1,0.0560823456126465,AX,0.187297237847778,L1,-0.089926377713426...
GetData ===>> L2(CDD),0,H2,-0.0192981677636767,H1,-0.195912136547474,AX,-0.286026965473706,L1,-0.21187487397899...
GetData ===>> L2(CDD),0,H2,0.00529476970638488,H1,-0.0788284972359624,AX,-0.195920676227715,L1,-0.0795421632195...
GetData ===>> L2(CDD),0,H2,0.0210299118945498,H1,-0.140531852832693,AX,-0.367528058743086,L1,-0.052888836259490...
GetData ===>> L2(CDD),0,H2,0.195065809905503,H1,-0.175001282734974,AX,-0.133093487480213,L1,-0.297933347433954,...
GetDeflection L2 (CDD) ===>> 0
testing L2_CDD_==3250
evaluate ot="L2(CDD).deflection==3250" t="L2_CDD_==3250", ctx="{'L2_CDD_': 0.0}"
GetData ===>> L2(CDD),0,H2,0.071150940912616,H1,0.0118377837603636,AX,-0.318238489770738,L1,-0.0060418169313455...
GetData ===>> L2(CDD),0,H2,-0.189217303304625,H1,0.239632756811903,AX,-0.33038917614137,L1,-0.223180579060407,L...
GetData ===>> L2(CDD),0,H2,-0.23233337570625,H1,-0.092617299064939,AX,-0.204977542172818,L1,-0.419970988374883,...
GetData ===>> L2(CDD),0,H2,-0.243170359850734,H1,0.143198349319078,AX,-0.279836726966062,L1,-0.364260060698406,...
GetData ===>> L2(CDD),0,H2,-0.0931898142440451,H1,-0.0316003572278894,AX,-0.229510902750789,L1,-0.1945699676622...
GetData ===>> L2(CDD),0,H2,-0.0931898142440451,H1,-0.0316003572278894,AX,-0.229510902750789,L1,-0.1945699676622...
GetData ===>> L2(CDD),0,H2,-0.131998174993533,H1,-0.0533186941985746,AX,0.0340834982488041,L1,0.168558294955552...
GetData ===>> L2(CDD),0,H2,-0.0717454949422256,H1,0.0841241055980015,AX,0.00988804937768064,L1,-0.0617733600994...
GetData ===>> L2(CDD),0,H2,-0.111370499284906,H1,-0.169945843434198,AX,-0.0758804901208828,L1,-0.22733366205697...
GetData ===>> L2(CDD),0,H2,0.0513353434041113,H1,-0.175001282734974,AX,0.153923005773917,L1,-0.319158390072309,...
GetDeflection L2 (CDD) ===>> 0
testing L2_CDD_==3250
evaluate ot="L2(CDD).deflection==3250" t="L2_CDD_==3250", ctx="{'L2_CDD_': 0.0}"
08:35:14 -- collecting point 25
GetData ===>> L2(CDD),0,H2,-0.0599742284964783,H1,0.00655155624386223,AX,-0.426099124132621,L1,-0.0693886013647...
GetData ===>> L2(CDD),0,H2,-0.0599742284964783,H1,0.00655155624386223,AX,-0.426099124132621,L1,-0.0693886013647...
GetData ===>> L2(CDD),0,H2,-0.102396741853978,H1,0.0328680627052832,AX,0.122843575998636,L1,-0.0578503336495401...
GetData ===>> L2(CDD),0,H2,-0.0563612371139399,H1,-0.0605580311897022,AX,-0.273073272702946,L1,0.04588486765810...
GetData ===>> L2(CDD),0,H2,-0.0563612371139399,H1,-0.0605580311897022,AX,-0.273073272702946,L1,0.04588486765810...
GetData ===>> L2(CDD),0,H2,0.0970283844111635,H1,-0.127203343024698,AX,-0.184456166715662,L1,-0.10134888502874,...
GetData ===>> L2(CDD),0,H2,0.0970283844111635,H1,-0.127203343024698,AX,-0.184456166715662,L1,-0.10134888502874,...
GetData ===>> L2(CDD),0,H2,-0.184439459378548,H1,0.321592339714106,AX,0.0916504711037832,L1,-0.0652348408269905...
GetData ===>> L2(CDD),0,H2,-0.0431911877941449,H1,0.242046614156099,AX,-0.155564996965471,L1,-0.116463308797655...
GetData ===>> L2(CDD),0,H2,0.0293055326911244,H1,0.0440154456655617,AX,0.00748000481017586,L1,-0.18049508244086...
GetDeflection L2 (CDD) ===>> 0
testing L2_CDD_==3250
evaluate ot="L2(CDD).deflection==3250" t="L2_CDD_==3250", ctx="{'L2_CDD_': 0.0}"
GetData ===>> L2(CDD),0,H2,0.0373481044957458,H1,-0.00953678403455383,AX,-0.0754218551572681,L1,-0.275784980734...
GetData ===>> L2(CDD),0,H2,0.012987474261744,H1,0.0528644908673491,AX,-0.071867426779156,L1,-0.136538590825279,...
GetData ===>> L2(CDD),0,H2,-0.117547193573777,H1,-0.126399030505704,AX,-0.142494897128339,L1,-0.223295942717393...
GetData ===>> L2(CDD),0,H2,0.0013318849105562,H1,-0.13513153053573,AX,-0.0896394373915224,L1,-0.344650896858789...
GetData ===>> L2(CDD),0,H2,0.0837398819684917,H1,-0.0851483892093072,AX,-0.0481326814241476,L1,-0.2409464203177...
GetData ===>> L2(CDD),0,H2,-0.10589302077295,H1,-0.417286610620963,AX,-0.160380252158444,L1,-0.0114651100502742...
GetData ===>> L2(CDD),0,H2,-0.0872460554487805,H1,-0.0221774345850664,AX,0.0405051413250592,L1,-0.0337349101414...
GetData ===>> L2(CDD),0,H2,-0.17558290646562,H1,0.139060735835577,AX,-0.230771946439902,L1,-0.0896956186008203,...
GetData ===>> L2(CDD),0,H2,-0.295372644037978,H1,-0.0498713717731807,AX,0.0338541546458976,L1,-0.08646498525624...
GetData ===>> L2(CDD),0,H2,0.202876586239027,H1,-0.155353858651606,AX,-0.289580602921214,L1,-0.105502490643163,...
GetDeflection L2 (CDD) ===>> 0
testing L2_CDD_==3250
evaluate ot="L2(CDD).deflection==3250" t="L2_CDD_==3250", ctx="{'L2_CDD_': 0.0}"
GetData ===>> L2(CDD),0,H2,0.224210815525512,H1,-0.214180038906566,AX,-0.162214628751891,L1,-0.242215396504863,...
GetData ===>> L2(CDD),0,H2,0.224210815525512,H1,-0.214180038906566,AX,-0.162214628751891,L1,-0.242215396504863,...
GetData ===>> L2(CDD),0,H2,-0.0338671518575691,H1,-0.181780125665217,AX,-0.0913592919692988,L1,-0.1764571677631...
GetData ===>> L2(CDD),0,H2,-0.00764282424433127,H1,0.142853547517838,AX,-0.140775133934711,L1,-0.13019300069223...
GetData ===>> L2(CDD),0,H2,-0.0596245847526288,H1,0.145841833891192,AX,0.169520440986413,L1,-0.0201192382883985...
08:35:41 -- collecting point 50
GetData ===>> L2(CDD),0,H2,0.0342010033056306,H1,-0.200163188740322,AX,-0.152813411751267,L1,-0.23737020575162,...
GetData ===>> L2(CDD),0,H2,-0.104611053286995,H1,-0.0594089337074656,AX,0.143601312626651,L1,-0.214182171452311...
65407-01D   Al-1   NM-288 C:1 set to terminate after 12 counts
08:35:43 -- user termination. measurement iteration executed 51/120 counts
measurement finished
estimated time: 125.829 actual time: :53.632
flush and close file /Users/obama/PychronDev/data/isotopes/13/aa159d-0aec-4dae-9e7a-a37f6aac0550.h5
activate_detectors ('H1', 'L2(CDD)') {'peak_center': True}
peak_center () {'detector': 'H2', 'integration_time': 1.048576, 'isotope': 'Ar40'}
peak center: mean=76.751236035 threshold=100.0
Skipping peak center. intensities to small. 76.751236035<100.0
finished measure script
executed snippet estimated_duration=650.242112, duration=165.104416132
felix_analysis400_120.py completed successfully
Measurement Finished
08:35:43 -- ******* Measurement Finished *******
Post Measurement Started felix_pump_ms.py
08:35:43 -- ******* Post Measurement Started felix_pump_ms.py *******
testing...
no interpolation path defined
executed snippet estimated_duration=0, duration=3.91006469727e-05
Pumping spectrometer
open () {'name': 'V'}
opening name=V desc=---
checking ownership. requestor=129.138.12.137
check software interlocks V
interlocks []
actuate state mode=None-script, software_lock=False
doing actuation None-script open_channel True
Open V ===>> OK
GetIndicatorState V ===>> OK
change switch state (True, True)
update switch state V True args=() kw={} ncanvase=4
08:35:43 -- OPEN   VALVE-V (Felix Ion Pump)
---------------------------------------- open V () result=[(True, True)], time=0.13 sec
action=open, ok=True, locked=[False]
executed snippet estimated_duration=0, duration=0.382185935974
felix_pump_ms.py completed successfully
setting _ms_pumptime
Post Measurement Finished
08:35:43 -- ******* Post Measurement Finished *******
$$$$$$$$$$$$$$$$$$$$ state at run end truncated
post measurement save measured=True aborted=False
Set filtering
setting fod for Ar40= {'filter_outliers': True, 'std_devs': 2, 'iterations': 2}
setting fod for H2= {'filter_outliers': True, 'std_devs': 2, 'iterations': 1}
setting fod for Ar36= {'filter_outliers': True, 'std_devs': 2, 'iterations': 2}
setting fod for L2(CDD)= {'filter_outliers': True, 'std_devs': 2, 'iterations': 1}
setting fod for Ar37= {'filter_outliers': True, 'std_devs': 2, 'iterations': 2}
setting fod for L1= {'filter_outliers': True, 'std_devs': 2, 'iterations': 1}
setting fod for Ar38= {'filter_outliers': True, 'std_devs': 2, 'iterations': 2}
setting fod for AX= {'filter_outliers': True, 'std_devs': 2, 'iterations': 1}
setting fod for Ar39= {'filter_outliers': True, 'std_devs': 2, 'iterations': 2}
setting fod for H1= {'filter_outliers': True, 'std_devs': 2, 'iterations': 1}
persistence save...
persistence save - db
post measurement save
4855672560 connecting to database sqlite:////Users/obama/PychronDev/.appdata/local_lab.db
connected to db sqlite:////Users/obama/PychronDev/.appdata/local_lab.db
create new session 4855672560
close session 4855672560
No database instance. Not saving post measurement to isotopedb database
$$$$$$$$$$$$$$$ auto_save_detector_ic=False
massspec enabled True
create new session 4821576496
MassSpec Database Version: 16.0
close session 4821576496
saving post measurement to secondary database
saving to massspec database 129.138.12.160/massspecdata
setting labnumber to 65407
setting aliquot to 1
setting step to D
setting uuid to 13aa159d-0aec-4dae-9e7a-a37f6aac0550
setting irradpos to 65407
setting extract_device to Fusions Diode
setting tray to 
setting position to 19
setting power_requested to 1.6
setting extract_value to 1.6
setting duration to 40.0
setting duration_at_request to 40.0
setting first_stage_delay to 40.0
setting cleanup to 60.0
setting comment to C:1 Alunite, 7.75 mg
setting irradiation to NM-288
setting level to C
setting irradiation_level to C
setting sample to Al-1
setting material to 
setting project to 
setting mass_spectrometer to Felix
no attribute chron_dosages
no attribute production_ratios
no attribute interference_corrections
no attribute production_name
no attribute j
Reference Isotope=Ar40
Reference Detector=H2
%%%%%%%%%%%%%%%%%%%% Comment: C:1 Alunite, 7.75 mg %%%%%%%%%%%%%%%%%%%
adding isotope Ar40 H2
add baseline dbdet= Ar40. original det= H2
get baseline data Ar40 H2
Get data baseline <pychron.processing.isotope.Baseline object at 0x11fff8310> len t=51
baseline Ar40. v=-0.0286070131726, e=0.0152898652183
get signal data Ar40 H2
Get data signal Ar40 76.88+/-0.20 len t=60
adding isotope Ar39 H1
add baseline dbdet= Ar39. original det= H1
get baseline data Ar39 H1
Get data baseline <pychron.processing.isotope.Baseline object at 0x11fff8210> len t=51
baseline Ar39. v=-0.0501565044574, e=0.0156125819752
get signal data Ar39 H1
Get data signal Ar39 1.30+/-0.19 len t=60
adding isotope Ar38 AX
add baseline dbdet= Ar38. original det= AX
get baseline data Ar38 AX
Get data baseline <pychron.processing.isotope.Baseline object at 0x11fff86d0> len t=51
baseline Ar38. v=-0.126182472984, e=0.0230549893685
get signal data Ar38 AX
Get data signal Ar38 0.11+/-0.05 len t=60
adding isotope Ar37 L1
add baseline dbdet= Ar37. original det= L1
get baseline data Ar37 L1
Get data baseline <pychron.processing.isotope.Baseline object at 0x11fff8890> len t=51
baseline Ar37. v=-0.144524685411, e=0.0146045381964
get signal data Ar37 L1
Get data signal Ar37 0.08+/-0.05 len t=60
adding isotope Ar36 L2(CDD)
add baseline dbdet= Ar36. original det= L2(CDD)
get baseline data Ar36 L2(CDD)
Get data baseline <pychron.processing.isotope.Baseline object at 0x11fff8a50> len t=51
baseline Ar36. v=0.0, e=0.0
get signal data Ar36 L2(CDD)
Get data signal Ar36 0.215+/-0.007 len t=60
65407-01D added analysis time 0.657562017441s
analysis added to mass spec database
mass spec save time= 0.668
persistence save - dvc
================= post measurement started
create new session 4671971248
close session 4671971248
---------------- Experiment Queue saving disabled
DVC saving peakcenter
Smart pull ahead: 0 behind: 0
Up-to-date with origin
add to repo msg=modified - 1e2ad98a77a0f8b97e0df49be2474708cb221738.json
add to repo msg=modified - 07-01D.json
add to repo msg=modified - 07-01D.dat.json
add to repo msg=modified - 07-01D.blan.json
add to repo msg=modified - 07-01D.inte.json
add to repo msg=modified - 07-01D.icfa.json
add to repo msg=modified - 07-01D.base.json
not at valid file /Users/obama/PychronDev/data/.dvc/repositories/Load1790/654/tags/07-01D.tags.json
add to repo msg=modified - 07-01D.peak.json
add to repo msg=modified - 07-01D.extr.json
not at valid file /Users/obama/PychronDev/data/.dvc/repositories/Load1790/654/monitor/07-01D.moni.json
commit message=<COLLECTION>
add to repo msg=modified - 07-01D.inte.json
add to repo msg=modified - 07-01D.base.json
commit message=<ISOEVO> default collection fits
add to repo msg=modified - 07-01D.blan.json
commit message=<BLANKS> preceding 
add to repo msg=modified - 07-01D.icfa.json
commit message=<ICFactor> default
push repository <pychron.git_archive.repo_manager.GitRepoManager object at 0x11b78e9b0>
pushing to remote=origin, url=https://github.com
no changes to meta repo
create new session 4671971248
add association Load1790
get identifier "65407"
setting analysis irradiation position=<pychron.dvc.dvc_orm.IrradiationPositionTbl object at 0x11b1f4bd0>
close session 4671971248
================= post measurement finished
08:35:55 -- ******* Post Run Check *******
loading queue conditionals post_run_actions
loading system conditionals post_run_actions
loading conditionals from /Users/obama/PychronDev/setupfiles/spectrometer/default_conditionals.yaml
loading queue conditionals post_run_terminations
loading system conditionals post_run_terminations
loading conditionals from /Users/obama/PychronDev/setupfiles/spectrometer/default_conditionals.yaml
Checking default post run terminations n=1
GetDeflection L2 (CDD) ===>> 0
testing L2_CDD_==3250
evaluate ot="L2(CDD).deflection==3250" t="L2_CDD_==3250", ctx="{'L2_CDD_': 0.0}"
08:35:55 -- ******* Post Run Check Passed *******
08:35:55 -- Automated run 65407-01D truncated duration: 314.574 s
----------------- finish -----------------
----------------- stop -----------------
retroactive repository identifiers disabled
finish run. runs completed=4
write rem/ex queues
/Users/obama/PychronDev/experiments/rem/Load1790_alunite_test.rem.txt
/Users/obama/PychronDev/experiments/rem/Load1790_alunite_test.ex.txt
doing event level: 3
