do run
loading script "felix_analysis400_120.py"
loading script "felix_pump_ms.py"
loading script "felix_diode.py"
loading script "felix_pump_extraction_line.py"
testing...
no interpolation path defined
executed snippet estimated_duration=624.242112, duration=0.000282049179077
script duration name:analysis400_120 seconds:624.0
loading script "felix_analysis400_120.py"
loading script "felix_pump_ms.py"
loading script "felix_diode.py"
loading script "felix_pump_extraction_line.py"
testing...
no interpolation path defined
executed snippet estimated_duration=0, duration=2.8133392334e-05
loading script "felix_analysis400_120.py"
loading script "felix_pump_ms.py"
loading script "felix_diode.py"
loading script "felix_pump_extraction_line.py"
testing...
no interpolation path defined
calculate duration
testing...
no interpolation path defined
executed snippet estimated_duration=0, duration=0.000115156173706
calculate duration
testing...
no interpolation path defined
executed snippet estimated_duration=0, duration=3.09944152832e-05
calculate duration
testing...
no interpolation path defined
executed snippet estimated_duration=42.0, duration=0.000120878219604
executed snippet estimated_duration=42.0, duration=0.00431299209595
script duration name:diode seconds:42.0
loading script "felix_analysis400_120.py"
loading script "felix_pump_ms.py"
loading script "felix_diode.py"
loading script "felix_pump_extraction_line.py"
testing...
no interpolation path defined
calculate duration
testing...
no interpolation path defined
executed snippet estimated_duration=4.0, duration=0.000201940536499
executed snippet estimated_duration=4.0, duration=0.00136995315552
Script duration 666.0
Run total estimated duration= 667.000
run duration: 0:11:07
doing event level: 2
11:34:12 -- Setting default integration. t=1.048576
setting integration time = 1.048576
SetIntegrationTime 1.048576 ===>> OK
----------------- start -----------------
**************** Experiment Type: Ar/Ar, Ar/Ar
close session 4710191760
$$$$$ Clearing conditionals
adding conditionals 
Add queue conditionals
add default conditionals
adding default conditionals from /Users/obama/PychronDev/setupfiles/spectrometer/default_conditionals.yaml
Start automated run 65407-01Q
loading script "felix_analysis400_120.py"
loading script "felix_pump_ms.py"
loading script "felix_diode.py"
loading script "felix_pump_extraction_line.py"
%%%%%%%%%%%%%%%%%% setting automated run 65407-01Q
No value "sensitivity_multiplier" in metadata
$$$$$$$$$$$$$$$ auto_save_detector_ic=False
============================= Pre Extraction Check =============================
loading queue conditionals pre_run_terminations
loading system conditionals pre_run_terminations
loading conditionals from /Users/obama/PychronDev/setupfiles/spectrometer/default_conditionals.yaml
11:34:12 -- ******* Pre Extraction Check *******
Get a measurement from the spectrometer
GetData ===>> L2(CDD),0.000943468279485503,H2,0.0359493916056811,H1,-0.133178215024813,AX,-0.0437755148196208,L...
Pre Extraction Termination data. keys=L2(CDD),H2,H1,AX,L1,L2, signals=0.00094,0.03595,-0.13318,-0.04378,-0.32885,0.20278
11:34:12 -- testing system defined conditionals
Checking default pre extraction terminations n=2
testing L2_CDD_
evaluate ot="L2(CDD).inactive" t="L2_CDD_", ctx="{'L2_CDD_': False}"
GetDeflection L2 (CDD) ===>> 0
testing L2_CDD_==3250
evaluate ot="L2(CDD).deflection==3250" t="L2_CDD_==3250", ctx="{'L2_CDD_': 0.0}"
11:34:12 -- ******* Pre Extraction Check Passed *******
=================================================================================
11:34:12 -- stopping status monitor
stop 4818565936
Status monitor stopped
Status monitor finished
11:34:14 -- starting status monitor
start 4818565936
StatusMonitor period=1. Frequencies(state=1, checksum=3, lock=5, owner=5)
start extraction
do extraction
Analysis started at 11:34:15.738295
Extraction Started felix_diode.py
11:34:15 -- ******* Extraction Started felix_diode.py *******
state changed from not run to extraction
DO EXTRACTION <pychron.extraction_line.pyscript_runner.RemotePyScriptRunner object at 0x119e48590>
testing...
no interpolation path defined
calculate duration
testing...
no interpolation path defined
executed snippet estimated_duration=0, duration=0.000180006027222
calculate duration
testing...
no interpolation path defined
executed snippet estimated_duration=0, duration=4.60147857666e-05
calculate duration
testing...
no interpolation path defined
executed snippet estimated_duration=42.0, duration=0.000128030776978
executed snippet estimated_duration=204.0, duration=0.00765895843506
Felix unknown laser analysis
set_motor ('beam', '2.0') {}
setting motor "beam" to 2.0
set motor beam to 2.0
SetMotor beam,2.0 ===>> OK
GetMotorMoving beam ===>> OK
GetMotorMoving beam ===>> OK
GetMotorMoving beam ===>> OK
GetMotorMoving beam ===>> OK
GetMotorMoving beam ===>> OK
GetMotorMoving beam ===>> OK
GetMotorMoving beam ===>> OK
GetMotorMoving beam ===>> OK
GetMotorMoving beam ===>> OK
GetMotorMoving beam ===>> OK
GetMotorMoving beam ===>> OK
GetMotorMoving beam ===>> OK
GetMotorMoving beam ===>> OK
GetMotorMoving beam ===>> OK
GetMotorMoving beam ===>> OK
GetMotorMoving beam ===>> OK
GetMotorMoving beam ===>> OK
GetMotorMoving beam ===>> OK
GetMotorMoving beam ===>> OK
GetMotorMoving beam ===>> OK
GetMotorMoving beam ===>> OK
GetMotorMoving beam ===>> OK
GetMotorMoving beam ===>> OK
GetMotorMoving beam ===>> OK
GetMotorMoving beam ===>> OK
GetMotorMoving beam ===>> OK
GetMotorMoving beam ===>> OK
GetMotorMoving beam ===>> OK
GetMotorMoving beam ===>> OK
GetMotorMoving beam ===>> OK
GetMotorMoving beam ===>> OK
GetMotorMoving beam ===>> OK
GetMotorMoving beam ===>> OK
GetMotorMoving beam ===>> OK
GetMotorMoving beam ===>> OK
GetMotorMoving beam ===>> OK
GetMotorMoving beam ===>> OK
GetMotorMoving beam ===>> OK
GetMotorMoving beam ===>> OK
GetMotorMoving beam ===>> OK
GetMotorMoving beam ===>> OK
GetMotorMoving beam ===>> OK
GetMotorMoving beam ===>> OK
GetMotorMoving beam ===>> OK
GetMotorMoving beam ===>> OK
GetMotorMoving beam ===>> OK
GetMotorMoving beam ===>> OK
GetMotorMoving beam ===>> OK
GetMotorMoving beam ===>> OK
GetMotorMoving beam ===>> OK
GetMotorMoving beam ===>> OK
GetMotorMoving beam ===>> OK
GetMotorMoving beam ===>> OK
GetMotorMoving beam ===>> OK
GetMotorMoving beam ===>> OK
GetMotorMoving beam ===>> OK
GetMotorMoving beam ===>> OK
GetMotorMoving beam ===>> OK
GetMotorMoving beam ===>> OK
GetMotorMoving beam ===>> OK
GetMotorMoving beam ===>> OK
GetMotorMoving beam ===>> OK
GetMotorMoving beam ===>> OK
GetMotorMoving beam ===>> OK
GetMotorMoving beam ===>> OK
GetMotorMoving beam ===>> OK
GetMotorMoving beam ===>> OK
GetMotorMoving beam ===>> OK
GetMotorMoving beam ===>> OK
GetMotorMoving beam ===>> OK
GetMotorMoving beam ===>> OK
GetMotorMoving beam ===>> OK
GetMotorMoving beam ===>> OK
GetMotorMoving beam ===>> OK
GetMotorMoving beam ===>> OK
GetMotorMoving beam ===>> OK
GetMotorMoving beam ===>> OK
GetMotorMoving beam ===>> OK
GetMotorMoving beam ===>> OK
GetMotorMoving beam ===>> OK
GetMotorMoving beam ===>> OK
GetMotorMoving beam ===>> OK
GetMotorMoving beam ===>> OK
GetMotorMoving beam ===>> OK
GetMotorMoving beam ===>> OK
GetMotorMoving beam ===>> OK
GetMotorMoving beam ===>> False
GetMotorMoving beam ===>> False
Block completed
doing GOSUB
testing...
no interpolation path defined
executed snippet estimated_duration=0, duration=0.000152111053467
Prepare for Diode Analysis
close () {'description': 'Felix Inlet'}
closing name=--- desc=Felix Inlet
checking ownership. requestor=129.138.12.137
check software interlocks H
interlocks []
actuate state mode=None-script, software_lock=False
doing actuation None-script close_channel False
Close H ===>> OK
GetIndicatorState H ===>> False
change switch state (True, True)
update switch state H False args=() kw={} ncanvase=4
11:34:39 -- CLOSE  VALVE-H (Felix Inlet)
---------------------------------------- close None (Felix Inlet) result=[(True, True)]
action=close, ok=True, locked=[False]
open () {'description': 'Felix Ion Pump'}
opening name=--- desc=Felix Ion Pump
checking ownership. requestor=129.138.12.137
check software interlocks V
interlocks []
actuate state mode=None-script, software_lock=False
doing actuation None-script open_channel False
Open V ===>> OK
GetIndicatorState V ===>> OK
change switch state (True, True)
update switch state V True args=() kw={} ncanvase=4
11:34:39 -- OPEN   VALVE-V (Felix Ion Pump)
---------------------------------------- open None (Felix Ion Pump) result=[(True, True)], time=0.11 sec
action=open, ok=True, locked=[False]
close () {'description': 'Bone to Minibone'}
closing name=--- desc=Bone to Minibone
checking ownership. requestor=129.138.12.137
check software interlocks E
interlocks []
actuate state mode=None-script, software_lock=False
doing actuation None-script close_channel False
Close E ===>> OK
GetIndicatorState E ===>> False
change switch state (True, True)
update switch state E False args=() kw={} ncanvase=4
11:34:40 -- CLOSE  VALVE-E (Bone to Minibone)
---------------------------------------- close None (Bone to Minibone) result=[(True, True)]
action=close, ok=True, locked=[False]
open () {'description': 'Bone to Getter GP-50'}
opening name=--- desc=Bone to Getter GP-50
checking ownership. requestor=129.138.12.137
check software interlocks N
interlocks []
actuate state mode=None-script, software_lock=False
doing actuation None-script open_channel False
Open N ===>> OK
GetIndicatorState N ===>> OK
change switch state (True, True)
update switch state N True args=() kw={} ncanvase=4
11:34:40 -- OPEN   VALVE-N (Bone to Getter GP-50)
---------------------------------------- open None (Bone to Getter GP-50) result=[(True, True)], time=0.17 sec
action=open, ok=True, locked=[False]
close () {'description': 'Bone to CO2 Laser'}
closing name=--- desc=Bone to CO2 Laser
checking ownership. requestor=129.138.12.137
check software interlocks D
interlocks []
actuate state mode=None-script, software_lock=False
doing actuation None-script close_channel True
Close D ===>> OK
GetIndicatorState D ===>> False
change switch state (True, True)
update switch state D False args=() kw={} ncanvase=4
11:34:41 -- CLOSE  VALVE-D (Bone to CO2 Laser)
---------------------------------------- close None (Bone to CO2 Laser) result=[(True, True)]
action=close, ok=True, locked=[False]
open () {'description': 'Bone to Diode Laser'}
opening name=--- desc=Bone to Diode Laser
checking ownership. requestor=129.138.12.137
check software interlocks B
interlocks []
actuate state mode=None-script, software_lock=False
doing actuation None-script open_channel False
Open B ===>> OK
GetIndicatorState B ===>> OK
change switch state (True, True)
update switch state B True args=() kw={} ncanvase=4
11:34:41 -- OPEN   VALVE-B (Bone to Diode Laser)
---------------------------------------- open None (Bone to Diode Laser) result=[(True, True)], time=0.17 sec
action=open, ok=True, locked=[False]
executed snippet estimated_duration=0, duration=2.84098005295
PrepareForDiodeAnalysis.py completed successfully
gosub finished
doing GOSUB
testing...
no interpolation path defined
executed snippet estimated_duration=0, duration=4.48226928711e-05
Isolate coldfinger
close () {'name': 'B', 'description': 'Bone to Diode Laser'}
closing name=B desc=Bone to Diode Laser
checking ownership. requestor=129.138.12.137
check software interlocks B
interlocks []
actuate state mode=None-script, software_lock=False
doing actuation None-script close_channel True
Close B ===>> OK
GetIndicatorState B ===>> False
change switch state (True, True)
update switch state B False args=() kw={} ncanvase=4
11:34:42 -- CLOSE  VALVE-B (Bone to Diode Laser)
---------------------------------------- close B (Bone to Diode Laser) result=[(True, True)]
action=close, ok=True, locked=[False]
executed snippet estimated_duration=0, duration=0.569070100784
IsolateDiodeColdfinger.py completed successfully
gosub finished
open () {'description': 'Bone to Turbo'}
opening name=--- desc=Bone to Turbo
checking ownership. requestor=129.138.12.137
check software interlocks C
interlocks []
actuate state mode=None-script, software_lock=False
doing actuation None-script open_channel False
Open C ===>> OK
GetIndicatorState C ===>> OK
change switch state (True, True)
update switch state C True args=() kw={} ncanvase=4
11:34:42 -- OPEN   VALVE-C (Bone to Turbo)
---------------------------------------- open None (Bone to Turbo) result=[(True, True)], time=0.17 sec
action=open, ok=True, locked=[False]
Diodelaser enabled. Heating sample.
enable () {}
set extraction state FusionsDiode Enabled (False, 'red', 1.5)
enabling laser
Enable ===>> OK
move_to_position ('19',) {}
FusionsDiode move to position 19
sending GoToHole 19,True
GoToHole 19,True ===>> OK
GetDriveMoving ===>> False
GetDriveMoving ===>> False
Block completed
GetAutoCorrecting ===>> False
GetAutoCorrecting ===>> False
Block completed
update position
GetPosition ===>> 0.00000,0.00000,9.00000
got position (0.0, 0.0, 9.0)
move to position succeeded
BEGIN INTERVAL Interval 1 waiting for 40.0
block started
set extract to 18.0 (watts)
WaitControl setup for 40.0  
extract () {}
GetPosition ===>> 0.00000,0.00000,9.00000
set extraction state FusionsDiode ON! 18.0(watts) (0.75, 'red', 1.5)
extract sample to 18.0 (watts)
set laser output
SetLaserOutput 18.0,watts ===>> OK
sleep (2,) {}
SLEEP 2.0
block started
WaitControl setup for 2.0  
Join finished
block finished. duration 2.02142810822
executing pattern diamond_37hole_3mmbeam.lp
execute_pattern ('diamond_37hole_3mmbeam.lp',) {}
executing pattern diamond_37hole_3mmbeam.lp
IsPatterning ===>> OK
IsPatterning ===>> OK
IsPatterning ===>> OK
IsPatterning ===>> OK
IsPatterning ===>> OK
IsPatterning ===>> OK
IsPatterning ===>> OK
IsPatterning ===>> OK
IsPatterning ===>> OK
IsPatterning ===>> OK
IsPatterning ===>> OK
IsPatterning ===>> OK
IsPatterning ===>> OK
IsPatterning ===>> OK
IsPatterning ===>> OK
IsPatterning ===>> OK
IsPatterning ===>> OK
IsPatterning ===>> OK
IsPatterning ===>> OK
IsPatterning ===>> OK
IsPatterning ===>> OK
IsPatterning ===>> OK
IsPatterning ===>> OK
IsPatterning ===>> OK
IsPatterning ===>> OK
IsPatterning ===>> OK
IsPatterning ===>> OK
IsPatterning ===>> OK
IsPatterning ===>> OK
IsPatterning ===>> OK
IsPatterning ===>> OK
IsPatterning ===>> OK
IsPatterning ===>> OK
IsPatterning ===>> OK
IsPatterning ===>> OK
IsPatterning ===>> OK
IsPatterning ===>> OK
Join finished
block finished. duration 40.0824129581
Interval 1 finished
IsPatterning ===>> False
IsPatterning ===>> False
Block completed
COMPLETE INTERVAL waiting for Interval 1 to complete
Diode laser disabled.
disable () {}
%%%%%%%%%%%%%%%%%%%%%%%%%%%%%%%%%%% disable
set extraction state False (0.75, 'red', 1.5)
disabling laser
Disable ===>> OK
doing GOSUB
testing...
no interpolation path defined
executed snippet estimated_duration=42.0, duration=0.000123977661133
Equilibrate then isolate coldfinger
close () {'name': 'C', 'description': 'Bone to Turbo'}
closing name=C desc=Bone to Turbo
checking ownership. requestor=129.138.12.137
check software interlocks C
interlocks []
actuate state mode=None-script, software_lock=False
doing actuation None-script close_channel True
Close C ===>> OK
set states for children of C. state=False
handle state [('C', False)]
update switch state C False args=() kw={'refresh': False} ncanvase=4
refresh_canvas_needed fired
GetIndicatorState C ===>> False
change switch state (True, True)
update switch state C False args=() kw={} ncanvase=4
11:35:27 -- CLOSE  VALVE-C (Bone to Turbo)
---------------------------------------- close C (Bone to Turbo) result=[(True, True)]
action=close, ok=True, locked=[False]
sleep (1,) {}
SLEEP 1.0
open () {'name': 'B', 'description': 'Bone to Diode Laser'}
opening name=B desc=Bone to Diode Laser
checking ownership. requestor=129.138.12.137
check software interlocks B
interlocks []
actuate state mode=None-script, software_lock=False
doing actuation None-script open_channel True
Open B ===>> OK
GetIndicatorState B ===>> OK
change switch state (True, True)
update switch state B True args=() kw={} ncanvase=4
11:35:29 -- OPEN   VALVE-B (Bone to Diode Laser)
---------------------------------------- open B (Bone to Diode Laser) result=[(True, True)], time=0.15 sec
action=open, ok=True, locked=[False]
sleep (20,) {}
SLEEP 20.0
block started
WaitControl setup for 20.0  
Join finished
block finished. duration 20.0640311241
close () {'name': 'B', 'description': 'Bone to Diode Laser'}
closing name=B desc=Bone to Diode Laser
checking ownership. requestor=129.138.12.137
check software interlocks B
interlocks []
actuate state mode=None-script, software_lock=False
doing actuation None-script close_channel True
Close B ===>> OK
GetIndicatorState B ===>> False
change switch state (True, True)
update switch state B False args=() kw={} ncanvase=4
11:35:49 -- CLOSE  VALVE-B (Bone to Diode Laser)
---------------------------------------- close B (Bone to Diode Laser) result=[(True, True)]
action=close, ok=True, locked=[False]
executed snippet estimated_duration=63.0, duration=22.3765420914
EquilibrateThenIsolateDiodeColdfinger.py completed successfully
gosub finished
sleep (60.0,) {}
SLEEP 60.0
block started
WaitControl setup for 60.0  
Autosaving to /Users/obama/PychronDev/experiments/auto_save/Load1790_alunite_test.bak
Join finished
block finished. duration 14.0112671852
executed snippet estimated_duration=306.0, duration=108.241611958
felix_diode.py completed successfully
GetAchievedOutput ===>> No Response
Requested Output= 0.000
Achieved Output=  0.000
GetResponseBlob ===>> [180][[177]N[00][00][00][00][192]$[174]=[00][00][250]D<[166][05]@[00][00][250]D[165][235][130]@[0...
GetOutputBlob ===>> [180][[177]N[00][00][00][00][192]$[174]=[209][03][08]B<[166][05]@[00][00][00][00][165][235][130]@...
persistence save...
persistence save - db
AutomatedRunPersister post_extraction_save deprecated
persistence save - dvc
no extraction position for 19
create new session 4671971248
close session 4671971248
Extraction Finished
11:36:04 -- ******* Extraction Finished *******
no overlap. not waiting for min ms pumptime
11:36:04 -- Sending spectrometer configuration
======== Sending configuration ========
SetZFocus 9.84 ===>> OK
SetHV 9000.0 ===>> OK
SetZSymmetry 18.34 ===>> OK
SetExtractionLens 42.35 ===>> OK
SetIonRepeller -4.08 ===>> OK
SetElectronEnergy 107.0 ===>> OK
SetYSymmetry 12.72 ===>> OK
send trap current 400.0
GetParameter Trap Current Readback ===>> 397.860465116279
SetParameter Trap Current Set,400.0 ===>> OK
updating mftable name argon
Using mftable located at /Users/obama/PychronDev/setupfiles/spectrometer/mftables/argon.csv
============ MFtable ===========
Isotope  H2     H1     AX     L1     L2     L2(CDD)
Ar40     3.4929 3.5641 3.6384 3.7153 3.8112 3.7978
Ar39     3.4239 3.4942 3.5670 3.6453 3.7363 3.7226
Ar36     3.2138 3.2800 3.3484 3.4202 3.5169 3.4942
================================
get initial guess parabolic
get initial guess parabolic
get initial guess parabolic
get initial guess parabolic
get initial guess parabolic
get initial guess parabolic
======== Configuration Finished ========
GetYSymmetry ===>> 12.72
GetZSymmetry ===>> 18.34
GetParameter Trap Current Readback ===>> 397.524812305439
GetHighVoltage ===>> 9000
start measurement
do measurement
L#=65407 analysis type=unknown
Measurement Started felix_analysis400_120.py
11:36:04 -- ******* Measurement Started felix_analysis400_120.py *******
state changed from extraction to measurement
setting spec, defl, and gains
GetExtractionLens ===>> 42.35
GetYSymmetry ===>> 12.72
GetZSymmetry ===>> 18.34
GetZFocus ===>> 9.84
GetDeflection H2 (CDD) ===>> 3250
GetDeflection H1 (CDD) ===>> 3250
GetDeflection AX (CDD) ===>> 3250
GetDeflection L1 (CDD) ===>> 3250
GetDeflection L2 (CDD) ===>> 0
GetGain H2 ===>> 0.9809305
GetGain H1 ===>> 0.96484
GetGain AX ===>> 0.96253
GetGain L1 ===>> 0.970094835296087
GetGain L2 ===>> 0.967359864778375
GetGain H2(CDD) ===>> 0
GetGain H1(CDD) ===>> 0
GetGain AX(CDD) ===>> 0
GetGain L1(CDD) ===>> 0
GetGain L2(CDD) ===>> 0
pre measurement save
New frame /Users/obama/PychronDev/data/isotopes/e2/6ecd0c-719d-465d-af51-b7a45e23316b.h5
flush and close file /Users/obama/PychronDev/data/isotopes/e2/6ecd0c-719d-465d-af51-b7a45e23316b.h5
testing...
no interpolation path defined
executed snippet estimated_duration=650.242112, duration=0.000313997268677
unknown measurement script
activate_detectors ('H2', 'H1', 'AX', 'L1', 'L2(CDD)') {}
activate detectors
*************** Set Analysis View Ar/Ar
create graphs
clearing graphs
clear isotope group
setting isotope det=H2, iso=Ar40
setting isotope det=H1, iso=Ar39
setting isotope det=AX, iso=Ar38
setting isotope det=L1, iso=Ar37
setting isotope det=L2(CDD), iso=Ar36
setting previous blanks
 - setting Ar40 blank 0.430+/-0.018
 - setting Ar36 blank 0.00160+/-0.00020
 - setting Ar37 blank 0.005+/-0.012
 - setting Ar38 blank -0.003+/-0.014
 - setting Ar39 blank -0.004+/-0.021
load analysis view
position_magnet ('Ar40',) {'detector': 'H2'}
detector Detector(H2)
POSITION Ar40 H2
setting detector H2 to Ar40 (39.9624)
setting detector H1 to Ar39 (38.8624)
setting detector AX to Ar38 (37.9624)
setting detector L1 to Ar37 (36.9624)
setting detector L2 to Ar36 (35.8624)
setting detector H2(CDD) to Ar40 (39.8624)
setting detector H1(CDD) to Ar39 (38.8624)
setting detector AX(CDD) to Ar38 (37.8624)
setting detector L1(CDD) to Ar37 (36.8624)
setting detector L2(CDD) to Ar36 (35.9624)
Mapping mass to dac mass func: "parabolic"
H2 map mass coeffs = [ -2.38925034e-04   8.80081338e-02   3.57445459e-01]
H2 map mass to dac 39.9624 >> 3.4929
GetHighVoltage ===>> 9000
positioning Ar40 (3.4929) on H2
setting magnet DAC
current  : 3.492902
requested: 3.492900
Delta Dac: 0.000002
Checking detector protection. dv=0.00000
SetMagnetDAC 3.4929 ===>> OK
Magnet settling time: 0.500
update labels <pychron.experiment.plot_panel.PlotPanel object at 0x11cd4a5f0>
update labels "<pychron.graph.stacked_regression_graph.StackedRegressionGraph object at 0x120417f50>"
setting label 0 H2 Ar40
setting label 1 H1 Ar39
setting label 2 AX Ar38
setting label 3 L1 Ar37
setting label 4 L2(CDD) Ar36
update labels "<pychron.graph.stacked_graph.StackedGraph object at 0x12bb9c6b0>"
setting label 0 H2 Ar40
setting label 1 H1 Ar39
setting label 2 AX Ar38
setting label 3 L1 Ar37
setting label 4 L2(CDD) Ar36
equilibrate () {'delay': 3, 'inlet': 'H', 'outlet': 'V', 'eqtime': 25.0}
Equilibration Started
11:36:05 -- ******* Equilibration Started *******
checking ownership. requestor=129.138.12.137
check software interlocks V
interlocks []
actuate state mode=None-script, software_lock=False
doing actuation None-script close_channel True
Close V ===>> OK
GetIndicatorState V ===>> False
change switch state (True, True)
update switch state V False args=() kw={} ncanvase=4
11:36:05 -- CLOSE  VALVE-V (Felix Ion Pump)
waiting 3s before opening inlet value ('H',)
checking ownership. requestor=129.138.12.137
check software interlocks H
interlocks []
actuate state mode=None-script, software_lock=False
doing actuation None-script open_channel True
Open H ===>> OK
GetIndicatorState H ===>> OK
change switch state (True, True)
update switch state H True args=() kw={} ncanvase=4
11:36:08 -- OPEN   VALVE-H (Felix Inlet)
equilibrating for 25.0sec
set_time_zero () {}
sniff (25.0,) {}
py_sniff
build tables- sniff [Detector(H2), Detector(H1), Detector(AX), Detector(L1), Detector(L2(CDD))]
add group /sniff/Ar40 (Group) u'' table H2
add group /sniff/Ar39 (Group) u'' table H1
add group /sniff/Ar38 (Group) u'' table AX
add group /sniff/Ar37 (Group) u'' table L1
add group /sniff/Ar36 (Group) u'' table L2(CDD)
flush and close file /Users/obama/PychronDev/data/isotopes/e2/6ecd0c-719d-465d-af51-b7a45e23316b.h5
measuring sniff. ncounts=25.0
"sniff" increment series count="1" fit count="0" regressing="False"
starting measurement
GetData ===>> L2(CDD),0.0616403814121361,H2,11.5088727674393,H1,0.42126365464667,AX,-0.112570579047504,L1,-0.05...
GetData ===>> L2(CDD),0.904413448972544,H2,587.515707978618,H1,25.6769231482809,AX,0.59407416864252,L1,1.524314...
GetData ===>> L2(CDD),1.00397238332555,H2,923.644005851927,H1,38.6649569136567,AX,1.31330244431229,L1,2.5496457...
GetData ===>> L2(CDD),0.85943184380984,H2,849.192919948003,H1,35.2308792780802,AX,1.11498075859177,L1,2.0761473...
GetData ===>> L2(CDD),0.743834515501231,H2,724.88911663687,H1,29.5511302141856,AX,0.997235083902635,L1,1.683318...
GetData ===>> L2(CDD),0.63201487816758,H2,626.471338407855,H1,25.5823766762352,AX,0.76068895549778,L1,1.4462652...
GetData ===>> L2(CDD),0.557312872337999,H2,555.638047617058,H1,22.6887549673389,AX,0.726950575428396,L1,1.37722...
GetData ===>> L2(CDD),0.51139146902782,H2,505.419078251408,H1,21.0091955809851,AX,0.774919102939003,L1,1.275872...
GetData ===>> L2(CDD),0.493777915820659,H2,472.309452741717,H1,19.7638204956243,AX,0.30738523331395,L1,1.222890...
GetData ===>> L2(CDD),0.467829514716817,H2,448.034038014307,H1,18.525764094137,AX,0.642609797455289,L1,1.213887...
GetData ===>> L2(CDD),0.467357727117699,H2,430.240759159942,H1,17.868568819969,AX,0.624021395180545,L1,0.963448...
GetData ===>> L2(CDD),0.462010804768003,H2,417.358009074162,H1,17.1315289411756,AX,0.526724997468386,L1,1.03361...
GetData ===>> L2(CDD),0.430086677410398,H2,408.797358451905,H1,17.0472210281484,AX,0.429553151332334,L1,1.01526...
GetData ===>> L2(CDD),0.417977590327192,H2,402.348937245574,H1,16.4587766708502,AX,0.510777587249703,L1,0.82186...
GetData ===>> L2(CDD),0.428356805649324,H2,397.548735404664,H1,16.8166002492224,AX,0.506073725337345,L1,0.94267...
GetData ===>> L2(CDD),0.428042283588938,H2,393.882498127822,H1,16.3391837521884,AX,0.264830848629076,L1,0.95848...
GetData ===>> L2(CDD),0.427255978542962,H2,390.670777011517,H1,16.3324628810925,AX,0.454562205043536,L1,0.99241...
GetData ===>> L2(CDD),0.426155151730568,H2,388.731982362004,H1,16.223544892668,AX,0.611973548365945,L1,1.106432...
GetData ===>> L2(CDD),0.411372648728666,H2,386.076486850283,H1,16.0543985783421,AX,0.54634411634014,L1,0.916714...
GetData ===>> L2(CDD),0.432917378221624,H2,384.851944797131,H1,15.7196165657686,AX,0.326082229004679,L1,0.85671...
GetData ===>> L2(CDD),0.42646967364697,H2,383.366159135483,H1,15.8443472278078,AX,0.561488972778442,L1,0.915329...
GetData ===>> L2(CDD),0.41310251336254,H2,382.096283118553,H1,15.9525141821604,AX,0.573191979577327,L1,1.031302...
GetData ===>> L2(CDD),0.408856483284336,H2,381.393032668453,H1,15.6650229546432,AX,0.553801781022861,L1,0.97498...
GetData ===>> L2(CDD),0.419392936332291,H2,380.77956659916,H1,15.6800909487322,AX,0.247511408628334,L1,0.931830...
11:36:34 -- collecting point 25
GetData ===>> L2(CDD),0.417820329689955,H2,379.641205645749,H1,15.7691127856708,AX,0.607269191968825,L1,0.79890...
Equilibration Finished
11:36:34 -- ******* Equilibration Finished *******
checking ownership. requestor=129.138.12.137
check software interlocks H
interlocks []
actuate state mode=None-script, software_lock=False
doing actuation None-script close_channel True
Close H ===>> OK
GetIndicatorState H ===>> False
change switch state (True, True)
update switch state H False args=() kw={} ncanvase=4
11:36:34 -- CLOSE  VALVE-H (Felix Inlet)
Post Equilibration Started felix_pump_extraction_line.py
11:36:34 -- ******* Post Equilibration Started felix_pump_extraction_line.py *******
testing...
no interpolation path defined
calculate duration
testing...
no interpolation path defined
executed snippet estimated_duration=4.0, duration=0.000301837921143
executed snippet estimated_duration=4.0, duration=0.00247693061829
Pump after analysis
doing GOSUB
testing...
no interpolation path defined
executed snippet estimated_duration=4.0, duration=0.000331163406372
Pump Bone
close () {'description': 'Felix Inlet'}
closing name=--- desc=Felix Inlet
checking ownership. requestor=129.138.12.137
check software interlocks H
interlocks []
actuate state mode=None-script, software_lock=False
doing actuation None-script close_channel False
Close H ===>> OK
GetIndicatorState H ===>> False
change switch state (True, True)
update switch state H False args=() kw={} ncanvase=4
11:36:35 -- CLOSE  VALVE-H (Felix Inlet)
---------------------------------------- close None (Felix Inlet) result=[(True, True)]
action=close, ok=True, locked=[False]
is_closed ('A',) {}
is A () closed?
is closed False
close () {'description': 'CO2 Laser to Bone'}
closing name=--- desc=CO2 Laser to Bone
checking ownership. requestor=129.138.12.137
check software interlocks F
interlocks []
actuate state mode=None-script, software_lock=True
VALVE-F(CO2 Laser to Bone) software locked
change switch state (True, False)
---------------------------------------- close None (CO2 Laser to Bone) result=[(True, False)]
action=close, ok=True, locked=[True]
sleep (1,) {}
SLEEP 1.0
measurement finished
estimated time: 26.214 actual time: :26.305
flush and close file /Users/obama/PychronDev/data/isotopes/e2/6ecd0c-719d-465d-af51-b7a45e23316b.h5
set_fits () {}
using default fits file=/Users/obama/PychronDev/scripts/measurement/fits/nominal.yaml
set "Ar40" to "('Parabolic', 'SEM')"
set "Ar36" to "('Parabolic', 'SEM')"
set "Ar37" to "('linear', 'SEM')"
set "Ar38" to "('linear', 'SEM')"
set "Ar39" to "('Parabolic', 'SEM')"
set_baseline_fits () {}
using default fits file=/Users/obama/PychronDev/scripts/measurement/fits/nominal.yaml
set "H2" to "('average', 'SEM')"
set "L2(CDD)" to "('average', 'SEM')"
set "L1" to "('average', 'SEM')"
set "AX" to "('average', 'SEM')"
set "H1" to "('average', 'SEM')"
multicollect () {'integration_time': 1.048576, 'ncounts': 400}
build tables- signal [Detector(H2), Detector(H1), Detector(AX), Detector(L1), Detector(L2(CDD))]
add group /signal/Ar40 (Group) u'' table H2
add group /signal/Ar39 (Group) u'' table H1
add group /signal/Ar38 (Group) u'' table AX
add group /signal/Ar37 (Group) u'' table L1
add group /signal/Ar36 (Group) u'' table L2(CDD)
flush and close file /Users/obama/PychronDev/data/isotopes/e2/6ecd0c-719d-465d-af51-b7a45e23316b.h5
measuring signal. ncounts=400
"signal" increment series count="2" fit count="1" regressing="True"
close () {'description': 'CO2 Laser to Roughing'}
closing name=--- desc=CO2 Laser to Roughing
checking ownership. requestor=129.138.12.137
check software interlocks G
interlocks []
actuate state mode=None-script, software_lock=True
VALVE-G(CO2 Laser to Roughing) software locked
change switch state (True, False)
---------------------------------------- close None (CO2 Laser to Roughing) result=[(True, False)]
action=close, ok=True, locked=[True]
open () {'description': 'Bone to Turbo'}
opening name=--- desc=Bone to Turbo
checking ownership. requestor=129.138.12.137
check software interlocks C
interlocks []
actuate state mode=None-script, software_lock=False
doing actuation None-script open_channel True
Open C ===>> OK
GetIndicatorState C ===>> OK
change switch state (True, True)
update switch state C True args=() kw={} ncanvase=4
11:36:36 -- OPEN   VALVE-C (Bone to Turbo)
---------------------------------------- open None (Bone to Turbo) result=[(True, True)], time=0.20 sec
starting measurement
GetData ===>> L2(CDD),0.406812099991687,H2,381.797127072688,H1,15.5654641540573,AX,0.597631070169176,L1,1.11682...
action=open, ok=True, locked=[False]
open () {'description': 'Bone to Getter GP-50'}
opening name=--- desc=Bone to Getter GP-50
checking ownership. requestor=129.138.12.137
check software interlocks N
interlocks []
actuate state mode=None-script, software_lock=False
doing actuation None-script open_channel False
Open N ===>> OK
GetIndicatorState N ===>> OK
change switch state (True, True)
update switch state N True args=() kw={} ncanvase=4
11:36:37 -- OPEN   VALVE-N (Bone to Getter GP-50)
---------------------------------------- open None (Bone to Getter GP-50) result=[(True, True)], time=0.23 sec
action=open, ok=True, locked=[False]
open () {'description': 'Bone to Diode Laser'}
opening name=--- desc=Bone to Diode Laser
checking ownership. requestor=129.138.12.137
check software interlocks B
interlocks []
actuate state mode=None-script, software_lock=False
doing actuation None-script open_channel True
Open B ===>> OK
GetIndicatorState B ===>> OK
change switch state (True, True)
update switch state B True args=() kw={} ncanvase=4
11:36:37 -- OPEN   VALVE-B (Bone to Diode Laser)
---------------------------------------- open None (Bone to Diode Laser) result=[(True, True)], time=0.21 sec
GetData ===>> L2(CDD),0.408856483284336,H2,384.827260618891,H1,16.0783784923313,AX,0.279283070193418,L1,0.91936...
action=open, ok=True, locked=[False]
open () {'description': 'Bone to CO2 Laser'}
opening name=--- desc=Bone to CO2 Laser
checking ownership. requestor=129.138.12.137
check software interlocks D
interlocks []
actuate state mode=None-script, software_lock=False
doing actuation None-script open_channel True
Open D ===>> OK
GetIndicatorState D ===>> OK
change switch state (True, True)
update switch state D True args=() kw={} ncanvase=4
11:36:38 -- OPEN   VALVE-D (Bone to CO2 Laser)
---------------------------------------- open None (Bone to CO2 Laser) result=[(True, True)], time=0.44 sec
action=open, ok=True, locked=[False]
sleep (1,) {}
SLEEP 1.0
GetData ===>> L2(CDD),0.422538151416759,H2,386.499661828748,H1,15.955064887897,AX,0.567455193761818,L1,1.013530...
set_resource () {'name': 'CO2PumpTimeFlag', 'value': 30}
Set CO2PumpTimeFlag 30 ===>> OK
release ('FelixCO2Flag',) {}
release FelixCO2Flag
Set FelixCO2Flag 0 ===>> OK
executed snippet estimated_duration=6.0, duration=4.52510905266
PumpBone.py completed successfully
gosub finished
get_resource_value () {'name': 'FelixMiniboneFlag'}
Read FelixMiniboneFlag ===>> 0
Get Resource Value FelixMiniboneFlag=0.0
executed snippet estimated_duration=4.0, duration=4.5339550972
felix_pump_extraction_line.py completed successfully
Post Equilibration Finished
11:36:39 -- ******* Post Equilibration Finished *******
GetData ===>> L2(CDD),0.423167194721621,H2,387.186564241833,H1,15.7808206908789,AX,0.341797162726317,L1,0.76256...
GetData ===>> L2(CDD),0.438421524252298,H2,386.855974462599,H1,16.0154759186133,AX,0.147271235286096,L1,1.01549...
GetData ===>> L2(CDD),0.418449372274898,H2,387.910473848904,H1,16.2415039340748,AX,0.641806587469022,L1,0.80583...
GetData ===>> L2(CDD),0.426941456566567,H2,387.979354453168,H1,16.019646129082,AX,0.318396916878248,L1,0.777795...
GetData ===>> L2(CDD),0.429929416311213,H2,388.566170668881,H1,16.2073241079987,AX,0.486799604372486,L1,0.80963...
GetData ===>> L2(CDD),0.433546423110312,H2,389.376593738055,H1,15.8652145139447,AX,0.594188907196682,L1,0.84379...
GetData ===>> L2(CDD),0.436848910350756,H2,389.322920825344,H1,16.0228896384749,AX,0.412460181080126,L1,0.91856...
GetData ===>> L2(CDD),0.434018206839821,H2,390.307023857211,H1,16.1661940451177,AX,0.428635400252912,L1,0.76960...
GetData ===>> L2(CDD),0.437477955839381,H2,390.6103766744,H1,16.0923960105417,AX,0.38033998423188,L1,0.95733227...
GetData ===>> L2(CDD),0.442510323204009,H2,390.608559119849,H1,16.2390707542079,AX,0.398005959865314,L1,0.69911...
GetData ===>> L2(CDD),0.43276011701445,H2,390.986810939931,H1,15.9147181447707,AX,0.423817221438512,L1,0.782295...
GetDeflection L2 (CDD) ===>> 0
testing L2_CDD_==3250
evaluate ot="L2(CDD).deflection==3250" t="L2_CDD_==3250", ctx="{'L2_CDD_': 0.0}"
GetData ===>> L2(CDD),0.431187505272678,H2,391.516568373669,H1,16.0486064172344,AX,0.507679919503861,L1,0.95063...
GetData ===>> L2(CDD),0.435119035751987,H2,391.998172042266,H1,16.0275232420852,AX,0.508827202691923,L1,1.01272...
GetData ===>> L2(CDD),0.433703684347482,H2,392.711565190893,H1,16.042698448439,AX,0.643183519284952,L1,0.963217...
GetData ===>> L2(CDD),0.438421524252298,H2,393.345154026594,H1,16.2649091179264,AX,0.389631788141881,L1,0.76821...
GetData ===>> L2(CDD),0.461224493242697,H2,393.930371941797,H1,16.1840361686716,AX,0.564701548713366,L1,0.74860...
GetData ===>> L2(CDD),0.437477955839381,H2,394.028365362174,H1,16.2716295223041,AX,0.450432224779817,L1,0.90229...
GetData ===>> L2(CDD),0.438107001423995,H2,394.326175516403,H1,16.2603902514333,AX,0.678869689085244,L1,0.89663...
GetData ===>> L2(CDD),0.442038538502603,H2,394.459913607191,H1,16.4683957323669,AX,0.356135829740396,L1,1.13701...
GetData ===>> L2(CDD),0.436377126297282,H2,395.017716489153,H1,16.2799721578495,AX,0.554145982326475,L1,1.09154...
GetData ===>> L2(CDD),0.44612734104194,H2,395.402533396551,H1,16.1847313229663,AX,0.461674990366836,L1,0.887752...
GetDeflection L2 (CDD) ===>> 0
testing L2_CDD_==3250
evaluate ot="L2(CDD).deflection==3250" t="L2_CDD_==3250", ctx="{'L2_CDD_': 0.0}"
11:37:01 -- collecting point 25
GetData ===>> L2(CDD),0.437635217226535,H2,396.262318057617,H1,16.474538074418,AX,0.239253242325271,L1,1.050806...
GetData ===>> L2(CDD),0.447228173187767,H2,396.802304404209,H1,16.209873070534,AX,0.0736460876347716,L1,0.91463...
GetData ===>> L2(CDD),0.453990434247191,H2,397.231582498743,H1,16.3893599985798,AX,0.615645257136566,L1,0.96517...
GetData ===>> L2(CDD),0.450216147636861,H2,397.390936274155,H1,16.3820593676656,AX,0.388943503294767,L1,1.02518...
GetData ===>> L2(CDD),0.44015140023692,H2,397.850329355969,H1,16.0728178799144,AX,0.300388291502671,L1,0.714573...
GetData ===>> L2(CDD),0.467986777261855,H2,397.916659545308,H1,16.5299367982962,AX,0.756672419683672,L1,1.14763...
GetData ===>> L2(CDD),0.459022821769762,H2,398.70814220023,H1,16.4486941421977,AX,0.740376931989311,L1,0.967833...
GetData ===>> L2(CDD),0.441724015398329,H2,399.156305063936,H1,16.464571274832,AX,0.567914135369144,L1,0.993797...
GetData ===>> L2(CDD),0.449272576524223,H2,399.915099888303,H1,16.3117211751473,AX,0.530396381116025,L1,0.91636...
GetData ===>> L2(CDD),0.452417814406262,H2,400.069931129296,H1,16.3151974078644,AX,0.497239705325735,L1,0.96517...
GetDeflection L2 (CDD) ===>> 0
testing L2_CDD_==3250
evaluate ot="L2(CDD).deflection==3250" t="L2_CDD_==3250", ctx="{'L2_CDD_': 0.0}"
GetData ===>> L2(CDD),0.454462220316458,H2,401.030114401183,H1,16.5801228843807,AX,0.563898403724168,L1,0.84298...
GetData ===>> L2(CDD),0.457292937865947,H2,400.901567118243,H1,16.3452094002352,AX,0.4139515019699,L1,0.9469468...
GetData ===>> L2(CDD),0.457607462158101,H2,401.360075431886,H1,16.6461916562606,AX,0.520070650294638,L1,0.87459...
GetData ===>> L2(CDD),0.455877578848227,H2,402.109618157209,H1,16.4069744447637,AX,0.57697827694225,L1,0.969679...
GetData ===>> L2(CDD),0.460123657359244,H2,402.631460913768,H1,16.4580813206918,AX,0.498157521813004,L1,1.03257...
GetData ===>> L2(CDD),0.449115314693115,H2,402.993780588298,H1,16.4758129049866,AX,0.346844349155953,L1,0.98191...
GetData ===>> L2(CDD),0.447070911434651,H2,403.602333808653,H1,16.2960782816491,AX,0.562636320096278,L1,1.05773...
GetData ===>> L2(CDD),0.456192103032391,H2,403.657442507743,H1,16.2831006646253,AX,0.376325034984767,L1,0.93586...
GetData ===>> L2(CDD),0.458079248641326,H2,404.044963074468,H1,16.5589122827194,AX,0.495174621428835,L1,1.00649...
GetData ===>> L2(CDD),0.469559403042205,H2,404.845857694008,H1,16.645728000124,AX,0.472803163159438,L1,0.744914...
GetDeflection L2 (CDD) ===>> 0
testing L2_CDD_==3250
evaluate ot="L2(CDD).deflection==3250" t="L2_CDD_==3250", ctx="{'L2_CDD_': 0.0}"
GetData ===>> L2(CDD),0.451788766637874,H2,405.18444857308,H1,16.5614621666619,AX,0.349941499385644,L1,1.049651...
GetData ===>> L2(CDD),0.46830130236993,H2,404.273091643497,H1,16.5355000243667,AX,0.470164512614883,L1,1.021955...
GetData ===>> L2(CDD),0.465942364644315,H2,405.552887356038,H1,16.584063702841,AX,0.439304310592263,L1,1.040765...
GetData ===>> L2(CDD),0.441724015398329,H2,406.317000941236,H1,16.5744434976194,AX,0.354529888413921,L1,0.99148...
GetData ===>> L2(CDD),0.474906335182974,H2,406.984899112821,H1,16.5378180446181,AX,0.566996252373773,L1,0.98641...
11:37:28 -- collecting point 50
GetData ===>> L2(CDD),0.467672252177778,H2,406.968148749232,H1,16.575023025362,AX,0.58179722239959,L1,1.0539219...
GetData ===>> L2(CDD),0.475378123646011,H2,407.517374725851,H1,16.8705112223559,AX,0.47131175109347,L1,0.811715...
GetData ===>> L2(CDD),0.462168067091062,H2,408.072209852544,H1,16.5156811766966,AX,0.670837316856655,L1,0.96437...
GetData ===>> L2(CDD),0.462168067091062,H2,408.072209852544,H1,16.5156811766966,AX,0.670837316856655,L1,0.96437...
GetData ===>> L2(CDD),0.4717610801426,H2,408.806796438112,H1,16.7609533453315,AX,0.386763937859497,L1,1.2141182...
GetDeflection L2 (CDD) ===>> 0
testing L2_CDD_==3250
evaluate ot="L2(CDD).deflection==3250" t="L2_CDD_==3250", ctx="{'L2_CDD_': 0.0}"
GetData ===>> L2(CDD),0.486543799698452,H2,409.225383478762,H1,16.6008703137124,AX,0.517431870186815,L1,1.29572...
GetData ===>> L2(CDD),0.467672252177778,H2,409.828375350913,H1,16.9085405440953,AX,0.510777587249703,L1,1.43033...
GetData ===>> L2(CDD),0.478995170323129,H2,410.34281047726,H1,16.6228932088056,AX,0.598893199676042,L1,0.901252...
GetData ===>> L2(CDD),0.476007175014053,H2,410.882537445788,H1,16.4982965550059,AX,0.604056473980995,L1,1.00614...
GetData ===>> L2(CDD),0.453990434247191,H2,411.324802144465,H1,16.5502195467796,AX,0.570094110991065,L1,0.97752...
GetData ===>> L2(CDD),0.46295437879635,H2,411.57308433267,H1,16.5715458640859,AX,0.557243799592761,L1,0.8159847...
GetData ===>> L2(CDD),0.482297693973985,H2,412.037060142027,H1,16.7783426609303,AX,0.484734542871359,L1,1.07723...
GetData ===>> L2(CDD),0.477579803854118,H2,412.615724571675,H1,16.6559284861711,AX,0.309449914386582,L1,1.12616...
GetData ===>> L2(CDD),0.474120021197902,H2,413.096116309915,H1,16.6341366685186,AX,0.438386550215821,L1,1.24666...
GetData ===>> L2(CDD),0.470817504098445,H2,413.224150157327,H1,17.0806186125335,AX,0.429553151332334,L1,0.85832...
GetDeflection L2 (CDD) ===>> 0
testing L2_CDD_==3250
evaluate ot="L2(CDD).deflection==3250" t="L2_CDD_==3250", ctx="{'L2_CDD_': 0.0}"
GetData ===>> L2(CDD),0.468773090077037,H2,413.573172645017,H1,16.9832121950146,AX,0.845384383856654,L1,0.89894...
GetData ===>> L2(CDD),0.479938748239113,H2,414.301978176299,H1,16.7019479175504,AX,0.52202105763204,L1,0.802716...
GetData ===>> L2(CDD),0.476793489359092,H2,414.419592414494,H1,16.9385708452998,AX,0.364280287719207,L1,0.94775...
GetData ===>> L2(CDD),0.476793489359092,H2,414.419592414494,H1,16.9385708452998,AX,0.364280287719207,L1,0.94775...
GetData ===>> L2(CDD),0.479781485238117,H2,414.824624833437,H1,16.7331310867842,AX,0.447334751210035,L1,0.86236...
GetData ===>> L2(CDD),0.479781485238117,H2,414.824624833437,H1,16.7331310867842,AX,0.447334751210035,L1,0.86236...
65407-01Q   Al-1   NM-288 C:1 set to terminate after 40 counts
11:37:50 -- user termination. measurement iteration executed 70/400 counts
state changed from measurement to truncated
measurement finished
estimated time: 419.430 actual time: :73.576
flush and close file /Users/obama/PychronDev/data/isotopes/e2/6ecd0c-719d-465d-af51-b7a45e23316b.h5
baselines () {'settling_time': 15.0, 'detector': 'H2', 'mass': 39.862, 'ncounts': 120}
%%%%%%%%%%%%%%%%%%%%%%%%%%%%%%%% Baseline
build tables- baseline [Detector(H2), Detector(H1), Detector(AX), Detector(L1), Detector(L2(CDD))]
add group baseline table H2
add group baseline table H1
add group baseline table AX
add group baseline table L1
add group baseline table L2(CDD)
flush and close file /Users/obama/PychronDev/data/isotopes/e2/6ecd0c-719d-465d-af51-b7a45e23316b.h5
detector Detector(H2)
POSITION 39.862 H2
Mapping mass to dac mass func: "parabolic"
H2 map mass coeffs = [ -2.38925034e-04   8.80081338e-02   3.57445459e-01]
H2 map mass to dac 39.862 >> 3.48597881693
GetHighVoltage ===>> 9000
positioning 39.862 (3.48597881693) on H2
setting magnet DAC
current  : 3.492900
requested: 3.485979
Delta Dac: 0.006921
Checking detector protection. dv=0.00692
SetMagnetDAC 3.48597881693 ===>> OK
Magnet settling time: 0.500
Delaying 15.0s for detectors to settle
Join finished
measuring baseline. ncounts=120
"baseline" increment series count="2" fit count="1" regressing="True"
starting measurement
GetData ===>> L2(CDD),0,H2,-0.242471203207361,H1,-0.0335538784509547,AX,-0.164507594575951,L1,-0.34049831708505...
GetData ===>> L2(CDD),0,H2,0.0395627373292428,H1,-0.0441258070186123,AX,-0.28235868079463,L1,-0.12223211062036,...
GetData ===>> L2(CDD),0,H2,-0.10064859770754,H1,-0.0316003572278894,AX,-0.135959780641722,L1,-0.248098809821303...
GetData ===>> L2(CDD),0,H2,-0.146215867694063,H1,-0.181320544599147,AX,-0.246821449037285,L1,-0.170457949146464...
GetData ===>> L2(CDD),0,H2,-0.138291277585395,H1,0.0186179875468079,AX,-0.175743048139806,L1,-0.033388751364898...
GetData ===>> L2(CDD),0,H2,-0.169406578678559,H1,-0.0424021309190859,AX,-0.0412529356636684,L1,-0.1140404017828...
GetData ===>> L2(CDD),0,H2,0.0113556833913481,H1,-0.162937122389338,AX,-0.301846282966278,L1,-0.363337285423141...
GetData ===>> L2(CDD),0,H2,-0.198539858397154,H1,0.00149519181385875,AX,-0.110162834847688,L1,-0.19180115394894...
GetData ===>> L2(CDD),0,H2,-0.014985706848877,H1,-0.00597438895976329,AX,-0.00754147051817358,L1,-0.07008089305...
GetData ===>> L2(CDD),0,H2,0.0331519718260084,H1,0.218827855783738,AX,-0.221715323260504,L1,-0.373257073536144,...
GetData ===>> L2(CDD),0,H2,-0.24596698142766,H1,0.00333386672153705,AX,-0.159692360034758,L1,-0.20010757133552,...
GetData ===>> L2(CDD),0,H2,0.0111225706321541,H1,0.317568915770891,AX,-0.125985043599937,L1,-0.256635463610015,...
GetData ===>> L2(CDD),0,H2,0.106120621677009,H1,-0.33251090073211,AX,-0.0839065666008567,L1,-0.0527734522965538...
GetData ===>> L2(CDD),0,H2,0.0210299118945498,H1,0.168254276756821,AX,-0.0612040628770481,L1,-0.372334306836986...
GetDeflection L2 (CDD) ===>> 0
testing L2_CDD_==3250
evaluate ot="L2(CDD).deflection==3250" t="L2_CDD_==3250", ctx="{'L2_CDD_': 0.0}"
GetData ===>> L2(CDD),0,H2,0.00273054829908606,H1,-0.239570699595415,AX,-0.0847091705676189,L1,-0.1642279520079...
GetData ===>> L2(CDD),0,H2,-0.253191550154164,H1,-0.100315961001614,AX,-0.240172401866492,L1,-0.244176538249568...
GetData ===>> L2(CDD),0,H2,-0.144700877490396,H1,-0.0595238435174968,AX,-0.268258581380851,L1,0.191986878605376...
GetData ===>> L2(CDD),0.000157244698251559,H2,-0.00997390405892216,H1,-0.0572256447201002,AX,-0.253126537535948...
GetData ===>> L2(CDD),0,H2,-0.0997162528850975,H1,-0.124560599372897,AX,-0.406499418929622,L1,-0.13734620840434...
GetData ===>> L2(CDD),0,H2,0.0648565311410162,H1,-0.0432065134823929,AX,-0.251980160881696,L1,-0.19595437154995...
GetData ===>> L2(CDD),0,H2,-0.116614864859933,H1,-0.234056042783852,AX,0.13270631216558,L1,-0.262980225096414,L...
GetData ===>> L2(CDD),0,H2,-0.159384529843061,H1,0.0124123754529975,AX,-0.202913959961977,L1,0.0463464506737096...
GetData ===>> L2(CDD),0,H2,0.012987474261744,H1,-0.0823906232584255,AX,-0.0241680209769282,L1,-0.24175395081081...
GetData ===>> L2(CDD),0,H2,-0.0162677918093071,H1,0.211586476156148,AX,-0.0217600555948127,L1,-0.19318556179551...
GetDeflection L2 (CDD) ===>> 0
testing L2_CDD_==3250
evaluate ot="L2(CDD).deflection==3250" t="L2_CDD_==3250", ctx="{'L2_CDD_': 0.0}"
11:38:31 -- collecting point 25
GetData ===>> L2(CDD),0,H2,-0.033517498780764,H1,-0.151217507847178,AX,-0.112111961569126,L1,-0.115194167784044...
GetData ===>> L2(CDD),0,H2,-0.199355577739892,H1,0.110097938347776,AX,-0.201882167197092,L1,-0.391020161074541,...
GetData ===>> L2(CDD),0.000314489402501528,H2,-0.182225328668637,H1,-0.0798626642104672,AX,-0.199703934393865,L...
GetData ===>> L2(CDD),0,H2,-0.097735017186786,H1,-0.0425170427545185,AX,0.0485322554240428,L1,-0.25352074730044...
GetData ===>> L2(CDD),0.000157244698251559,H2,0.0452741819866928,H1,-0.127662949877037,AX,-0.273990354033182,L1...
GetData ===>> L2(CDD),0,H2,-0.025125787441416,H1,0.0630927091882671,AX,-0.26986348116476,L1,-0.0930416203449429...
GetData ===>> L2(CDD),0,H2,-0.125705031910514,H1,-0.264960691881423,AX,0.0338541546458976,L1,-0.189839906111143...
GetData ===>> L2(CDD),0,H2,0.0425932956472684,H1,0.13722180220589,AX,-0.35457546309034,L1,-0.229064108047891,L2...
GetData ===>> L2(CDD),0,H2,-0.0394615840854681,H1,0.0241341207005915,AX,-0.142724198655499,L1,0.011843726707752...
GetData ===>> L2(CDD),0,H2,-0.0699972960114823,H1,-0.0795179420087475,AX,-0.051687197464394,L1,-0.3478806688128...
GetDeflection L2 (CDD) ===>> 0
testing L2_CDD_==3250
evaluate ot="L2(CDD).deflection==3250" t="L2_CDD_==3250", ctx="{'L2_CDD_': 0.0}"
GetData ===>> L2(CDD),0,H2,-0.140155892798828,H1,-0.0705551215225483,AX,-0.239026009780041,L1,-0.13953830986576...
GetData ===>> L2(CDD),0,H2,-0.179195457470093,H1,-0.0309108782045241,AX,-0.182048602365305,L1,-0.07204238349098...
GetData ===>> L2(CDD),0,H2,0.069285926387078,H1,-0.155468757032066,AX,-0.258629126465903,L1,-0.256174024789083,...
GetData ===>> L2(CDD),0,H2,-0.0859640635218933,H1,-0.0207984625745489,AX,-0.285683064378983,L1,-0.2280258408249...
GetData ===>> L2(CDD),0,H2,-0.15961760191289,H1,-0.0777943291527786,AX,-0.05822288624392,L1,-0.187417182708746,...
GetData ===>> L2(CDD),0,H2,0.0839730120348933,H1,-0.110657350477928,AX,-0.124953168349969,L1,-0.348688110117762...
GetData ===>> L2(CDD),0,H2,0.0668381002189413,H1,0.0747001444970894,AX,-0.161068143790991,L1,-0.426545358409351...
GetData ===>> L2(CDD),0,H2,-0.0789713507064561,H1,-0.0589492943313,AX,-0.202684672776806,L1,-0.27186282132468,L...
GetData ===>> L2(CDD),0,H2,-0.0980846473074709,H1,-0.113644842351451,AX,-0.340705676205256,L1,-0.23817773922757...
GetData ===>> L2(CDD),0,H2,-0.0299044096693481,H1,0.197218820348937,AX,-0.0122428001200282,L1,-0.09408003232802...
GetDeflection L2 (CDD) ===>> 0
testing L2_CDD_==3250
evaluate ot="L2(CDD).deflection==3250" t="L2_CDD_==3250", ctx="{'L2_CDD_': 0.0}"
GetData ===>> L2(CDD),0,H2,-0.196558822875243,H1,-0.0241309748915528,AX,-0.156023593736073,L1,-0.11138673476244...
GetData ===>> L2(CDD),0,H2,-0.0356154153655888,H1,-0.21015883223681,AX,0.0674535749856744,L1,-0.024965516317155...
GetData ===>> L2(CDD),0,H2,-0.0413263877172477,H1,0.33492723617192,AX,-0.269290302977583,L1,-0.155228996480603,...
GetData ===>> L2(CDD),0,H2,0.0844392723336697,H1,-0.145127847992595,AX,-0.140087227796676,L1,-0.077811449976464...
GetData ===>> L2(CDD),0,H2,0.0659055966236617,H1,-0.0898595544683961,AX,-0.19775498507474,L1,-0.053696523613613...
11:38:57 -- collecting point 50
GetData ===>> L2(CDD),0,H2,-0.0104401193552547,H1,0.0352814027301482,AX,-0.241662709537338,L1,-0.16895813868423...
GetData ===>> L2(CDD),0,H2,-0.273350145192347,H1,-0.0603282118027303,AX,-0.254502187718371,L1,-0.14588383875246...
GetData ===>> L2(CDD),0,H2,0.0147358246438484,H1,-0.0814713661895018,AX,-0.119679122014562,L1,0.032268267671521...
GetData ===>> L2(CDD),0,H2,-0.144817415281407,H1,-0.0788284972359624,AX,-0.157399382737321,L1,-0.32965538592600...
set states for children of B. state=False
handle state [('B', False)]
update switch state B False args=() kw={'refresh': False} ncanvase=4
refresh_canvas_needed fired
GetData ===>> L2(CDD),0,H2,0.00284710367174506,H1,-0.0444705418693434,AX,-0.257941304570409,L1,-0.1013488850287...
refresh_lock_state fired. ('B', True)
refresh_canvas_needed fired
GetDeflection L2 (CDD) ===>> 0
testing L2_CDD_==3250
evaluate ot="L2(CDD).deflection==3250" t="L2_CDD_==3250", ctx="{'L2_CDD_': 0.0}"
GetData ===>> L2(CDD),0,H2,-0.192130611316783,H1,-0.157651823656314,AX,0.0070213303374329,L1,-0.13561559848126,...
GetData ===>> L2(CDD),0,H2,-0.0464545793734532,H1,-0.233711375686164,AX,0.0237630902136275,L1,-0.12984687639800...
GetData ===>> L2(CDD),0,H2,-0.0395781344166901,H1,-0.085378202682681,AX,-0.169437452596642,L1,-0.15626734177148...
GetData ===>> L2(CDD),0,H2,-0.0499510582688761,H1,-0.0193045740055184,AX,-0.085167801105211,L1,-0.2228344880067...
GetData ===>> L2(CDD),0,H2,-0.0160346855778886,H1,-0.109048697174728,AX,-0.0481326814241476,L1,-0.1966465727511...
GetData ===>> L2(CDD),0,H2,-0.106359190351113,H1,0.122740322372232,AX,0.0143601481313127,L1,-0.196531205918911,...
GetData ===>> L2(CDD),0,H2,-0.158335704843272,H1,0.12388963822677,AX,-0.14868601917901,L1,-0.208298552029044,L2...
GetData ===>> L2(CDD),0,H2,-0.0537971706170473,H1,-0.00287164704625113,AX,-0.149488569121324,L1,-0.136192468799...
GetData ===>> L2(CDD),0,H2,0.120575121558803,H1,-0.160064681018408,AX,-0.0348317952486361,L1,-0.162958873601809...
GetData ===>> L2(CDD),0,H2,-0.0372471251545664,H1,0.0943526553730655,AX,0.0163095310142855,L1,-0.03858112002449...
GetDeflection L2 (CDD) ===>> 0
testing L2_CDD_==3250
evaluate ot="L2(CDD).deflection==3250" t="L2_CDD_==3250", ctx="{'L2_CDD_': 0.0}"
GetData ===>> L2(CDD),0.000157244698251559,H2,-0.0718620414262639,H1,-0.131914302880568,AX,-0.233294028860574,L...
GetData ===>> L2(CDD),0,H2,-0.12745313127297,H1,0.214115205722404,AX,-0.0430875393416337,L1,-0.294934119104772,...
GetData ===>> L2(CDD),0,H2,0.0445748196247332,H1,-0.0447003650341798,AX,-0.209563264575583,L1,-0.12188598348043...
GetData ===>> L2(CDD),0,H2,-0.160316817788257,H1,-0.158456110114171,AX,-0.386326206005617,L1,-0.145653092975974...
GetData ===>> L2(CDD),0,H2,0.0146192678543315,H1,-0.0595238435174968,AX,0.0774304205349176,L1,-0.22352666999065...
GetData ===>> L2(CDD),0,H2,-0.0262913072111681,H1,-0.057570374889099,AX,-0.220568909185426,L1,-0.22064257512555...
GetData ===>> L2(CDD),0,H2,-0.181875728624727,H1,0.0390738063957736,AX,0.202436446298237,L1,0.125626597906465,L...
GetData ===>> L2(CDD),0,H2,0.102623597342275,H1,-0.0316003572278894,AX,-0.0442341648647114,L1,-0.17611106000746...
GetData ===>> L2(CDD),0,H2,-0.0271071702231205,H1,-0.243132232028491,AX,-0.0425142260681176,L1,-0.3552629642473...
GetData ===>> L2(CDD),0,H2,-0.128501989391038,H1,-0.000228562729591286,AX,-0.32752346204955,L1,-0.1483066660833...
GetDeflection L2 (CDD) ===>> 0
testing L2_CDD_==3250
evaluate ot="L2(CDD).deflection==3250" t="L2_CDD_==3250", ctx="{'L2_CDD_': 0.0}"
11:39:24 -- collecting point 75
GetData ===>> L2(CDD),0,H2,-0.0562446887826531,H1,-0.117436645635289,AX,-0.294968350794477,L1,-0.14876815631634...
GetData ===>> L2(CDD),0,H2,0.0866540117877185,H1,-0.104337625639411,AX,-0.154418504082441,L1,-0.259288732562401...
GetData ===>> L2(CDD),0,H2,-0.0834000746277694,H1,-0.193844050327518,AX,-0.107067154882052,L1,-0.21902747824881...
GetData ===>> L2(CDD),0,H2,-0.0851482496028635,H1,-0.0484924393531136,AX,-0.351824446875335,L1,-0.0490811582290...
GetData ===>> L2(CDD),0,H2,0.156828879472481,H1,0.175380393330778,AX,-0.217473584361031,L1,-0.223065215389418,L...
GetData ===>> L2(CDD),0,H2,-0.10379525492093,H1,0.0342471134084541,AX,-0.0831039619649227,L1,-0.118309329120676...
GetData ===>> L2(CDD),0,H2,0.0395627373292428,H1,0.41655001563818,AX,-0.0062801342785618,L1,-0.291127392844367,...
GetData ===>> L2(CDD),0,H2,0.0592615342363638,H1,-0.171784188063894,AX,-0.036437084368867,L1,-0.015042159099894...
GetData ===>> L2(CDD),0,H2,-0.146099330069242,H1,0.00816040503001224,AX,-0.21919321049265,L1,-0.337383870566386...
GetData ===>> L2(CDD),0,H2,-0.0554288500744115,H1,-0.195682349408818,AX,-0.308838796944915,L1,-0.29654908935973...
GetDeflection L2 (CDD) ===>> 0
testing L2_CDD_==3250
evaluate ot="L2(CDD).deflection==3250" t="L2_CDD_==3250", ctx="{'L2_CDD_': 0.0}"
GetData ===>> L2(CDD),0,H2,-0.0569439785621516,H1,-0.159490191718024,AX,-0.189271277346174,L1,-0.15315230255790...
GetData ===>> L2(CDD),0,H2,-0.152275805041849,H1,0.0728613335537297,AX,0.0205523191734921,L1,-0.069388601364726...
GetData ===>> L2(CDD),0.000157244698251559,H2,-0.0413263877172477,H1,0.243885747614973,AX,-0.07209674513499,L1,...
GetData ===>> L2(CDD),0,H2,-0.0694145623406239,H1,-0.259101522216756,AX,-0.205206828811708,L1,-0.29285772481832...
GetData ===>> L2(CDD),0,H2,-0.22813838186368,H1,0.064241953979149,AX,-0.210938977035642,L1,-0.363221938451803,L...
GetData ===>> L2(CDD),0,H2,0.013220587465271,H1,-0.00758321417121687,AX,-0.210136478339784,L1,0.053847205522324...
GetData ===>> L2(CDD),0,H2,0.0392130581273969,H1,0.0814807901451981,AX,-0.000202763771959291,L1,-0.029350223156...
GetData ===>> L2(CDD),0,H2,-0.233848230172047,H1,-0.263122524838132,AX,-0.172532931935583,L1,-0.244291899404849...
GetData ===>> L2(CDD),0,H2,0.00261399294058386,H1,-0.0217177774672494,AX,0.0270885429402993,L1,-0.1514217208870...
GetData ===>> L2(CDD),0,H2,-0.187469314331491,H1,-0.00137773071375254,AX,-0.2186200021235,L1,-0.2639030960308,L...
GetDeflection L2 (CDD) ===>> 0
testing L2_CDD_==3250
evaluate ot="L2(CDD).deflection==3250" t="L2_CDD_==3250", ctx="{'L2_CDD_': 0.0}"
GetData ===>> L2(CDD),0,H2,-0.296654361504035,H1,-0.0125245891143286,AX,-0.16278787071983,L1,-0.180033607329907...
GetData ===>> L2(CDD),0,H2,-0.0147526003114349,H1,-0.190512124312826,AX,0.0999073710740964,L1,-0.12061684957473...
GetData ===>> L2(CDD),0,H2,-0.137358968645243,H1,0.0967661492245381,AX,-0.14547581271718,L1,-0.16999646925159,L...
GetData ===>> L2(CDD),0,H2,-0.0253588915067118,H1,-0.0465389483838132,AX,-0.163705057158753,L1,-0.1034256900634...
GetData ===>> L2(CDD),0,H2,-0.136077042401456,H1,-0.270590056659356,AX,-0.0332265034506496,L1,-0.19180115394894...
11:39:50 -- collecting point 100
GetData ===>> L2(CDD),0,H2,-0.115565993994516,H1,0.0171240402458477,AX,-0.0479033573575924,L1,-0.13919218891245...
GetData ===>> L2(CDD),0,H2,0.114513531087716,H1,-0.262548096918511,AX,-0.0362077575155568,L1,-0.15049874273063,...
GetData ===>> L2(CDD),0,H2,0.261750862262396,H1,-0.28747795385372,AX,-0.172991520620342,L1,-0.162612761020842,L...
GetData ===>> L2(CDD),0,H2,-0.0730275055056176,H1,-0.0604431215028576,AX,-0.379334255101734,L1,-0.2447533438889...
GetData ===>> L2(CDD),0,H2,0.0249928764973885,H1,-0.125594717316147,AX,-0.134354657522879,L1,-0.17541884412407,...
GetDeflection L2 (CDD) ===>> 0
testing L2_CDD_==3250
evaluate ot="L2(CDD).deflection==3250" t="L2_CDD_==3250", ctx="{'L2_CDD_': 0.0}"
GetData ===>> L2(CDD),0.000157244698251559,H2,0.0960958520348639,H1,0.0649315015109588,AX,-0.00100543754801299,...
GetData ===>> L2(CDD),0.000157244698251559,H2,-0.0766404353249388,H1,0.0178135540973775,AX,-0.0159121145838251,...
GetData ===>> L2(CDD),0,H2,-0.0589252968894246,H1,0.140095137542844,AX,-0.283734289188123,L1,-0.10434871309332,...
GetData ===>> L2(CDD),0,H2,-0.05717707504438,H1,-0.337220857897274,AX,-0.212429329980838,L1,-0.310391581041076,...
GetData ===>> L2(CDD),0,H2,0.150883637357753,H1,-0.112840518526287,AX,-0.050884565957508,L1,-0.194916068819945,...
GetData ===>> L2(CDD),0,H2,-0.182458395295605,H1,-0.222567073153943,AX,-0.192481337714848,L1,0.030883539415973,...
GetData ===>> L2(CDD),0,H2,-0.0840993449927454,H1,-0.223026634566934,AX,-0.131488359580778,L1,-0.15788254334398...
GetData ===>> L2(CDD),0,H2,-0.0354988645628082,H1,-0.141221253502758,AX,-0.109474906827033,L1,-0.32861722657212...
GetData ===>> L2(CDD),0,H2,-0.0678994531702638,H1,-0.0314854440913923,AX,-0.0394183284883139,L1,-0.188916964577...
GetData ===>> L2(CDD),0,H2,0.0178828632065252,H1,-0.0985923853094269,AX,-0.155908944564315,L1,-0.21845065728296...
GetDeflection L2 (CDD) ===>> 0
testing L2_CDD_==3250
evaluate ot="L2(CDD).deflection==3250" t="L2_CDD_==3250", ctx="{'L2_CDD_': 0.0}"
GetData ===>> L2(CDD),0,H2,-0.140388969450733,H1,0.176529771901634,AX,0.045206728603329,L1,-0.324349226422438,L...
GetData ===>> L2(CDD),0,H2,-0.0940056214558229,H1,0.0980303626996345,AX,0.0118374232025778,L1,-0.03950420487088...
GetData ===>> L2(CDD),0,H2,0.10320643386317,H1,-0.00448047743261209,AX,-0.107869739533026,L1,-0.274400690992419...
GetData ===>> L2(CDD),0,H2,-0.158918385537431,H1,0.0763091069482391,AX,-0.170354632698203,L1,-0.140692045484351...
GetData ===>> L2(CDD),0,H2,-0.14644894290145,H1,-0.182469496853413,AX,-0.321218861006458,L1,0.022229032683587,L...
GetData ===>> L2(CDD),0,H2,0.0732490865036525,H1,-0.00539980787724232,AX,-0.0565029724471194,L1,-0.040888830491...
measurement finished
estimated time: 125.829 actual time: :126.112
flush and close file /Users/obama/PychronDev/data/isotopes/e2/6ecd0c-719d-465d-af51-b7a45e23316b.h5
activate_detectors ('H1', 'L2(CDD)') {'peak_center': True}
peak_center () {'detector': 'H2', 'integration_time': 1.048576, 'isotope': 'Ar40'}
peak center: mean=413.73366365 threshold=100.0
peak center started
setup peak center. detector=['H2', 'H1', 'L2(CDD)'], isotope=Ar40
VersionedUnpickler [<apptools.sweet_pickle.versioned_unpickler.VersionedUnpickler object at 0x121695bf0>] using Updater [<apptools.sweet_pickle.updater.Updater object at 0x11f6fc230>]
VersionedUnpickler [<apptools.sweet_pickle.versioned_unpickler.VersionedUnpickler object at 0x121695bf0>] using Updater [<apptools.sweet_pickle.updater.Updater object at 0x11f6fc230>]
VersionedUnpickler [<apptools.sweet_pickle.versioned_unpickler.VersionedUnpickler object at 0x12345f2f0>] using Updater [<apptools.sweet_pickle.updater.Updater object at 0x11f6fc230>]
setting integration time = 0.524288
SetIntegrationTime 0.524288 ===>> OK
Mapping mass to dac mass func: "parabolic"
H2 map mass coeffs = [ -2.38925034e-04   8.80081338e-02   3.57445459e-01]
H2 map mass to dac 39.9624 >> 3.4929
GetHighVoltage ===>> 9000
do peak center. <pychron.spectrometer.jobs.peak_center.PeakCenter object at 0x11f626050>
doing pc
starting peak center. center dac= 3.4929 step_width=0.0001
width = 0.0001
get scan parameters. half-width=0.002,window=0.002, i=0, scalar=1
Scan parameters center=3.49290 width=0.00400 (3.49090 - 3.49490)
GetData ===>> L2(CDD),0,H2,-0.0675498122592544,H1,-0.0478029724041748,AX,-0.151093666997796,L1,-0.0465426978905...
Moving to starting dac 3.4909
setting magnet DAC
current  : 3.485979
requested: 3.490900
Delta Dac: 0.004921
Checking detector protection. dv=0.00492
SetMagnetDAC 3.4909 ===>> OK
Magnet settling time: 0.500
Wait until signal near baseline. tol= -0.0506623591944. timeout= 10
GetData ===>> L2(CDD),0,H2,0.0038961026505817,H1,0.0305168952503362,AX,-0.247963027950353,L1,-0.236030993216052...
GetData ===>> L2(CDD),0,H2,0.488887209920913,H1,-0.243153896609687,AX,-0.339810928897994,L1,-0.108784363733213,...
GetData ===>> L2(CDD),0,H2,-0.185604789317235,H1,0.135919226339369,AX,-0.102729255153818,L1,-0.167107811477543,...
Peak center baseline intensity achieved
_do_sweep sm= 3.4909, em= 3.4949, stm= 0.0001
calculated step values: start=3.4909, end=3.4949, width=0.0001, nsteps=41.0
setting magnet DAC
current  : 3.490900
requested: 3.490900
Delta Dac: 0.000000
Checking detector protection. dv=0.00000
GetData ===>> L2(CDD),0,H2,-0.185604789317235,H1,0.135919226339369,AX,-0.102729255153818,L1,-0.167107811477543,...
setting magnet DAC
current  : 3.490900
requested: 3.491003
Delta Dac: 0.000103
Checking detector protection. dv=0.00010
Magnet settling time: 1.049
GetData ===>> L2(CDD),0.000314489402501528,H2,0.493551753204874,H1,-0.11734844397343,AX,-0.296751159202649,L1,-...
setting magnet DAC
current  : 3.491003
requested: 3.491105
Delta Dac: 0.000103
Checking detector protection. dv=0.00010
Magnet settling time: 1.049
GetData ===>> L2(CDD),0,H2,1.27643420881968,H1,0.119614409092796,AX,-0.0236890492949674,L1,-0.00826614591819509...
setting magnet DAC
current  : 3.491105
requested: 3.491208
Delta Dac: 0.000103
Checking detector protection. dv=0.00010
Magnet settling time: 1.049
GetData ===>> L2(CDD),0,H2,5.4130342990813,H1,0.113184416088789,AX,-0.103187440320988,L1,0.077505354535529,L2,-...
setting magnet DAC
current  : 3.491208
requested: 3.491310
Delta Dac: 0.000103
Checking detector protection. dv=0.00010
Magnet settling time: 1.049
GetData ===>> L2(CDD),0,H2,19.8185328612994,H1,0.802126224821736,AX,-0.151295668921591,L1,-0.262077607157719,L2...
setting magnet DAC
current  : 3.491310
requested: 3.491413
Delta Dac: 0.000103
Checking detector protection. dv=0.00010
Magnet settling time: 1.049
GetData ===>> L2(CDD),0,H2,57.8107320676044,H1,2.10899733500703,AX,-0.396152185470509,L1,-0.0308605994459137,L2...
setting magnet DAC
current  : 3.491413
requested: 3.491515
Delta Dac: 0.000103
Checking detector protection. dv=0.00010
Magnet settling time: 1.049
GetData ===>> L2(CDD),0,H2,119.248146898925,H1,5.08731944006392,AX,-0.300644941024133,L1,-0.0250967583326724,L2...
setting magnet DAC
current  : 3.491515
requested: 3.491618
Delta Dac: 0.000103
Checking detector protection. dv=0.00010
Magnet settling time: 1.049
GetData ===>> L2(CDD),0,H2,198.349527132627,H1,8.77948759165551,AX,0.346397093081839,L1,0.262677803278223,L2,-0...
setting magnet DAC
current  : 3.491618
requested: 3.491721
Delta Dac: 0.000103
Checking detector protection. dv=0.00010
Magnet settling time: 1.049
GetData ===>> L2(CDD),0,H2,284.813788375634,H1,12.4682429642803,AX,0.586857468912499,L1,0.746414717699581,L2,0....
setting magnet DAC
current  : 3.491721
requested: 3.491823
Delta Dac: 0.000103
Checking detector protection. dv=0.00010
Magnet settling time: 1.049
GetData ===>> L2(CDD),0.00157244725244406,H2,354.008268992191,H1,15.0996213762606,AX,0.595110750016351,L1,0.597...
setting magnet DAC
current  : 3.491823
requested: 3.491926
Delta Dac: 0.000103
Checking detector protection. dv=0.00010
Magnet settling time: 1.049
GetData ===>> L2(CDD),0.00566081291605652,H2,422.497233216068,H1,17.5515537821084,AX,0.498597636981695,L1,0.844...
setting magnet DAC
current  : 3.491926
requested: 3.492028
Delta Dac: 0.000103
Checking detector protection. dv=0.00010
Magnet settling time: 1.049
GetData ===>> L2(CDD),0.0229577894380659,H2,444.552680109602,H1,17.7065714506943,AX,0.510517972808654,L1,1.0406...
setting magnet DAC
current  : 3.492028
requested: 3.492131
Delta Dac: 0.000103
Checking detector protection. dv=0.00010
Magnet settling time: 1.049
GetData ===>> L2(CDD),0.0871144816833934,H2,456.146462290254,H1,18.2279646482295,AX,0.580438299193169,L1,1.1791...
setting magnet DAC
current  : 3.492131
requested: 3.492233
Delta Dac: 0.000103
Checking detector protection. dv=0.00010
Magnet settling time: 1.049
GetData ===>> L2(CDD),0.179891856621302,H2,463.396131916039,H1,18.4841009268268,AX,0.520146044118671,L1,1.20153...
setting magnet DAC
current  : 3.492233
requested: 3.492336
Delta Dac: 0.000103
Checking detector protection. dv=0.00010
Magnet settling time: 1.049
GetData ===>> L2(CDD),0.330541601649123,H2,466.917965391789,H1,18.4963878896149,AX,0.317518380912255,L1,0.97002...
setting magnet DAC
current  : 3.492336
requested: 3.492438
Delta Dac: 0.000103
Checking detector protection. dv=0.00010
Magnet settling time: 1.049
GetData ===>> L2(CDD),0.473648232878851,H2,469.840079249424,H1,18.1969083582226,AX,0.723733523611481,L1,1.15744...
setting magnet DAC
current  : 3.492438
requested: 3.492541
Delta Dac: 0.000103
Checking detector protection. dv=0.00010
Magnet settling time: 1.049
GetData ===>> L2(CDD),0.539699122921348,H2,470.979550293388,H1,18.4319410182908,AX,0.567370835947472,L1,1.11820...
setting magnet DAC
current  : 3.492541
requested: 3.492644
Delta Dac: 0.000103
Checking detector protection. dv=0.00010
Magnet settling time: 1.049
GetData ===>> L2(CDD),0.525859801176085,H2,471.627230412918,H1,18.8156714370543,AX,0.462608287849709,L1,0.85209...
setting magnet DAC
current  : 3.492644
requested: 3.492746
Delta Dac: 0.000103
Checking detector protection. dv=0.00010
Magnet settling time: 1.049
GetData ===>> L2(CDD),0.556998340438459,H2,471.060238347514,H1,18.3406099519156,AX,0.796421014267991,L1,1.04942...
setting magnet DAC
current  : 3.492746
requested: 3.492849
Delta Dac: 0.000103
Checking detector protection. dv=0.00010
Magnet settling time: 1.049
GetData ===>> L2(CDD),0.578386564275936,H2,472.286073074872,H1,18.425913831148,AX,0.471777421045087,L1,1.167603...
setting magnet DAC
current  : 3.492849
requested: 3.492951
Delta Dac: 0.000103
Checking detector protection. dv=0.00010
Magnet settling time: 1.049
GetData ===>> L2(CDD),0.582160968237188,H2,473.017328223176,H1,18.7931767215027,AX,0.537797758287413,L1,1.16783...
setting magnet DAC
current  : 3.492951
requested: 3.493054
Delta Dac: 0.000103
Checking detector protection. dv=0.00010
Magnet settling time: 1.049
GetData ===>> L2(CDD),0.577757497285042,H2,472.663356158361,H1,18.4484000655119,AX,0.5710388778991,L1,1.2232368...
setting magnet DAC
current  : 3.493054
requested: 3.493156
Delta Dac: 0.000103
Checking detector protection. dv=0.00010
Magnet settling time: 1.049
GetData ===>> L2(CDD),0.532464926213465,H2,472.951384431437,H1,18.6106872546169,AX,0.606573757819049,L1,0.93056...
setting magnet DAC
current  : 3.493156
requested: 3.493259
Delta Dac: 0.000103
Checking detector protection. dv=0.00010
Magnet settling time: 1.049
GetData ===>> L2(CDD),0.451946028570972,H2,472.542497169443,H1,18.2662069631409,AX,0.581355320818158,L1,1.11381...
setting magnet DAC
current  : 3.493259
requested: 3.493362
Delta Dac: 0.000103
Checking detector protection. dv=0.00010
Magnet settling time: 1.049
GetData ===>> L2(CDD),0.342178658620092,H2,473.736579344015,H1,18.5406686075691,AX,0.434642971001036,L1,0.91440...
setting magnet DAC
current  : 3.493362
requested: 3.493464
Delta Dac: 0.000103
Checking detector protection. dv=0.00010
Magnet settling time: 1.049
GetData ===>> L2(CDD),0.203479657756559,H2,473.43187271799,H1,18.9365024585544,AX,0.673749727069839,L1,1.062808...
setting magnet DAC
current  : 3.493464
requested: 3.493567
Delta Dac: 0.000103
Checking detector protection. dv=0.00010
Magnet settling time: 1.049
GetData ===>> L2(CDD),0.107242277182267,H2,474.875637431216,H1,17.8947406511546,AX,0.522209214784213,L1,1.05611...
setting magnet DAC
current  : 3.493567
requested: 3.493669
Delta Dac: 0.000103
Checking detector protection. dv=0.00010
Magnet settling time: 1.049
GetData ===>> L2(CDD),0.0594389233468219,H2,473.783174652583,H1,18.4240593195318,AX,0.440602724505093,L1,0.8906...
setting magnet DAC
current  : 3.493669
requested: 3.493772
Delta Dac: 0.000103
Checking detector protection. dv=0.00010
Magnet settling time: 1.049
GetData ===>> L2(CDD),0.0374244073577738,H2,469.979926244796,H1,17.5761507463801,AX,0.759503337958331,L1,1.0254...
setting magnet DAC
current  : 3.493772
requested: 3.493874
Delta Dac: 0.000103
Checking detector protection. dv=0.00010
Magnet settling time: 1.049
GetData ===>> L2(CDD),0.0179259342365154,H2,458.253094909102,H1,16.2342044127335,AX,0.986305712291963,L1,0.9176...
setting magnet DAC
current  : 3.493874
requested: 3.493977
Delta Dac: 0.000103
Checking detector protection. dv=0.00010
Magnet settling time: 1.049
GetData ===>> L2(CDD),0.0141520468663104,H2,431.546075560439,H1,13.7396771085357,AX,0.47452817803396,L1,0.58721...
setting magnet DAC
current  : 3.493977
requested: 3.494079
Delta Dac: 0.000103
Checking detector protection. dv=0.00010
Magnet settling time: 1.049
GetData ===>> L2(CDD),0.00754775228228662,H2,345.325095231433,H1,8.11561671178004,AX,0.0665850973850652,L1,-0.0...
setting magnet DAC
current  : 3.494079
requested: 3.494182
Delta Dac: 0.000103
Checking detector protection. dv=0.00010
Magnet settling time: 1.049
GetData ===>> L2(CDD),0.00251591589183427,H2,251.628249700474,H1,4.75953196235893,AX,-0.155648199538973,L1,-0.0...
setting magnet DAC
current  : 3.494182
requested: 3.494285
Delta Dac: 0.000103
Checking detector protection. dv=0.00010
Magnet settling time: 1.049
GetData ===>> L2(CDD),0.000314489402501528,H2,164.522590361543,H1,2.8758220591539,AX,0.126848948758154,L1,-0.08...
setting magnet DAC
current  : 3.494285
requested: 3.494387
Delta Dac: 0.000103
Checking detector protection. dv=0.00010
Magnet settling time: 1.049
GetData ===>> L2(CDD),0.000628978828996695,H2,108.514052709413,H1,0.987597388191854,AX,-0.114871088377056,L1,0....
setting magnet DAC
current  : 3.494387
requested: 3.494490
Delta Dac: 0.000103
Checking detector protection. dv=0.00010
Magnet settling time: 1.049
GetData ===>> L2(CDD),0.000943468279485503,H2,62.4680342771981,H1,0.870380983636018,AX,0.0746047838957228,L1,0....
setting magnet DAC
current  : 3.494490
requested: 3.494592
Delta Dac: 0.000103
Checking detector protection. dv=0.00010
Magnet settling time: 1.049
GetData ===>> L2(CDD),0.00157244725244406,H2,34.9410510394159,H1,0.815455057662415,AX,-0.231470705867582,L1,0.0...
setting magnet DAC
current  : 3.494592
requested: 3.494695
Delta Dac: 0.000103
Checking detector protection. dv=0.00010
Magnet settling time: 1.049
GetData ===>> L2(CDD),0.00220142632137721,H2,18.7476012965198,H1,0.375930460397064,AX,0.120203700197275,L1,-0.1...
setting magnet DAC
current  : 3.494695
requested: 3.494797
Delta Dac: 0.000103
Checking detector protection. dv=0.00010
Magnet settling time: 1.049
GetData ===>> L2(CDD),0.0100636727809075,H2,7.0120048425374,H1,0.218595780491141,AX,-0.174203503949327,L1,-0.15...
setting magnet DAC
current  : 3.494797
requested: 3.494900
Delta Dac: 0.000103
Checking detector protection. dv=0.00010
Magnet settling time: 1.049
GetData ===>> L2(CDD),0.0113216336060672,H2,3.46599293207738,H1,-0.147653447437758,AX,-0.398442410676748,L1,-0....
result of _do_sweep=True
result of _calculate_peak_center=([3.491817835671343, 3.4929480961923849, 3.4940783567134268], [350.36859354170093, 474.90643086154563, 346.40751658412671], 3.4935773547094189, 474.90643086154563)
Failed to find a valid peak. No peak greater than 1.0. max = 0.583061534326
new center pos Detector(H2) (Ar40) @ 3.49294809619
GetHighVoltage ===>> 9000
dac uncorrected for HV and deflection 3.49294809619
update mftable H2 Ar40 3.49294809619 message=automated run peakcenter
get initial guess parabolic
get initial guess parabolic
get initial guess parabolic
get initial guess parabolic
get initial guess parabolic
get initial guess parabolic
dump mftable to /Users/obama/PychronDev/setupfiles/spectrometer/mftables/argon.csv
add to repo msg=modified - automated run peakcenter
sweep finished
locally archiving mftable
setting magnet DAC
current  : 3.494900
requested: 3.492948
Delta Dac: 0.001952
Checking detector protection. dv=0.00195
SetMagnetDAC 3.49294809619 ===>> OK
Magnet settling time: 0.500
setting integration time = 1.048576
SetIntegrationTime 1.048576 ===>> OK
Failed to find a valid peak. No peak greater than 1.0. max = 0.583061534326
flush and close file /Users/obama/PychronDev/data/isotopes/e2/6ecd0c-719d-465d-af51-b7a45e23316b.h5
finished measure script
executed snippet estimated_duration=650.242112, duration=294.621791124
felix_analysis400_120.py completed successfully
Measurement Finished
11:40:58 -- ******* Measurement Finished *******
Post Measurement Started felix_pump_ms.py
11:40:58 -- ******* Post Measurement Started felix_pump_ms.py *******
testing...
no interpolation path defined
executed snippet estimated_duration=0, duration=3.69548797607e-05
Pumping spectrometer
open () {'name': 'V'}
opening name=V desc=---
checking ownership. requestor=129.138.12.137
check software interlocks V
interlocks []
actuate state mode=None-script, software_lock=False
doing actuation None-script open_channel True
Open V ===>> OK
GetIndicatorState V ===>> OK
change switch state (True, True)
update switch state V True args=() kw={} ncanvase=4
11:40:59 -- OPEN   VALVE-V (Felix Ion Pump)
---------------------------------------- open V () result=[(True, True)], time=0.11 sec
action=open, ok=True, locked=[False]
executed snippet estimated_duration=0, duration=0.365003108978
felix_pump_ms.py completed successfully
setting _ms_pumptime
Post Measurement Finished
11:40:59 -- ******* Post Measurement Finished *******
$$$$$$$$$$$$$$$$$$$$ state at run end truncated
post measurement save measured=True aborted=False
Set filtering
setting fod for Ar40= {'filter_outliers': True, 'std_devs': 2, 'iterations': 2}
setting fod for H2= {'filter_outliers': True, 'std_devs': 2, 'iterations': 1}
setting fod for Ar36= {'filter_outliers': True, 'std_devs': 2, 'iterations': 2}
setting fod for L2(CDD)= {'filter_outliers': True, 'std_devs': 2, 'iterations': 1}
setting fod for Ar37= {'filter_outliers': True, 'std_devs': 2, 'iterations': 2}
setting fod for L1= {'filter_outliers': True, 'std_devs': 2, 'iterations': 1}
setting fod for Ar38= {'filter_outliers': True, 'std_devs': 2, 'iterations': 2}
setting fod for AX= {'filter_outliers': True, 'std_devs': 2, 'iterations': 1}
setting fod for Ar39= {'filter_outliers': True, 'std_devs': 2, 'iterations': 2}
setting fod for H1= {'filter_outliers': True, 'std_devs': 2, 'iterations': 1}
persistence save...
persistence save - db
post measurement save
4814257808 connecting to database sqlite:////Users/obama/PychronDev/.appdata/local_lab.db
connected to db sqlite:////Users/obama/PychronDev/.appdata/local_lab.db
create new session 4814257808
close session 4814257808
No database instance. Not saving post measurement to isotopedb database
$$$$$$$$$$$$$$$ auto_save_detector_ic=False
massspec enabled True
create new session 4821576496
MassSpec Database Version: 16.0
close session 4821576496
saving post measurement to secondary database
saving to massspec database 129.138.12.160/massspecdata
setting labnumber to 65407
setting aliquot to 1
setting step to Q
setting uuid to e26ecd0c-719d-465d-af51-b7a45e23316b
setting irradpos to 65407
setting extract_device to Fusions Diode
setting tray to 
setting position to 19
setting power_requested to 18.0
setting extract_value to 18.0
setting duration to 40.0
setting duration_at_request to 40.0
setting first_stage_delay to 40.0
setting cleanup to 60.0
setting comment to C:1 Alunite, 7.75 mg
setting irradiation to NM-288
setting level to C
setting irradiation_level to C
setting sample to Al-1
setting material to Alunite
setting project to IR987
setting mass_spectrometer to Felix
no attribute chron_dosages
no attribute production_ratios
no attribute interference_corrections
no attribute production_name
no attribute j
Reference Isotope=Ar40
Reference Detector=H2
%%%%%%%%%%%%%%%%%%%% Comment: C:1 Alunite, 7.75 mg %%%%%%%%%%%%%%%%%%%
adding isotope Ar40 H2
add baseline dbdet= Ar40. original det= H2
get baseline data Ar40 H2
Get data baseline <pychron.processing.isotope.Baseline object at 0x1299dbe90> len t=120
baseline Ar40. v=-0.0593557578604, e=0.00860357845424
get signal data Ar40 H2
Get data signal Ar40 373.39+/-0.33 len t=70
adding isotope Ar39 H1
add baseline dbdet= Ar39. original det= H1
get baseline data Ar39 H1
Get data baseline <pychron.processing.isotope.Baseline object at 0x12bb9aa90> len t=120
baseline Ar39. v=-0.0516199975164, e=0.0111581301945
get signal data Ar39 H1
Get data signal Ar39 15.56+/-0.15 len t=70
adding isotope Ar38 AX
add baseline dbdet= Ar38. original det= AX
get baseline data Ar38 AX
Get data baseline <pychron.processing.isotope.Baseline object at 0x12bb9aa10> len t=120
baseline Ar38. v=-0.137383397049, e=0.0100962438431
get signal data Ar38 AX
Get data signal Ar38 0.61+/-0.04 len t=70
adding isotope Ar37 L1
add baseline dbdet= Ar37. original det= L1
get baseline data Ar37 L1
Get data baseline <pychron.processing.isotope.Baseline object at 0x12329bc50> len t=120
baseline Ar37. v=-0.177556895245, e=0.00938487872967
get signal data Ar37 L1
Get data signal Ar37 1.06+/-0.04 len t=70
adding isotope Ar36 L2(CDD)
add baseline dbdet= Ar36. original det= L2(CDD)
get baseline data Ar36 L2(CDD)
Get data baseline <pychron.processing.isotope.Baseline object at 0x12a05d250> len t=120
baseline Ar36. v=0.0, e=0.0
get signal data Ar36 L2(CDD)
Get data signal Ar36 0.386+/-0.007 len t=70
65407-01Q added analysis time 0.640993118286s
analysis added to mass spec database
mass spec save time= 0.651
persistence save - dvc
================= post measurement started
create new session 4671971248
close session 4671971248
---------------- Experiment Queue saving disabled
DVC saving peakcenter
Failed to find a valid peak. No peak greater than 1.0. max = 0.583061534326
Smart pull ahead: 0 behind: 0
Up-to-date with origin
add to repo msg=modified - 1e2ad98a77a0f8b97e0df49be2474708cb221738.json
add to repo msg=modified - 07-01Q.json
add to repo msg=modified - 07-01Q.dat.json
add to repo msg=modified - 07-01Q.blan.json
add to repo msg=modified - 07-01Q.inte.json
add to repo msg=modified - 07-01Q.icfa.json
add to repo msg=modified - 07-01Q.base.json
not at valid file /Users/obama/PychronDev/data/.dvc/repositories/Load1790/654/tags/07-01Q.tags.json
add to repo msg=modified - 07-01Q.peak.json
add to repo msg=modified - 07-01Q.extr.json
not at valid file /Users/obama/PychronDev/data/.dvc/repositories/Load1790/654/monitor/07-01Q.moni.json
commit message=<COLLECTION>
add to repo msg=modified - 07-01Q.inte.json
add to repo msg=modified - 07-01Q.base.json
commit message=<ISOEVO> default collection fits
add to repo msg=modified - 07-01Q.blan.json
commit message=<BLANKS> preceding 
add to repo msg=modified - 07-01Q.icfa.json
commit message=<ICFactor> default
push repository <pychron.git_archive.repo_manager.GitRepoManager object at 0x12aa7b5f0>
pushing to remote=origin, url=https://github.com
no changes to meta repo
create new session 4671971248
add association Load1790
get identifier "65407"
setting analysis irradiation position=<pychron.dvc.dvc_orm.IrradiationPositionTbl object at 0x11b709590>
close session 4671971248
================= post measurement finished
11:41:11 -- ******* Post Run Check *******
loading queue conditionals post_run_actions
loading system conditionals post_run_actions
loading conditionals from /Users/obama/PychronDev/setupfiles/spectrometer/default_conditionals.yaml
loading queue conditionals post_run_terminations
loading system conditionals post_run_terminations
loading conditionals from /Users/obama/PychronDev/setupfiles/spectrometer/default_conditionals.yaml
Checking default post run terminations n=1
GetDeflection L2 (CDD) ===>> 0
testing L2_CDD_==3250
evaluate ot="L2(CDD).deflection==3250" t="L2_CDD_==3250", ctx="{'L2_CDD_': 0.0}"
11:41:11 -- ******* Post Run Check Passed *******
11:41:11 -- Automated run 65407-01Q truncated duration: 419.506 s
----------------- finish -----------------
----------------- stop -----------------
retroactive repository identifiers disabled
finish run. runs completed=1
write rem/ex queues
/Users/obama/PychronDev/experiments/rem/Load1790_alunite_test.rem.txt
/Users/obama/PychronDev/experiments/rem/Load1790_alunite_test.ex.txt
doing event level: 3
