do run
loading script "felix_analysis400_120.py"
loading script "felix_pump_ms.py"
loading script "felix_diode.py"
loading script "felix_pump_extraction_line.py"
testing...
no interpolation path defined
executed snippet estimated_duration=624.242112, duration=0.000297069549561
script duration name:analysis400_120 seconds:624.0
loading script "felix_analysis400_120.py"
loading script "felix_pump_ms.py"
loading script "felix_diode.py"
loading script "felix_pump_extraction_line.py"
testing...
no interpolation path defined
executed snippet estimated_duration=0, duration=3.09944152832e-05
loading script "felix_analysis400_120.py"
loading script "felix_pump_ms.py"
loading script "felix_diode.py"
loading script "felix_pump_extraction_line.py"
testing...
no interpolation path defined
calculate duration
testing...
no interpolation path defined
executed snippet estimated_duration=0, duration=9.48905944824e-05
calculate duration
testing...
no interpolation path defined
executed snippet estimated_duration=0, duration=2.69412994385e-05
calculate duration
testing...
no interpolation path defined
executed snippet estimated_duration=42.0, duration=0.000128984451294
executed snippet estimated_duration=42.0, duration=0.00413393974304
script duration name:diode seconds:42.0
loading script "felix_analysis400_120.py"
loading script "felix_pump_ms.py"
loading script "felix_diode.py"
loading script "felix_pump_extraction_line.py"
testing...
no interpolation path defined
calculate duration
testing...
no interpolation path defined
executed snippet estimated_duration=4.0, duration=0.000235080718994
executed snippet estimated_duration=4.0, duration=0.00168204307556
Script duration 666.0
Run total estimated duration= 667.000
run duration: 0:11:07
doing event level: 2
08:11:15 -- Setting default integration. t=1.048576
setting integration time = 1.048576
SetIntegrationTime 1.048576 ===>> OK
----------------- start -----------------
**************** Experiment Type: Ar/Ar, Ar/Ar
create new session 4710191760
close session 4710191760
$$$$$ Clearing conditionals
adding conditionals 
Add queue conditionals
add default conditionals
adding default conditionals from /Users/obama/PychronDev/setupfiles/spectrometer/default_conditionals.yaml
Start automated run 65407-01B
loading script "felix_analysis400_120.py"
loading script "felix_pump_ms.py"
loading script "felix_diode.py"
loading script "felix_pump_extraction_line.py"
%%%%%%%%%%%%%%%%%% setting automated run 65407-01B
No value "sensitivity_multiplier" in metadata
$$$$$$$$$$$$$$$ auto_save_detector_ic=False
============================= Pre Extraction Check =============================
loading queue conditionals pre_run_terminations
loading system conditionals pre_run_terminations
loading conditionals from /Users/obama/PychronDev/setupfiles/spectrometer/default_conditionals.yaml
08:11:15 -- ******* Pre Extraction Check *******
Get a measurement from the spectrometer
GetData ===>> L2(CDD),0,H2,-0.114400580602675,H1,-0.144438450114689,AX,-0.120137735886979,L1,-0.431504941346294...
Pre Extraction Termination data. keys=L2(CDD),H2,H1,AX,L1,L2, signals=0.00000,-0.11440,-0.14444,-0.12014,-0.43150,-0.13935
08:11:15 -- testing system defined conditionals
Checking default pre extraction terminations n=2
testing L2_CDD_
evaluate ot="L2(CDD).inactive" t="L2_CDD_", ctx="{'L2_CDD_': False}"
GetDeflection L2 (CDD) ===>> 0
testing L2_CDD_==3250
evaluate ot="L2(CDD).deflection==3250" t="L2_CDD_==3250", ctx="{'L2_CDD_': 0.0}"
08:11:15 -- ******* Pre Extraction Check Passed *******
=================================================================================
08:11:15 -- stopping status monitor
stop 4818565936
Status monitor stopped
Status monitor finished
08:11:17 -- starting status monitor
start 4818565936
StatusMonitor period=1. Frequencies(state=1, checksum=3, lock=5, owner=5)
start extraction
do extraction
Analysis started at 08:11:18.589775
Extraction Started felix_diode.py
08:11:18 -- ******* Extraction Started felix_diode.py *******
state changed from not run to extraction
DO EXTRACTION <pychron.extraction_line.pyscript_runner.RemotePyScriptRunner object at 0x119e48590>
testing...
no interpolation path defined
calculate duration
testing...
no interpolation path defined
executed snippet estimated_duration=0, duration=0.000113010406494
calculate duration
testing...
no interpolation path defined
executed snippet estimated_duration=0, duration=3.09944152832e-05
calculate duration
testing...
no interpolation path defined
executed snippet estimated_duration=42.0, duration=0.000108003616333
executed snippet estimated_duration=204.0, duration=0.00532507896423
Felix unknown laser analysis
set_motor ('beam', '3.0') {}
setting motor "beam" to 3.0
set motor beam to 3.0
SetMotor beam,3.0 ===>> OK
GetMotorMoving beam ===>> False
GetMotorMoving beam ===>> False
Block completed
doing GOSUB
testing...
no interpolation path defined
executed snippet estimated_duration=0, duration=0.000135183334351
Prepare for Diode Analysis
close () {'description': 'Felix Inlet'}
closing name=--- desc=Felix Inlet
checking ownership. requestor=129.138.12.137
check software interlocks H
interlocks []
actuate state mode=None-script, software_lock=False
doing actuation None-script close_channel False
Close H ===>> OK
GetIndicatorState H ===>> False
change switch state (True, True)
update switch state H False args=() kw={} ncanvase=4
08:11:19 -- CLOSE  VALVE-H (Felix Inlet)
---------------------------------------- close None (Felix Inlet) result=[(True, True)]
action=close, ok=True, locked=[False]
open () {'description': 'Felix Ion Pump'}
opening name=--- desc=Felix Ion Pump
checking ownership. requestor=129.138.12.137
check software interlocks V
interlocks []
actuate state mode=None-script, software_lock=False
doing actuation None-script open_channel False
Open V ===>> OK
GetIndicatorState V ===>> OK
change switch state (True, True)
update switch state V True args=() kw={} ncanvase=4
08:11:20 -- OPEN   VALVE-V (Felix Ion Pump)
---------------------------------------- open None (Felix Ion Pump) result=[(True, True)], time=0.12 sec
action=open, ok=True, locked=[False]
close () {'description': 'Bone to Minibone'}
closing name=--- desc=Bone to Minibone
checking ownership. requestor=129.138.12.137
check software interlocks E
interlocks []
actuate state mode=None-script, software_lock=False
doing actuation None-script close_channel False
Close E ===>> OK
GetIndicatorState E ===>> False
change switch state (True, True)
update switch state E False args=() kw={} ncanvase=4
08:11:20 -- CLOSE  VALVE-E (Bone to Minibone)
---------------------------------------- close None (Bone to Minibone) result=[(True, True)]
action=close, ok=True, locked=[False]
open () {'description': 'Bone to Getter GP-50'}
opening name=--- desc=Bone to Getter GP-50
checking ownership. requestor=129.138.12.137
check software interlocks N
interlocks []
actuate state mode=None-script, software_lock=False
doing actuation None-script open_channel False
Open N ===>> OK
GetIndicatorState N ===>> OK
change switch state (True, True)
update switch state N True args=() kw={} ncanvase=4
08:11:21 -- OPEN   VALVE-N (Bone to Getter GP-50)
---------------------------------------- open None (Bone to Getter GP-50) result=[(True, True)], time=0.19 sec
action=open, ok=True, locked=[False]
close () {'description': 'Bone to CO2 Laser'}
closing name=--- desc=Bone to CO2 Laser
checking ownership. requestor=129.138.12.137
check software interlocks D
interlocks []
actuate state mode=None-script, software_lock=False
doing actuation None-script close_channel True
Close D ===>> OK
GetIndicatorState D ===>> False
change switch state (True, True)
update switch state D False args=() kw={} ncanvase=4
08:11:21 -- CLOSE  VALVE-D (Bone to CO2 Laser)
---------------------------------------- close None (Bone to CO2 Laser) result=[(True, True)]
action=close, ok=True, locked=[False]
open () {'description': 'Bone to Diode Laser'}
opening name=--- desc=Bone to Diode Laser
checking ownership. requestor=129.138.12.137
check software interlocks B
interlocks []
actuate state mode=None-script, software_lock=False
doing actuation None-script open_channel False
Open B ===>> OK
GetIndicatorState B ===>> OK
change switch state (True, True)
update switch state B True args=() kw={} ncanvase=4
08:11:22 -- OPEN   VALVE-B (Bone to Diode Laser)
---------------------------------------- open None (Bone to Diode Laser) result=[(True, True)], time=0.19 sec
action=open, ok=True, locked=[False]
executed snippet estimated_duration=0, duration=2.82147979736
PrepareForDiodeAnalysis.py completed successfully
gosub finished
doing GOSUB
testing...
no interpolation path defined
executed snippet estimated_duration=0, duration=4.60147857666e-05
Isolate coldfinger
close () {'name': 'B', 'description': 'Bone to Diode Laser'}
closing name=B desc=Bone to Diode Laser
checking ownership. requestor=129.138.12.137
check software interlocks B
interlocks []
actuate state mode=None-script, software_lock=False
doing actuation None-script close_channel True
Close B ===>> OK
GetIndicatorState B ===>> False
change switch state (True, True)
update switch state B False args=() kw={} ncanvase=4
08:11:22 -- CLOSE  VALVE-B (Bone to Diode Laser)
---------------------------------------- close B (Bone to Diode Laser) result=[(True, True)]
action=close, ok=True, locked=[False]
executed snippet estimated_duration=0, duration=0.484141111374
IsolateDiodeColdfinger.py completed successfully
gosub finished
open () {'description': 'Bone to Turbo'}
opening name=--- desc=Bone to Turbo
checking ownership. requestor=129.138.12.137
check software interlocks C
interlocks []
actuate state mode=None-script, software_lock=False
doing actuation None-script open_channel False
Open C ===>> OK
GetIndicatorState C ===>> OK
change switch state (True, True)
update switch state C True args=() kw={} ncanvase=4
08:11:23 -- OPEN   VALVE-C (Bone to Turbo)
---------------------------------------- open None (Bone to Turbo) result=[(True, True)], time=0.17 sec
action=open, ok=True, locked=[False]
Diodelaser enabled. Heating sample.
enable () {}
set extraction state FusionsDiode Enabled (False, 'red', 1.5)
enabling laser
Enable ===>> OK
move_to_position ('19',) {}
FusionsDiode move to position 19
sending GoToHole 19,True
GoToHole 19,True ===>> OK
GetDriveMoving ===>> False
GetDriveMoving ===>> False
Block completed
GetAutoCorrecting ===>> False
GetAutoCorrecting ===>> False
Block completed
update position
GetPosition ===>> 0.00000,0.00000,9.00000
got position (0.0, 0.0, 9.0)
move to position succeeded
BEGIN INTERVAL Interval 1 waiting for 40.0
block started
set extract to 0.8 (watts)
WaitControl setup for 40.0  
extract () {}
GetPosition ===>> 0.00000,0.00000,9.00000
set extraction state FusionsDiode ON! 0.8(watts) (0.75, 'red', 1.5)
extract sample to 0.8 (watts)
set laser output
SetLaserOutput 0.8,watts ===>> OK
sleep (2,) {}
SLEEP 2.0
block started
WaitControl setup for 2.0  
Join finished
block finished. duration 2.04447197914
executing pattern diamond_37hole_3mmbeam.lp
execute_pattern ('diamond_37hole_3mmbeam.lp',) {}
executing pattern diamond_37hole_3mmbeam.lp
IsPatterning ===>> OK
IsPatterning ===>> OK
IsPatterning ===>> OK
IsPatterning ===>> OK
IsPatterning ===>> OK
IsPatterning ===>> OK
IsPatterning ===>> OK
IsPatterning ===>> OK
IsPatterning ===>> OK
IsPatterning ===>> OK
IsPatterning ===>> OK
IsPatterning ===>> OK
IsPatterning ===>> OK
IsPatterning ===>> OK
IsPatterning ===>> OK
IsPatterning ===>> OK
IsPatterning ===>> OK
IsPatterning ===>> OK
IsPatterning ===>> OK
IsPatterning ===>> OK
IsPatterning ===>> OK
IsPatterning ===>> OK
IsPatterning ===>> OK
IsPatterning ===>> OK
IsPatterning ===>> OK
IsPatterning ===>> OK
IsPatterning ===>> OK
IsPatterning ===>> OK
IsPatterning ===>> OK
IsPatterning ===>> OK
IsPatterning ===>> OK
IsPatterning ===>> OK
IsPatterning ===>> OK
IsPatterning ===>> OK
IsPatterning ===>> OK
IsPatterning ===>> OK
IsPatterning ===>> OK
Join finished
block finished. duration 40.0663840771
Interval 1 finished
IsPatterning ===>> OK
IsPatterning ===>> False
IsPatterning ===>> False
Block completed
COMPLETE INTERVAL waiting for Interval 1 to complete
Diode laser disabled.
disable () {}
%%%%%%%%%%%%%%%%%%%%%%%%%%%%%%%%%%% disable
set extraction state False (0.75, 'red', 1.5)
disabling laser
Disable ===>> OK
doing GOSUB
testing...
no interpolation path defined
executed snippet estimated_duration=42.0, duration=0.000155925750732
Equilibrate then isolate coldfinger
close () {'name': 'C', 'description': 'Bone to Turbo'}
closing name=C desc=Bone to Turbo
checking ownership. requestor=129.138.12.137
check software interlocks C
interlocks []
actuate state mode=None-script, software_lock=False
doing actuation None-script close_channel True
Close C ===>> OK
set states for children of C. state=False
handle state [('C', False)]
update switch state C False args=() kw={'refresh': False} ncanvase=4
refresh_canvas_needed fired
GetIndicatorState C ===>> False
change switch state (True, True)
update switch state C False args=() kw={} ncanvase=4
08:12:09 -- CLOSE  VALVE-C (Bone to Turbo)
---------------------------------------- close C (Bone to Turbo) result=[(True, True)]
action=close, ok=True, locked=[False]
sleep (1,) {}
SLEEP 1.0
open () {'name': 'B', 'description': 'Bone to Diode Laser'}
opening name=B desc=Bone to Diode Laser
checking ownership. requestor=129.138.12.137
check software interlocks B
interlocks []
actuate state mode=None-script, software_lock=False
doing actuation None-script open_channel True
Open B ===>> OK
GetIndicatorState B ===>> OK
change switch state (True, True)
update switch state B True args=() kw={} ncanvase=4
08:12:10 -- OPEN   VALVE-B (Bone to Diode Laser)
---------------------------------------- open B (Bone to Diode Laser) result=[(True, True)], time=0.16 sec
action=open, ok=True, locked=[False]
sleep (20,) {}
SLEEP 20.0
block started
WaitControl setup for 20.0  
Join finished
block finished. duration 20.0667309761
close () {'name': 'B', 'description': 'Bone to Diode Laser'}
closing name=B desc=Bone to Diode Laser
checking ownership. requestor=129.138.12.137
check software interlocks B
interlocks []
actuate state mode=None-script, software_lock=False
doing actuation None-script close_channel True
Close B ===>> OK
GetIndicatorState B ===>> False
change switch state (True, True)
update switch state B False args=() kw={} ncanvase=4
08:12:31 -- CLOSE  VALVE-B (Bone to Diode Laser)
---------------------------------------- close B (Bone to Diode Laser) result=[(True, True)]
action=close, ok=True, locked=[False]
executed snippet estimated_duration=63.0, duration=22.3664851189
EquilibrateThenIsolateDiodeColdfinger.py completed successfully
gosub finished
sleep (60.0,) {}
SLEEP 60.0
block started
WaitControl setup for 60.0  
Join finished
block finished. duration 60.1191730499
executed snippet estimated_duration=306.0, duration=132.926512957
felix_diode.py completed successfully
GetAchievedOutput ===>> No Response
Requested Output= 0.000
Achieved Output=  0.000
GetResponseBlob ===>> T[[177]N[00][00][00][00][224][152][158]=[00][00][250]D[223]l[05]@[00][00][250]DU[234][130]@[00][0...
GetOutputBlob ===>> T[[177]N[00][00][00][00][224][152][158]=[206]%[141]A[223]l[05]@[00][00][00][00]U[234][130]@[00][0...
persistence save...
persistence save - db
AutomatedRunPersister post_extraction_save deprecated
persistence save - dvc
no extraction position for 19
create new session 4671971248
close session 4671971248
Extraction Finished
08:13:31 -- ******* Extraction Finished *******
no overlap. not waiting for min ms pumptime
08:13:31 -- Sending spectrometer configuration
======== Sending configuration ========
SetZFocus 9.84 ===>> OK
SetHV 9000.0 ===>> OK
SetZSymmetry 18.34 ===>> OK
SetExtractionLens 42.35 ===>> OK
SetIonRepeller -4.08 ===>> OK
SetElectronEnergy 107.0 ===>> OK
SetYSymmetry 12.72 ===>> OK
send trap current 400.0
GetParameter Trap Current Readback ===>> 397.972349386559
SetParameter Trap Current Set,400.0 ===>> OK
updating mftable name argon
Using mftable located at /Users/obama/PychronDev/setupfiles/spectrometer/mftables/argon.csv
============ MFtable ===========
Isotope  H2     H1     AX     L1     L2     L2(CDD)
Ar40     3.4930 3.5642 3.6384 3.7154 3.8112 3.7978
Ar39     3.4239 3.4943 3.5671 3.6453 3.7364 3.7226
Ar36     3.2138 3.2801 3.3485 3.4202 3.5170 3.4943
================================
get initial guess parabolic
get initial guess parabolic
get initial guess parabolic
get initial guess parabolic
get initial guess parabolic
get initial guess parabolic
======== Configuration Finished ========
GetYSymmetry ===>> 12.72
GetZSymmetry ===>> 18.34
GetParameter Trap Current Readback ===>> 398.3080021974
GetHighVoltage ===>> 9000
start measurement
do measurement
L#=65407 analysis type=unknown
Measurement Started felix_analysis400_120.py
08:13:31 -- ******* Measurement Started felix_analysis400_120.py *******
state changed from extraction to measurement
setting spec, defl, and gains
GetExtractionLens ===>> 42.35
GetYSymmetry ===>> 12.72
GetZSymmetry ===>> 18.34
GetZFocus ===>> 9.84
GetDeflection H2 (CDD) ===>> 3250
GetDeflection H1 (CDD) ===>> 3250
GetDeflection AX (CDD) ===>> 3250
GetDeflection L1 (CDD) ===>> 3250
GetDeflection L2 (CDD) ===>> 0
GetGain H2 ===>> 0.9809305
GetGain H1 ===>> 0.96484
GetGain AX ===>> 0.96253
GetGain L1 ===>> 0.970094835296087
GetGain L2 ===>> 0.967359864778375
GetGain H2(CDD) ===>> 0
GetGain H1(CDD) ===>> 0
GetGain AX(CDD) ===>> 0
GetGain L1(CDD) ===>> 0
GetGain L2(CDD) ===>> 0
pre measurement save
New frame /Users/obama/PychronDev/data/isotopes/a3/198a41-bb30-456d-8b9c-80ac2cd463de.h5
flush and close file /Users/obama/PychronDev/data/isotopes/a3/198a41-bb30-456d-8b9c-80ac2cd463de.h5
testing...
no interpolation path defined
executed snippet estimated_duration=650.242112, duration=0.000221967697144
unknown measurement script
activate_detectors ('H2', 'H1', 'AX', 'L1', 'L2(CDD)') {}
activate detectors
*************** Set Analysis View Ar/Ar
create graphs
clearing graphs
clear isotope group
setting isotope det=H2, iso=Ar40
setting isotope det=H1, iso=Ar39
setting isotope det=AX, iso=Ar38
setting isotope det=L1, iso=Ar37
setting isotope det=L2(CDD), iso=Ar36
setting previous blanks
 - setting Ar40 blank 0.430+/-0.018
 - setting Ar36 blank 0.00160+/-0.00020
 - setting Ar37 blank 0.005+/-0.012
 - setting Ar38 blank -0.003+/-0.014
 - setting Ar39 blank -0.004+/-0.021
load analysis view
position_magnet ('Ar40',) {'detector': 'H2'}
detector Detector(H2)
POSITION Ar40 H2
setting detector H2 to Ar40 (39.9624)
setting detector H1 to Ar39 (38.8624)
setting detector AX to Ar38 (37.9624)
setting detector L1 to Ar37 (36.9624)
setting detector L2 to Ar36 (35.8624)
setting detector H2(CDD) to Ar40 (39.8624)
setting detector H1(CDD) to Ar39 (38.8624)
setting detector AX(CDD) to Ar38 (37.8624)
setting detector L1(CDD) to Ar37 (36.8624)
setting detector L2(CDD) to Ar36 (35.9624)
Mapping mass to dac mass func: "parabolic"
H2 map mass coeffs = [ -2.38925034e-04   8.80081338e-02   3.57505459e-01]
H2 map mass to dac 39.9624 >> 3.49296
GetHighVoltage ===>> 9000
positioning Ar40 (3.49296) on H2
setting magnet DAC
current  : 3.486039
requested: 3.492960
Delta Dac: 0.006921
Checking detector protection. dv=0.00692
SetMagnetDAC 3.49296 ===>> OK
Magnet settling time: 0.500
update labels <pychron.experiment.plot_panel.PlotPanel object at 0x11b78efb0>
update labels "<pychron.graph.stacked_regression_graph.StackedRegressionGraph object at 0x12175b110>"
setting label 0 H2 Ar40
setting label 1 H1 Ar39
setting label 2 AX Ar38
setting label 3 L1 Ar37
setting label 4 L2(CDD) Ar36
update labels "<pychron.graph.stacked_graph.StackedGraph object at 0x12171a590>"
setting label 0 H2 Ar40
setting label 1 H1 Ar39
setting label 2 AX Ar38
setting label 3 L1 Ar37
setting label 4 L2(CDD) Ar36
equilibrate () {'delay': 3, 'inlet': 'H', 'outlet': 'V', 'eqtime': 25.0}
Equilibration Started
08:13:33 -- ******* Equilibration Started *******
checking ownership. requestor=129.138.12.137
check software interlocks V
interlocks []
actuate state mode=None-script, software_lock=False
doing actuation None-script close_channel True
Close V ===>> OK
set states for children of V. state=False
handle state [('V', False)]
update switch state V False args=() kw={'refresh': False} ncanvase=4
refresh_canvas_needed fired
GetIndicatorState V ===>> False
change switch state (True, True)
update switch state V False args=() kw={} ncanvase=4
08:13:33 -- CLOSE  VALVE-V (Felix Ion Pump)
waiting 3s before opening inlet value ('H',)
checking ownership. requestor=129.138.12.137
check software interlocks H
interlocks []
actuate state mode=None-script, software_lock=False
doing actuation None-script open_channel True
Open H ===>> OK
GetIndicatorState H ===>> OK
change switch state (True, True)
update switch state H True args=() kw={} ncanvase=4
08:13:36 -- OPEN   VALVE-H (Felix Inlet)
set_time_zero () {}
equilibrating for 25.0sec
sniff (25.0,) {}
py_sniff
build tables- sniff [Detector(H2), Detector(H1), Detector(AX), Detector(L1), Detector(L2(CDD))]
add group /sniff/Ar40 (Group) u'' table H2
add group /sniff/Ar39 (Group) u'' table H1
add group /sniff/Ar38 (Group) u'' table AX
add group /sniff/Ar37 (Group) u'' table L1
add group /sniff/Ar36 (Group) u'' table L2(CDD)
flush and close file /Users/obama/PychronDev/data/isotopes/a3/198a41-bb30-456d-8b9c-80ac2cd463de.h5
measuring sniff. ncounts=25.0
"sniff" increment series count="1" fit count="0" regressing="False"
starting measurement
GetData ===>> L2(CDD),0.00110071301372752,H2,0.209871364246586,H1,-0.187869554116503,AX,-0.14788346856731,L1,0....
GetData ===>> L2(CDD),0.181936127377742,H2,29.1165547352146,H1,0.187333997404739,AX,0.0936000105419443,L1,-0.11...
GetData ===>> L2(CDD),0.368755303805252,H2,98.8453613125929,H1,0.650420267353754,AX,0.0434866330322655,L1,0.065...
GetData ===>> L2(CDD),0.309626433187645,H2,100.769620722142,H1,0.433680179821141,AX,-0.088263551516183,L1,-0.10...
GetData ===>> L2(CDD),0.263393279459786,H2,86.5679951287212,H1,0.459548453826146,AX,-0.061548044201846,L1,-0.19...
GetData ===>> L2(CDD),0.222979008603507,H2,74.2623338951577,H1,0.439313655975125,AX,-0.0386156867493632,L1,-0.0...
GetData ===>> L2(CDD),0.202221638288674,H2,65.1823533804176,H1,0.25607009533533,AX,-0.132290923864868,L1,-0.249...
GetData ===>> L2(CDD),0.186810930965054,H2,59.3018016892001,H1,0.558084187400996,AX,-0.143068150843436,L1,-0.17...
GetData ===>> L2(CDD),0.172815542600521,H2,55.126026737746,H1,0.404248675964647,AX,0.0155068434666739,L1,-0.108...
GetData ===>> L2(CDD),0.174073553094172,H2,52.3030374563809,H1,0.481393314224897,AX,0.0372943144309934,L1,-0.09...
GetData ===>> L2(CDD),0.166525495891097,H2,50.4278502786379,H1,0.310096887249232,AX,-0.0748485611452536,L1,-0.1...
GetData ===>> L2(CDD),0.162594221571711,H2,49.0324723137227,H1,0.0643568785332203,AX,-0.0182054290191988,L1,-0....
GetData ===>> L2(CDD),0.163223225210865,H2,48.4511506661166,H1,0.11377570570284,AX,-0.344946871927094,L1,-0.132...
GetData ===>> L2(CDD),0.166368244846336,H2,47.75140764174,H1,0.14802558747982,AX,-0.107984394428757,L1,-0.15915...
GetData ===>> L2(CDD),0.163065974292078,H2,47.1433631115681,H1,0.395051515125642,AX,-0.0157974487182519,L1,-0.3...
GetData ===>> L2(CDD),0.162279719788127,H2,46.9730123754653,H1,0.493005783457865,AX,-0.18950056772781,L1,-0.128...
GetData ===>> L2(CDD),0.153316429042889,H2,46.8933979647732,H1,0.153427525490149,AX,-0.0531777970578156,L1,-0.2...
GetData ===>> L2(CDD),0.157090443823272,H2,46.9047369621286,H1,0.178138904201572,AX,-0.0468713983831519,L1,-0.4...
GetData ===>> L2(CDD),0.154417182996908,H2,46.7133041560156,H1,0.231931442803302,AX,0.0168828796724727,L1,-0.20...
set states for children of O. state=True
handle state [('O', True)]
update switch state O True args=() kw={'refresh': False} ncanvase=4
refresh_canvas_needed fired
GetData ===>> L2(CDD),0.164795734728662,H2,46.8511464102794,H1,0.361022782322673,AX,-0.142380246344456,L1,-0.16...
GetData ===>> L2(CDD),0.148284414710584,H2,46.7907560399603,H1,0.275266502533775,AX,0.0472708473464657,L1,-0.22...
GetData ===>> L2(CDD),0.155675187875713,H2,46.6751174502939,H1,0.262277275038042,AX,-0.0143067912272652,L1,-0.2...
GetData ===>> L2(CDD),0.158033948058256,H2,46.8556818024844,H1,0.272392764570615,AX,0.0711232073013279,L1,-0.13...
GetData ===>> L2(CDD),0.164638483749888,H2,46.5974358648491,H1,0.207678452590886,AX,-0.188010179272059,L1,-0.14...
Equilibration Finished
08:14:01 -- ******* Equilibration Finished *******
checking ownership. requestor=129.138.12.137
check software interlocks H
interlocks []
actuate state mode=None-script, software_lock=False
doing actuation None-script close_channel True
Close H ===>> OK
GetIndicatorState H ===>> False
change switch state (True, True)
update switch state H False args=() kw={} ncanvase=4
08:14:01 -- CLOSE  VALVE-H (Felix Inlet)
Post Equilibration Started felix_pump_extraction_line.py
08:14:01 -- ******* Post Equilibration Started felix_pump_extraction_line.py *******
testing...
no interpolation path defined
calculate duration
testing...
no interpolation path defined
executed snippet estimated_duration=4.0, duration=0.000247001647949
executed snippet estimated_duration=4.0, duration=0.00766706466675
Pump after analysis
doing GOSUB
testing...
no interpolation path defined
executed snippet estimated_duration=4.0, duration=0.000259160995483
Pump Bone
close () {'description': 'Felix Inlet'}
closing name=--- desc=Felix Inlet
checking ownership. requestor=129.138.12.137
check software interlocks H
interlocks []
actuate state mode=None-script, software_lock=False
doing actuation None-script close_channel False
Close H ===>> OK
GetIndicatorState H ===>> False
change switch state (True, True)
update switch state H False args=() kw={} ncanvase=4
08:14:01 -- CLOSE  VALVE-H (Felix Inlet)
---------------------------------------- close None (Felix Inlet) result=[(True, True)]
action=close, ok=True, locked=[False]
is_closed ('A',) {}
is A () closed?
is closed False
close () {'description': 'CO2 Laser to Bone'}
closing name=--- desc=CO2 Laser to Bone
checking ownership. requestor=129.138.12.137
check software interlocks F
interlocks []
actuate state mode=None-script, software_lock=True
VALVE-F(CO2 Laser to Bone) software locked
change switch state (True, False)
---------------------------------------- close None (CO2 Laser to Bone) result=[(True, False)]
action=close, ok=True, locked=[True]
sleep (1,) {}
SLEEP 1.0
08:14:02 -- collecting point 25
GetData ===>> L2(CDD),0.150014168944459,H2,46.5648615093435,H1,0.352860663394979,AX,-0.0265759803341473,L1,-0.2...
close () {'description': 'CO2 Laser to Roughing'}
closing name=--- desc=CO2 Laser to Roughing
checking ownership. requestor=129.138.12.137
check software interlocks G
interlocks []
actuate state mode=None-script, software_lock=True
VALVE-G(CO2 Laser to Roughing) software locked
change switch state (True, False)
---------------------------------------- close None (CO2 Laser to Roughing) result=[(True, False)]
action=close, ok=True, locked=[True]
open () {'description': 'Bone to Turbo'}
opening name=--- desc=Bone to Turbo
checking ownership. requestor=129.138.12.137
check software interlocks C
interlocks []
actuate state mode=None-script, software_lock=False
doing actuation None-script open_channel True
measurement finished
estimated time: 26.214 actual time: :26.331
flush and close file /Users/obama/PychronDev/data/isotopes/a3/198a41-bb30-456d-8b9c-80ac2cd463de.h5
set_fits () {}
Open C ===>> OK
using default fits file=/Users/obama/PychronDev/scripts/measurement/fits/nominal.yaml
set "Ar40" to "('Parabolic', 'SEM')"
set "Ar36" to "('Parabolic', 'SEM')"
set "Ar37" to "('linear', 'SEM')"
set "Ar38" to "('linear', 'SEM')"
set "Ar39" to "('Parabolic', 'SEM')"
set_baseline_fits () {}
GetIndicatorState C ===>> OK
using default fits file=/Users/obama/PychronDev/scripts/measurement/fits/nominal.yaml
change switch state (True, True)
update switch state C True args=() kw={} ncanvase=4
set "H2" to "('average', 'SEM')"
set "L2(CDD)" to "('average', 'SEM')"
set "L1" to "('average', 'SEM')"
set "AX" to "('average', 'SEM')"
set "H1" to "('average', 'SEM')"
multicollect () {'integration_time': 1.048576, 'ncounts': 400}
build tables- signal [Detector(H2), Detector(H1), Detector(AX), Detector(L1), Detector(L2(CDD))]
add group /signal/Ar40 (Group) u'' table H2
08:14:03 -- OPEN   VALVE-C (Bone to Turbo)
add group /signal/Ar39 (Group) u'' table H1
---------------------------------------- open None (Bone to Turbo) result=[(True, True)], time=0.37 sec
add group /signal/Ar38 (Group) u'' table AX
add group /signal/Ar37 (Group) u'' table L1
add group /signal/Ar36 (Group) u'' table L2(CDD)
flush and close file /Users/obama/PychronDev/data/isotopes/a3/198a41-bb30-456d-8b9c-80ac2cd463de.h5
measuring signal. ncounts=400
"signal" increment series count="2" fit count="1" regressing="True"
action=open, ok=True, locked=[False]
open () {'description': 'Bone to Getter GP-50'}
opening name=--- desc=Bone to Getter GP-50
checking ownership. requestor=129.138.12.137
check software interlocks N
interlocks []
actuate state mode=None-script, software_lock=False
doing actuation None-script open_channel False
Open N ===>> OK
GetIndicatorState N ===>> OK
change switch state (True, True)
update switch state N True args=() kw={} ncanvase=4
08:14:03 -- OPEN   VALVE-N (Bone to Getter GP-50)
---------------------------------------- open None (Bone to Getter GP-50) result=[(True, True)], time=0.16 sec
starting measurement
GetData ===>> L2(CDD),0.157404945210938,H2,46.7815665202168,H1,0.173541390466167,AX,-0.027607961071522,L1,-0.17...
action=open, ok=True, locked=[False]
open () {'description': 'Bone to Diode Laser'}
opening name=--- desc=Bone to Diode Laser
checking ownership. requestor=129.138.12.137
check software interlocks B
interlocks []
actuate state mode=None-script, software_lock=False
doing actuation None-script open_channel True
Open B ===>> OK
GetIndicatorState B ===>> OK
change switch state (True, True)
update switch state B True args=() kw={} ncanvase=4
08:14:04 -- OPEN   VALVE-B (Bone to Diode Laser)
---------------------------------------- open None (Bone to Diode Laser) result=[(True, True)], time=0.23 sec
action=open, ok=True, locked=[False]
open () {'description': 'Bone to CO2 Laser'}
opening name=--- desc=Bone to CO2 Laser
checking ownership. requestor=129.138.12.137
check software interlocks D
interlocks []
actuate state mode=None-script, software_lock=False
doing actuation None-script open_channel True
Open D ===>> OK
GetIndicatorState D ===>> OK
change switch state (True, True)
update switch state D True args=() kw={} ncanvase=4
08:14:04 -- OPEN   VALVE-D (Bone to CO2 Laser)
---------------------------------------- open None (Bone to CO2 Laser) result=[(True, True)], time=0.22 sec
action=open, ok=True, locked=[False]
sleep (1,) {}
SLEEP 1.0
GetData ===>> L2(CDD),0.161650716292944,H2,46.679413381998,H1,0.295842716416387,AX,-0.0532924584695821,L1,-0.33...
set_resource () {'name': 'CO2PumpTimeFlag', 'value': 30}
Set CO2PumpTimeFlag 30 ===>> OK
release ('FelixCO2Flag',) {}
release FelixCO2Flag
Set FelixCO2Flag 0 ===>> OK
executed snippet estimated_duration=6.0, duration=4.41271996498
PumpBone.py completed successfully
gosub finished
get_resource_value () {'name': 'FelixMiniboneFlag'}
Read FelixMiniboneFlag ===>> 0
Get Resource Value FelixMiniboneFlag=0.0
executed snippet estimated_duration=4.0, duration=4.42123413086
felix_pump_extraction_line.py completed successfully
Post Equilibration Finished
08:14:06 -- ******* Post Equilibration Finished *******
GetData ===>> L2(CDD),0.159606455596462,H2,46.6331137557184,H1,0.23928792054156,AX,-0.117042088008243,L1,-0.104...
GetData ===>> L2(CDD),0.149856918529568,H2,46.8599785087813,H1,0.111936820272738,AX,-0.204518968730682,L1,-0.06...
GetData ===>> L2(CDD),0.160078207974899,H2,46.6162889063339,H1,0.384934739464414,AX,-0.186405142968574,L1,-0.01...
GetData ===>> L2(CDD),0.156146939804244,H2,46.4852795370295,H1,0.362632222374589,AX,-0.0351757859997572,L1,-0.5...
GetData ===>> L2(CDD),0.157090443823272,H2,46.7470767371917,H1,0.166070477376208,AX,-0.235013626721559,L1,-0.23...
GetData ===>> L2(CDD),0.151743923904182,H2,46.2658951279792,H1,0.257909255528046,AX,-0.0360930940684911,L1,-0.0...
GetData ===>> L2(CDD),0.1577194466226,H2,46.3832759129665,H1,0.271703068732884,AX,-0.128736705524386,L1,-0.3008...
GetData ===>> L2(CDD),0.152215675382807,H2,46.4004547430741,H1,0.299291286821376,AX,0.00518663463307723,L1,-0.1...
GetData ===>> L2(CDD),0.165581989712515,H2,46.5216693092966,H1,0.238483303056747,AX,0.240973687795766,L1,-0.324...
GetData ===>> L2(CDD),0.161807967157742,H2,46.5757195101137,H1,0.334812279380458,AX,-0.012586798945237,L1,0.017...
GetData ===>> L2(CDD),0.159920957176088,H2,46.9296832081798,H1,0.352860663394979,AX,0.0715819123245055,L1,-0.20...
GetData ===>> L2(CDD),0.159763706383276,H2,46.6932559539569,H1,0.532673192849932,AX,-0.060172118164236,L1,-0.31...
GetDeflection L2 (CDD) ===>> 0
testing L2_CDD_==3250
evaluate ot="L2(CDD).deflection==3250" t="L2_CDD_==3250", ctx="{'L2_CDD_': 0.0}"
GetData ===>> L2(CDD),0.153316429042889,H2,46.712349470626,H1,0.240207484203437,AX,0.127889614434402,L1,-0.1663...
GetData ===>> L2(CDD),0.154102681837195,H2,46.7571013267707,H1,0.149979476460007,AX,-0.129997881276705,L1,0.037...
GetData ===>> L2(CDD),0.155832438512558,H2,46.4654745117715,H1,0.313200645916216,AX,-0.216671091114508,L1,-0.04...
GetData ===>> L2(CDD),0.143095156364035,H2,46.8301406510664,H1,0.290210077931307,AX,-0.0855117738647821,L1,-0.2...
GetData ===>> L2(CDD),0.159763706383276,H2,46.4957787454303,H1,-0.00516997534808421,AX,0.00140258578830436,L1,-...
GetData ===>> L2(CDD),0.159763706383276,H2,46.9136888928232,H1,0.0763091069482391,AX,0.00667732462644512,L1,-0....
GetData ===>> L2(CDD),0.156146939804244,H2,46.7137814990513,H1,0.69043914615653,AX,-0.100073174592409,L1,-0.171...
GetData ===>> L2(CDD),0.153316429042889,H2,46.8217862101993,H1,0.325270913431332,AX,-0.013733460808121,L1,-0.24...
GetData ===>> L2(CDD),0.159763706383276,H2,46.747196076954,H1,0.124809091895892,AX,0.0650453863823268,L1,-0.142...
GetData ===>> L2(CDD),0.162751472472502,H2,46.2526548664887,H1,0.255265463853523,AX,0.00805334820838716,L1,-0.1...
GetDeflection L2 (CDD) ===>> 0
testing L2_CDD_==3250
evaluate ot="L2(CDD).deflection==3250" t="L2_CDD_==3250", ctx="{'L2_CDD_': 0.0}"
08:14:29 -- collecting point 25
GetData ===>> L2(CDD),0.150643170664013,H2,46.5252487025929,H1,0.109638218414448,AX,-0.0207280685867585,L1,-0.2...
GetData ===>> L2(CDD),0.157876697337428,H2,46.4335009603049,H1,0.540836833068376,AX,0.148876830849993,L1,-0.024...
GetData ===>> L2(CDD),0.165424738703747,H2,46.7455253215802,H1,0.026547438874301,AX,-0.330045290900738,L1,-0.17...
GetData ===>> L2(CDD),0.163223225210865,H2,46.7562659404734,H1,0.17032314388795,AX,-0.27020738791314,L1,-0.3730...
GetData ===>> L2(CDD),0.150800421108898,H2,46.4991194257346,H1,0.349296942984353,AX,-0.153157360333884,L1,-0.30...
GetData ===>> L2(CDD),0.155989689155402,H2,46.7505375960624,H1,0.468286338635599,AX,-0.223434941812167,L1,-0.23...
GetData ===>> L2(CDD),0.14922791692999,H2,46.4874270934284,H1,0.0869972827828932,AX,0.0575915074663809,L1,-0.11...
GetData ===>> L2(CDD),0.153159178502024,H2,46.6570986041753,H1,0.415975183187996,AX,-0.150864367464687,L1,-0.04...
GetData ===>> L2(CDD),0.159920957176088,H2,46.5307371304957,H1,0.0652762754615364,AX,0.0772010666020602,L1,-0.1...
GetData ===>> L2(CDD),0.1577194466226,H2,46.7227317231001,H1,0.381600825270509,AX,-0.126329001770667,L1,0.00803...
GetDeflection L2 (CDD) ===>> 0
testing L2_CDD_==3250
evaluate ot="L2(CDD).deflection==3250" t="L2_CDD_==3250", ctx="{'L2_CDD_': 0.0}"
GetData ===>> L2(CDD),0.159134703272013,H2,46.7846694655066,H1,0.530603548558286,AX,-0.186061206269685,L1,-0.21...
GetData ===>> L2(CDD),0.154574433585763,H2,46.7002966458611,H1,0.208368102657842,AX,-0.0257733278846022,L1,-0.1...
GetData ===>> L2(CDD),0.144353157787568,H2,46.3492770139074,H1,0.00172502598536177,AX,-0.163246464048612,L1,-0....
GetData ===>> L2(CDD),0.148913416166193,H2,46.5466060151755,H1,0.276416000115714,AX,-0.16255857397369,L1,-0.176...
GetData ===>> L2(CDD),0.155360686620019,H2,46.5680831016843,H1,0.320097923147932,AX,0.087407369505919,L1,-0.220...
GetData ===>> L2(CDD),0.153945431266336,H2,46.5437424384432,H1,0.49438549206174,AX,-0.00937613846098686,L1,-0.2...
GetData ===>> L2(CDD),0.161965218028538,H2,46.7124688062503,H1,0.266875211677449,AX,0.105067969526834,L1,-0.192...
GetData ===>> L2(CDD),0.152058424883933,H2,46.656621288156,H1,0.364011744555191,AX,-0.0274932966000743,L1,0.121...
GetData ===>> L2(CDD),0.154888934781469,H2,46.6281020688954,H1,0.0597599070372538,AX,0.156216730394019,L1,-0.18...
GetData ===>> L2(CDD),0.155203436001171,H2,46.5037725347306,H1,0.149634672234669,AX,0.0255978213312934,L1,-0.30...
GetDeflection L2 (CDD) ===>> 0
testing L2_CDD_==3250
evaluate ot="L2(CDD).deflection==3250" t="L2_CDD_==3250", ctx="{'L2_CDD_': 0.0}"
GetData ===>> L2(CDD),0.157247694514106,H2,46.7582947369756,H1,0.392062456730258,AX,-0.124265250901842,L1,-0.19...
GetData ===>> L2(CDD),0.161178963734544,H2,46.4400626133536,H1,0.294233387779334,AX,0.0790358995941183,L1,-0.08...
GetData ===>> L2(CDD),0.16338047613565,H2,46.46153741487,H1,0.453799888554328,AX,-0.0856264314241627,L1,-0.0276...
GetData ===>> L2(CDD),0.155203436001171,H2,46.5942141780784,H1,0.303889399870381,AX,-0.211168262254119,L1,0.085...
GetData ===>> L2(CDD),0.149542417717781,H2,46.8269182156189,H1,0.097685577042262,AX,-0.146393015656283,L1,-0.10...
08:14:55 -- collecting point 50
GetData ===>> L2(CDD),0.158977452509194,H2,46.6312045387336,H1,0.32848967693961,AX,0.130642010186304,L1,-0.1090...
GetData ===>> L2(CDD),0.15017141936535,H2,46.6987453027156,H1,0.46805639328468,AX,-0.210824334405779,L1,-0.3289...
GetData ===>> L2(CDD),0.161336214581345,H2,46.6526834396786,H1,0.301360434981782,AX,0.0136721315855038,L1,-0.05...
GetData ===>> L2(CDD),0.153630930142615,H2,46.4821775192505,H1,0.161817829611964,AX,-0.185946560675675,L1,-0.34...
GetData ===>> L2(CDD),0.162279719788127,H2,46.7218963654709,H1,0.0811360104029235,AX,0.0948614793416706,L1,-0.2...
GetDeflection L2 (CDD) ===>> 0
testing L2_CDD_==3250
evaluate ot="L2(CDD).deflection==3250" t="L2_CDD_==3250", ctx="{'L2_CDD_': 0.0}"
GetData ===>> L2(CDD),0.156461441119925,H2,46.6680769354054,H1,0.243540909824186,AX,-0.110965416916869,L1,-0.02...
GetData ===>> L2(CDD),0.159449204815647,H2,46.2945233189361,H1,0.353550417252942,AX,-0.113143850588301,L1,-0.44...
GetData ===>> L2(CDD),0.162908723379291,H2,46.575480871469,H1,0.221471547604726,AX,-0.0201547419928571,L1,-0.01...
GetData ===>> L2(CDD),0.16338047613565,H2,46.3746866084327,H1,0.0205716144311738,AX,0.0941734052455992,L1,-0.17...
GetData ===>> L2(CDD),0.161650716292944,H2,46.6325171250197,H1,0.208368102657842,AX,-0.022218716132071,L1,-0.28...
GetData ===>> L2(CDD),0.157090443823272,H2,46.6650936813153,H1,0.400684765735296,AX,-0.166915202811233,L1,0.025...
GetData ===>> L2(CDD),0.163065974292078,H2,46.8110448886261,H1,0.424482738422683,AX,-0.219422493744647,L1,-0.21...
GetData ===>> L2(CDD),0.157876697337428,H2,46.4919608387295,H1,0.151128824767243,AX,-0.0976653991248992,L1,-0.1...
set states for children of U. state=False
handle state [('U', False)]
update switch state U False args=() kw={'refresh': False} ncanvase=4
refresh_canvas_needed fired
GetData ===>> L2(CDD),0.156146939804244,H2,46.5337199843637,H1,0.296187572902182,AX,-0.181360725729813,L1,-0.26...
GetData ===>> L2(CDD),0.1577194466226,H2,46.7115141216574,H1,0.324926046549232,AX,0.203239289758795,L1,-0.11357...
GetDeflection L2 (CDD) ===>> 0
testing L2_CDD_==3250
evaluate ot="L2(CDD).deflection==3250" t="L2_CDD_==3250", ctx="{'L2_CDD_': 0.0}"
GetData ===>> L2(CDD),0.156775942459601,H2,46.6505355288535,H1,0.0417170056467906,AX,-0.210365763749544,L1,-0.1...
GetData ===>> L2(CDD),0.154259932414052,H2,46.5949301075762,H1,0.220896831374966,AX,-0.115207625306867,L1,-0.20...
GetData ===>> L2(CDD),0.153788180701476,H2,46.4907677458708,H1,0.323776491166654,AX,0.163671373161235,L1,-0.364...
GetData ===>> L2(CDD),0.148756165793292,H2,46.525606642626,H1,0.402409236783266,AX,0.0126401076898669,L1,-0.162...
GetData ===>> L2(CDD),0.160078207974899,H2,46.1701159230056,H1,0.11687883281455,AX,-0.157514031732116,L1,-0.013...
65407-01B   Al-1   NM-288 C:1 set to terminate after 40 counts
08:15:16 -- user termination. measurement iteration executed 69/400 counts
state changed from measurement to truncated
measurement finished
estimated time: 419.430 actual time: :72.578
flush and close file /Users/obama/PychronDev/data/isotopes/a3/198a41-bb30-456d-8b9c-80ac2cd463de.h5
baselines () {'settling_time': 15.0, 'detector': 'H2', 'mass': 39.862, 'ncounts': 120}
%%%%%%%%%%%%%%%%%%%%%%%%%%%%%%%% Baseline
build tables- baseline [Detector(H2), Detector(H1), Detector(AX), Detector(L1), Detector(L2(CDD))]
add group baseline table H2
add group baseline table H1
add group baseline table AX
add group baseline table L1
add group baseline table L2(CDD)
flush and close file /Users/obama/PychronDev/data/isotopes/a3/198a41-bb30-456d-8b9c-80ac2cd463de.h5
detector Detector(H2)
POSITION 39.862 H2
Mapping mass to dac mass func: "parabolic"
H2 map mass coeffs = [ -2.38925034e-04   8.80081338e-02   3.57505459e-01]
H2 map mass to dac 39.862 >> 3.48603881693
GetHighVoltage ===>> 9000
positioning 39.862 (3.48603881693) on H2
setting magnet DAC
current  : 3.492960
requested: 3.486039
Delta Dac: 0.006921
Checking detector protection. dv=0.00692
SetMagnetDAC 3.48603881693 ===>> OK
Magnet settling time: 0.500
Delaying 15.0s for detectors to settle
Join finished
measuring baseline. ncounts=120
"baseline" increment series count="2" fit count="1" regressing="True"
starting measurement
GetData ===>> L2(CDD),0,H2,-0.0863136978506729,H1,-0.114908778435453,AX,0.0250244674815221,L1,-0.18130266335531...
GetData ===>> L2(CDD),0,H2,-0.0940056214558229,H1,-0.0875614279483106,AX,-0.125755738084463,L1,-0.2396774424675...
GetData ===>> L2(CDD),0,H2,0.159160356832082,H1,-0.0852632959527426,AX,-0.110621453255127,L1,-0.157074942894306...
GetData ===>> L2(CDD),0,H2,-0.18945036826469,H1,0.0489571102502976,AX,0.0243364433125843,L1,-0.0378888058116088...
GetData ===>> L2(CDD),0,H2,-0.0762907975382008,H1,0.0282712412659865,AX,-0.245904341813886,L1,-0.28951241354522...
GetData ===>> L2(CDD),0,H2,0.102390462831454,H1,-0.0190747447893292,AX,-0.160953495219584,L1,-0.117386319399129...
GetData ===>> L2(CDD),0,H2,0.0795435502813208,H1,-0.14076165311075,AX,-0.1815900179965,L1,-0.0457350045690868,L...
GetData ===>> L2(CDD),0,H2,0.0335016488608585,H1,0.0703329742293229,AX,-0.178150628265175,L1,-0.163304986059351...
GetData ===>> L2(CDD),0,H2,0.0421270552951268,H1,-0.0563063636683579,AX,-0.326606431738153,L1,-0.14369175165700...
GetData ===>> L2(CDD),0,H2,-0.0638203014316524,H1,0.121476076514278,AX,0.123187623233321,L1,-0.14149965959885,L...
GetData ===>> L2(CDD),0,H2,-0.0276899291005145,H1,-0.0469985936737913,AX,-0.102710255097292,L1,-0.1731114542728...
GetData ===>> L2(CDD),0,H2,0.00261399294058386,H1,-0.00241198072886103,AX,-0.298521955221536,L1,-0.300932566472...
GetData ===>> L2(CDD),0,H2,-0.131532017635402,H1,-0.121917848480297,AX,-0.0406796212969511,L1,-0.11911696190534...
GetData ===>> L2(CDD),0,H2,-0.215320233633216,H1,0.143083415371549,AX,-0.136876992650655,L1,-0.373603110821668,...
GetDeflection L2 (CDD) ===>> 0
testing L2_CDD_==3250
evaluate ot="L2(CDD).deflection==3250" t="L2_CDD_==3250", ctx="{'L2_CDD_': 0.0}"
GetData ===>> L2(CDD),0,H2,-0.159967209912976,H1,0.0735508872467963,AX,0.0461241141649672,L1,-0.137923077690987...
GetData ===>> L2(CDD),0,H2,-0.212989643178309,H1,-0.281159387484007,AX,-0.0896394373915224,L1,-0.11104060374545...
GetData ===>> L2(CDD),0,H2,-0.00740971595700106,H1,-0.0104561096603397,AX,-0.144214657248608,L1,-0.239792804158...
GetData ===>> L2(CDD),0,H2,-0.0309533723988827,H1,-0.0851483892093072,AX,-0.295770778747709,L1,-0.1034256900634...
GetData ===>> L2(CDD),0,H2,-0.102396741853978,H1,-0.1675330107904,AX,-0.266080498821097,L1,-0.00708032222047144...
GetData ===>> L2(CDD),0,H2,-0.0762907975382008,H1,0.0695284976521665,AX,-0.0569616164267061,L1,-0.3007018576454...
65407-01B   Al-1   NM-288 C:1 set to terminate after 30 counts
GetData ===>> L2(CDD),0,H2,-0.0471538761525043,H1,0.0395334927019525,AX,-0.141119086819177,L1,-0.16192053548690...
GetData ===>> L2(CDD),0,H2,-0.0320023340038634,H1,-0.0622816748459561,AX,-0.20600933161856,L1,-0.00938810776379...
GetData ===>> L2(CDD),0,H2,-0.0382960800100399,H1,-0.148459930789515,AX,0.0308726927784916,L1,-0.38571433789445...
GetData ===>> L2(CDD),0,H2,-0.13840781613983,H1,-0.13777424522476,AX,-0.344602991889159,L1,-0.159959227120921,L...
GetDeflection L2 (CDD) ===>> 0
testing L2_CDD_==3250
evaluate ot="L2(CDD).deflection==3250" t="L2_CDD_==3250", ctx="{'L2_CDD_': 0.0}"
08:15:51 -- collecting point 25
GetData ===>> L2(CDD),0,H2,-0.123374227900425,H1,-0.0109157721445922,AX,-0.261953592030308,L1,-0.1893784354541,...
GetData ===>> L2(CDD),0,H2,0.0133371440881622,H1,-0.182124811321015,AX,0.0247951260370202,L1,-0.236793395713656...
GetData ===>> L2(CDD),0,H2,-0.0533309759861237,H1,-0.0337837042168487,AX,-0.42690144274029,L1,-0.07769606898373...
GetData ===>> L2(CDD),0,H2,0.0254591086829515,H1,-0.170175636704545,AX,0.00277860182876036,L1,-0.18695571089756...
GetData ===>> L2(CDD),0,H2,0.0110060142734677,H1,-0.00896220507384134,AX,0.0995633321612068,L1,-0.4902106322034...
GetData ===>> L2(CDD),0,H2,0.00552788107638463,H1,-0.234860265532613,AX,-0.120481696147722,L1,-0.24913705551913...
08:15:57 -- user termination. measurement iteration executed 30/120 counts
measurement finished
estimated time: 125.829 actual time: :31.588
flush and close file /Users/obama/PychronDev/data/isotopes/a3/198a41-bb30-456d-8b9c-80ac2cd463de.h5
activate_detectors ('H1', 'L2(CDD)') {'peak_center': True}
peak_center () {'detector': 'H2', 'integration_time': 1.048576, 'isotope': 'Ar40'}
peak center: mean=46.5645289463 threshold=100.0
Skipping peak center. intensities to small. 46.5645289463<100.0
finished measure script
executed snippet estimated_duration=650.242112, duration=146.046065092
felix_analysis400_120.py completed successfully
Measurement Finished
08:15:57 -- ******* Measurement Finished *******
Post Measurement Started felix_pump_ms.py
08:15:57 -- ******* Post Measurement Started felix_pump_ms.py *******
testing...
no interpolation path defined
executed snippet estimated_duration=0, duration=4.29153442383e-05
Pumping spectrometer
open () {'name': 'V'}
opening name=V desc=---
checking ownership. requestor=129.138.12.137
check software interlocks V
interlocks []
actuate state mode=None-script, software_lock=False
doing actuation None-script open_channel True
Open V ===>> OK
GetIndicatorState V ===>> OK
change switch state (True, True)
update switch state V True args=() kw={} ncanvase=4
08:15:57 -- OPEN   VALVE-V (Felix Ion Pump)
---------------------------------------- open V () result=[(True, True)], time=0.11 sec
action=open, ok=True, locked=[False]
executed snippet estimated_duration=0, duration=0.362643003464
felix_pump_ms.py completed successfully
setting _ms_pumptime
Post Measurement Finished
08:15:58 -- ******* Post Measurement Finished *******
$$$$$$$$$$$$$$$$$$$$ state at run end truncated
post measurement save measured=True aborted=False
Set filtering
setting fod for Ar40= {'filter_outliers': True, 'std_devs': 2, 'iterations': 2}
setting fod for H2= {'filter_outliers': True, 'std_devs': 2, 'iterations': 1}
setting fod for Ar36= {'filter_outliers': True, 'std_devs': 2, 'iterations': 2}
setting fod for L2(CDD)= {'filter_outliers': True, 'std_devs': 2, 'iterations': 1}
setting fod for Ar37= {'filter_outliers': True, 'std_devs': 2, 'iterations': 2}
setting fod for L1= {'filter_outliers': True, 'std_devs': 2, 'iterations': 1}
setting fod for Ar38= {'filter_outliers': True, 'std_devs': 2, 'iterations': 2}
setting fod for AX= {'filter_outliers': True, 'std_devs': 2, 'iterations': 1}
setting fod for Ar39= {'filter_outliers': True, 'std_devs': 2, 'iterations': 2}
setting fod for H1= {'filter_outliers': True, 'std_devs': 2, 'iterations': 1}
persistence save...
persistence save - db
post measurement save
4706837904 connecting to database sqlite:////Users/obama/PychronDev/.appdata/local_lab.db
connected to db sqlite:////Users/obama/PychronDev/.appdata/local_lab.db
create new session 4706837904
close session 4706837904
No database instance. Not saving post measurement to isotopedb database
$$$$$$$$$$$$$$$ auto_save_detector_ic=False
massspec enabled True
create new session 4821576496
MassSpec Database Version: 16.0
close session 4821576496
saving post measurement to secondary database
saving to massspec database 129.138.12.160/massspecdata
setting labnumber to 65407
setting aliquot to 1
setting step to B
setting uuid to a3198a41-bb30-456d-8b9c-80ac2cd463de
setting irradpos to 65407
setting extract_device to Fusions Diode
setting tray to 
setting position to 19
setting power_requested to 0.8
setting extract_value to 0.8
setting duration to 40.0
setting duration_at_request to 40.0
setting first_stage_delay to 40.0
setting cleanup to 60.0
setting comment to C:1 Alunite, 7.75 mg
setting irradiation to NM-288
setting level to C
setting irradiation_level to C
setting sample to Al-1
setting material to 
setting project to 
setting mass_spectrometer to Felix
no attribute chron_dosages
no attribute production_ratios
no attribute interference_corrections
no attribute production_name
no attribute j
Reference Isotope=Ar40
Reference Detector=H2
%%%%%%%%%%%%%%%%%%%% Comment: C:1 Alunite, 7.75 mg %%%%%%%%%%%%%%%%%%%
adding isotope Ar40 H2
add baseline dbdet= Ar40. original det= H2
get baseline data Ar40 H2
Get data baseline <pychron.processing.isotope.Baseline object at 0x126c9aa90> len t=30
baseline Ar40. v=-0.0548789275728, e=0.0152993249637
get signal data Ar40 H2
Get data signal Ar40 46.74+/-0.17 len t=69
adding isotope Ar39 H1
add baseline dbdet= Ar39. original det= H1
get baseline data Ar39 H1
Get data baseline <pychron.processing.isotope.Baseline object at 0x126c9a850> len t=30
baseline Ar39. v=-0.0459636809334, e=0.0179434229068
get signal data Ar39 H1
Get data signal Ar39 0.25+/-0.16 len t=69
adding isotope Ar38 AX
add baseline dbdet= Ar38. original det= AX
get baseline data Ar38 AX
Get data baseline <pychron.processing.isotope.Baseline object at 0x126c9abd0> len t=30
baseline Ar38. v=-0.119259386786, e=0.0242628334118
get signal data Ar38 AX
Get data signal Ar38 0.06+/-0.05 len t=69
adding isotope Ar37 L1
add baseline dbdet= Ar37. original det= L1
get baseline data Ar37 L1
Get data baseline <pychron.processing.isotope.Baseline object at 0x126c9ad90> len t=30
baseline Ar37. v=-0.173818803903, e=0.0181419921038
get signal data Ar37 L1
Get data signal Ar37 0.01+/-0.04 len t=69
adding isotope Ar36 L2(CDD)
add baseline dbdet= Ar36. original det= L2(CDD)
get baseline data Ar36 L2(CDD)
Get data baseline <pychron.processing.isotope.Baseline object at 0x126c9af50> len t=30
baseline Ar36. v=0.0, e=0.0
get signal data Ar36 L2(CDD)
Get data signal Ar36 0.159+/-0.005 len t=69
65407-01B added analysis time 0.615307092667s
analysis added to mass spec database
mass spec save time= 0.628
persistence save - dvc
================= post measurement started
create new session 4671971248
close session 4671971248
---------------- Experiment Queue saving disabled
DVC saving peakcenter
Smart pull ahead: 0 behind: 0
Up-to-date with origin
add to repo msg=modified - 1e2ad98a77a0f8b97e0df49be2474708cb221738.json
add to repo msg=modified - 07-01B.json
add to repo msg=modified - 07-01B.dat.json
add to repo msg=modified - 07-01B.blan.json
add to repo msg=modified - 07-01B.inte.json
add to repo msg=modified - 07-01B.icfa.json
add to repo msg=modified - 07-01B.base.json
not at valid file /Users/obama/PychronDev/data/.dvc/repositories/Load1790/654/tags/07-01B.tags.json
add to repo msg=modified - 07-01B.peak.json
add to repo msg=modified - 07-01B.extr.json
not at valid file /Users/obama/PychronDev/data/.dvc/repositories/Load1790/654/monitor/07-01B.moni.json
commit message=<COLLECTION>
add to repo msg=modified - 07-01B.inte.json
add to repo msg=modified - 07-01B.base.json
commit message=<ISOEVO> default collection fits
add to repo msg=modified - 07-01B.blan.json
commit message=<BLANKS> preceding 
add to repo msg=modified - 07-01B.icfa.json
commit message=<ICFactor> default
push repository <pychron.git_archive.repo_manager.GitRepoManager object at 0x1239fdad0>
pushing to remote=origin, url=https://github.com
no changes to meta repo
create new session 4671971248
add association Load1790
get identifier "65407"
setting analysis irradiation position=<pychron.dvc.dvc_orm.IrradiationPositionTbl object at 0x125b59810>
close session 4671971248
================= post measurement finished
08:16:09 -- ******* Post Run Check *******
loading queue conditionals post_run_actions
loading system conditionals post_run_actions
loading conditionals from /Users/obama/PychronDev/setupfiles/spectrometer/default_conditionals.yaml
loading queue conditionals post_run_terminations
loading system conditionals post_run_terminations
loading conditionals from /Users/obama/PychronDev/setupfiles/spectrometer/default_conditionals.yaml
Checking default post run terminations n=1
GetDeflection L2 (CDD) ===>> 0
testing L2_CDD_==3250
evaluate ot="L2(CDD).deflection==3250" t="L2_CDD_==3250", ctx="{'L2_CDD_': 0.0}"
08:16:09 -- ******* Post Run Check Passed *******
08:16:09 -- Automated run 65407-01B truncated duration: 294.449 s
----------------- finish -----------------
----------------- stop -----------------
retroactive repository identifiers disabled
finish run. runs completed=2
write rem/ex queues
/Users/obama/PychronDev/experiments/rem/Load1790_alunite_test.rem.txt
/Users/obama/PychronDev/experiments/rem/Load1790_alunite_test.ex.txt
doing event level: 3
