do run
loading script "felix_analysis400_120.py"
loading script "felix_pump_ms.py"
loading script "felix_diode.py"
loading script "felix_pump_extraction_line.py"
testing...
no interpolation path defined
executed snippet estimated_duration=624.242112, duration=0.000285863876343
script duration name:analysis400_120 seconds:624.0
loading script "felix_analysis400_120.py"
loading script "felix_pump_ms.py"
loading script "felix_diode.py"
loading script "felix_pump_extraction_line.py"
testing...
no interpolation path defined
executed snippet estimated_duration=0, duration=5.00679016113e-05
loading script "felix_analysis400_120.py"
loading script "felix_pump_ms.py"
loading script "felix_diode.py"
loading script "felix_pump_extraction_line.py"
testing...
no interpolation path defined
calculate duration
testing...
no interpolation path defined
executed snippet estimated_duration=0, duration=0.000112056732178
calculate duration
testing...
no interpolation path defined
executed snippet estimated_duration=0, duration=3.19480895996e-05
calculate duration
testing...
no interpolation path defined
executed snippet estimated_duration=42.0, duration=0.000144004821777
executed snippet estimated_duration=42.0, duration=0.00462198257446
script duration name:diode seconds:42.0
loading script "felix_analysis400_120.py"
loading script "felix_pump_ms.py"
loading script "felix_diode.py"
loading script "felix_pump_extraction_line.py"
testing...
no interpolation path defined
calculate duration
testing...
no interpolation path defined
executed snippet estimated_duration=4.0, duration=0.000877141952515
executed snippet estimated_duration=4.0, duration=0.00251483917236
Script duration 666.0
Run total estimated duration= 667.000
run duration: 0:11:07
doing event level: 2
07:49:39 -- Setting default integration. t=1.048576
setting integration time = 1.048576
SetIntegrationTime 1.048576 ===>> OK
----------------- start -----------------
**************** Experiment Type: Ar/Ar, Ar/Ar
close session 4710191760
$$$$$ Clearing conditionals
adding conditionals 
Add queue conditionals
add default conditionals
adding default conditionals from /Users/obama/PychronDev/setupfiles/spectrometer/default_conditionals.yaml
Start automated run 65411-01A
loading script "felix_analysis400_120.py"
loading script "felix_pump_ms.py"
loading script "felix_diode.py"
loading script "felix_pump_extraction_line.py"
%%%%%%%%%%%%%%%%%% setting automated run 65411-01A
No value "sensitivity_multiplier" in metadata
$$$$$$$$$$$$$$$ auto_save_detector_ic=False
============================= Pre Extraction Check =============================
loading queue conditionals pre_run_terminations
loading system conditionals pre_run_terminations
loading conditionals from /Users/obama/PychronDev/setupfiles/spectrometer/default_conditionals.yaml
07:49:39 -- ******* Pre Extraction Check *******
Get a measurement from the spectrometer
GetData ===>> L2(CDD),0.000943468279485503,H2,0.387205692851235,H1,0.0401081008925891,AX,0.0375236588539612,L1,...
Pre Extraction Termination data. keys=L2(CDD),H2,H1,AX,L1,L2, signals=0.00094,0.38721,0.04011,0.03752,-0.36161,-0.13866
07:49:39 -- testing system defined conditionals
Checking default pre extraction terminations n=2
testing L2_CDD_
evaluate ot="L2(CDD).inactive" t="L2_CDD_", ctx="{'L2_CDD_': False}"
GetDeflection L2 (CDD) ===>> 0
testing L2_CDD_==3250
evaluate ot="L2(CDD).deflection==3250" t="L2_CDD_==3250", ctx="{'L2_CDD_': 0.0}"
07:49:39 -- ******* Pre Extraction Check Passed *******
=================================================================================
07:49:39 -- stopping status monitor
stop 4818565936
Status monitor stopped
Status monitor finished
07:49:40 -- starting status monitor
start 4818565936
StatusMonitor period=1. Frequencies(state=1, checksum=3, lock=5, owner=5)
start extraction
do extraction
Analysis started at 07:49:42.238005
Extraction Started felix_diode.py
07:49:42 -- ******* Extraction Started felix_diode.py *******
state changed from not run to extraction
DO EXTRACTION <pychron.extraction_line.pyscript_runner.RemotePyScriptRunner object at 0x119e48590>
testing...
no interpolation path defined
calculate duration
testing...
no interpolation path defined
executed snippet estimated_duration=0, duration=0.000125885009766
calculate duration
testing...
no interpolation path defined
executed snippet estimated_duration=0, duration=2.71797180176e-05
calculate duration
testing...
no interpolation path defined
executed snippet estimated_duration=42.0, duration=0.000108003616333
executed snippet estimated_duration=329.0, duration=0.00518012046814
Felix unknown laser analysis
set_motor ('beam', '3.0') {}
setting motor "beam" to 3.0
set motor beam to 3.0
SetMotor beam,3.0 ===>> OK
GetMotorMoving beam ===>> False
GetMotorMoving beam ===>> False
Block completed
doing GOSUB
testing...
no interpolation path defined
executed snippet estimated_duration=0, duration=0.000144004821777
Prepare for Diode Analysis
close () {'description': 'Felix Inlet'}
closing name=--- desc=Felix Inlet
checking ownership. requestor=129.138.12.137
check software interlocks H
interlocks []
actuate state mode=None-script, software_lock=False
doing actuation None-script close_channel False
Close H ===>> OK
GetIndicatorState H ===>> False
change switch state (True, True)
update switch state H False args=() kw={} ncanvase=4
07:49:43 -- CLOSE  VALVE-H (Felix Inlet)
---------------------------------------- close None (Felix Inlet) result=[(True, True)]
action=close, ok=True, locked=[False]
open () {'description': 'Felix Ion Pump'}
opening name=--- desc=Felix Ion Pump
checking ownership. requestor=129.138.12.137
check software interlocks V
interlocks []
actuate state mode=None-script, software_lock=False
doing actuation None-script open_channel False
Open V ===>> OK
GetIndicatorState V ===>> OK
change switch state (True, True)
update switch state V True args=() kw={} ncanvase=4
07:49:43 -- OPEN   VALVE-V (Felix Ion Pump)
---------------------------------------- open None (Felix Ion Pump) result=[(True, True)], time=0.11 sec
action=open, ok=True, locked=[False]
close () {'description': 'Bone to Minibone'}
closing name=--- desc=Bone to Minibone
checking ownership. requestor=129.138.12.137
check software interlocks E
interlocks []
actuate state mode=None-script, software_lock=False
doing actuation None-script close_channel False
Close E ===>> OK
GetIndicatorState E ===>> False
change switch state (True, True)
update switch state E False args=() kw={} ncanvase=4
07:49:44 -- CLOSE  VALVE-E (Bone to Minibone)
---------------------------------------- close None (Bone to Minibone) result=[(True, True)]
action=close, ok=True, locked=[False]
open () {'description': 'Bone to Getter GP-50'}
opening name=--- desc=Bone to Getter GP-50
checking ownership. requestor=129.138.12.137
check software interlocks N
interlocks []
actuate state mode=None-script, software_lock=False
doing actuation None-script open_channel False
Open N ===>> OK
GetIndicatorState N ===>> OK
change switch state (True, True)
update switch state N True args=() kw={} ncanvase=4
07:49:44 -- OPEN   VALVE-N (Bone to Getter GP-50)
---------------------------------------- open None (Bone to Getter GP-50) result=[(True, True)], time=0.22 sec
action=open, ok=True, locked=[False]
close () {'description': 'Bone to CO2 Laser'}
closing name=--- desc=Bone to CO2 Laser
checking ownership. requestor=129.138.12.137
check software interlocks D
interlocks []
actuate state mode=None-script, software_lock=False
doing actuation None-script close_channel True
Close D ===>> OK
set states for children of D. state=False
handle state [('D', False)]
update switch state D False args=() kw={'refresh': False} ncanvase=4
GetIndicatorState D ===>> False
change switch state (True, True)
update switch state D False args=() kw={} ncanvase=4
refresh_canvas_needed fired
07:49:45 -- CLOSE  VALVE-D (Bone to CO2 Laser)
---------------------------------------- close None (Bone to CO2 Laser) result=[(True, True)]
action=close, ok=True, locked=[False]
open () {'description': 'Bone to Diode Laser'}
opening name=--- desc=Bone to Diode Laser
checking ownership. requestor=129.138.12.137
check software interlocks B
interlocks []
actuate state mode=None-script, software_lock=False
doing actuation None-script open_channel False
Open B ===>> OK
GetIndicatorState B ===>> OK
change switch state (True, True)
update switch state B True args=() kw={} ncanvase=4
07:49:46 -- OPEN   VALVE-B (Bone to Diode Laser)
---------------------------------------- open None (Bone to Diode Laser) result=[(True, True)], time=0.17 sec
action=open, ok=True, locked=[False]
executed snippet estimated_duration=0, duration=3.13790106773
PrepareForDiodeAnalysis.py completed successfully
gosub finished
doing GOSUB
testing...
no interpolation path defined
executed snippet estimated_duration=0, duration=4.41074371338e-05
Isolate coldfinger
close () {'name': 'B', 'description': 'Bone to Diode Laser'}
closing name=B desc=Bone to Diode Laser
checking ownership. requestor=129.138.12.137
check software interlocks B
interlocks []
actuate state mode=None-script, software_lock=False
doing actuation None-script close_channel True
Close B ===>> OK
GetIndicatorState B ===>> False
change switch state (True, True)
update switch state B False args=() kw={} ncanvase=4
07:49:46 -- CLOSE  VALVE-B (Bone to Diode Laser)
---------------------------------------- close B (Bone to Diode Laser) result=[(True, True)]
action=close, ok=True, locked=[False]
executed snippet estimated_duration=0, duration=0.524821996689
IsolateDiodeColdfinger.py completed successfully
gosub finished
open () {'description': 'Bone to Turbo'}
opening name=--- desc=Bone to Turbo
checking ownership. requestor=129.138.12.137
check software interlocks C
interlocks []
actuate state mode=None-script, software_lock=False
doing actuation None-script open_channel False
Open C ===>> OK
GetIndicatorState C ===>> OK
change switch state (True, True)
update switch state C True args=() kw={} ncanvase=4
07:49:47 -- OPEN   VALVE-C (Bone to Turbo)
---------------------------------------- open None (Bone to Turbo) result=[(True, True)], time=0.18 sec
action=open, ok=True, locked=[False]
Diodelaser enabled. Heating sample.
enable () {}
set extraction state FusionsDiode Enabled (False, 'red', 1.5)
enabling laser
Enable ===>> OK
move_to_position ('27',) {}
FusionsDiode move to position 27
sending GoToHole 27,True
GoToHole 27,True ===>> OK
GetDriveMoving ===>> OK
GetDriveMoving ===>> OK
GetDriveMoving ===>> OK
GetDriveMoving ===>> OK
GetDriveMoving ===>> OK
GetDriveMoving ===>> OK
GetDriveMoving ===>> OK
GetDriveMoving ===>> OK
GetDriveMoving ===>> OK
GetDriveMoving ===>> OK
GetDriveMoving ===>> False
GetDriveMoving ===>> False
Block completed
GetAutoCorrecting ===>> False
GetAutoCorrecting ===>> False
Block completed
update position
GetPosition ===>> 4.80060,-4.80060,9.00000
got position (4.8006, -4.8006, 9.0)
move to position succeeded
BEGIN INTERVAL Interval 1 waiting for 45.0
block started
set extract to 0.6 (watts)
WaitControl setup for 45.0  
extract () {}
GetPosition ===>> 4.80060,-4.80060,9.00000
set extraction state FusionsDiode ON! 0.6(watts) (0.75, 'red', 1.5)
extract sample to 0.6 (watts)
set laser output
SetLaserOutput 0.6,watts ===>> OK
sleep (2,) {}
SLEEP 2.0
block started
WaitControl setup for 2.0  
Join finished
block finished. duration 2.02705693245
executing pattern diamond_37hole_3mmbeam.lp
execute_pattern ('diamond_37hole_3mmbeam.lp',) {}
executing pattern diamond_37hole_3mmbeam.lp
IsPatterning ===>> OK
IsPatterning ===>> OK
IsPatterning ===>> OK
IsPatterning ===>> OK
IsPatterning ===>> OK
IsPatterning ===>> OK
IsPatterning ===>> OK
IsPatterning ===>> OK
IsPatterning ===>> OK
IsPatterning ===>> OK
IsPatterning ===>> OK
IsPatterning ===>> OK
IsPatterning ===>> OK
IsPatterning ===>> OK
IsPatterning ===>> OK
IsPatterning ===>> OK
IsPatterning ===>> OK
IsPatterning ===>> OK
IsPatterning ===>> OK
IsPatterning ===>> OK
IsPatterning ===>> OK
IsPatterning ===>> OK
IsPatterning ===>> OK
IsPatterning ===>> OK
IsPatterning ===>> OK
IsPatterning ===>> OK
IsPatterning ===>> OK
IsPatterning ===>> OK
IsPatterning ===>> OK
IsPatterning ===>> OK
IsPatterning ===>> OK
IsPatterning ===>> OK
IsPatterning ===>> OK
IsPatterning ===>> OK
IsPatterning ===>> OK
IsPatterning ===>> OK
IsPatterning ===>> OK
IsPatterning ===>> False
IsPatterning ===>> False
Block completed
COMPLETE INTERVAL waiting for Interval 1 to complete
Join finished
block finished. duration 45.0872251987
Interval 1 finished
Diode laser disabled.
disable () {}
%%%%%%%%%%%%%%%%%%%%%%%%%%%%%%%%%%% disable
set extraction state False (0.75, 'red', 1.5)
disabling laser
Disable ===>> OK
doing GOSUB
testing...
no interpolation path defined
executed snippet estimated_duration=42.0, duration=0.000169038772583
Equilibrate then isolate coldfinger
close () {'name': 'C', 'description': 'Bone to Turbo'}
closing name=C desc=Bone to Turbo
checking ownership. requestor=129.138.12.137
check software interlocks C
interlocks []
actuate state mode=None-script, software_lock=False
doing actuation None-script close_channel True
Close C ===>> OK
set states for children of C. state=False
handle state [('C', False)]
update switch state C False args=() kw={'refresh': False} ncanvase=4
refresh_canvas_needed fired
GetIndicatorState C ===>> False
change switch state (True, True)
update switch state C False args=() kw={} ncanvase=4
07:50:38 -- CLOSE  VALVE-C (Bone to Turbo)
---------------------------------------- close C (Bone to Turbo) result=[(True, True)]
action=close, ok=True, locked=[False]
sleep (1,) {}
SLEEP 1.0
open () {'name': 'B', 'description': 'Bone to Diode Laser'}
opening name=B desc=Bone to Diode Laser
checking ownership. requestor=129.138.12.137
check software interlocks B
interlocks []
actuate state mode=None-script, software_lock=False
doing actuation None-script open_channel True
Open B ===>> OK
GetIndicatorState B ===>> OK
change switch state (True, True)
update switch state B True args=() kw={} ncanvase=4
07:50:39 -- OPEN   VALVE-B (Bone to Diode Laser)
---------------------------------------- open B (Bone to Diode Laser) result=[(True, True)], time=0.19 sec
action=open, ok=True, locked=[False]
sleep (20,) {}
SLEEP 20.0
block started
WaitControl setup for 20.0  
Join finished
block finished. duration 20.0494201183
close () {'name': 'B', 'description': 'Bone to Diode Laser'}
closing name=B desc=Bone to Diode Laser
checking ownership. requestor=129.138.12.137
check software interlocks B
interlocks []
actuate state mode=None-script, software_lock=False
doing actuation None-script close_channel True
Close B ===>> OK
GetIndicatorState B ===>> False
change switch state (True, True)
update switch state B False args=() kw={} ncanvase=4
07:51:00 -- CLOSE  VALVE-B (Bone to Diode Laser)
---------------------------------------- close B (Bone to Diode Laser) result=[(True, True)]
action=close, ok=True, locked=[False]
executed snippet estimated_duration=63.0, duration=22.4331140518
EquilibrateThenIsolateDiodeColdfinger.py completed successfully
gosub finished
sleep (120.0,) {}
SLEEP 120.0
block started
WaitControl setup for 120.0  
Join finished
block finished. duration 120.18106699
executed snippet estimated_duration=499.5, duration=198.423141003
felix_diode.py completed successfully
GetAchievedOutput ===>> No Response
Requested Output= 0.000
Achieved Output=  0.000
GetResponseBlob ===>> [237]][177]N[00][00][00][00][00][248][199]=[00][00][250]D[216]/[06]@[00][00][250]D,'[131]@[00][00...
GetOutputBlob ===>> [237]][177]N[00][00][00][00][00][248][199]=1/[142]A[216]/[06]@[00][00][00][00],'[131]@[00][00][00...
persistence save...
persistence save - db
AutomatedRunPersister post_extraction_save deprecated
persistence save - dvc
no extraction position for 27
create new session 4671971248
close session 4671971248
Extraction Finished
07:53:00 -- ******* Extraction Finished *******
no overlap. not waiting for min ms pumptime
07:53:00 -- Sending spectrometer configuration
======== Sending configuration ========
SetZFocus 9.84 ===>> OK
SetHV 9000.0 ===>> OK
SetZSymmetry 18.34 ===>> OK
SetExtractionLens 42.35 ===>> OK
SetIonRepeller -4.08 ===>> OK
SetElectronEnergy 107.0 ===>> OK
SetYSymmetry 12.72 ===>> OK
send trap current 400.0
GetParameter Trap Current Readback ===>> 397.748580845999
SetParameter Trap Current Set,400.0 ===>> OK
updating mftable name argon
Using mftable located at /Users/obama/PychronDev/setupfiles/spectrometer/mftables/argon.csv
============ MFtable ===========
Isotope  H2     H1     AX     L1     L2     L2(CDD)
Ar40     3.4931 3.5643 3.6385 3.7155 3.8114 3.7980
Ar39     3.4240 3.4944 3.5672 3.6454 3.7365 3.7228
Ar36     3.2140 3.2802 3.3486 3.4204 3.5171 3.4944
================================
get initial guess parabolic
get initial guess parabolic
get initial guess parabolic
get initial guess parabolic
get initial guess parabolic
get initial guess parabolic
======== Configuration Finished ========
GetYSymmetry ===>> 12.72
GetZSymmetry ===>> 18.34
GetParameter Trap Current Readback ===>> 398.867423548801
GetHighVoltage ===>> 9000
start measurement
do measurement
L#=65411 analysis type=unknown
Measurement Started felix_analysis400_120.py
07:53:00 -- ******* Measurement Started felix_analysis400_120.py *******
state changed from extraction to measurement
setting spec, defl, and gains
GetExtractionLens ===>> 42.35
GetYSymmetry ===>> 12.72
GetZSymmetry ===>> 18.34
GetZFocus ===>> 9.84
GetDeflection H2 (CDD) ===>> 3250
GetDeflection H1 (CDD) ===>> 3250
GetDeflection AX (CDD) ===>> 3250
GetDeflection L1 (CDD) ===>> 3250
GetDeflection L2 (CDD) ===>> 0
GetGain H2 ===>> 0.9809305
GetGain H1 ===>> 0.96484
GetGain AX ===>> 0.96253
GetGain L1 ===>> 0.970094835296087
GetGain L2 ===>> 0.967359864778375
GetGain H2(CDD) ===>> 0
GetGain H1(CDD) ===>> 0
GetGain AX(CDD) ===>> 0
GetGain L1(CDD) ===>> 0
GetGain L2(CDD) ===>> 0
pre measurement save
New frame /Users/obama/PychronDev/data/isotopes/e4/bb8060-aa85-466f-931d-327a58615dd7.h5
flush and close file /Users/obama/PychronDev/data/isotopes/e4/bb8060-aa85-466f-931d-327a58615dd7.h5
testing...
no interpolation path defined
executed snippet estimated_duration=650.242112, duration=0.000237941741943
unknown measurement script
activate_detectors ('H2', 'H1', 'AX', 'L1', 'L2(CDD)') {}
activate detectors
*************** Set Analysis View Ar/Ar
create graphs
clearing graphs
clear isotope group
setting isotope det=H2, iso=Ar40
setting isotope det=H1, iso=Ar39
setting isotope det=AX, iso=Ar38
setting isotope det=L1, iso=Ar37
setting isotope det=L2(CDD), iso=Ar36
setting previous blanks
 - setting Ar40 blank 1.423+/-0.018
 - setting Ar36 blank 0.00510+/-0.00022
 - setting Ar37 blank 0.015+/-0.011
 - setting Ar38 blank -0.042+/-0.012
 - setting Ar39 blank 0.018+/-0.024
load analysis view
position_magnet ('Ar40',) {'detector': 'H2'}
detector Detector(H2)
POSITION Ar40 H2
setting detector H2 to Ar40 (39.9624)
setting detector H1 to Ar39 (38.8624)
setting detector AX to Ar38 (37.9624)
setting detector L1 to Ar37 (36.9624)
setting detector L2 to Ar36 (35.8624)
setting detector H2(CDD) to Ar40 (39.8624)
setting detector H1(CDD) to Ar39 (38.8624)
setting detector AX(CDD) to Ar38 (37.8624)
setting detector L1(CDD) to Ar37 (36.8624)
setting detector L2(CDD) to Ar36 (35.9624)
Mapping mass to dac mass func: "parabolic"
H2 map mass coeffs = [ -2.38925034e-04   8.80081338e-02   3.57635459e-01]
H2 map mass to dac 39.9624 >> 3.49309
GetHighVoltage ===>> 9000
positioning Ar40 (3.49309) on H2
setting magnet DAC
current  : 3.493086
requested: 3.493090
Delta Dac: 0.000004
Checking detector protection. dv=0.00000
SetMagnetDAC 3.49309 ===>> OK
Magnet settling time: 0.500
equilibrate () {'delay': 3, 'inlet': 'H', 'outlet': 'V', 'eqtime': 25.0}
Equilibration Started
07:53:02 -- ******* Equilibration Started *******
checking ownership. requestor=129.138.12.137
check software interlocks V
interlocks []
actuate state mode=None-script, software_lock=False
doing actuation None-script close_channel True
update labels <pychron.experiment.plot_panel.PlotPanel object at 0x166938e90>
update labels "<pychron.graph.stacked_regression_graph.StackedRegressionGraph object at 0x17d059d10>"
setting label 0 H2 Ar40
setting label 1 H1 Ar39
setting label 2 AX Ar38
setting label 3 L1 Ar37
setting label 4 L2(CDD) Ar36
update labels "<pychron.graph.stacked_graph.StackedGraph object at 0x15eeee830>"
setting label 0 H2 Ar40
setting label 1 H1 Ar39
setting label 2 AX Ar38
setting label 3 L1 Ar37
setting label 4 L2(CDD) Ar36
Close V ===>> OK
GetIndicatorState V ===>> False
change switch state (True, True)
update switch state V False args=() kw={} ncanvase=4
07:53:02 -- CLOSE  VALVE-V (Felix Ion Pump)
waiting 3s before opening inlet value ('H',)
checking ownership. requestor=129.138.12.137
check software interlocks H
interlocks []
actuate state mode=None-script, software_lock=False
doing actuation None-script open_channel True
Open H ===>> OK
GetIndicatorState H ===>> OK
change switch state (True, True)
update switch state H True args=() kw={} ncanvase=4
07:53:05 -- OPEN   VALVE-H (Felix Inlet)
equilibrating for 25.0sec
set_time_zero () {}
sniff (25.0,) {}
py_sniff
build tables- sniff [Detector(H2), Detector(H1), Detector(AX), Detector(L1), Detector(L2(CDD))]
add group /sniff/Ar40 (Group) u'' table H2
add group /sniff/Ar39 (Group) u'' table H1
add group /sniff/Ar38 (Group) u'' table AX
add group /sniff/Ar37 (Group) u'' table L1
add group /sniff/Ar36 (Group) u'' table L2(CDD)
flush and close file /Users/obama/PychronDev/data/isotopes/e4/bb8060-aa85-466f-931d-327a58615dd7.h5
measuring sniff. ncounts=25.0
"sniff" increment series count="1" fit count="0" regressing="False"
starting measurement
GetData ===>> L2(CDD),14.0259906359061,H2,1510.25580188136,H1,17.8718154294744,AX,1.00090826217175,L1,-0.165266...
GetData ===>> L2(CDD),60.9450841601957,H2,15470.450889644,H1,171.960318533163,AX,12.1551689965643,L1,0.06815649...
GetData ===>> L2(CDD),59.8050547256468,H2,18989.1789511557,H1,205.118979462858,AX,14.6607137184902,L1,0.2837446...
GetData ===>> L2(CDD),52.7796863826204,H2,17206.2378375128,H1,184.633383780043,AX,13.2153617172172,L1,0.0259216...
GetData ===>> L2(CDD),47.150958359087,H2,15382.0779158299,H1,164.761632786277,AX,11.5203966674879,L1,0.16071042...
GetData ===>> L2(CDD),42.9557920194014,H2,13870.8981688631,H1,148.728229637292,AX,10.4822622137553,L1,0.1337049...
GetData ===>> L2(CDD),39.8676916336113,H2,12719.001913724,H1,136.69132039937,AX,9.59877928058979,L1,-0.03927343...
GetData ===>> L2(CDD),37.6713846061891,H2,11895.7238596711,H1,127.656864114175,AX,9.07412070195459,L1,-0.076196...
GetData ===>> L2(CDD),35.9512788689292,H2,11317.1843533563,H1,121.761821227621,AX,8.6122696213882,L1,0.07588822...
GetData ===>> L2(CDD),35.0932383658072,H2,10922.5089587237,H1,117.735360602791,AX,8.27535225928853,L1,-0.176341...
GetData ===>> L2(CDD),34.5375894562785,H2,10654.0743288206,H1,114.803705100857,AX,7.97341694509537,L1,0.2432316...
GetData ===>> L2(CDD),33.9544286167865,H2,10466.5509520485,H1,112.760448537299,AX,8.02594069146491,L1,0.0105744...
GetData ===>> L2(CDD),33.5588836776391,H2,10335.718043802,H1,111.792552803816,AX,8.03262154805496,L1,0.05038531...
GetData ===>> L2(CDD),33.502289757558,H2,10241.825753283,H1,110.745552261727,AX,7.80181320114609,L1,0.048192784...
GetData ===>> L2(CDD),33.2676789588749,H2,10180.5933609747,H1,109.914089374755,AX,7.65764354589829,L1,-0.139653...
GetData ===>> L2(CDD),33.2496081381862,H2,10138.0462497921,H1,109.533939667358,AX,8.0792736442318,L1,0.11293210...
GetData ===>> L2(CDD),33.1449891480669,H2,10111.0877239358,H1,109.050473893664,AX,7.76933860638537,L1,-0.107233...
GetData ===>> L2(CDD),33.1392827337557,H2,10088.583728932,H1,109.230106887908,AX,7.82991266739011,L1,0.02280599...
GetData ===>> L2(CDD),33.0747690970412,H2,10071.1578257035,H1,109.035293380915,AX,7.72074391090762,L1,0.0121899...
GetData ===>> L2(CDD),33.024680578747,H2,10061.7701303806,H1,108.966315979099,AX,7.80837734757518,L1,0.09527549...
GetData ===>> L2(CDD),33.2115645630647,H2,10055.939373377,H1,109.042094222667,AX,7.5788890175503,L1,-0.15211395...
GetData ===>> L2(CDD),33.027850720163,H2,10048.8605521608,H1,108.596856324498,AX,7.56841192520937,L1,-0.1663046...
GetData ===>> L2(CDD),33.0467131117973,H2,10039.9132212419,H1,108.547330017602,AX,7.81171701813616,L1,-0.040773...
GetData ===>> L2(CDD),33.1499030111396,H2,10030.1551104827,H1,108.62550499318,AX,7.77429033577642,L1,-0.1298468...
Equilibration Finished
07:53:30 -- ******* Equilibration Finished *******
checking ownership. requestor=129.138.12.137
check software interlocks H
interlocks []
actuate state mode=None-script, software_lock=False
doing actuation None-script close_channel True
Close H ===>> OK
GetIndicatorState H ===>> False
change switch state (True, True)
update switch state H False args=() kw={} ncanvase=4
07:53:31 -- CLOSE  VALVE-H (Felix Inlet)
Post Equilibration Started felix_pump_extraction_line.py
07:53:31 -- ******* Post Equilibration Started felix_pump_extraction_line.py *******
testing...
no interpolation path defined
calculate duration
testing...
no interpolation path defined
executed snippet estimated_duration=4.0, duration=0.000224113464355
executed snippet estimated_duration=4.0, duration=0.00189399719238
Pump after analysis
doing GOSUB
testing...
no interpolation path defined
executed snippet estimated_duration=4.0, duration=0.000255107879639
Pump Bone
close () {'description': 'Felix Inlet'}
closing name=--- desc=Felix Inlet
checking ownership. requestor=129.138.12.137
check software interlocks H
interlocks []
actuate state mode=None-script, software_lock=False
doing actuation None-script close_channel False
Close H ===>> OK
GetIndicatorState H ===>> False
change switch state (True, True)
update switch state H False args=() kw={} ncanvase=4
07:53:31 -- CLOSE  VALVE-H (Felix Inlet)
---------------------------------------- close None (Felix Inlet) result=[(True, True)]
07:53:31 -- collecting point 25
GetData ===>> L2(CDD),33.1361125069827,H2,10022.2719937444,H1,108.552670974105,AX,7.59926786321732,L1,0.0750804...
action=close, ok=True, locked=[False]
is_closed ('A',) {}
is A () closed?
is closed False
close () {'description': 'CO2 Laser to Bone'}
closing name=--- desc=CO2 Laser to Bone
checking ownership. requestor=129.138.12.137
check software interlocks F
interlocks []
actuate state mode=None-script, software_lock=True
VALVE-F(CO2 Laser to Bone) software locked
change switch state (True, False)
---------------------------------------- close None (CO2 Laser to Bone) result=[(True, False)]
action=close, ok=True, locked=[True]
sleep (1,) {}
SLEEP 1.0
close () {'description': 'CO2 Laser to Roughing'}
measurement finished
closing name=--- desc=CO2 Laser to Roughing
estimated time: 26.214 actual time: :26.334
flush and close file /Users/obama/PychronDev/data/isotopes/e4/bb8060-aa85-466f-931d-327a58615dd7.h5
set_fits () {}
checking ownership. requestor=129.138.12.137
using default fits file=/Users/obama/PychronDev/scripts/measurement/fits/nominal.yaml
check software interlocks G
interlocks []
actuate state mode=None-script, software_lock=True
VALVE-G(CO2 Laser to Roughing) software locked
change switch state (True, False)
set "Ar40" to "('Parabolic', 'SEM')"
---------------------------------------- close None (CO2 Laser to Roughing) result=[(True, False)]
set "Ar36" to "('Parabolic', 'SEM')"
action=close, ok=True, locked=[True]
set "Ar37" to "('linear', 'SEM')"
open () {'description': 'Bone to Turbo'}
set "Ar38" to "('linear', 'SEM')"
opening name=--- desc=Bone to Turbo
set "Ar39" to "('Parabolic', 'SEM')"
set_baseline_fits () {}
checking ownership. requestor=129.138.12.137
using default fits file=/Users/obama/PychronDev/scripts/measurement/fits/nominal.yaml
check software interlocks C
interlocks []
actuate state mode=None-script, software_lock=False
doing actuation None-script open_channel True
set "H2" to "('average', 'SEM')"
set "L2(CDD)" to "('average', 'SEM')"
set "L1" to "('average', 'SEM')"
set "AX" to "('average', 'SEM')"
set "H1" to "('average', 'SEM')"
multicollect () {'integration_time': 1.048576, 'ncounts': 400}
build tables- signal [Detector(H2), Detector(H1), Detector(AX), Detector(L1), Detector(L2(CDD))]
add group /signal/Ar40 (Group) u'' table H2
add group /signal/Ar39 (Group) u'' table H1
add group /signal/Ar38 (Group) u'' table AX
add group /signal/Ar37 (Group) u'' table L1
add group /signal/Ar36 (Group) u'' table L2(CDD)
flush and close file /Users/obama/PychronDev/data/isotopes/e4/bb8060-aa85-466f-931d-327a58615dd7.h5
measuring signal. ncounts=400
Open C ===>> OK
GetIndicatorState C ===>> OK
change switch state (True, True)
update switch state C True args=() kw={} ncanvase=4
07:53:32 -- OPEN   VALVE-C (Bone to Turbo)
---------------------------------------- open None (Bone to Turbo) result=[(True, True)], time=0.28 sec
"signal" increment series count="2" fit count="1" regressing="True"
action=open, ok=True, locked=[False]
open () {'description': 'Bone to Getter GP-50'}
opening name=--- desc=Bone to Getter GP-50
checking ownership. requestor=129.138.12.137
check software interlocks N
interlocks []
actuate state mode=None-script, software_lock=False
doing actuation None-script open_channel False
Open N ===>> OK
starting measurement
GetData ===>> L2(CDD),33.2697396715092,H2,10031.4915175994,H1,108.387114340084,AX,7.60352790222186,L1,0.1032382...
GetIndicatorState N ===>> OK
change switch state (True, True)
update switch state N True args=() kw={} ncanvase=4
07:53:33 -- OPEN   VALVE-N (Bone to Getter GP-50)
---------------------------------------- open None (Bone to Getter GP-50) result=[(True, True)], time=0.24 sec
action=open, ok=True, locked=[False]
open () {'description': 'Bone to Diode Laser'}
opening name=--- desc=Bone to Diode Laser
checking ownership. requestor=129.138.12.137
check software interlocks B
interlocks []
actuate state mode=None-script, software_lock=False
doing actuation None-script open_channel True
Open B ===>> OK
GetIndicatorState B ===>> OK
change switch state (True, True)
update switch state B True args=() kw={} ncanvase=4
07:53:33 -- OPEN   VALVE-B (Bone to Diode Laser)
---------------------------------------- open None (Bone to Diode Laser) result=[(True, True)], time=0.22 sec
action=open, ok=True, locked=[False]
open () {'description': 'Bone to CO2 Laser'}
opening name=--- desc=Bone to CO2 Laser
checking ownership. requestor=129.138.12.137
check software interlocks D
interlocks []
actuate state mode=None-script, software_lock=False
doing actuation None-script open_channel True
Open D ===>> OK
GetData ===>> L2(CDD),33.0522608904035,H2,10038.997381803,H1,108.506545454763,AX,7.51775505939164,L1,0.03492233...
GetIndicatorState D ===>> OK
change switch state (True, True)
update switch state D True args=() kw={} ncanvase=4
07:53:34 -- OPEN   VALVE-D (Bone to CO2 Laser)
---------------------------------------- open None (Bone to CO2 Laser) result=[(True, True)], time=0.30 sec
action=open, ok=True, locked=[False]
sleep (1,) {}
SLEEP 1.0
GetData ===>> L2(CDD),33.1134454563098,H2,10035.4638513971,H1,108.82351845016,AX,7.67284252715124,L1,-0.1428841...
set_resource () {'name': 'CO2PumpTimeFlag', 'value': 30}
Set CO2PumpTimeFlag 30 ===>> OK
release ('FelixCO2Flag',) {}
release FelixCO2Flag
Set FelixCO2Flag 0 ===>> OK
executed snippet estimated_duration=6.0, duration=4.58076310158
PumpBone.py completed successfully
gosub finished
get_resource_value () {'name': 'FelixMiniboneFlag'}
Read FelixMiniboneFlag ===>> 0
Get Resource Value FelixMiniboneFlag=0.0
executed snippet estimated_duration=4.0, duration=4.5937230587
felix_pump_extraction_line.py completed successfully
Post Equilibration Finished
07:53:35 -- ******* Post Equilibration Finished *******
GetData ===>> L2(CDD),33.1137624771416,H2,10035.4874361553,H1,108.782844244348,AX,7.62505865697351,L1,0.1184715...
GetData ===>> L2(CDD),33.2049069733722,H2,10033.9996763691,H1,108.345729384759,AX,7.91985948541251,L1,0.0843124...
GetData ===>> L2(CDD),33.1695585217734,H2,10031.0074382838,H1,108.400343316739,AX,7.71268341573608,L1,-0.145422...
GetData ===>> L2(CDD),33.1281869506743,H2,10029.2421896758,H1,107.956392173488,AX,7.64002684405528,L1,-0.182225...
GetData ===>> L2(CDD),33.1686074465291,H2,10030.4494463654,H1,108.655004252228,AX,7.80607413322406,L1,0.1123550...
GetData ===>> L2(CDD),33.212674162388,H2,10025.1610232986,H1,108.478142884297,AX,7.66673987716506,L1,0.05407799...
GetData ===>> L2(CDD),33.0329229514797,H2,10019.9772526603,H1,108.47474433916,AX,7.81367476141678,L1,0.05177006...
GetData ===>> L2(CDD),33.061137351642,H2,10023.9835400581,H1,108.465277023199,AX,7.59569865580985,L1,-0.1150787...
GetData ===>> L2(CDD),33.0627224360094,H2,10020.2913039654,H1,108.519411837001,AX,7.38813162880443,L1,-0.037773...
GetData ===>> L2(CDD),33.0370441440018,H2,10020.0621876384,H1,108.173653962715,AX,7.73893784717947,L1,-0.175418...
GetData ===>> L2(CDD),33.0684287447587,H2,10016.199460284,H1,108.562746036456,AX,7.80780154347254,L1,-0.1461145...
GetDeflection L2 (CDD) ===>> 0
testing L2_CDD_==3250
evaluate ot="L2(CDD).deflection==3250" t="L2_CDD_==3250", ctx="{'L2_CDD_': 0.0}"
GetData ===>> L2(CDD),32.9362346122151,H2,10017.643058868,H1,108.500355083465,AX,8.05093654693399,L1,0.03272984...
GetData ===>> L2(CDD),33.1036178225713,H2,10019.3355354773,H1,108.114805499175,AX,7.69045982731069,L1,-0.139076...
GetData ===>> L2(CDD),33.0901444916645,H2,10015.4046613013,H1,108.213697128917,AX,7.84603568087584,L1,0.0832738...
GetData ===>> L2(CDD),32.904217004291,H2,10014.2595653048,H1,107.76116068419,AX,7.87033587373766,L1,-0.16007459...
GetData ===>> L2(CDD),32.9936133213753,H2,10016.5205470181,H1,108.491130286218,AX,7.74354396133765,L1,-0.150498...
GetData ===>> L2(CDD),33.023254015902,H2,10012.1294498248,H1,108.376555555377,AX,7.64037226649403,L1,-0.0674271...
GetData ===>> L2(CDD),33.0925221351078,H2,10009.4754212181,H1,108.260780198288,AX,7.69817469386936,L1,0.0366532...
GetData ===>> L2(CDD),32.9863220600676,H2,10006.9999792607,H1,108.248038431249,AX,7.57198103181919,L1,-0.034542...
GetData ===>> L2(CDD),33.0237295367957,H2,10009.490397417,H1,108.27012426207,AX,7.67295767186078,L1,-0.28766671...
GetData ===>> L2(CDD),33.1343688832926,H2,10010.1636519378,H1,107.930893399244,AX,7.65177127626246,L1,-0.283052...
GetDeflection L2 (CDD) ===>> 0
testing L2_CDD_==3250
evaluate ot="L2(CDD).deflection==3250" t="L2_CDD_==3250", ctx="{'L2_CDD_': 0.0}"
07:53:58 -- collecting point 25
GetData ===>> L2(CDD),33.1611573646765,H2,10005.0757951699,H1,108.44197323562,AX,7.84534468906655,L1,-0.0569272...
GetData ===>> L2(CDD),32.8959748878855,H2,10004.9959565019,H1,107.900781383108,AX,7.80192836122543,L1,-0.065234...
GetData ===>> L2(CDD),32.9856880379523,H2,10006.0289515781,H1,108.169285712531,AX,7.69425967926118,L1,0.0022662...
GetData ===>> L2(CDD),32.9600102239074,H2,10001.8596008833,H1,108.251800269699,AX,7.65188641846117,L1,-0.283859...
GetData ===>> L2(CDD),32.9660334005537,H2,9999.11127408659,H1,108.176202117306,AX,7.8603162889022,L1,0.31998850...
GetData ===>> L2(CDD),33.0470301275173,H2,9997.04226037853,H1,108.172683238833,AX,7.39538363499652,L1,-0.067427...
GetData ===>> L2(CDD),33.0120000373658,H2,9996.96745360544,H1,108.004640608014,AX,7.56196454023687,L1,0.0626173...
GetData ===>> L2(CDD),32.9806158645263,H2,9994.5181634128,H1,107.730689493473,AX,7.44442243879847,L1,0.15897928...
GetData ===>> L2(CDD),33.0646245380516,H2,9992.50563133608,H1,108.108981506216,AX,7.89694010312432,L1,-0.081734...
GetData ===>> L2(CDD),33.1288209946204,H2,9991.59044557694,H1,108.178750278271,AX,7.62125907715428,L1,0.0934290...
GetDeflection L2 (CDD) ===>> 0
testing L2_CDD_==3250
evaluate ot="L2(CDD).deflection==3250" t="L2_CDD_==3250", ctx="{'L2_CDD_': 0.0}"
GetData ===>> L2(CDD),32.9815668965701,H2,9985.92921271998,H1,107.919601288872,AX,7.65488012044783,L1,-0.263326...
GetData ===>> L2(CDD),32.9473298806738,H2,9986.16695673277,H1,108.066273241906,AX,7.48241195555573,L1,-0.158459...
GetData ===>> L2(CDD),32.9978929807343,H2,9986.28398189276,H1,107.793089642985,AX,7.59293540751741,L1,0.1702894...
GetData ===>> L2(CDD),32.9124591371112,H2,9990.96237590762,H1,107.904302500324,AX,7.63392440132468,L1,-0.167112...
GetData ===>> L2(CDD),32.9303699823323,H2,9993.32891282512,H1,107.97855705337,AX,7.64140853455273,L1,0.19106357...
GetData ===>> L2(CDD),33.0427504173459,H2,9992.63452864611,H1,107.560626005491,AX,7.57785281654213,L1,0.0563859...
GetData ===>> L2(CDD),32.9199087712833,H2,9990.57858805971,H1,107.617432063362,AX,7.62528893501859,L1,0.0088435...
GetData ===>> L2(CDD),33.021193425994,H2,9985.31354243476,H1,107.743679092778,AX,7.78096945282567,L1,0.23042021...
GetData ===>> L2(CDD),32.9622292879677,H2,9986.55088474742,H1,107.783134499013,AX,7.76415659117265,L1,0.0629635...
GetData ===>> L2(CDD),33.0024896568271,H2,9982.66069545894,H1,107.637460595694,AX,7.54481010045896,L1,-0.133654...
GetDeflection L2 (CDD) ===>> 0
testing L2_CDD_==3250
evaluate ot="L2(CDD).deflection==3250" t="L2_CDD_==3250", ctx="{'L2_CDD_': 0.0}"
GetData ===>> L2(CDD),32.9449523206428,H2,9983.65547791181,H1,107.730446698801,AX,7.49208225288123,L1,-0.039734...
GetData ===>> L2(CDD),32.9164217068099,H2,9982.08772164487,H1,107.719885186614,AX,7.47481393270128,L1,-0.114386...
GetData ===>> L2(CDD),32.9419407465644,H2,9975.79222382418,H1,107.888032612253,AX,7.98147961542887,L1,0.0020354...
GetData ===>> L2(CDD),32.9319550166162,H2,9982.25849833126,H1,108.052563298089,AX,7.76035646434499,L1,-0.198261...
GetData ===>> L2(CDD),33.0069278316921,H2,9978.20219272602,H1,108.054261865185,AX,7.76657486148032,L1,-0.233563...
07:54:24 -- collecting point 50
GetData ===>> L2(CDD),32.8504850407239,H2,9980.71030168949,H1,107.981589990523,AX,7.72627114645854,L1,-0.019311...
GetData ===>> L2(CDD),33.0934731928677,H2,9983.16945118199,H1,107.733967227203,AX,7.69713836492907,L1,0.1408602...
GetData ===>> L2(CDD),33.027850720163,H2,9978.16804950234,H1,107.87419127028,AX,7.33184409844507,L1,0.032268267...
GetData ===>> L2(CDD),32.9257733863418,H2,9978.80261056,H1,107.874919757274,AX,7.77002954384707,L1,-0.340844366...
GetData ===>> L2(CDD),32.8633235880576,H2,9977.91980568743,H1,107.940485720371,AX,7.61032097624513,L1,0.0389611...
GetDeflection L2 (CDD) ===>> 0
testing L2_CDD_==3250
evaluate ot="L2(CDD).deflection==3250" t="L2_CDD_==3250", ctx="{'L2_CDD_': 0.0}"
GetData ===>> L2(CDD),32.965716391038,H2,9973.61780760715,H1,107.753633851103,AX,7.67433940944945,L1,0.01738254...
GetData ===>> L2(CDD),32.8921708396961,H2,9970.29564687475,H1,107.91559444109,AX,7.60594577055247,L1,-0.1240781...
GetData ===>> L2(CDD),32.8937558593501,H2,9970.28498454318,H1,108.004397967219,AX,7.44396196897053,L1,-0.022542...
GetData ===>> L2(CDD),32.9782382853728,H2,9974.80671095486,H1,107.807051289308,AX,7.51867606961039,L1,-0.126616...
GetData ===>> L2(CDD),32.8061051838982,H2,9970.72002315031,H1,107.938542964493,AX,7.56046783202161,L1,-0.000733...
GetData ===>> L2(CDD),32.8118111388291,H2,9967.46575308759,H1,107.57701204316,AX,7.80618929381078,L1,-0.0092727...
GetData ===>> L2(CDD),32.9793478221411,H2,9963.91232253193,H1,107.725469420792,AX,7.62839769399795,L1,-0.257558...
len selected runs 1
cloning run 65412-01. set_labnumber=True, set_position=True
labnumber changed old:65414, new:65412
using cached meta values for 65412
matched Position to 29
calculating time of run 65412-01
GetData ===>> L2(CDD),32.8129206309793,H2,9961.94501405951,H1,107.551765517174,AX,7.73433175497849,L1,0.0239599...
len selected runs 1
cloning run 65412-01. set_labnumber=True, set_position=True
matched Position to 29
GetData ===>> L2(CDD),32.9587421878357,H2,9960.46207970618,H1,107.536472252946,AX,7.49783842819496,L1,-0.174265...
GetData ===>> L2(CDD),32.8601535726673,H2,9964.99080176579,H1,107.53003944058,AX,7.65948583392284,L1,-0.0714654...
GetDeflection L2 (CDD) ===>> 0
testing L2_CDD_==3250
evaluate ot="L2(CDD).deflection==3250" t="L2_CDD_==3250", ctx="{'L2_CDD_': 0.0}"
GetData ===>> L2(CDD),32.9590591968172,H2,9961.1645169077,H1,107.618645902594,AX,7.55183302220481,L1,0.16324943...
GetData ===>> L2(CDD),32.9465373605117,H2,9958.58138213796,H1,108.003306084355,AX,7.71821060517976,L1,-0.103887...
Autosaving to /Users/obama/PychronDev/experiments/auto_save/CurrentExperiment.bak
GetData ===>> L2(CDD),32.8618970808315,H2,9961.08851616795,H1,107.654212034306,AX,7.72005300868697,L1,-0.192493...
len selected runs 1
cloning run bc-02-F-00. set_labnumber=True, set_position=True
labnumber changed old:65412, new:bc-02-F
using cached meta values for bc-02-F
clear labnumber
labnumber changed old:bc-02-F, new:
clear labnumber
close session 4710191760
clear labnumber
clear labnumber
close session 4710191760
name=Extraction, new=cocktail_x3, suppress=True
GetData ===>> L2(CDD),32.9000959440364,H2,9963.29610712704,H1,107.592305916193,AX,7.70093824314331,L1,0.1206641...
GetData ===>> L2(CDD),32.7669562052813,H2,9959.74108080733,H1,107.396051983392,AX,7.64094797083387,L1,0.0771576...
len selected runs 1
cloning run 65413-01. set_labnumber=True, set_position=True
labnumber changed old:, new:65413
using cached meta values for 65413
clear labnumber
labnumber changed old:65413, new:
clear labnumber
clear labnumber
close session 4710191760
matched Position to 30
name=Extraction, new=diode, suppress=True
calculating time of run 65413-01
len selected runs 1
cloning run 65413-01. set_labnumber=True, set_position=True
labnumber changed old:, new:65413
using cached meta values for 65413
matched Position to 30
GetData ===>> L2(CDD),33.0121585438932,H2,9958.85264476015,H1,107.745257279681,AX,7.63507580266379,L1,-0.060734...
GetData ===>> L2(CDD),32.8412920313005,H2,9955.38365991369,H1,107.799524117079,AX,7.70968953465505,L1,0.0213058...
GetData ===>> L2(CDD),32.7381098264338,H2,9953.16004689985,H1,107.529553946956,AX,8.00992986105616,L1,-0.180841...
Autosaving to /Users/obama/PychronDev/experiments/auto_save/CurrentExperiment.bak
GetData ===>> L2(CDD),32.8173586025544,H2,9951.64268948716,H1,107.638553072422,AX,7.60295222017733,L1,-0.115078...
GetData ===>> L2(CDD),32.884721255454,H2,9949.83500429123,H1,107.509406165676,AX,7.74676825431222,L1,0.04646184...
GetDeflection L2 (CDD) ===>> 0
testing L2_CDD_==3250
evaluate ot="L2(CDD).deflection==3250" t="L2_CDD_==3250", ctx="{'L2_CDD_': 0.0}"
07:54:51 -- collecting point 75
GetData ===>> L2(CDD),32.8584100652377,H2,9947.53988899803,H1,107.558319843577,AX,7.68067239867776,L1,-0.054734...
len selected runs 1
cloning run a-01-F-00. set_labnumber=True, set_position=True
labnumber changed old:65413, new:a-01-F
using cached meta values for a-01-F
clear labnumber
labnumber changed old:a-01-F, new:
clear labnumber
close session 4710191760
clear labnumber
clear labnumber
close session 4710191760
name=Extraction, new=air_x2, suppress=True
GetData ===>> L2(CDD),32.8512775424924,H2,9948.74607326816,H1,107.355883454298,AX,7.5880997420205,L1,-0.0330425...
GetData ===>> L2(CDD),32.9316380097109,H2,9951.78534377494,H1,107.489137414434,AX,7.72097421175798,L1,-0.150037...
GetData ===>> L2(CDD),32.8248080655401,H2,9948.72407595516,H1,107.552008269251,AX,7.40125434654673,L1,0.0990837...
GetData ===>> L2(CDD),32.8113356422844,H2,9943.39620499498,H1,107.428333581113,AX,7.64762616624198,L1,-0.106310...
len selected runs 1
cloning run 65414-01. set_labnumber=True, set_position=True
labnumber changed old:, new:65414
using cached meta values for 65414
clear labnumber
labnumber changed old:65414, new:
clear labnumber
clear labnumber
close session 4710191760
matched Position to 32
name=Extraction, new=diode, suppress=True
calculating time of run 65414-01
GetData ===>> L2(CDD),32.7539594602534,H2,9939.95678680029,H1,107.585872751137,AX,7.43325610733396,L1,-0.075619...
len selected runs 1
cloning run 65414-01. set_labnumber=True, set_position=True
labnumber changed old:, new:65414
using cached meta values for 65414
matched Position to 32
GetData ===>> L2(CDD),32.8347935369589,H2,9939.83129682809,H1,107.38561529477,AX,7.58050088799453,L1,0.12724227...
GetData ===>> L2(CDD),32.910874110294,H2,9943.11187660834,H1,107.354184518206,AX,7.74584702665006,L1,0.16290320...
GetData ===>> L2(CDD),32.8325745412281,H2,9940.70765499551,H1,107.265843747213,AX,7.66938819223614,L1,0.0253446...
Autosaving to /Users/obama/PychronDev/experiments/auto_save/CurrentExperiment.bak
GetData ===>> L2(CDD),32.8382805326539,H2,9941.10688036203,H1,107.02355270462,AX,7.60893933020154,L1,-0.0204654...
GetDeflection L2 (CDD) ===>> 0
testing L2_CDD_==3250
evaluate ot="L2(CDD).deflection==3250" t="L2_CDD_==3250", ctx="{'L2_CDD_': 0.0}"
GetData ===>> L2(CDD),32.7466686211572,H2,9941.39927239772,H1,107.389134631306,AX,7.56633954677625,L1,-0.194223...
GetData ===>> L2(CDD),32.7867683951377,H2,9941.87648273829,H1,107.375785488188,AX,7.46974861732749,L1,-0.017811...
GetData ===>> L2(CDD),32.7576048846182,H2,9936.12452985112,H1,107.41401304681,AX,7.65430440780691,L1,-0.0525426...
GetData ===>> L2(CDD),32.824491066842,H2,9931.57995752927,H1,107.552129645311,AX,7.94577401462291,L1,0.04830818...
len selected runs 1
cloning run 65414-01. set_labnumber=True, set_position=True
matched Position to 32
GetData ===>> L2(CDD),32.7279660926454,H2,9930.04555356478,H1,107.254559008468,AX,7.70013220712205,L1,-0.104464...
loading script "felix_analysis400_120.py"
loading script "felix_pump_ms.py"
loading script "felix_diode.py"
loading script "felix_pump_extraction_line.py"
testing...
no interpolation path defined
executed snippet estimated_duration=624.242112, duration=0.000193119049072
loading script "felix_analysis400_120.py"
loading script "felix_pump_ms.py"
loading script "felix_diode.py"
loading script "felix_pump_extraction_line.py"
testing...
no interpolation path defined
executed snippet estimated_duration=0, duration=2.40802764893e-05
loading script "felix_analysis400_120.py"
loading script "felix_pump_ms.py"
loading script "felix_diode.py"
loading script "felix_pump_extraction_line.py"
testing...
no interpolation path defined
calculate duration
testing...
no interpolation path defined
executed snippet estimated_duration=0, duration=0.000102043151855
calculate duration
testing...
no interpolation path defined
executed snippet estimated_duration=0, duration=3.60012054443e-05
calculate duration
testing...
GetData ===>> L2(CDD),32.8668106077914,H2,9930.76305625284,H1,107.151182061438,AX,7.63887543681652,L1,-0.125231...
no interpolation path defined
executed snippet estimated_duration=42.0, duration=0.000240087509155
executed snippet estimated_duration=42.0, duration=0.00953888893127
loading script "felix_analysis400_120.py"
loading script "felix_pump_ms.py"
loading script "felix_diode.py"
loading script "felix_pump_extraction_line.py"
testing...
no interpolation path defined
calculate duration
testing...
no interpolation path defined
executed snippet estimated_duration=4.0, duration=0.000400066375732
executed snippet estimated_duration=4.0, duration=0.00885105133057
analysis400_120 in script context. using previous estimated duration
pump_ms in script context. using previous estimated duration
diode in script context. using previous estimated duration
pump_extraction_line in script context. using previous estimated duration
check queue CurrentExperiment
saving experiment to /Users/obama/PychronDev/experiments/CurrentExperiment.txt
setting executable True
queues saved
Queue modified. Reset run generator
GetData ===>> L2(CDD),32.8145056202812,H2,9936.81631650383,H1,107.214881403887,AX,7.71510155722724,L1,0.0867358...
GetData ===>> L2(CDD),32.7615673060481,H2,9932.31004446595,H1,107.171444086741,AX,7.47113006434091,L1,-0.065350...
GetData ===>> L2(CDD),32.789462860285,H2,9928.64718259116,H1,107.051940360538,AX,7.62667060444152,L1,-0.0506965...
GetData ===>> L2(CDD),32.785500412146,H2,9927.88203098281,H1,106.887933716984,AX,7.58073115542007,L1,-0.0340810...
GetDeflection L2 (CDD) ===>> 0
testing L2_CDD_==3250
evaluate ot="L2(CDD).deflection==3250" t="L2_CDD_==3250", ctx="{'L2_CDD_': 0.0}"
GetData ===>> L2(CDD),32.7414382445007,H2,9927.1843653422,H1,106.90151906252,AX,7.47469881160189,L1,-0.00823421...
GetData ===>> L2(CDD),32.7079956894088,H2,9926.77642826234,H1,107.335375058021,AX,7.60824850792115,L1,-0.058081...
GetData ===>> L2(CDD),32.8400240316032,H2,9925.80926330958,H1,107.441683413109,AX,7.48816807325657,L1,0.2147235...
GetData ===>> L2(CDD),32.7614088091181,H2,9926.43437761238,H1,107.330157011275,AX,7.78661219113681,L1,-0.028888...
GetData ===>> L2(CDD),32.8108601457943,H2,9925.31142238121,H1,107.30103352054,AX,7.67975123402846,L1,-0.2448687...
07:55:17 -- collecting point 100
GetData ===>> L2(CDD),32.7661637196598,H2,9922.39527063795,H1,107.198865194193,AX,7.53490901881284,L1,-0.095579...
GetData ===>> L2(CDD),32.8363785346379,H2,9923.35705778416,H1,107.143053098752,AX,7.69287791318644,L1,0.0433461...
GetData ===>> L2(CDD),32.8807587161078,H2,9920.56538077709,H1,107.044782714549,AX,7.78476966071822,L1,-0.133192...
GetData ===>> L2(CDD),32.7482535850855,H2,9925.18537539354,H1,107.25710716435,AX,7.61504161513329,L1,0.03457615...
65411-01A   Al-6   NM-288 C:5 set to terminate after 120 counts
GetData ===>> L2(CDD),32.6892933356676,H2,9919.38329636198,H1,107.140019920346,AX,7.56484283178336,L1,-0.116347...
GetDeflection L2 (CDD) ===>> 0
testing L2_CDD_==3250
evaluate ot="L2(CDD).deflection==3250" t="L2_CDD_==3250", ctx="{'L2_CDD_': 0.0}"
GetData ===>> L2(CDD),32.779160503015,H2,9917.2549477566,H1,106.708793930453,AX,7.62701602210565,L1,0.060424838...
GetData ===>> L2(CDD),32.6924632201835,H2,9918.75529666408,H1,106.850453659048,AX,7.63622720537459,L1,-0.107579...
GetData ===>> L2(CDD),32.8438280318604,H2,9922.16446319213,H1,107.286350743129,AX,7.61711409802857,L1,-0.116694...
GetData ===>> L2(CDD),32.6948406351639,H2,9919.37551095726,H1,107.056307762471,AX,7.71095617551877,L1,0.0088435...
GetData ===>> L2(CDD),32.6736024430691,H2,9920.63050843434,H1,107.154943245238,AX,7.73364084304235,L1,0.0232675...
GetData ===>> L2(CDD),32.7370003543396,H2,9916.61329341967,H1,107.118302626919,AX,7.64831701667716,L1,0.0179595...
GetData ===>> L2(CDD),32.7660052225538,H2,9917.44954708746,H1,106.66355914571,AX,7.72316207257096,L1,-0.1284623...
GetData ===>> L2(CDD),32.7219432624724,H2,9914.3779969162,H1,106.989949536661,AX,7.70876834234209,L1,0.04357695...
GetData ===>> L2(CDD),32.6499869693886,H2,9910.03228274863,H1,106.919350103656,AX,7.53030389912972,L1,0.0751958...
GetData ===>> L2(CDD),32.7634692696821,H2,9903.52956613841,H1,106.679081847984,AX,7.78949115194947,L1,0.0330760...
GetDeflection L2 (CDD) ===>> 0
testing L2_CDD_==3250
evaluate ot="L2(CDD).deflection==3250" t="L2_CDD_==3250", ctx="{'L2_CDD_': 0.0}"
GetData ===>> L2(CDD),32.6084621008696,H2,9907.56981757361,H1,107.168896145228,AX,7.63450010182305,L1,-0.083465...
GetData ===>> L2(CDD),32.6151187311389,H2,9905.20819162221,H1,106.969205896379,AX,7.47907342300254,L1,-0.124770...
GetData ===>> L2(CDD),32.6652022926937,H2,9902.3470766903,H1,106.797207664614,AX,7.54895476941428,L1,0.02372914...
GetData ===>> L2(CDD),32.709263648654,H2,9899.18991875792,H1,106.698728107422,AX,7.41023315086252,L1,-0.0350041...
GetData ===>> L2(CDD),32.798021761213,H2,9903.02911743519,H1,106.78823253209,AX,7.66835189417008,L1,-0.22398812...
GetData ===>> L2(CDD),32.7197243272498,H2,9899.56088696257,H1,106.70697479844,AX,7.76542330343621,L1,0.10762354...
07:55:39 -- user termination. measurement iteration executed 120/400 counts
state changed from measurement to truncated
measurement finished
estimated time: 419.430 actual time: :126.163
flush and close file /Users/obama/PychronDev/data/isotopes/e4/bb8060-aa85-466f-931d-327a58615dd7.h5
baselines () {'settling_time': 15.0, 'detector': 'H2', 'mass': 39.862, 'ncounts': 120}
%%%%%%%%%%%%%%%%%%%%%%%%%%%%%%%% Baseline
build tables- baseline [Detector(H2), Detector(H1), Detector(AX), Detector(L1), Detector(L2(CDD))]
add group baseline table H2
add group baseline table H1
add group baseline table AX
add group baseline table L1
add group baseline table L2(CDD)
flush and close file /Users/obama/PychronDev/data/isotopes/e4/bb8060-aa85-466f-931d-327a58615dd7.h5
detector Detector(H2)
POSITION 39.862 H2
Mapping mass to dac mass func: "parabolic"
H2 map mass coeffs = [ -2.38925034e-04   8.80081338e-02   3.57635459e-01]
H2 map mass to dac 39.862 >> 3.48616881693
GetHighVoltage ===>> 9000
positioning 39.862 (3.48616881693) on H2
setting magnet DAC
current  : 3.493090
requested: 3.486169
Delta Dac: 0.006921
Checking detector protection. dv=0.00692
SetMagnetDAC 3.48616881693 ===>> OK
Magnet settling time: 0.500
Delaying 15.0s for detectors to settle
Join finished
measuring baseline. ncounts=120
"baseline" increment series count="2" fit count="1" regressing="True"
starting measurement
GetData ===>> L2(CDD),0.000157244698251559,H2,0.251724497602209,H1,-0.101579914551758,AX,-0.189271277346174,L1,...
GetData ===>> L2(CDD),0.000628978828996695,H2,0.118476874452472,H1,-0.187869554116503,AX,-0.16531013132355,L1,-...
GetData ===>> L2(CDD),0.000314489402501528,H2,0.304772128215167,H1,0.00586205044273564,AX,0.00507196626756738,L...
GetData ===>> L2(CDD),0.000314489402501528,H2,0.290897854729897,H1,0.0813658635511572,AX,-0.212200045062644,L1,...
GetData ===>> L2(CDD),0.000628978828996695,H2,0.304422354196785,H1,0.0404528659711627,AX,-0.0769124179894186,L1...
GetData ===>> L2(CDD),0.000314489402501528,H2,0.0797766793468848,H1,-0.147081139303884,AX,-0.0153387851208848,L...
GetData ===>> L2(CDD),0,H2,0.382891458522807,H1,0.167449718515322,AX,-0.0566176334624268,L1,-0.124885747916941,...
GetData ===>> L2(CDD),0.000314489402501528,H2,0.283319553145999,H1,0.23020727644757,AX,0.179383655471775,L1,-0....
GetData ===>> L2(CDD),0.000157244698251559,H2,0.192734246967571,H1,0.0185030684414393,AX,-0.305973018672668,L1,...
GetData ===>> L2(CDD),0,H2,0.313283334538017,H1,-0.133752719997743,AX,-0.0737019720974838,L1,-0.179918238517649...
GetData ===>> L2(CDD),0,H2,0.200545004683974,H1,0.0208014531481542,AX,0.0199789683295434,L1,0.0306527515660608,...
GetData ===>> L2(CDD),0,H2,0.176530038071909,H1,-0.0020672308467972,AX,-0.200850373325969,L1,-0.299663667244028...
GetData ===>> L2(CDD),0.000471734112749906,H2,0.131182995268284,H1,-0.251633901444115,AX,-0.439853064836905,L1,...
GetData ===>> L2(CDD),0.000157244698251559,H2,0.27655742591126,H1,-0.0403337155332547,AX,-0.108901633100688,L1,...
GetDeflection L2 (CDD) ===>> 0
testing L2_CDD_==3250
evaluate ot="L2(CDD).deflection==3250" t="L2_CDD_==3250", ctx="{'L2_CDD_': 0.0}"
GetData ===>> L2(CDD),0.000157244698251559,H2,0.146337300120914,H1,0.111706959840215,AX,-0.00582146614510398,L1...
GetData ===>> L2(CDD),0,H2,0.397816458217784,H1,0.0911346729640605,AX,0.0057599766647335,L1,-0.291012037269782,...
GetData ===>> L2(CDD),0.000314489402501528,H2,0.28413567511134,H1,-0.183618447739344,AX,0.00037057504933981,L1,...
GetData ===>> L2(CDD),0,H2,0.209754784203421,H1,-0.207286531494171,AX,-0.2186200021235,L1,-0.142999512595893,L2...
GetData ===>> L2(CDD),0,H2,0.148552179724797,H1,-0.0599834826194384,AX,-0.138482111562329,L1,0.0059587694301975...
GetData ===>> L2(CDD),0,H2,0.176063733875423,H1,0.157565200594573,AX,0.165621058486948,L1,-0.167112214925465,L2...
GetData ===>> L2(CDD),0,H2,0.0249928764973885,H1,0.155726231690465,AX,-0.321448119950061,L1,-0.256635463610015,...
GetData ===>> L2(CDD),0,H2,0.131182995268284,H1,-0.0761856210414093,AX,-0.219766418520268,L1,-0.298394766352602...
GetData ===>> L2(CDD),0.000314489402501528,H2,0.199146058418858,H1,-0.22693289773481,AX,-0.142838849398561,L1,-...
GetData ===>> L2(CDD),0.000471734112749906,H2,0.257786938369958,H1,-0.017465938744635,AX,0.0340834982488041,L1,...
GetDeflection L2 (CDD) ===>> 0
testing L2_CDD_==3250
evaluate ot="L2(CDD).deflection==3250" t="L2_CDD_==3250", ctx="{'L2_CDD_': 0.0}"
07:56:20 -- collecting point 25
GetData ===>> L2(CDD),0,H2,0.36283634872507,H1,0.0528644908673491,AX,-0.0735873131174757,L1,-0.091310931231263,...
GetData ===>> L2(CDD),0,H2,0.232604738197475,H1,0.0836643980424602,AX,0.11389839106195,L1,0.0291526318814465,L2...
GetData ===>> L2(CDD),0.000157244698251559,H2,0.255222054998746,H1,-0.339863018919436,AX,-0.146393015656283,L1,...
GetData ===>> L2(CDD),0.000471734112749906,H2,0.185739591496615,H1,-0.0875614279483106,AX,-0.522716397089697,L1...
GetData ===>> L2(CDD),0.000157244698251559,H2,0.0946970551360111,H1,-0.0725085638545763,AX,-0.154762452091208,L...
GetData ===>> L2(CDD),0.000314489402501528,H2,0.235869060910042,H1,-0.128237458135085,AX,-0.0415969241196011,L1...
GetData ===>> L2(CDD),0.000314489402501528,H2,0.158577486971398,H1,0.164231492258819,AX,-0.113029196307455,L1,-...
GetData ===>> L2(CDD),0.000314489402501528,H2,-0.0558950437053688,H1,0.0419468494024231,AX,-0.367069562759018,L...
GetData ===>> L2(CDD),0.000471734112749906,H2,-0.0972688434981082,H1,0.0627479360179425,AX,-0.07209674513499,L1...
GetData ===>> L2(CDD),0.000314489402501528,H2,0.163706753665966,H1,0.0424065370775798,AX,-0.278575747573214,L1,...
GetDeflection L2 (CDD) ===>> 0
testing L2_CDD_==3250
evaluate ot="L2(CDD).deflection==3250" t="L2_CDD_==3250", ctx="{'L2_CDD_': 0.0}"
GetData ===>> L2(CDD),0.000157244698251559,H2,0.212319548365518,H1,-0.112036194030773,AX,-0.280295264517426,L1,...
GetData ===>> L2(CDD),0.000471734112749906,H2,0.264782109017874,H1,0.219287627753431,AX,-0.140660482945651,L1,-...
GetData ===>> L2(CDD),0.000157244698251559,H2,0.155779716473321,H1,-0.01321408127988,AX,-0.273531813477277,L1,-...
GetData ===>> L2(CDD),0,H2,0.144938431376016,H1,-0.219809700078675,AX,0.225833873195003,L1,-0.170227209226383,L...
GetData ===>> L2(CDD),0.000157244698251559,H2,0.0774453911882222,H1,-0.0922725814215511,AX,-0.0845945128992387,...
GetData ===>> L2(CDD),0.000628978828996695,H2,0.029888325527544,H1,-0.0904340852430206,AX,-0.278117209202429,L1...
GetData ===>> L2(CDD),0,H2,0.227824856735522,H1,-0.0719340224025682,AX,-0.262297501605409,L1,-0.100195102529337...
GetData ===>> L2(CDD),0.000157244698251559,H2,0.27037828155049,H1,-0.102499152456707,AX,-0.0159121145838251,L1,...
GetData ===>> L2(CDD),0,H2,0.109967362884538,H1,-0.130995093008384,AX,0.0418812132728767,L1,-0.134692605257962,...
GetData ===>> L2(CDD),0.000314489402501528,H2,-0.112069749653151,H1,0.105960466833907,AX,-0.00226678070033299,L...
GetDeflection L2 (CDD) ===>> 0
testing L2_CDD_==3250
evaluate ot="L2(CDD).deflection==3250" t="L2_CDD_==3250", ctx="{'L2_CDD_': 0.0}"
GetData ===>> L2(CDD),0.000786223551241894,H2,0.00704310633812352,H1,0.109523288465448,AX,0.107590938840879,L1,...
GetData ===>> L2(CDD),0.000157244698251559,H2,0.108451978178671,H1,-0.242787568174359,AX,-0.283390387274194,L1,...
GetData ===>> L2(CDD),0.000157244698251559,H2,0.282853198042665,H1,-0.181320544599147,AX,-0.182507186515042,L1,...
GetData ===>> L2(CDD),0.000157244698251559,H2,0.19961237361847,H1,-0.0141334034009543,AX,0.0465828072734262,L1,...
GetData ===>> L2(CDD),0.000471734112749906,H2,0.116378631847192,H1,-0.0621667653645653,AX,-0.0692302617570968,L...
07:56:47 -- collecting point 50
GetData ===>> L2(CDD),0.000157244698251559,H2,0.133048127811298,H1,0.101248368112179,AX,-0.13997257672576,L1,-0...
GetData ===>> L2(CDD),0.000314489402501528,H2,0.481657211780017,H1,-0.221533059174804,AX,-0.0429728767144155,L1...
GetData ===>> L2(CDD),0.000157244698251559,H2,-0.00286409325608125,H1,-0.00321639664059403,AX,-0.00490412922290...
GetData ===>> L2(CDD),0.000157244698251559,H2,0.0959792855499569,H1,0.0555077279068648,AX,0.0207816596072904,L1...
GetData ===>> L2(CDD),0.000314489402501528,H2,0.115329512232365,H1,-0.188214237596505,AX,-0.0766831007810719,L1...
GetDeflection L2 (CDD) ===>> 0
testing L2_CDD_==3250
evaluate ot="L2(CDD).deflection==3250" t="L2_CDD_==3250", ctx="{'L2_CDD_': 0.0}"
GetData ===>> L2(CDD),0.000314489402501528,H2,0.234936396166269,H1,-0.0730831049635903,AX,-0.0856264314241627,L...
GetData ===>> L2(CDD),0.000471734112749906,H2,0.211153745640116,H1,-0.049756460813551,AX,0.0414225224048927,L1,...
GetData ===>> L2(CDD),0.000314489402501528,H2,0.265365042162913,H1,0.104926101727833,AX,-0.274907434488857,L1,0...
GetData ===>> L2(CDD),0.000314489402501528,H2,0.29287988175207,H1,-0.19981850953093,AX,-0.117615356884963,L1,-0...
GetData ===>> L2(CDD),0.000471734112749906,H2,0.363769135413222,H1,-0.126284128662738,AX,-0.0762244662000243,L1...
GetData ===>> L2(CDD),0.000157244698251559,H2,-0.0660347002007294,H1,0.259978314936061,AX,-0.027607961071522,L1...
GetData ===>> L2(CDD),0,H2,0.111133045024699,H1,-0.0305661385081689,AX,0.211841226003202,L1,-0.036619561803281,...
GetData ===>> L2(CDD),0.000314489402501528,H2,0.212552709077616,H1,0.273427309250789,AX,0.025368479750649,L1,-0...
GetData ===>> L2(CDD),0,H2,0.147969316185186,H1,-0.0889403045175141,AX,-0.216097881243301,L1,-0.154306021953537...
GetData ===>> L2(CDD),0.000157244698251559,H2,0.258836210778729,H1,-0.114793875223509,AX,-0.168520271621589,L1,...
GetDeflection L2 (CDD) ===>> 0
testing L2_CDD_==3250
evaluate ot="L2(CDD).deflection==3250" t="L2_CDD_==3250", ctx="{'L2_CDD_': 0.0}"
GetData ===>> L2(CDD),0.000157244698251559,H2,-0.0662677945161806,H1,-0.0483775282295921,AX,0.0749075302816605,...
GetData ===>> L2(CDD),0.000157244698251559,H2,0.0636909041467268,H1,0.0918242397191884,AX,-0.102710255097292,L1...
GetData ===>> L2(CDD),0,H2,0.262683552571439,H1,-0.154204874096321,AX,-0.104200775664335,L1,-0.212451698863058,...
GetData ===>> L2(CDD),0.000157244698251559,H2,0.285651331996039,H1,-0.0995116260620212,AX,0.131215426958733,L1,...
GetData ===>> L2(CDD),0,H2,0.0451576215582197,H1,-0.128697064494464,AX,-0.00444546043395759,L1,-0.1203860977763...
GetData ===>> L2(CDD),0.000157244698251559,H2,0.0571634186476098,H1,0.0881465560536535,AX,-0.248541022724949,L1...
GetData ===>> L2(CDD),0.000314489402501528,H2,0.0380474616912428,H1,0.010343846960041,AX,-0.025200004296096,L1,...
GetData ===>> L2(CDD),0.000943468279485503,H2,0.176996342490346,H1,0.0610240720149751,AX,-0.0114401357162255,L1...
GetData ===>> L2(CDD),0,H2,0.0522678331094078,H1,0.172506952894682,AX,-0.0240533560951292,L1,-0.015503712853034...
GetData ===>> L2(CDD),0.000157244698251559,H2,0.0981940511327493,H1,0.0273518796071643,AX,-0.173335461990396,L1...
GetDeflection L2 (CDD) ===>> 0
testing L2_CDD_==3250
evaluate ot="L2(CDD).deflection==3250" t="L2_CDD_==3250", ctx="{'L2_CDD_': 0.0}"
07:57:13 -- collecting point 75
GetData ===>> L2(CDD),0,H2,0.0685865468568738,H1,0.00471287520277818,AX,-0.0116694684713266,L1,-0.1313467474461...
GetData ===>> L2(CDD),0,H2,0.195298966504689,H1,-0.000918063684236769,AX,-0.0594841544079742,L1,-0.219142842400...
GetData ===>> L2(CDD),0.000314489402501528,H2,-0.186420519448552,H1,-0.191661065618269,AX,-0.111194725956449,L1...
GetData ===>> L2(CDD),0.000471734112749906,H2,-0.0102070117346419,H1,0.0502212610709896,AX,0.104379888134419,L1...
GetData ===>> L2(CDD),0.000157244698251559,H2,0.0649730939168321,H1,0.165725667399664,AX,-0.394005831237353,L1,...
GetData ===>> L2(CDD),0.000314489402501528,H2,0.246711353808315,H1,-0.238077149822451,AX,-0.196952475384247,L1,...
GetData ===>> L2(CDD),0.000314489402501528,H2,0.0965621181117126,H1,-0.0771048831474852,AX,0.154381750260272,L1...
GetData ===>> L2(CDD),0.000314489402501528,H2,0.159510078915118,H1,-0.132718610800311,AX,-0.178150628265175,L1,...
GetData ===>> L2(CDD),0.000157244698251559,H2,0.188420870182134,H1,-0.0455047456811321,AX,0.0548393206129574,L1...
GetData ===>> L2(CDD),0.000157244698251559,H2,0.133747553431909,H1,-0.104797243387656,AX,-0.141119086819177,L1,...
GetDeflection L2 (CDD) ===>> 0
testing L2_CDD_==3250
evaluate ot="L2(CDD).deflection==3250" t="L2_CDD_==3250", ctx="{'L2_CDD_': 0.0}"
GetData ===>> L2(CDD),0,H2,0.134213837456764,H1,-0.0887104918927351,AX,-0.0113254693180505,L1,-0.15592122679802...
GetData ===>> L2(CDD),0,H2,0.191451889720494,H1,0.0779180720827139,AX,-0.0724407225665807,L1,-0.216489463426998...
GetData ===>> L2(CDD),0.000471734112749906,H2,0.0504028545876978,H1,-0.315623792062707,AX,-0.0213013948389142,L...
GetData ===>> L2(CDD),0,H2,0.161375265470736,H1,0.0327531419022965,AX,-0.139628623431584,L1,-0.184417612002145,...
GetData ===>> L2(CDD),0.000628978828996695,H2,0.0471391507300251,H1,0.102052871142312,AX,-0.113487813348767,L1,...
GetData ===>> L2(CDD),0,H2,0.0809423255100074,H1,0.122625390862297,AX,0.00965871154042247,L1,-0.012042054338983...
GetData ===>> L2(CDD),0.000314489402501528,H2,0.137827546186282,H1,-0.0980178593945661,AX,0.0124107691969017,L1...
GetData ===>> L2(CDD),0.000157244698251559,H2,-0.0225616390611275,H1,-0.160639169977083,AX,-0.370966771663336,L...
GetData ===>> L2(CDD),0,H2,0.196231593458369,H1,-0.169141566556829,AX,0.127660248476971,L1,-0.25698154258123,L2...
GetData ===>> L2(CDD),0.000471734112749906,H2,-0.166027062059243,H1,0.0409125529341939,AX,-0.0772563936998851,L...
GetDeflection L2 (CDD) ===>> 0
testing L2_CDD_==3250
evaluate ot="L2(CDD).deflection==3250" t="L2_CDD_==3250", ctx="{'L2_CDD_': 0.0}"
GetData ===>> L2(CDD),0.000157244698251559,H2,0.246711353808315,H1,0.0240192009379423,AX,0.0552980178749401,L1,...
GetData ===>> L2(CDD),0.000157244698251559,H2,0.107752570644812,H1,0.0203417757686098,AX,-0.114405046775469,L1,...
GetData ===>> L2(CDD),0.000314489402501528,H2,-0.0107897806816241,H1,0.0606792995839842,AX,-0.166685907048012,L...
GetData ===>> L2(CDD),0,H2,0.363769135413222,H1,0.00884991247391211,AX,0.00713599893526138,L1,-0.25179034502088...
GetData ===>> L2(CDD),0.000157244698251559,H2,0.0277902729428242,H1,-0.0336687913410788,AX,-0.250833782861956,L...
07:57:39 -- collecting point 100
GetData ===>> L2(CDD),0.000157244698251559,H2,0.118243736163294,H1,-0.13030568502875,AX,-0.28843426969473,L1,-0...
GetData ===>> L2(CDD),0.000157244698251559,H2,0.0202140094103567,H1,0.010343846960041,AX,-0.0620066857772446,L1...
GetData ===>> L2(CDD),0.000314489402501528,H2,-0.0112559955891643,H1,0.0923988790588887,AX,-0.225957043462922,L...
GetData ===>> L2(CDD),0.000471734112749906,H2,-0.0133539599225872,H1,0.15181843440908,AX,-0.15006181866986,L1,-...
GetData ===>> L2(CDD),0.000157244698251559,H2,-0.028622342582652,H1,-0.165579760895936,AX,0.161492317764961,L1,...
GetDeflection L2 (CDD) ===>> 0
testing L2_CDD_==3250
evaluate ot="L2(CDD).deflection==3250" t="L2_CDD_==3250", ctx="{'L2_CDD_': 0.0}"
GetData ===>> L2(CDD),0.000314489402501528,H2,-0.0696476558506126,H1,-0.258412205798595,AX,-0.00456012765176637...
GetData ===>> L2(CDD),0.000157244698251559,H2,0.202060532062793,H1,-0.0320600096363372,AX,-0.087690265154654,L1...
GetData ===>> L2(CDD),0.000471734112749906,H2,0.12418877990313,H1,-0.0682569490086673,AX,-0.299095115996784,L1,...
GetData ===>> L2(CDD),0.000314489402501528,H2,0.247644029778251,H1,0.101248368112179,AX,-0.134583960989375,L1,-...
GetData ===>> L2(CDD),0.000157244698251559,H2,0.0600774692916951,H1,0.110327798396815,AX,-0.0365517477748977,L1...
GetData ===>> L2(CDD),0.000314489402501528,H2,0.0364156290136805,H1,0.0336725087094605,AX,-0.101105076519909,L1...
GetData ===>> L2(CDD),0.000471734112749906,H2,-0.0829338941068173,H1,-0.020568633714851,AX,-0.202913959961977,L...
GetData ===>> L2(CDD),0.000314489402501528,H2,-0.0663843416534321,H1,0.19066724033466,AX,-0.129768576717648,L1,...
GetData ===>> L2(CDD),0.000314489402501528,H2,-0.0512330973985288,H1,-0.0334389655473338,AX,-0.323052931025227,...
GetData ===>> L2(CDD),0.000157244698251559,H2,-0.00706005342221824,H1,-0.0781390519704312,AX,0.0406198139120572...
GetDeflection L2 (CDD) ===>> 0
testing L2_CDD_==3250
evaluate ot="L2(CDD).deflection==3250" t="L2_CDD_==3250", ctx="{'L2_CDD_': 0.0}"
GetData ===>> L2(CDD),0.000157244698251559,H2,0.049120683916074,H1,-0.0494117278521805,AX,-0.12437990384413,L1,...
GetData ===>> L2(CDD),0.000157244698251559,H2,0.201710794766577,H1,0.0237893614542058,AX,0.0945174422321891,L1,...
GetData ===>> L2(CDD),0.000157244698251559,H2,0.332404670845073,H1,-0.0110306877315381,AX,-0.202570029163383,L1...
GetData ===>> L2(CDD),0,H2,0.17221673273719,H1,-0.231413591887618,AX,-0.316977560699773,L1,-0.19583900463476,L2...
GetData ===>> L2(CDD),0.000157244698251559,H2,0.130949853950018,H1,0.0689538719366868,AX,0.289147409510675,L1,-...
GetData ===>> L2(CDD),0.000314489402501528,H2,0.139226404762485,H1,0.0788374819359794,AX,-0.225613120899564,L1,...
measurement finished
estimated time: 125.829 actual time: :126.127
flush and close file /Users/obama/PychronDev/data/isotopes/e4/bb8060-aa85-466f-931d-327a58615dd7.h5
activate_detectors ('H1', 'L2(CDD)') {'peak_center': True}
peak_center () {'detector': 'H2', 'integration_time': 1.048576, 'isotope': 'Ar40'}
peak center: mean=9906.22944019 threshold=100.0
peak center started
setup peak center. detector=['H2', 'H1', 'L2(CDD)'], isotope=Ar40
VersionedUnpickler [<apptools.sweet_pickle.versioned_unpickler.VersionedUnpickler object at 0x165e66ef0>] using Updater [<apptools.sweet_pickle.updater.Updater object at 0x11f6fc230>]
VersionedUnpickler [<apptools.sweet_pickle.versioned_unpickler.VersionedUnpickler object at 0x165e66ef0>] using Updater [<apptools.sweet_pickle.updater.Updater object at 0x11f6fc230>]
VersionedUnpickler [<apptools.sweet_pickle.versioned_unpickler.VersionedUnpickler object at 0x169c81d70>] using Updater [<apptools.sweet_pickle.updater.Updater object at 0x11f6fc230>]
setting integration time = 0.524288
SetIntegrationTime 0.524288 ===>> OK
Mapping mass to dac mass func: "parabolic"
H2 map mass coeffs = [ -2.38925034e-04   8.80081338e-02   3.57635459e-01]
H2 map mass to dac 39.9624 >> 3.49309
GetHighVoltage ===>> 9000
do peak center. <pychron.spectrometer.jobs.peak_center.PeakCenter object at 0x11f626050>
doing pc
starting peak center. center dac= 3.49309 step_width=0.0001
width = 0.0001
get scan parameters. half-width=0.002,window=0.002, i=0, scalar=1
Scan parameters center=3.49309 width=0.00400 (3.49109 - 3.49509)
GetData ===>> L2(CDD),0,H2,-0.130483162767063,H1,-0.190627018504513,AX,-0.103856809584513,L1,-0.155805855113135...
Moving to starting dac 3.49109
setting magnet DAC
current  : 3.486169
requested: 3.491090
Delta Dac: 0.004921
Checking detector protection. dv=0.00492
SetMagnetDAC 3.49109 ===>> OK
Magnet settling time: 0.500
Wait until signal near baseline. tol= -0.0978623720753. timeout= 10
GetData ===>> L2(CDD),0.000628978828996695,H2,1.32955256757928,H1,-0.112756693719324,AX,-0.215207167017007,L1,-...
GetData ===>> L2(CDD),0.000314489402501528,H2,4.09007794312077,H1,-0.248892805097379,AX,-0.226202265634486,L1,-...
GetData ===>> L2(CDD),0.00157244725244406,H2,5.33597937070364,H1,0.304035664016674,AX,0.215303868389404,L1,-0.2...
GetData ===>> L2(CDD),0.00157244725244406,H2,5.33597937070364,H1,0.304035664016674,AX,0.215303868389404,L1,-0.2...
GetData ===>> L2(CDD),0.000628978828996695,H2,5.97992430812969,H1,-0.233053334732722,AX,-0.0365192052097477,L1,...
GetData ===>> L2(CDD),0.00188693677491381,H2,5.68113921713018,H1,-0.0160952776539559,AX,-0.0674483421867641,L1,...
GetData ===>> L2(CDD),0.00125795775396796,H2,5.65054165911559,H1,-0.191272614187019,AX,-0.121285579934752,L1,-0...
GetData ===>> L2(CDD),0.00188693677491381,H2,5.61994505546004,H1,0.138445349441223,AX,-0.667963844057968,L1,-0....
GetData ===>> L2(CDD),0.000943468279485503,H2,5.93366389957055,H1,0.0135250048360026,AX,-0.120369226615454,L1,-...
GetData ===>> L2(CDD),0.000943468279485503,H2,5.72878922311163,H1,-0.0907159882177314,AX,-0.220475667447344,L1,...
GetData ===>> L2(CDD),0.000943468279485503,H2,5.76055717966103,H1,-0.187829067477191,AX,-0.132510837281289,L1,-...
GetData ===>> L2(CDD),0.00251591589183427,H2,5.74373872157466,H1,0.0785091211735909,AX,0.0159480485119615,L1,-0...
GetData ===>> L2(CDD),0.00157244725244406,H2,5.52862804304296,H1,0.0360278429075739,AX,-0.171225516232681,L1,-0...
GetData ===>> L2(CDD),0.00157244725244406,H2,5.6267182671511,H1,0.154520833260925,AX,-0.0823397943716239,L1,-0....
GetData ===>> L2(CDD),0.00125795775396796,H2,5.51952016277612,H1,-0.073955531304666,AX,-0.297209251999333,L1,-0...
GetData ===>> L2(CDD),0.00188693677491381,H2,5.6624535720672,H1,-0.460519900347231,AX,0.0571906924628215,L1,0.1...
GetData ===>> L2(CDD),0.000628978828996695,H2,5.70496393080301,H1,0.299212243260191,AX,-0.143048714818233,L1,-0...
GetData ===>> L2(CDD),0.00157244725244406,H2,5.39552128378751,H1,0.024546737483788,AX,-0.120369226615454,L1,-0....
GetData ===>> L2(CDD),0.000943468279485503,H2,5.43778656065876,H1,-0.194716148602399,AX,-0.262164523251142,L1,-...
GetData ===>> L2(CDD),0.00188693677491381,H2,5.4454925809181,H1,0.0553164076492688,AX,0.0184683816070933,L1,0.0...
GetData ===>> L2(CDD),0.00220142632137721,H2,5.46650930752487,H1,-0.0287238037051542,AX,0.0390895366643638,L1,-...
Peak center failed to move to a baseline position
_do_sweep sm= 3.49109, em= 3.49509, stm= 0.0001
calculated step values: start=3.49109, end=3.49509, width=0.0001, nsteps=41.0
setting magnet DAC
current  : 3.491090
requested: 3.491090
Delta Dac: 0.000000
Checking detector protection. dv=0.00000
GetData ===>> L2(CDD),0.00220142632137721,H2,5.46650930752487,H1,-0.0287238037051542,AX,0.0390895366643638,L1,-...
setting magnet DAC
current  : 3.491090
requested: 3.491193
Delta Dac: 0.000103
Checking detector protection. dv=0.00010
Magnet settling time: 1.049
GetData ===>> L2(CDD),0.00314489510472937,H2,11.7923258894887,H1,-0.479568651316564,AX,0.051004183200133,L1,-0....
setting magnet DAC
current  : 3.491193
requested: 3.491295
Delta Dac: 0.000103
Checking detector protection. dv=0.00010
Magnet settling time: 1.049
GetData ===>> L2(CDD),0.00188693677491381,H2,49.2805863821244,H1,0.56775269631024,AX,0.137389781962605,L1,-0.04...
setting magnet DAC
current  : 3.491295
requested: 3.491398
Delta Dac: 0.000103
Checking detector protection. dv=0.00010
Magnet settling time: 1.049
GetData ===>> L2(CDD),0.00314489510472937,H2,184.339253423213,H1,1.65393276900673,AX,-0.308661501043415,L1,0.02...
setting magnet DAC
current  : 3.491398
requested: 3.491500
Delta Dac: 0.000103
Checking detector protection. dv=0.00010
Magnet settling time: 1.049
GetData ===>> L2(CDD),0.00220142632137721,H2,592.418068242751,H1,6.54331883771765,AX,-0.235593812887506,L1,0.05...
setting magnet DAC
current  : 3.491500
requested: 3.491603
Delta Dac: 0.000103
Checking detector protection. dv=0.00010
Magnet settling time: 1.049
GetData ===>> L2(CDD),0.00283040548628499,H2,1391.35852818938,H1,16.2615489331486,AX,0.404615543478309,L1,-0.23...
setting magnet DAC
current  : 3.491603
requested: 3.491705
Delta Dac: 0.000103
Checking detector protection. dv=0.00010
Magnet settling time: 1.049
GetData ===>> L2(CDD),0.00157244725244406,H2,2583.19154336657,H1,32.0706828253473,AX,1.24229652256842,L1,-0.284...
setting magnet DAC
current  : 3.491705
requested: 3.491808
Delta Dac: 0.000103
Checking detector protection. dv=0.00010
Magnet settling time: 1.049
GetData ===>> L2(CDD),0.00566081291605652,H2,5213.25232417112,H1,64.581071824131,AX,3.21848187885716,L1,-0.3883...
setting magnet DAC
current  : 3.491808
requested: 3.491911
Delta Dac: 0.000103
Checking detector protection. dv=0.00010
Magnet settling time: 1.049
GetData ===>> L2(CDD),0.0116361238723415,H2,6820.62226834099,H1,81.6180558327662,AX,5.39149593791487,L1,-0.1087...
setting magnet DAC
current  : 3.491911
requested: 3.492013
Delta Dac: 0.000103
Checking detector protection. dv=0.00010
Magnet settling time: 1.049
GetData ===>> L2(CDD),0.0506331028426921,H2,8020.43038646603,H1,93.5970571128298,AX,6.31593540642715,L1,0.25322...
setting magnet DAC
current  : 3.492013
requested: 3.492116
Delta Dac: 0.000103
Checking detector protection. dv=0.00010
Magnet settling time: 1.049
GetData ===>> L2(CDD),0.275187402062135,H2,8795.09283621893,H1,98.5640762635668,AX,6.86533730730851,L1,-0.06567...
setting magnet DAC
current  : 3.492116
requested: 3.492218
Delta Dac: 0.000103
Checking detector protection. dv=0.00010
Magnet settling time: 1.049
GetData ===>> L2(CDD),1.12759867185478,H2,9241.91082851903,H1,101.199952159948,AX,7.04488924592308,L1,-0.355885...
setting magnet DAC
current  : 3.492218
requested: 3.492321
Delta Dac: 0.000103
Checking detector protection. dv=0.00010
Magnet settling time: 1.049
GetData ===>> L2(CDD),3.80424587211373,H2,9479.44729619308,H1,102.75810388419,AX,7.12628485750247,L1,-0.1857797...
setting magnet DAC
current  : 3.492321
requested: 3.492423
Delta Dac: 0.000103
Checking detector protection. dv=0.00010
Magnet settling time: 1.049
GetData ===>> L2(CDD),8.98436411703643,H2,9609.10661143151,H1,104.59766956918,AX,7.2274641054521,L1,0.116704537...
setting magnet DAC
current  : 3.492423
requested: 3.492526
Delta Dac: 0.000103
Checking detector protection. dv=0.00010
Magnet settling time: 1.049
GetData ===>> L2(CDD),16.2208230507882,H2,9678.93262557793,H1,104.493015505123,AX,7.24793119652056,L1,-0.135987...
setting magnet DAC
current  : 3.492526
requested: 3.492628
Delta Dac: 0.000103
Checking detector protection. dv=0.00010
Magnet settling time: 1.049
GetData ===>> L2(CDD),23.5272307078211,H2,9714.97879727328,H1,104.770905403352,AX,7.38822293109549,L1,0.1044834...
setting magnet DAC
current  : 3.492628
requested: 3.492731
Delta Dac: 0.000103
Checking detector protection. dv=0.00010
Magnet settling time: 1.049
GetData ===>> L2(CDD),27.6679180142778,H2,9728.27870038447,H1,104.812583322345,AX,7.02488628960111,L1,-0.228424...
setting magnet DAC
current  : 3.492731
requested: 3.492834
Delta Dac: 0.000103
Checking detector protection. dv=0.00010
Magnet settling time: 1.049
GetData ===>> L2(CDD),30.1283447770978,H2,9738.72520603636,H1,104.260731661367,AX,7.6030697597855,L1,-0.3957571...
setting magnet DAC
current  : 3.492834
requested: 3.492936
Delta Dac: 0.000103
Checking detector protection. dv=0.00010
Magnet settling time: 1.049
GetData ===>> L2(CDD),31.2847979194195,H2,9737.63808968595,H1,104.73649817592,AX,7.35004316263973,L1,0.14737323...
setting magnet DAC
current  : 3.492936
requested: 3.493039
Delta Dac: 0.000103
Checking detector protection. dv=0.00010
Magnet settling time: 1.049
GetData ===>> L2(CDD),31.8194102964144,H2,9740.88331260958,H1,104.85087035775,AX,7.31508469795807,L1,-0.0260189...
setting magnet DAC
current  : 3.493039
requested: 3.493141
Delta Dac: 0.000103
Checking detector protection. dv=0.00010
Magnet settling time: 1.049
GetData ===>> L2(CDD),32.0580592208953,H2,9739.0681077359,H1,104.90563786319,AX,7.20331809490172,L1,-0.04031322...
setting magnet DAC
current  : 3.493141
requested: 3.493244
Delta Dac: 0.000103
Checking detector protection. dv=0.00010
Magnet settling time: 1.049
GetData ===>> L2(CDD),31.9490333034395,H2,9737.53356991856,H1,104.617535677255,AX,7.5904168560275,L1,0.18357739...
setting magnet DAC
current  : 3.493244
requested: 3.493346
Delta Dac: 0.000103
Checking detector protection. dv=0.00010
Magnet settling time: 1.049
GetData ===>> L2(CDD),31.0582343790505,H2,9735.17073113975,H1,105.320367203616,AX,7.47746827516282,L1,-0.232342...
setting magnet DAC
current  : 3.493346
requested: 3.493449
Delta Dac: 0.000103
Checking detector protection. dv=0.00010
Magnet settling time: 1.049
GetData ===>> L2(CDD),28.2264448757101,H2,9738.54958124543,H1,104.375292556242,AX,6.93752191080731,L1,-0.019102...
setting magnet DAC
current  : 3.493449
requested: 3.493552
Delta Dac: 0.000103
Checking detector protection. dv=0.00010
Magnet settling time: 1.049
GetData ===>> L2(CDD),22.1958771268351,H2,9731.99088938696,H1,105.018817229576,AX,7.70268840770588,L1,-0.270145...
setting magnet DAC
current  : 3.493552
requested: 3.493654
Delta Dac: 0.000103
Checking detector protection. dv=0.00010
Magnet settling time: 1.049
GetData ===>> L2(CDD),14.9000276582267,H2,9727.90267915667,H1,104.966224822662,AX,7.41352360887501,L1,-0.095182...
setting magnet DAC
current  : 3.493654
requested: 3.493757
Delta Dac: 0.000103
Checking detector protection. dv=0.00010
Magnet settling time: 1.049
GetData ===>> L2(CDD),7.04365641882399,H2,9720.8876708373,H1,104.090246322499,AX,7.4098434691103,L1,-0.01956343...
setting magnet DAC
current  : 3.493757
requested: 3.493859
Delta Dac: 0.000103
Checking detector protection. dv=0.00010
Magnet settling time: 1.049
GetData ===>> L2(CDD),3.63993414295384,H2,9704.87931833876,H1,102.807196395166,AX,7.38638290764843,L1,-0.133451...
setting magnet DAC
current  : 3.493859
requested: 3.493962
Delta Dac: 0.000103
Checking detector protection. dv=0.00010
Magnet settling time: 1.049
GetData ===>> L2(CDD),2.03210223248242,H2,9616.23672721891,H1,99.5472145515327,AX,7.4264042084473,L1,-0.2023768...
setting magnet DAC
current  : 3.493962
requested: 3.494064
Delta Dac: 0.000103
Checking detector protection. dv=0.00010
Magnet settling time: 1.049
GetData ===>> L2(CDD),1.11218450482927,H2,9102.14978901832,H1,84.5983509894998,AX,6.54677799709059,L1,-0.095643...
setting magnet DAC
current  : 3.494064
requested: 3.494167
Delta Dac: 0.000103
Checking detector protection. dv=0.00010
Magnet settling time: 1.049
GetData ===>> L2(CDD),0.595371409316152,H2,8049.9774981715,H1,63.3449012182353,AX,4.62372037742731,L1,-0.106017...
setting magnet DAC
current  : 3.494167
requested: 3.494269
Delta Dac: 0.000103
Checking detector protection. dv=0.00010
Magnet settling time: 1.049
GetData ===>> L2(CDD),0.301920871557063,H2,6558.64221162719,H1,41.9960371994473,AX,2.97392250495951,L1,0.110939...
setting magnet DAC
current  : 3.494269
requested: 3.494372
Delta Dac: 0.000103
Checking detector protection. dv=0.00010
Magnet settling time: 1.049
GetData ===>> L2(CDD),0.160392709590518,H2,4794.15472750809,H1,24.3799110073205,AX,1.89634541956656,L1,0.031390...
setting magnet DAC
current  : 3.494372
requested: 3.494475
Delta Dac: 0.000103
Checking detector protection. dv=0.00010
Magnet settling time: 1.049
GetData ===>> L2(CDD),0.064785323544947,H2,3113.75929424983,H1,12.8776787168466,AX,0.394759416489663,L1,-0.1774...
setting magnet DAC
current  : 3.494475
requested: 3.494577
Delta Dac: 0.000103
Checking detector protection. dv=0.00010
Magnet settling time: 1.049
GetData ===>> L2(CDD),0.0283041423199847,H2,1871.62356719014,H1,6.71407824916463,AX,0.250825618573448,L1,-0.351...
setting magnet DAC
current  : 3.494577
requested: 3.494680
Delta Dac: 0.000103
Checking detector protection. dv=0.00010
Magnet settling time: 1.049
GetData ===>> L2(CDD),0.013208575563619,H2,1081.80071312892,H1,3.90200551106694,AX,0.127307243453194,L1,-0.2251...
setting magnet DAC
current  : 3.494680
requested: 3.494782
Delta Dac: 0.000103
Checking detector protection. dv=0.00010
Magnet settling time: 1.049
GetData ===>> L2(CDD),0.00691877239756847,H2,596.451132190856,H1,2.49981540327486,AX,0.102788783712639,L1,-0.38...
setting magnet DAC
current  : 3.494782
requested: 3.494885
Delta Dac: 0.000103
Checking detector protection. dv=0.00010
Magnet settling time: 1.049
GetData ===>> L2(CDD),0.0040883641040245,H2,319.581178468054,H1,1.04896930163536,AX,-0.0573678437692184,L1,0.02...
setting magnet DAC
current  : 3.494885
requested: 3.494987
Delta Dac: 0.000103
Checking detector protection. dv=0.00010
Magnet settling time: 1.049
GetData ===>> L2(CDD),0.00471734355685627,H2,168.923875678406,H1,0.151305715066548,AX,-0.0651573290905809,L1,-0...
setting magnet DAC
current  : 3.494987
requested: 3.495090
Delta Dac: 0.000103
Checking detector protection. dv=0.00010
Magnet settling time: 1.049
GetData ===>> L2(CDD),0.0103781629512068,H2,85.5974194453948,H1,0.602905096708699,AX,-0.0878381184698444,L1,-0....
result of _do_sweep=True
result of _calculate_peak_center=([3.4919437074148294, 3.4930859919839676, 3.4942282765531059], [7231.2320449291674, 9740.986137146956, 7202.5240730527557], 3.4930539278557111, 9740.986137146956)
new center pos Detector(H2) (Ar40) @ 3.49308599198
GetHighVoltage ===>> 9000
dac uncorrected for HV and deflection 3.49308599198
update mftable H2 Ar40 3.49308599198 message=automated run peakcenter
get initial guess parabolic
get initial guess parabolic
get initial guess parabolic
get initial guess parabolic
sweep finished
get initial guess parabolic
get initial guess parabolic
dump mftable to /Users/obama/PychronDev/setupfiles/spectrometer/mftables/argon.csv
add to repo msg=modified - automated run peakcenter
locally archiving mftable
setting magnet DAC
current  : 3.495090
requested: 3.493086
Delta Dac: 0.002004
Checking detector protection. dv=0.00200
SetMagnetDAC 3.49308599198 ===>> OK
Magnet settling time: 0.500
setting integration time = 1.048576
SetIntegrationTime 1.048576 ===>> OK
flush and close file /Users/obama/PychronDev/data/isotopes/e4/bb8060-aa85-466f-931d-327a58615dd7.h5
finished measure script
executed snippet estimated_duration=650.242112, duration=355.842585087
felix_analysis400_120.py completed successfully
Measurement Finished
07:58:56 -- ******* Measurement Finished *******
Post Measurement Started felix_pump_ms.py
07:58:56 -- ******* Post Measurement Started felix_pump_ms.py *******
testing...
no interpolation path defined
executed snippet estimated_duration=0, duration=4.41074371338e-05
Pumping spectrometer
open () {'name': 'V'}
opening name=V desc=---
checking ownership. requestor=129.138.12.137
check software interlocks V
interlocks []
actuate state mode=None-script, software_lock=False
doing actuation None-script open_channel True
Open V ===>> OK
set states for children of V. state=True
handle state [('V', True)]
update switch state V True args=() kw={'refresh': False} ncanvase=4
refresh_canvas_needed fired
GetIndicatorState V ===>> OK
change switch state (True, True)
update switch state V True args=() kw={} ncanvase=4
07:58:57 -- OPEN   VALVE-V (Felix Ion Pump)
---------------------------------------- open V () result=[(True, True)], time=0.13 sec
action=open, ok=True, locked=[False]
executed snippet estimated_duration=0, duration=0.391230821609
felix_pump_ms.py completed successfully
setting _ms_pumptime
Post Measurement Finished
07:58:57 -- ******* Post Measurement Finished *******
$$$$$$$$$$$$$$$$$$$$ state at run end truncated
post measurement save measured=True aborted=False
Set filtering
setting fod for Ar40= {'filter_outliers': True, 'std_devs': 2, 'iterations': 2}
setting fod for H2= {'filter_outliers': True, 'std_devs': 2, 'iterations': 1}
setting fod for Ar36= {'filter_outliers': True, 'std_devs': 2, 'iterations': 2}
setting fod for L2(CDD)= {'filter_outliers': True, 'std_devs': 2, 'iterations': 1}
setting fod for Ar37= {'filter_outliers': True, 'std_devs': 2, 'iterations': 2}
setting fod for L1= {'filter_outliers': True, 'std_devs': 2, 'iterations': 1}
setting fod for Ar38= {'filter_outliers': True, 'std_devs': 2, 'iterations': 2}
setting fod for AX= {'filter_outliers': True, 'std_devs': 2, 'iterations': 1}
setting fod for Ar39= {'filter_outliers': True, 'std_devs': 2, 'iterations': 2}
setting fod for H1= {'filter_outliers': True, 'std_devs': 2, 'iterations': 1}
persistence save...
persistence save - db
post measurement save
6363692304 connecting to database sqlite:////Users/obama/PychronDev/.appdata/local_lab.db
connected to db sqlite:////Users/obama/PychronDev/.appdata/local_lab.db
create new session 6363692304
close session 6363692304
No database instance. Not saving post measurement to isotopedb database
$$$$$$$$$$$$$$$ auto_save_detector_ic=False
massspec enabled True
create new session 4821576496
MassSpec Database Version: 16.0
close session 4821576496
saving post measurement to secondary database
saving to massspec database 129.138.12.160/massspecdata
setting labnumber to 65411
setting aliquot to 1
setting step to A
setting uuid to e4bb8060-aa85-466f-931d-327a58615dd7
setting irradpos to 65411
setting extract_device to Fusions Diode
setting tray to 
setting position to 27
setting power_requested to 0.6
setting extract_value to 0.6
setting duration to 45.0
setting duration_at_request to 45.0
setting first_stage_delay to 45.0
setting cleanup to 120.0
setting comment to C:5 Alunite, 6.51 mg
setting irradiation to NM-288
setting level to C
setting irradiation_level to C
setting sample to Al-6
setting material to Alunite
setting project to IR987
setting mass_spectrometer to Felix
no attribute chron_dosages
no attribute production_ratios
no attribute interference_corrections
no attribute production_name
no attribute j
Reference Isotope=Ar40
Reference Detector=H2
%%%%%%%%%%%%%%%%%%%% Comment: C:5 Alunite, 6.51 mg %%%%%%%%%%%%%%%%%%%
adding isotope Ar40 H2
add baseline dbdet= Ar40. original det= H2
get baseline data Ar40 H2
Get data baseline <pychron.processing.isotope.Baseline object at 0x1669e7a50> len t=120
baseline Ar40. v=0.140208879492, e=0.0106676275717
get signal data Ar40 H2
Get data signal Ar40 10067.6+/-1.6 len t=120
adding isotope Ar39 H1
add baseline dbdet= Ar39. original det= H1
get baseline data Ar39 H1
Get data baseline <pychron.processing.isotope.Baseline object at 0x145fad990> len t=120
baseline Ar39. v=-0.0276984802253, e=0.0107380442651
get signal data Ar39 H1
Get data signal Ar39 108.98+/-0.09 len t=120
adding isotope Ar38 AX
add baseline dbdet= Ar38. original det= AX
get baseline data Ar38 AX
Get data baseline <pychron.processing.isotope.Baseline object at 0x145fad890> len t=120
baseline Ar38. v=-0.0930959596297, e=0.0119099848818
get signal data Ar38 AX
Get data signal Ar38 7.801+/-0.026 len t=120
adding isotope Ar37 L1
add baseline dbdet= Ar37. original det= L1
get baseline data Ar37 L1
Get data baseline <pychron.processing.isotope.Baseline object at 0x16a0b4c50> len t=120
baseline Ar37. v=-0.165601619361, e=0.0099054904981
get signal data Ar37 L1
Get data signal Ar37 0.140+/-0.026 len t=120
adding isotope Ar36 L2(CDD)
add baseline dbdet= Ar36. original det= L2(CDD)
get baseline data Ar36 L2(CDD)
Get data baseline <pychron.processing.isotope.Baseline object at 0x16a0b4cd0> len t=120
baseline Ar36. v=0.000198624885843, e=1.44048187426e-05
get signal data Ar36 L2(CDD)
Get data signal Ar36 33.251+/-0.034 len t=120
65411-01A added analysis time 0.545377969742s
analysis added to mass spec database
mass spec save time= 0.556
persistence save - dvc
================= post measurement started
create new session 4671971248
close session 4671971248
---------------- Experiment Queue saving disabled
DVC saving peakcenter
Smart pull ahead: 0 behind: 0
Up-to-date with origin
add to repo msg=modified - 1e2ad98a77a0f8b97e0df49be2474708cb221738.json
add to repo msg=modified - 11-01A.json
add to repo msg=modified - 11-01A.dat.json
add to repo msg=modified - 11-01A.blan.json
add to repo msg=modified - 11-01A.inte.json
add to repo msg=modified - 11-01A.icfa.json
add to repo msg=modified - 11-01A.base.json
not at valid file /Users/obama/PychronDev/data/.dvc/repositories/Load1790/654/tags/11-01A.tags.json
add to repo msg=modified - 11-01A.peak.json
add to repo msg=modified - 11-01A.extr.json
not at valid file /Users/obama/PychronDev/data/.dvc/repositories/Load1790/654/monitor/11-01A.moni.json
commit message=<COLLECTION>
add to repo msg=modified - 11-01A.inte.json
add to repo msg=modified - 11-01A.base.json
commit message=<ISOEVO> default collection fits
add to repo msg=modified - 11-01A.blan.json
commit message=<BLANKS> preceding bu-FD-F-538
add to repo msg=modified - 11-01A.icfa.json
commit message=<ICFactor> default
push repository <pychron.git_archive.repo_manager.GitRepoManager object at 0x17f0e8cb0>
pushing to remote=origin, url=https://github.com
no changes to meta repo
create new session 4671971248
add association Load1790
get identifier "65411"
setting analysis irradiation position=<pychron.dvc.dvc_orm.IrradiationPositionTbl object at 0x13528de90>
close session 4671971248
================= post measurement finished
07:59:10 -- ******* Post Run Check *******
loading queue conditionals post_run_actions
loading system conditionals post_run_actions
loading conditionals from /Users/obama/PychronDev/setupfiles/spectrometer/default_conditionals.yaml
loading queue conditionals post_run_terminations
loading system conditionals post_run_terminations
loading conditionals from /Users/obama/PychronDev/setupfiles/spectrometer/default_conditionals.yaml
Checking default post run terminations n=1
GetDeflection L2 (CDD) ===>> 0
testing L2_CDD_==3250
evaluate ot="L2(CDD).deflection==3250" t="L2_CDD_==3250", ctx="{'L2_CDD_': 0.0}"
07:59:10 -- ******* Post Run Check Passed *******
07:59:10 -- Automated run 65411-01A truncated duration: 571.241 s
----------------- finish -----------------
----------------- stop -----------------
retroactive repository identifiers disabled
finish run. runs completed=1
write rem/ex queues
/Users/obama/PychronDev/experiments/rem/CurrentExperiment.rem.txt
/Users/obama/PychronDev/experiments/rem/CurrentExperiment.ex.txt
doing event level: 3
