do run
loading script "felix_analysis400_120.py"
loading script "felix_pump_ms.py"
loading script "felix_diode.py"
loading script "felix_pump_extraction_line.py"
testing...
no interpolation path defined
executed snippet estimated_duration=624.242112, duration=0.000308036804199
script duration name:analysis400_120 seconds:624.0
loading script "felix_analysis400_120.py"
loading script "felix_pump_ms.py"
loading script "felix_diode.py"
loading script "felix_pump_extraction_line.py"
testing...
no interpolation path defined
executed snippet estimated_duration=0, duration=3.09944152832e-05
loading script "felix_analysis400_120.py"
loading script "felix_pump_ms.py"
loading script "felix_diode.py"
loading script "felix_pump_extraction_line.py"
testing...
no interpolation path defined
calculate duration
testing...
no interpolation path defined
executed snippet estimated_duration=0, duration=9.60826873779e-05
calculate duration
testing...
no interpolation path defined
executed snippet estimated_duration=0, duration=2.50339508057e-05
calculate duration
testing...
no interpolation path defined
executed snippet estimated_duration=42.0, duration=0.000115156173706
executed snippet estimated_duration=42.0, duration=0.00356292724609
script duration name:diode seconds:42.0
loading script "felix_analysis400_120.py"
loading script "felix_pump_ms.py"
loading script "felix_diode.py"
loading script "felix_pump_extraction_line.py"
testing...
no interpolation path defined
calculate duration
testing...
no interpolation path defined
executed snippet estimated_duration=4.0, duration=0.000200986862183
executed snippet estimated_duration=4.0, duration=0.00137615203857
Script duration 666.0
Run total estimated duration= 667.000
run duration: 0:11:07
doing event level: 2
14:14:04 -- Setting default integration. t=1.048576
setting integration time = 1.048576
SetIntegrationTime 1.048576 ===>> OK
----------------- start -----------------
**************** Experiment Type: Ar/Ar, Ar/Ar
close session 4710191760
$$$$$ Clearing conditionals
adding conditionals 
Add queue conditionals
add default conditionals
adding default conditionals from /Users/obama/PychronDev/setupfiles/spectrometer/default_conditionals.yaml
Start automated run bu-FD-F-535
loading script "felix_analysis400_120.py"
loading script "felix_pump_ms.py"
loading script "felix_diode.py"
loading script "felix_pump_extraction_line.py"
%%%%%%%%%%%%%%%%%% setting automated run bu-FD-F-535
No value "sensitivity_multiplier" in metadata
$$$$$$$$$$$$$$$ auto_save_detector_ic=False
============================= Pre Extraction Check =============================
loading queue conditionals pre_run_terminations
loading system conditionals pre_run_terminations
loading conditionals from /Users/obama/PychronDev/setupfiles/spectrometer/default_conditionals.yaml
14:14:05 -- ******* Pre Extraction Check *******
Get a measurement from the spectrometer
GetData ===>> L2(CDD),0,H2,-0.12500579129037,H1,0.274461855041142,AX,0.0070213303374329,L1,-0.192839460019654,L...
Pre Extraction Termination data. keys=L2(CDD),H2,H1,AX,L1,L2, signals=0.00000,-0.12501,0.27446,0.00702,-0.19284,-0.28304
14:14:05 -- testing system defined conditionals
Checking default pre extraction terminations n=2
testing L2_CDD_
evaluate ot="L2(CDD).inactive" t="L2_CDD_", ctx="{'L2_CDD_': False}"
GetDeflection L2 (CDD) ===>> 0
testing L2_CDD_==3250
evaluate ot="L2(CDD).deflection==3250" t="L2_CDD_==3250", ctx="{'L2_CDD_': 0.0}"
14:14:05 -- ******* Pre Extraction Check Passed *******
=================================================================================
14:14:05 -- stopping status monitor
stop 4818565936
Status monitor stopped
Status monitor finished
14:14:06 -- starting status monitor
start 4818565936
StatusMonitor period=1. Frequencies(state=1, checksum=3, lock=5, owner=5)
start extraction
do extraction
Analysis started at 14:14:08.106221
Extraction Started felix_diode.py
14:14:08 -- ******* Extraction Started felix_diode.py *******
state changed from not run to extraction
DO EXTRACTION <pychron.extraction_line.pyscript_runner.RemotePyScriptRunner object at 0x119e48590>
testing...
no interpolation path defined
calculate duration
testing...
no interpolation path defined
executed snippet estimated_duration=0, duration=0.000125169754028
calculate duration
testing...
no interpolation path defined
executed snippet estimated_duration=0, duration=4.10079956055e-05
calculate duration
testing...
no interpolation path defined
executed snippet estimated_duration=42.0, duration=0.000205039978027
executed snippet estimated_duration=182.0, duration=0.00639414787292
Felix unknown laser analysis
set_motor ('beam', '') {}
setting motor "beam" to 
doing GOSUB
testing...
no interpolation path defined
executed snippet estimated_duration=0, duration=8.98838043213e-05
Prepare for Diode Analysis
close () {'description': 'Felix Inlet'}
closing name=--- desc=Felix Inlet
checking ownership. requestor=129.138.12.137
check software interlocks H
interlocks []
actuate state mode=None-script, software_lock=False
doing actuation None-script close_channel False
Close H ===>> OK
GetIndicatorState H ===>> False
change switch state (True, True)
update switch state H False args=() kw={} ncanvase=4
14:14:08 -- CLOSE  VALVE-H (Felix Inlet)
---------------------------------------- close None (Felix Inlet) result=[(True, True)]
action=close, ok=True, locked=[False]
open () {'description': 'Felix Ion Pump'}
opening name=--- desc=Felix Ion Pump
checking ownership. requestor=129.138.12.137
check software interlocks V
interlocks []
actuate state mode=None-script, software_lock=False
doing actuation None-script open_channel False
Open V ===>> OK
GetIndicatorState V ===>> OK
change switch state (True, True)
update switch state V True args=() kw={} ncanvase=4
14:14:08 -- OPEN   VALVE-V (Felix Ion Pump)
---------------------------------------- open None (Felix Ion Pump) result=[(True, True)], time=0.13 sec
action=open, ok=True, locked=[False]
close () {'description': 'Bone to Minibone'}
closing name=--- desc=Bone to Minibone
checking ownership. requestor=129.138.12.137
check software interlocks E
interlocks []
actuate state mode=None-script, software_lock=False
doing actuation None-script close_channel False
Close E ===>> OK
GetIndicatorState E ===>> False
change switch state (True, True)
update switch state E False args=() kw={} ncanvase=4
14:14:09 -- CLOSE  VALVE-E (Bone to Minibone)
---------------------------------------- close None (Bone to Minibone) result=[(True, True)]
action=close, ok=True, locked=[False]
open () {'description': 'Bone to Getter GP-50'}
opening name=--- desc=Bone to Getter GP-50
checking ownership. requestor=129.138.12.137
check software interlocks N
interlocks []
actuate state mode=None-script, software_lock=False
doing actuation None-script open_channel False
Open N ===>> OK
GetIndicatorState N ===>> OK
change switch state (True, True)
update switch state N True args=() kw={} ncanvase=4
14:14:09 -- OPEN   VALVE-N (Bone to Getter GP-50)
---------------------------------------- open None (Bone to Getter GP-50) result=[(True, True)], time=0.17 sec
action=open, ok=True, locked=[False]
close () {'description': 'Bone to CO2 Laser'}
closing name=--- desc=Bone to CO2 Laser
checking ownership. requestor=129.138.12.137
check software interlocks D
interlocks []
actuate state mode=None-script, software_lock=False
doing actuation None-script close_channel True
Close D ===>> OK
GetIndicatorState D ===>> False
change switch state (True, True)
update switch state D False args=() kw={} ncanvase=4
14:14:10 -- CLOSE  VALVE-D (Bone to CO2 Laser)
---------------------------------------- close None (Bone to CO2 Laser) result=[(True, True)]
action=close, ok=True, locked=[False]
open () {'description': 'Bone to Diode Laser'}
opening name=--- desc=Bone to Diode Laser
checking ownership. requestor=129.138.12.137
check software interlocks B
interlocks []
actuate state mode=None-script, software_lock=False
doing actuation None-script open_channel False
Open B ===>> OK
GetIndicatorState B ===>> OK
change switch state (True, True)
update switch state B True args=() kw={} ncanvase=4
14:14:10 -- OPEN   VALVE-B (Bone to Diode Laser)
---------------------------------------- open None (Bone to Diode Laser) result=[(True, True)], time=0.17 sec
action=open, ok=True, locked=[False]
executed snippet estimated_duration=0, duration=2.79741692543
PrepareForDiodeAnalysis.py completed successfully
gosub finished
doing GOSUB
testing...
no interpolation path defined
executed snippet estimated_duration=0, duration=4.6968460083e-05
Isolate coldfinger
close () {'name': 'B', 'description': 'Bone to Diode Laser'}
closing name=B desc=Bone to Diode Laser
checking ownership. requestor=129.138.12.137
check software interlocks B
interlocks []
actuate state mode=None-script, software_lock=False
doing actuation None-script close_channel True
Close B ===>> OK
GetIndicatorState B ===>> False
change switch state (True, True)
update switch state B False args=() kw={} ncanvase=4
14:14:11 -- CLOSE  VALVE-B (Bone to Diode Laser)
---------------------------------------- close B (Bone to Diode Laser) result=[(True, True)]
action=close, ok=True, locked=[False]
executed snippet estimated_duration=0, duration=0.484387874603
IsolateDiodeColdfinger.py completed successfully
gosub finished
open () {'description': 'Bone to Turbo'}
opening name=--- desc=Bone to Turbo
checking ownership. requestor=129.138.12.137
check software interlocks C
interlocks []
actuate state mode=None-script, software_lock=False
doing actuation None-script open_channel False
Open C ===>> OK
GetIndicatorState C ===>> OK
change switch state (True, True)
update switch state C True args=() kw={} ncanvase=4
14:14:11 -- OPEN   VALVE-C (Bone to Turbo)
---------------------------------------- open None (Bone to Turbo) result=[(True, True)], time=0.16 sec
action=open, ok=True, locked=[False]
Blank Analyis. No laser heating
sleep (40.0,) {}
SLEEP 40.0
block started
WaitControl setup for 40.0  
Join finished
block finished. duration 40.1016049385
doing GOSUB
testing...
no interpolation path defined
executed snippet estimated_duration=42.0, duration=0.000124931335449
Equilibrate then isolate coldfinger
close () {'name': 'C', 'description': 'Bone to Turbo'}
closing name=C desc=Bone to Turbo
checking ownership. requestor=129.138.12.137
check software interlocks C
interlocks []
actuate state mode=None-script, software_lock=False
doing actuation None-script close_channel True
Close C ===>> OK
set states for children of C. state=False
handle state [('C', False)]
update switch state C False args=() kw={'refresh': False} ncanvase=4
GetIndicatorState C ===>> False
change switch state (True, True)
update switch state C False args=() kw={} ncanvase=4
refresh_canvas_needed fired
14:14:52 -- CLOSE  VALVE-C (Bone to Turbo)
---------------------------------------- close C (Bone to Turbo) result=[(True, True)]
action=close, ok=True, locked=[False]
sleep (1,) {}
SLEEP 1.0
open () {'name': 'B', 'description': 'Bone to Diode Laser'}
opening name=B desc=Bone to Diode Laser
checking ownership. requestor=129.138.12.137
check software interlocks B
interlocks []
actuate state mode=None-script, software_lock=False
doing actuation None-script open_channel True
Open B ===>> OK
GetIndicatorState B ===>> OK
change switch state (True, True)
update switch state B True args=() kw={} ncanvase=4
14:14:53 -- OPEN   VALVE-B (Bone to Diode Laser)
---------------------------------------- open B (Bone to Diode Laser) result=[(True, True)], time=0.15 sec
action=open, ok=True, locked=[False]
sleep (20,) {}
SLEEP 20.0
block started
WaitControl setup for 20.0  
Join finished
block finished. duration 20.0550069809
close () {'name': 'B', 'description': 'Bone to Diode Laser'}
closing name=B desc=Bone to Diode Laser
checking ownership. requestor=129.138.12.137
check software interlocks B
interlocks []
actuate state mode=None-script, software_lock=False
doing actuation None-script close_channel True
Close B ===>> OK
GetIndicatorState B ===>> False
change switch state (True, True)
update switch state B False args=() kw={} ncanvase=4
14:15:14 -- CLOSE  VALVE-B (Bone to Diode Laser)
---------------------------------------- close B (Bone to Diode Laser) result=[(True, True)]
action=close, ok=True, locked=[False]
executed snippet estimated_duration=63.0, duration=22.4104919434
EquilibrateThenIsolateDiodeColdfinger.py completed successfully
gosub finished
sleep (30.0,) {}
SLEEP 30.0
block started
WaitControl setup for 30.0  
Join finished
block finished. duration 30.0480761528
executed snippet estimated_duration=252.0, duration=96.2718961239
felix_diode.py completed successfully
GetAchievedOutput ===>> No Response
Requested Output= 0.000
Achieved Output=  0.000
GetResponseBlob ===>> [180][[177]N[00][00][00][00][192]$[174]=[00][00][250]D<[166][05]@[00][00][250]D[165][235][130]@[0...
GetOutputBlob ===>> [180][[177]N[00][00][00][00][192]$[174]=[209][03][08]B<[166][05]@[00][00][00][00][165][235][130]@...
persistence save...
persistence save - db
AutomatedRunPersister post_extraction_save deprecated
persistence save - dvc
no extraction position for 35
create new session 4671971248
close session 4671971248
Extraction Finished
14:15:44 -- ******* Extraction Finished *******
no overlap. not waiting for min ms pumptime
14:15:44 -- Sending spectrometer configuration
======== Sending configuration ========
SetZFocus 9.84 ===>> OK
SetHV 9000.0 ===>> OK
SetZSymmetry 18.34 ===>> OK
SetExtractionLens 42.35 ===>> OK
SetIonRepeller -4.08 ===>> OK
SetElectronEnergy 107.0 ===>> OK
SetYSymmetry 12.72 ===>> OK
send trap current 400.0
GetParameter Trap Current Readback ===>> 398.75553927852
SetParameter Trap Current Set,400.0 ===>> OK
updating mftable name argon
Using mftable located at /Users/obama/PychronDev/setupfiles/spectrometer/mftables/argon.csv
============ MFtable ===========
Isotope  H2     H1     AX     L1     L2     L2(CDD)
Ar40     3.4929 3.5641 3.6384 3.7153 3.8112 3.7978
Ar39     3.4239 3.4942 3.5670 3.6453 3.7363 3.7226
Ar36     3.2138 3.2800 3.3484 3.4202 3.5169 3.4942
================================
get initial guess parabolic
get initial guess parabolic
get initial guess parabolic
get initial guess parabolic
get initial guess parabolic
get initial guess parabolic
======== Configuration Finished ========
GetYSymmetry ===>> 12.72
GetZSymmetry ===>> 18.34
GetParameter Trap Current Readback ===>> 398.19611792712
GetHighVoltage ===>> 9000
start measurement
do measurement
L#=bu-FD-F analysis type=blank_unknown
Measurement Started felix_analysis400_120.py
14:15:44 -- ******* Measurement Started felix_analysis400_120.py *******
state changed from extraction to measurement
setting spec, defl, and gains
GetExtractionLens ===>> 42.35
GetYSymmetry ===>> 12.72
GetZSymmetry ===>> 18.34
GetZFocus ===>> 9.84
GetDeflection H2 (CDD) ===>> 3250
GetDeflection H1 (CDD) ===>> 3250
GetDeflection AX (CDD) ===>> 3250
GetDeflection L1 (CDD) ===>> 3250
GetDeflection L2 (CDD) ===>> 0
GetGain H2 ===>> 0.9809305
GetGain H1 ===>> 0.96484
GetGain AX ===>> 0.96253
GetGain L1 ===>> 0.970094835296087
GetGain L2 ===>> 0.967359864778375
GetGain H2(CDD) ===>> 0
GetGain H1(CDD) ===>> 0
GetGain AX(CDD) ===>> 0
GetGain L1(CDD) ===>> 0
GetGain L2(CDD) ===>> 0
pre measurement save
New frame /Users/obama/PychronDev/data/isotopes/2f/61327c-2061-4d33-9407-649d681dca81.h5
flush and close file /Users/obama/PychronDev/data/isotopes/2f/61327c-2061-4d33-9407-649d681dca81.h5
testing...
no interpolation path defined
executed snippet estimated_duration=650.242112, duration=0.000258922576904
unknown measurement script
activate_detectors ('H2', 'H1', 'AX', 'L1', 'L2(CDD)') {}
activate detectors
*************** Set Analysis View Ar/Ar
create graphs
clearing graphs
clear isotope group
setting isotope det=H2, iso=Ar40
setting isotope det=H1, iso=Ar39
setting isotope det=AX, iso=Ar38
setting isotope det=L1, iso=Ar37
setting isotope det=L2(CDD), iso=Ar36
load analysis view
position_magnet ('Ar40',) {'detector': 'H2'}
detector Detector(H2)
POSITION Ar40 H2
setting detector H2 to Ar40 (39.9624)
setting detector H1 to Ar39 (38.8624)
setting detector AX to Ar38 (37.9624)
setting detector L1 to Ar37 (36.9624)
setting detector L2 to Ar36 (35.8624)
setting detector H2(CDD) to Ar40 (39.8624)
setting detector H1(CDD) to Ar39 (38.8624)
setting detector AX(CDD) to Ar38 (37.8624)
setting detector L1(CDD) to Ar37 (36.8624)
setting detector L2(CDD) to Ar36 (35.9624)
Mapping mass to dac mass func: "parabolic"
H2 map mass coeffs = [ -2.38925034e-04   8.80081338e-02   3.57445459e-01]
H2 map mass to dac 39.9624 >> 3.4929
GetHighVoltage ===>> 9000
positioning Ar40 (3.4929) on H2
setting magnet DAC
current  : 3.485979
requested: 3.492900
Delta Dac: 0.006921
Checking detector protection. dv=0.00692
SetMagnetDAC 3.4929 ===>> OK
Magnet settling time: 0.500
update labels <pychron.experiment.plot_panel.PlotPanel object at 0x12d1a5e30>
update labels "<pychron.graph.stacked_regression_graph.StackedRegressionGraph object at 0x13dd617d0>"
setting label 0 H2 Ar40
setting label 1 H1 Ar39
setting label 2 AX Ar38
setting label 3 L1 Ar37
setting label 4 L2(CDD) Ar36
update labels "<pychron.graph.stacked_graph.StackedGraph object at 0x13d741ef0>"
setting label 0 H2 Ar40
setting label 1 H1 Ar39
setting label 2 AX Ar38
setting label 3 L1 Ar37
setting label 4 L2(CDD) Ar36
equilibrate () {'delay': 3, 'inlet': 'H', 'outlet': 'V', 'eqtime': 25.0}
Equilibration Started
14:15:46 -- ******* Equilibration Started *******
checking ownership. requestor=129.138.12.137
check software interlocks V
interlocks []
actuate state mode=None-script, software_lock=False
doing actuation None-script close_channel True
Close V ===>> OK
GetIndicatorState V ===>> False
change switch state (True, True)
update switch state V False args=() kw={} ncanvase=4
14:15:46 -- CLOSE  VALVE-V (Felix Ion Pump)
waiting 3s before opening inlet value ('H',)
checking ownership. requestor=129.138.12.137
check software interlocks H
interlocks []
actuate state mode=None-script, software_lock=False
doing actuation None-script open_channel True
Open H ===>> OK
GetIndicatorState H ===>> OK
change switch state (True, True)
update switch state H True args=() kw={} ncanvase=4
14:15:49 -- OPEN   VALVE-H (Felix Inlet)
equilibrating for 25.0sec
set_time_zero () {}
sniff (25.0,) {}
py_sniff
build tables- sniff [Detector(H2), Detector(H1), Detector(AX), Detector(L1), Detector(L2(CDD))]
add group /sniff/Ar40 (Group) u'' table H2
add group /sniff/Ar39 (Group) u'' table H1
add group /sniff/Ar38 (Group) u'' table AX
add group /sniff/Ar37 (Group) u'' table L1
add group /sniff/Ar36 (Group) u'' table L2(CDD)
flush and close file /Users/obama/PychronDev/data/isotopes/2f/61327c-2061-4d33-9407-649d681dca81.h5
measuring sniff. ncounts=25.0
"sniff" increment series count="1" fit count="0" regressing="False"
starting measurement
GetData ===>> L2(CDD),0.00110071301372752,H2,0.4024805673169,H1,-0.126743735952979,AX,-0.164851538978329,L1,-0....
GetData ===>> L2(CDD),0.00283040548628499,H2,0.620552489157477,H1,-0.0856080161012098,AX,0.0605730521050475,L1,...
GetData ===>> L2(CDD),0.00283040548628499,H2,0.777547714765473,H1,0.0810210838498018,AX,-0.0355197766277729,L1,...
GetData ===>> L2(CDD),0.00157244725244406,H2,1.02259306999945,H1,-0.076300528852176,AX,-0.0466420740158862,L1,-...
GetData ===>> L2(CDD),0.0020441815451463,H2,0.769032468808179,H1,0.140669805637075,AX,-0.137450249711825,L1,-0....
GetData ===>> L2(CDD),0.00220142632137721,H2,0.725174293517385,H1,-0.0294170052964705,AX,-0.0732433360955951,L1...
GetData ===>> L2(CDD),0.00251591589183427,H2,0.642945513016363,H1,0.0311442520984458,AX,-0.205436115396527,L1,0...
GetData ===>> L2(CDD),0.00235867110360653,H2,0.704645610294575,H1,0.228942889745159,AX,-0.191564178702561,L1,-0...
GetData ===>> L2(CDD),0.00188693677491381,H2,0.546146017716721,H1,-0.0605580311897022,AX,0.0837376751017749,L1,...
GetData ===>> L2(CDD),0.00283040548628499,H2,0.566321508042646,H1,0.198368224939154,AX,-0.11474900908519,L1,-0....
GetData ===>> L2(CDD),0.0020441815451463,H2,0.728906827649012,H1,-0.225209548287296,AX,0.154267064118219,L1,-0....
GetData ===>> L2(CDD),0.00251591589183427,H2,0.873284072501633,H1,-0.18580145065214,AX,-0.0972067745431704,L1,-...
GetData ===>> L2(CDD),0.00220142632137721,H2,0.506029515801916,H1,0.10032893689879,AX,-0.108901633100688,L1,-0....
GetData ===>> L2(CDD),0.00283040548628499,H2,0.750252530752171,H1,0.107454551722485,AX,-0.383346036423325,L1,-0...
GetData ===>> L2(CDD),0.00377387441359912,H2,0.644111830383566,H1,-0.162592429876653,AX,-0.0593694937339851,L1,...
GetData ===>> L2(CDD),0.00330213992294918,H2,0.861279732718399,H1,-0.156273045310513,AX,-0.127360875545722,L1,-...
GetData ===>> L2(CDD),0.0039311192558126,H2,0.782680227572921,H1,-0.137314643190194,AX,-0.364318582264232,L1,-0...
GetData ===>> L2(CDD),0.00283040548628499,H2,0.844031036285352,H1,-0.183388657671848,AX,-0.16175603493133,L1,-0...
GetData ===>> L2(CDD),0.00251591589183427,H2,0.638746782004704,H1,-0.0171211942425037,AX,-0.225154557290897,L1,...
GetData ===>> L2(CDD),0.00314489510472937,H2,0.832143598150069,H1,-0.145472546746661,AX,-0.256909570805694,L1,-...
GetData ===>> L2(CDD),0.0020441815451463,H2,0.846361923441701,H1,-0.0202238903220415,AX,-0.28786110256951,L1,-0...
GetData ===>> L2(CDD),0.0039311192558126,H2,0.863027928379594,H1,-0.086527269227949,AX,0.0614904523138733,L1,-0...
GetData ===>> L2(CDD),0.00220142632137721,H2,0.788674098077511,H1,-0.101924628868894,AX,-0.179526385632832,L1,-...
GetData ===>> L2(CDD),0.00345938474716741,H2,0.963729269639258,H1,0.110212868365547,AX,0.0862605885016191,L1,-0...
Equilibration Finished
14:16:14 -- ******* Equilibration Finished *******
checking ownership. requestor=129.138.12.137
check software interlocks H
interlocks []
actuate state mode=None-script, software_lock=False
doing actuation None-script close_channel True
Close H ===>> OK
GetIndicatorState H ===>> False
change switch state (True, True)
update switch state H False args=() kw={} ncanvase=4
14:16:14 -- CLOSE  VALVE-H (Felix Inlet)
Post Equilibration Started felix_pump_extraction_line.py
14:16:14 -- ******* Post Equilibration Started felix_pump_extraction_line.py *******
testing...
no interpolation path defined
calculate duration
testing...
no interpolation path defined
executed snippet estimated_duration=4.0, duration=0.000301122665405
executed snippet estimated_duration=4.0, duration=0.0303630828857
Pump after analysis
doing GOSUB
testing...
no interpolation path defined
executed snippet estimated_duration=4.0, duration=0.000217914581299
Pump Bone
close () {'description': 'Felix Inlet'}
closing name=--- desc=Felix Inlet
checking ownership. requestor=129.138.12.137
check software interlocks H
interlocks []
actuate state mode=None-script, software_lock=False
doing actuation None-script close_channel False
Close H ===>> OK
GetIndicatorState H ===>> False
change switch state (True, True)
update switch state H False args=() kw={} ncanvase=4
14:16:14 -- CLOSE  VALVE-H (Felix Inlet)
---------------------------------------- close None (Felix Inlet) result=[(True, True)]
action=close, ok=True, locked=[False]
is_closed ('A',) {}
is A () closed?
is closed False
close () {'description': 'CO2 Laser to Bone'}
closing name=--- desc=CO2 Laser to Bone
checking ownership. requestor=129.138.12.137
check software interlocks F
interlocks []
actuate state mode=None-script, software_lock=True
VALVE-F(CO2 Laser to Bone) software locked
change switch state (True, False)
---------------------------------------- close None (CO2 Laser to Bone) result=[(True, False)]
action=close, ok=True, locked=[True]
sleep (1,) {}
SLEEP 1.0
14:16:15 -- collecting point 25
GetData ===>> L2(CDD),0.00345938474716741,H2,0.890183635368392,H1,-0.0864123626349083,AX,-0.0695742402130694,L1...
close () {'description': 'CO2 Laser to Roughing'}
closing name=--- desc=CO2 Laser to Roughing
checking ownership. requestor=129.138.12.137
check software interlocks G
interlocks []
actuate state mode=None-script, software_lock=True
VALVE-G(CO2 Laser to Roughing) software locked
change switch state (True, False)
---------------------------------------- close None (CO2 Laser to Roughing) result=[(True, False)]
action=close, ok=True, locked=[True]
open () {'description': 'Bone to Turbo'}
opening name=--- desc=Bone to Turbo
checking ownership. requestor=129.138.12.137
check software interlocks C
interlocks []
actuate state mode=None-script, software_lock=False
doing actuation None-script open_channel True
Open C ===>> OK
GetIndicatorState C ===>> OK
change switch state (True, True)
update switch state C True args=() kw={} ncanvase=4
measurement finished
estimated time: 26.214 actual time: :26.325
flush and close file /Users/obama/PychronDev/data/isotopes/2f/61327c-2061-4d33-9407-649d681dca81.h5
set_fits () {}
using default fits file=/Users/obama/PychronDev/scripts/measurement/fits/nominal.yaml
14:16:16 -- OPEN   VALVE-C (Bone to Turbo)
---------------------------------------- open None (Bone to Turbo) result=[(True, True)], time=0.24 sec
set "Ar40" to "('Parabolic', 'SEM')"
set "Ar36" to "('Parabolic', 'SEM')"
set "Ar37" to "('linear', 'SEM')"
set "Ar38" to "('linear', 'SEM')"
set "Ar39" to "('Parabolic', 'SEM')"
set_baseline_fits () {}
using default fits file=/Users/obama/PychronDev/scripts/measurement/fits/nominal.yaml
set "H2" to "('average', 'SEM')"
set "L2(CDD)" to "('average', 'SEM')"
set "L1" to "('average', 'SEM')"
set "AX" to "('average', 'SEM')"
set "H1" to "('average', 'SEM')"
multicollect () {'integration_time': 1.048576, 'ncounts': 400}
build tables- signal [Detector(H2), Detector(H1), Detector(AX), Detector(L1), Detector(L2(CDD))]
add group /signal/Ar40 (Group) u'' table H2
add group /signal/Ar39 (Group) u'' table H1
add group /signal/Ar38 (Group) u'' table AX
add group /signal/Ar37 (Group) u'' table L1
add group /signal/Ar36 (Group) u'' table L2(CDD)
flush and close file /Users/obama/PychronDev/data/isotopes/2f/61327c-2061-4d33-9407-649d681dca81.h5
measuring signal. ncounts=400
"signal" increment series count="2" fit count="1" regressing="True"
action=open, ok=True, locked=[False]
open () {'description': 'Bone to Getter GP-50'}
opening name=--- desc=Bone to Getter GP-50
checking ownership. requestor=129.138.12.137
check software interlocks N
interlocks []
actuate state mode=None-script, software_lock=False
doing actuation None-script open_channel False
Open N ===>> OK
GetIndicatorState N ===>> OK
change switch state (True, True)
update switch state N True args=() kw={} ncanvase=4
14:16:16 -- OPEN   VALVE-N (Bone to Getter GP-50)
---------------------------------------- open None (Bone to Getter GP-50) result=[(True, True)], time=0.22 sec
starting measurement
GetData ===>> L2(CDD),0.00330213992294918,H2,0.663822804178399,H1,-0.211192858410348,AX,-0.299553644371456,L1,-...
action=open, ok=True, locked=[False]
open () {'description': 'Bone to Diode Laser'}
opening name=--- desc=Bone to Diode Laser
checking ownership. requestor=129.138.12.137
check software interlocks B
interlocks []
actuate state mode=None-script, software_lock=False
doing actuation None-script open_channel True
Open B ===>> OK
GetIndicatorState B ===>> OK
change switch state (True, True)
update switch state B True args=() kw={} ncanvase=4
14:16:17 -- OPEN   VALVE-B (Bone to Diode Laser)
---------------------------------------- open None (Bone to Diode Laser) result=[(True, True)], time=0.28 sec
action=open, ok=True, locked=[False]
open () {'description': 'Bone to CO2 Laser'}
opening name=--- desc=Bone to CO2 Laser
checking ownership. requestor=129.138.12.137
check software interlocks D
interlocks []
actuate state mode=None-script, software_lock=False
doing actuation None-script open_channel True
Open D ===>> OK
GetIndicatorState D ===>> OK
change switch state (True, True)
update switch state D True args=() kw={} ncanvase=4
14:16:17 -- OPEN   VALVE-D (Bone to CO2 Laser)
---------------------------------------- open None (Bone to CO2 Laser) result=[(True, True)], time=0.20 sec
action=open, ok=True, locked=[False]
sleep (1,) {}
SLEEP 1.0
GetData ===>> L2(CDD),0.0040883641040245,H2,0.869321458621118,H1,0.00701122705188503,AX,-0.304712073528972,L1,-...
set_resource () {'name': 'CO2PumpTimeFlag', 'value': 30}
Set CO2PumpTimeFlag 30 ===>> OK
release ('FelixCO2Flag',) {}
release FelixCO2Flag
Set FelixCO2Flag 0 ===>> OK
executed snippet estimated_duration=6.0, duration=4.43244099617
PumpBone.py completed successfully
gosub finished
get_resource_value () {'name': 'FelixMiniboneFlag'}
Read FelixMiniboneFlag ===>> 0
Get Resource Value FelixMiniboneFlag=0.0
executed snippet estimated_duration=4.0, duration=4.44173693657
felix_pump_extraction_line.py completed successfully
Post Equilibration Finished
14:16:19 -- ******* Post Equilibration Finished *******
GetData ===>> L2(CDD),0.00314489510472937,H2,0.825151054939395,H1,0.141819142852593,AX,-0.115207625306867,L1,-0...
GetData ===>> L2(CDD),0.00314489510472937,H2,0.566671375706618,H1,0.239172975145392,AX,-0.0767977593919775,L1,-...
GetData ===>> L2(CDD),0.00172969201067973,H2,0.933657645030795,H1,-0.189707864584741,AX,-0.248770298984305,L1,-...
GetData ===>> L2(CDD),0.00330213992294918,H2,0.852655346496806,H1,-0.0232116622986921,AX,-0.127590180678629,L1,...
GetData ===>> L2(CDD),0.00267316068606042,H2,0.915824908777612,H1,-0.142944753022367,AX,-0.233294028860574,L1,-...
GetData ===>> L2(CDD),0.00235867110360653,H2,0.85626825579774,H1,-0.0178106831229371,AX,0.0548393206129574,L1,-...
GetData ===>> L2(CDD),0.00298765029250797,H2,0.964545179307053,H1,0.154232072037064,AX,-0.386211584269257,L1,-0...
GetData ===>> L2(CDD),0.00361662957738405,H2,0.961631219331527,H1,0.14400288733527,AX,-0.124035944976658,L1,-0....
GetData ===>> L2(CDD),0.00283040548628499,H2,1.06455754486192,H1,0.15170349943471,AX,0.0249097967524319,L1,-0.1...
GetData ===>> L2(CDD),0.00220142632137721,H2,1.01023720642664,H1,-0.221762840154774,AX,-0.127590180678629,L1,-0...
GetData ===>> L2(CDD),0.00220142632137721,H2,1.10197738591328,H1,-0.121228434012695,AX,0.0360329210820329,L1,-0...
GetData ===>> L2(CDD),0.00345938474716741,H2,1.05849589841576,H1,-0.130995093008384,AX,-0.28098307043487,L1,-0....
GetDeflection L2 (CDD) ===>> 0
testing L2_CDD_==3250
evaluate ot="L2(CDD).deflection==3250" t="L2_CDD_==3250", ctx="{'L2_CDD_': 0.0}"
GetData ===>> L2(CDD),0.00298765029250797,H2,1.18171789477133,H1,-0.020568633714851,AX,-0.116698126518156,L1,-0...
GetData ===>> L2(CDD),0.00330213992294918,H2,0.993685256294982,H1,0.00367861865685318,AX,-0.279607458108416,L1,...
GetData ===>> L2(CDD),0.00314489510472937,H2,1.01385069755798,H1,-0.00953678403455383,AX,-0.361567593904594,L1,...
GetData ===>> L2(CDD),0.00440285381844355,H2,1.08973709352956,H1,0.133314079882356,AX,-0.085167801105211,L1,-0....
GetData ===>> L2(CDD),0.00487458843506026,H2,1.06397469261099,H1,-0.0079279620820813,AX,0.00874136073702857,L1,...
GetData ===>> L2(CDD),0.00345938474716741,H2,1.09346745213267,H1,0.0634374824817783,AX,-0.168634919291077,L1,-0...
GetData ===>> L2(CDD),0.00283040548628499,H2,1.24642439824138,H1,0.0128720490540348,AX,-0.098926615596882,L1,-0...
GetData ===>> L2(CDD),0.00330213992294918,H2,0.875615029338773,H1,0.0325233003374569,AX,-0.061892025403966,L1,-...
GetData ===>> L2(CDD),0.00440285381844355,H2,1.25959939970392,H1,-0.0293020919003174,AX,-0.200621085648804,L1,-...
GetData ===>> L2(CDD),0.00314489510472937,H2,1.08029468686122,H1,0.0136764783823923,AX,-0.205436115396527,L1,-0...
GetDeflection L2 (CDD) ===>> 0
testing L2_CDD_==3250
evaluate ot="L2(CDD).deflection==3250" t="L2_CDD_==3250", ctx="{'L2_CDD_': 0.0}"
14:16:42 -- collecting point 25
GetData ===>> L2(CDD),0.0039311192558126,H2,1.01000407842487,H1,-0.0381503833695316,AX,-0.038845013028609,L1,-0...
GetData ===>> L2(CDD),0.00440285381844355,H2,1.11631620884166,H1,-0.157651823656314,AX,-0.222288529785852,L1,0....
GetData ===>> L2(CDD),0.0039311192558126,H2,1.12319425536972,H1,-0.110427543026985,AX,-0.259546221561926,L1,-0....
GetData ===>> L2(CDD),0.00424560895823481,H2,1.06630610369875,H1,0.203080798076152,AX,0.0174562286724056,L1,-0....
GetData ===>> L2(CDD),0.0040883641040245,H2,1.21098102684077,H1,0.0588405153665406,AX,-0.225498480017968,L1,-0....
GetData ===>> L2(CDD),0.00503183331926267,H2,1.24782350502421,H1,-0.135591133610419,AX,0.0281205823296868,L1,-0...
GetData ===>> L2(CDD),0.00361662957738405,H2,1.05884560776713,H1,0.0348217184502276,AX,0.0119520923742568,L1,-0...
GetData ===>> L2(CDD),0.00361662957738405,H2,1.20620093352821,H1,0.0375798274142263,AX,-0.193513140559626,L1,-0...
GetData ===>> L2(CDD),0.00487458843506026,H2,1.33993576829284,H1,-0.170750119641004,AX,-0.119793775503344,L1,0....
GetData ===>> L2(CDD),0.00424560895823481,H2,1.1687771074137,H1,0.226873896897741,AX,-0.168864214589875,L1,-0.2...
GetDeflection L2 (CDD) ===>> 0
testing L2_CDD_==3250
evaluate ot="L2(CDD).deflection==3250" t="L2_CDD_==3250", ctx="{'L2_CDD_': 0.0}"
GetData ===>> L2(CDD),0.0045600986846507,H2,1.2835014037486,H1,0.00988417456430403,AX,-0.073472654124003,L1,-0....
GetData ===>> L2(CDD),0.0040883641040245,H2,1.29119680731367,H1,0.406433014547667,AX,-0.127360875545722,L1,0.11...
GetData ===>> L2(CDD),0.00471734355685627,H2,1.50529319751553,H1,-0.220154372144103,AX,-0.0700328779636528,L1,-...
GetData ===>> L2(CDD),0.00440285381844355,H2,1.07493237301628,H1,0.106764973794013,AX,-0.268487852942326,L1,-0....
GetData ===>> L2(CDD),0.0045600986846507,H2,1.1608495023793,H1,-0.0448152765964596,AX,-0.0280666188215979,L1,-0...
GetData ===>> L2(CDD),0.00377387441359912,H2,1.15548674715001,H1,-0.170520326507126,AX,-0.123233373807644,L1,0....
GetData ===>> L2(CDD),0.00298765029250797,H2,1.21354596458375,H1,-0.220843715905827,AX,-8.80960347997496E-05,L1...
GetData ===>> L2(CDD),0.0045600986846507,H2,1.27907074429351,H1,0.225264683306448,AX,-0.110850762376562,L1,-0.2...
GetData ===>> L2(CDD),0.00283040548628499,H2,1.37106934139052,H1,-0.210848183142284,AX,-0.146966267048835,L1,-0...
GetData ===>> L2(CDD),0.00361662957738405,H2,1.22776983224556,H1,-0.164545685820757,AX,-0.206238618012094,L1,-0...
GetDeflection L2 (CDD) ===>> 0
testing L2_CDD_==3250
evaluate ot="L2(CDD).deflection==3250" t="L2_CDD_==3250", ctx="{'L2_CDD_': 0.0}"
GetData ===>> L2(CDD),0.00424560895823481,H2,1.15012402130574,H1,0.0540137234730438,AX,-0.122086842405458,L1,-0...
GetData ===>> L2(CDD),0.00518907820946351,H2,1.10162766114944,H1,0.00436812289747375,AX,-0.195462098469625,L1,-...
GetData ===>> L2(CDD),0.00424560895823481,H2,1.41269892463128,H1,0.107799340871286,AX,-0.0821866987048322,L1,-0...
GetData ===>> L2(CDD),0.00518907820946351,H2,1.40302018008539,H1,-0.00195231419273426,AX,-0.114634354995841,L1,...
GetData ===>> L2(CDD),0.00534632310566276,H2,1.40838429174633,H1,0.0897555409322578,AX,-0.0708354935006096,L1,-...
14:17:08 -- collecting point 50
GetData ===>> L2(CDD),0.00518907820946351,H2,1.51194073040042,H1,0.083319617519504,AX,-0.0956015867863162,L1,0....
GetData ===>> L2(CDD),0.0039311192558126,H2,1.63242050886611,H1,-0.0452749227073957,AX,-0.279836726966062,L1,-0...
GetData ===>> L2(CDD),0.00644703754701332,H2,1.45491336319908,H1,-0.0795179420087475,AX,-0.0792055870694138,L1,...
GetData ===>> L2(CDD),0.00487458843506026,H2,1.53176697376669,H1,0.333662712218459,AX,-0.0724407225665807,L1,-0...
GetData ===>> L2(CDD),0.00361662957738405,H2,1.48931597855722,H1,-0.169716050109006,AX,-0.115092971272232,L1,0....
GetDeflection L2 (CDD) ===>> 0
testing L2_CDD_==3250
evaluate ot="L2(CDD).deflection==3250" t="L2_CDD_==3250", ctx="{'L2_CDD_': 0.0}"
GetData ===>> L2(CDD),0.0039311192558126,H2,1.26566229181931,H1,-0.037116171672731,AX,-0.271697649068965,L1,-0....
GetData ===>> L2(CDD),0.00487458843506026,H2,1.45328072675917,H1,-0.197865325016828,AX,-0.131259055376504,L1,-0...
GetData ===>> L2(CDD),0.00518907820946351,H2,1.30915298425976,H1,-0.0108008565439352,AX,-0.0950283047956689,L1,...
GetData ===>> L2(CDD),0.00471734355685627,H2,1.30367281740862,H1,-0.0897446482725518,AX,-0.126099696337263,L1,-...
GetData ===>> L2(CDD),0.00597530275044398,H2,1.38797750201712,H1,0.0705628248034928,AX,-0.158775169771234,L1,-0...
GetData ===>> L2(CDD),0.00345938474716741,H2,1.45153147645297,H1,-0.025854683641091,AX,-0.140316529897258,L1,-0...
GetData ===>> L2(CDD),0.00440285381844355,H2,1.41631390196132,H1,-0.221418168663931,AX,0.0864899445933086,L1,-0...
GetData ===>> L2(CDD),0.00581805783025104,H2,1.60151189123385,H1,-0.124445697310552,AX,-0.197411052432344,L1,-0...
GetData ===>> L2(CDD),0.0045600986846507,H2,1.55730843208409,H1,-0.28931607447924,AX,-0.159233765012209,L1,-0.2...
GetData ===>> L2(CDD),0.0045600986846507,H2,1.51882155759986,H1,0.0487272648246836,AX,-0.226415606689022,L1,-0....
GetDeflection L2 (CDD) ===>> 0
testing L2_CDD_==3250
evaluate ot="L2(CDD).deflection==3250" t="L2_CDD_==3250", ctx="{'L2_CDD_': 0.0}"
GetData ===>> L2(CDD),0.00440285381844355,H2,1.5758526481598,H1,0.279634600631876,AX,-0.0832186198113356,L1,-0....
GetData ===>> L2(CDD),0.00424560895823481,H2,1.56290664897571,H1,-0.0117201809648492,AX,-0.0198107458725467,L1,...
GetData ===>> L2(CDD),0.00471734355685627,H2,1.4798697162961,H1,0.0691837221817879,AX,-0.434351512147651,L1,-0....
GetData ===>> L2(CDD),0.00518907820946351,H2,1.81660944891141,H1,-0.194763200306176,AX,-0.265736590597805,L1,-0...
GetData ===>> L2(CDD),0.0045600986846507,H2,1.52453617966671,H1,-0.0476880611979578,AX,-0.00708280298592304,L1,...
GetData ===>> L2(CDD),0.00550356800786043,H2,1.58798238833686,H1,0.189517844920022,AX,-0.110736107822791,L1,-0....
GetData ===>> L2(CDD),0.00440285381844355,H2,1.70193930521996,H1,-0.00896220507384134,AX,-0.0326531843029131,L1...
GetData ===>> L2(CDD),0.00345938474716741,H2,1.84822484128548,H1,-0.241753575872844,AX,-0.230084104632329,L1,-0...
GetData ===>> L2(CDD),0.00707601735975037,H2,1.73005149543599,H1,0.170438081080321,AX,-0.475497779483356,L1,-0....
GetData ===>> L2(CDD),0.00644703754701332,H2,1.78849477310951,H1,0.104811172340349,AX,-0.0970921183635957,L1,-0...
GetDeflection L2 (CDD) ===>> 0
testing L2_CDD_==3250
evaluate ot="L2(CDD).deflection==3250" t="L2_CDD_==3250", ctx="{'L2_CDD_': 0.0}"
14:17:35 -- collecting point 75
GetData ===>> L2(CDD),0.00566081291605652,H2,1.68525900963837,H1,0.106994833048659,AX,0.0353448890431145,L1,-0....
GetData ===>> L2(CDD),0.00471734355685627,H2,1.59218117957024,H1,-0.0389547694784693,AX,-0.37165451277243,L1,-0...
GetData ===>> L2(CDD),0.00566081291605652,H2,1.76504705101131,H1,0.298716524231047,AX,-0.374176225967837,L1,-0....
GetData ===>> L2(CDD),0.00628979260882512,H2,1.79187782414765,H1,0.142163944284702,AX,0.0493349705162663,L1,-0....
GetData ===>> L2(CDD),0.00660428249119995,H2,1.68875834879002,H1,-0.0256248559860506,AX,-0.123577332961935,L1,-...
GetData ===>> L2(CDD),0.00345938474716741,H2,1.60594401042978,H1,-0.0465389483838132,AX,-0.178379921296568,L1,-...
GetData ===>> L2(CDD),0.00723326232793069,H2,1.59113148007332,H1,0.0629777847843764,AX,-0.179182446475469,L1,-0...
GetData ===>> L2(CDD),0.0040883641040245,H2,1.95976183307339,H1,-0.0390696817250239,AX,-0.104888707455092,L1,-0...
GetData ===>> L2(CDD),0.00377387441359912,H2,1.96092860516103,H1,0.0199970178777049,AX,-0.26699758681548,L1,-0....
GetData ===>> L2(CDD),0.0039311192558126,H2,2.06594378708026,H1,-0.0760707132162887,AX,-0.136303735247312,L1,0....
GetDeflection L2 (CDD) ===>> 0
testing L2_CDD_==3250
evaluate ot="L2(CDD).deflection==3250" t="L2_CDD_==3250", ctx="{'L2_CDD_': 0.0}"
GetData ===>> L2(CDD),0.00440285381844355,H2,1.83002545013193,H1,0.0372350633624931,AX,-0.319499417189398,L1,-0...
GetData ===>> L2(CDD),0.00644703754701332,H2,1.84740819468912,H1,-0.165349966530406,AX,0.0552980178749401,L1,-0...
GetData ===>> L2(CDD),0.0039311192558126,H2,1.8030769730566,H1,0.0603345272763941,AX,-0.423004460379126,L1,-0.2...
GetData ===>> L2(CDD),0.00660428249119995,H2,1.77332951556339,H1,0.031029331500913,AX,-0.128507400664619,L1,-0....
GetData ===>> L2(CDD),0.00503183331926267,H2,1.77041314681345,H1,0.214804860391182,AX,-0.0139627930167283,L1,-0...
GetData ===>> L2(CDD),0.00628979260882512,H2,1.9505443824592,H1,0.153197655171421,AX,-0.164392946414254,L1,-0.1...
GetData ===>> L2(CDD),0.00471734355685627,H2,1.97049618872759,H1,-0.0376907338635735,AX,-0.147539518100496,L1,-...
GetData ===>> L2(CDD),0.00471734355685627,H2,1.8822912776041,H1,0.0804464512879339,AX,-0.306660806236298,L1,-0....
GetData ===>> L2(CDD),0.00424560895823481,H2,1.81322631241213,H1,-0.030795964985974,AX,-0.0617773650165815,L1,-...
GetData ===>> L2(CDD),0.00786224226063624,H2,1.73110134390189,H1,-0.205448254529466,AX,-0.192939916893565,L1,-0...
GetDeflection L2 (CDD) ===>> 0
testing L2_CDD_==3250
evaluate ot="L2(CDD).deflection==3250" t="L2_CDD_==3250", ctx="{'L2_CDD_': 0.0}"
GetData ===>> L2(CDD),0.0040883641040245,H2,1.78849477310951,H1,-0.126858637741529,AX,-0.106264569561692,L1,-0....
GetData ===>> L2(CDD),0.00754775228228662,H2,1.79246110999098,H1,0.0057471328569538,AX,-0.382085192667371,L1,-0...
GetData ===>> L2(CDD),0.00660428249119995,H2,1.91577553963495,H1,-0.120998629080971,AX,-0.122430801969673,L1,-0...
GetData ===>> L2(CDD),0.00440285381844355,H2,1.85510803252088,H1,-0.0603282118027303,AX,-0.190303083632559,L1,-...
GetData ===>> L2(CDD),0.00754775228228662,H2,1.86992455751043,H1,0.0250534792926037,AX,-0.21884928551228,L1,-0....
14:18:01 -- collecting point 100
GetData ===>> L2(CDD),0.00644703754701332,H2,1.97563005259789,H1,0.00781565149284209,AX,-0.164507594575951,L1,-...
GetData ===>> L2(CDD),0.00471734355685627,H2,1.92277587851719,H1,0.0476929610863044,AX,0.0302993357859001,L1,-0...
GetData ===>> L2(CDD),0.00707601735975037,H2,2.02521989621785,H1,-0.012294758283217,AX,0.0493349705162663,L1,-0...
GetData ===>> L2(CDD),0.00597530275044398,H2,1.81322631241213,H1,-0.0418275715343265,AX,0.110687319311525,L1,-0...
GetData ===>> L2(CDD),0.00503183331926267,H2,2.0413225503214,H1,0.138715935513003,AX,-0.122889414530676,L1,-0.0...
GetDeflection L2 (CDD) ===>> 0
testing L2_CDD_==3250
evaluate ot="L2(CDD).deflection==3250" t="L2_CDD_==3250", ctx="{'L2_CDD_': 0.0}"
GetData ===>> L2(CDD),0.006761527441385,H2,1.98776474693745,H1,-0.0372310841384505,AX,0.12169675277112,L1,-0.25...
GetData ===>> L2(CDD),0.00566081291605652,H2,2.11997265180658,H1,-0.0274634756952185,AX,0.155299239889758,L1,-0...
GetData ===>> L2(CDD),0.00613254767663533,H2,2.13747724304513,H1,-0.119619798339743,AX,0.0651600618935047,L1,-0...
GetData ===>> L2(CDD),0.00628979260882512,H2,2.17785569358628,H1,-0.177299200930284,AX,-0.0382716972273721,L1,-...
GetData ===>> L2(CDD),0.00644703754701332,H2,2.1538151438636,H1,-0.0217177774672494,AX,-0.0784029785129158,L1,-...
GetData ===>> L2(CDD),0.00644703754701332,H2,2.18532472240838,H1,-0.123066871497215,AX,-0.231803708229254,L1,-0...
GetData ===>> L2(CDD),0.00581805783025104,H2,2.025453266125,H1,0.00632172092211809,AX,-0.186175851849374,L1,-0....
GetData ===>> L2(CDD),0.00880571233964735,H2,2.24356176030977,H1,-0.226588228091766,AX,0.0189469376703781,L1,-0...
GetData ===>> L2(CDD),0.00817673226297957,H2,1.92079244408594,H1,0.171702391106267,AX,-0.0441195023738494,L1,-0...
GetData ===>> L2(CDD),0.006761527441385,H2,2.0672273756444,H1,-0.110657350477928,AX,-0.0442341648647114,L1,-0.0...
GetDeflection L2 (CDD) ===>> 0
testing L2_CDD_==3250
evaluate ot="L2(CDD).deflection==3250" t="L2_CDD_==3250", ctx="{'L2_CDD_': 0.0}"
GetData ===>> L2(CDD),0.00786224226063624,H2,1.81707608934627,H1,0.107224692358364,AX,0.0952055165740438,L1,-0....
GetData ===>> L2(CDD),0.00581805783025104,H2,2.17902272558437,H1,-0.00896220507384134,AX,-0.149947168787894,L1,...
GetData ===>> L2(CDD),0.00644703754701332,H2,2.00795067741562,H1,-0.324354579041194,AX,-0.232720828891227,L1,0....
GetData ===>> L2(CDD),0.00660428249119995,H2,2.01005097154107,H1,0.163886682939555,AX,-0.000432099204602079,L1,...
GetData ===>> L2(CDD),0.00644703754701332,H2,1.97236304520208,H1,-0.155468757032066,AX,-0.0934231134052829,L1,-...
GetData ===>> L2(CDD),0.00550356800786043,H2,2.16455162711454,H1,-0.112380904611393,AX,-0.318238489770738,L1,-0...
GetData ===>> L2(CDD),0.00754775228228662,H2,2.21356750263566,H1,0.0829748371199487,AX,-0.143526753569475,L1,-0...
GetData ===>> L2(CDD),0.00770499726846222,H2,2.16490173181125,H1,-0.218660792304188,AX,-0.185831915068415,L1,-0...
GetData ===>> L2(CDD),0.006761527441385,H2,2.32514612060723,H1,-0.0241309748915528,AX,-0.0742752667923484,L1,-0...
GetData ===>> L2(CDD),0.00550356800786043,H2,1.90550846647819,H1,0.150094411229137,AX,-0.181131433409268,L1,-0....
GetDeflection L2 (CDD) ===>> 0
testing L2_CDD_==3250
evaluate ot="L2(CDD).deflection==3250" t="L2_CDD_==3250", ctx="{'L2_CDD_': 0.0}"
14:18:27 -- collecting point 125
GetData ===>> L2(CDD),0.00566081291605652,H2,2.3188432239003,H1,-0.178333262332182,AX,-0.132749531727135,L1,-0....
GetData ===>> L2(CDD),0.00613254767663533,H2,2.2265221082199,H1,0.0745852187107238,AX,0.00862669194791661,L1,-0...
GetData ===>> L2(CDD),0.00660428249119995,H2,2.27110593453822,H1,0.0394185711045732,AX,-0.0319652008739437,L1,-...
GetData ===>> L2(CDD),0.00628979260882512,H2,2.36938425940416,H1,0.0240192009379423,AX,-0.0950283047956689,L1,-...
GetData ===>> L2(CDD),0.00896295737381037,H2,2.20154671561468,H1,0.15020934601155,AX,0.0235337490698361,L1,0.00...
GetData ===>> L2(CDD),0.00644703754701332,H2,2.26468667215291,H1,-0.0652693165539851,AX,0.107590938840879,L1,-0...
GetData ===>> L2(CDD),0.00896295737381037,H2,2.46778918560558,H1,0.046428813579224,AX,-0.297375632646872,L1,-0....
GetData ===>> L2(CDD),0.00707601735975037,H2,2.34557245351185,H1,-0.0619369463612927,AX,-0.0248560099791938,L1,...
GetData ===>> L2(CDD),0.00597530275044398,H2,2.56503650690923,H1,0.224000303082366,AX,0.1054120104077,L1,-0.304...
GetData ===>> L2(CDD),0.00691877239756847,H2,2.20271377584818,H1,-0.483792418631917,AX,-0.104659396912815,L1,-0...
GetDeflection L2 (CDD) ===>> 0
testing L2_CDD_==3250
evaluate ot="L2(CDD).deflection==3250" t="L2_CDD_==3250", ctx="{'L2_CDD_': 0.0}"
GetData ===>> L2(CDD),0.00864846731148277,H2,2.29013054112515,H1,-0.00252689732893606,AX,-0.227905935665218,L1,...
GetData ===>> L2(CDD),0.00833397727314888,H2,2.52440860047163,H1,-0.10652080799198,AX,-0.162902519072596,L1,-0....
GetData ===>> L2(CDD),0.00660428249119995,H2,2.24402860426594,H1,-0.0286126112337504,AX,-0.215410028946766,L1,-...
GetData ===>> L2(CDD),0.00786224226063624,H2,2.28172698834908,H1,0.0452795900098536,AX,-0.262756047514474,L1,-0...
GetData ===>> L2(CDD),0.00739050730210944,H2,2.3382189245843,H1,0.156071038093313,AX,0.0202083086259168,L1,-0.0...
GetData ===>> L2(CDD),0.00880571233964735,H2,2.30903879854307,H1,-0.139267950324424,AX,0.117224155239641,L1,-0....
GetData ===>> L2(CDD),0.00613254767663533,H2,2.28802964617014,H1,0.0321785380926029,AX,-0.118073971740727,L1,-0...
GetData ===>> L2(CDD),0.00691877239756847,H2,2.39074534264196,H1,-0.0882508664790713,AX,0.0892422219554641,L1,-...
GetData ===>> L2(CDD),0.00770499726846222,H2,2.48693435342312,H1,0.157220393658274,AX,-0.181360725729813,L1,-0....
GetData ===>> L2(CDD),0.00817673226297957,H2,2.27764195402013,H1,0.104696242966362,AX,0.0863752665405178,L1,0.0...
GetDeflection L2 (CDD) ===>> 0
testing L2_CDD_==3250
evaluate ot="L2(CDD).deflection==3250" t="L2_CDD_==3250", ctx="{'L2_CDD_': 0.0}"
GetData ===>> L2(CDD),0.00660428249119995,H2,2.74722298726728,H1,0.0926287348904474,AX,-0.0476740332367512,L1,-...
GetData ===>> L2(CDD),0.00707601735975037,H2,2.48938589584467,H1,-0.146506642270169,AX,-0.257826667539916,L1,-0...
GetData ===>> L2(CDD),0.00723326232793069,H2,2.56165078366773,H1,-0.144323550420524,AX,-0.391369548887393,L1,-0...
GetData ===>> L2(CDD),0.00786224226063624,H2,2.44105662010343,H1,0.0541286468085321,AX,-0.181475371869889,L1,-0...
GetData ===>> L2(CDD),0.00912020241397181,H2,2.40323537220109,H1,-0.115483294290148,AX,-0.112226615959398,L1,0....
14:18:53 -- collecting point 150
GetData ===>> L2(CDD),0.006761527441385,H2,2.41362439664545,H1,-0.0804372009396093,AX,-0.202913959961977,L1,-0....
GetData ===>> L2(CDD),0.00770499726846222,H2,2.36249745211071,H1,0.0926287348904474,AX,0.285362244099165,L1,-0....
GetData ===>> L2(CDD),0.00613254767663533,H2,2.46650507188899,H1,0.254805674736688,AX,-0.0656758105108806,L1,-0...
GetData ===>> L2(CDD),0.00739050730210944,H2,2.45634895908583,H1,0.00298911490940743,AX,-0.186634434032846,L1,-...
GetData ===>> L2(CDD),0.00786224226063624,H2,2.5602497981639,H1,0.0712523768531433,AX,-0.110277489470065,L1,-0....
GetDeflection L2 (CDD) ===>> 0
testing L2_CDD_==3250
evaluate ot="L2(CDD).deflection==3250" t="L2_CDD_==3250", ctx="{'L2_CDD_': 0.0}"
GetData ===>> L2(CDD),0.00817673226297957,H2,2.69274448094479,H1,0.175955082445137,AX,-0.0782883200932937,L1,-0...
GetData ===>> L2(CDD),0.00739050730210944,H2,2.69099468621298,H1,-0.0390696817250239,AX,-0.0378130443408131,L1,...
GetData ===>> L2(CDD),0.00833397727314888,H2,2.57717850719606,H1,-0.0950303191192174,AX,-0.385294609887235,L1,-...
GetData ===>> L2(CDD),0.00801948725880869,H2,2.46463727312478,H1,-0.27564496846109,AX,-0.27387571891467,L1,-0.1...
GetData ===>> L2(CDD),0.00644703754701332,H2,2.51168353960133,H1,0.0758494031170028,AX,-0.436758445319699,L1,-0...
GetData ===>> L2(CDD),0.00927744746013169,H2,2.47782867815583,H1,0.00482779266473079,AX,-0.189385922543938,L1,-...
GetData ===>> L2(CDD),0.00801948725880869,H2,2.51588629371324,H1,-0.19212064175709,AX,-0.098811959622483,L1,-0....
GetData ===>> L2(CDD),0.00833397727314888,H2,2.78163816638216,H1,-0.0020672308467972,AX,-0.110048180211632,L1,-...
GetData ===>> L2(CDD),0.00786224226063624,H2,2.45786653246681,H1,0.0853883025052538,AX,-0.221829964592631,L1,-0...
GetData ===>> L2(CDD),0.00864846731148277,H2,2.2568669002804,H1,0.045739279273153,AX,-0.0972067745431704,L1,0.1...
GetDeflection L2 (CDD) ===>> 0
testing L2_CDD_==3250
evaluate ot="L2(CDD).deflection==3250" t="L2_CDD_==3250", ctx="{'L2_CDD_': 0.0}"
GetData ===>> L2(CDD),0.00880571233964735,H2,2.66229849861367,H1,0.190207482004828,AX,-0.149373919170325,L1,-0....
GetData ===>> L2(CDD),0.0106926531454999,H2,2.55639709836177,H1,-0.204644007255865,AX,-0.20394575162041,L1,-0.2...
GetData ===>> L2(CDD),0.00801948725880869,H2,2.70009365295404,H1,0.175035580026696,AX,-0.290268402202082,L1,-0....
GetData ===>> L2(CDD),0.00613254767663533,H2,2.89445843565705,H1,-0.134557026384402,AX,-0.091015321299313,L1,-0...
GetData ===>> L2(CDD),0.00707601735975037,H2,2.78490475468978,H1,-0.0209133769842596,AX,0.0205523191734921,L1,-...
GetData ===>> L2(CDD),0.00644703754701332,H2,2.71374226155369,H1,-0.144323550420524,AX,-0.13561582591324,L1,-0....
GetData ===>> L2(CDD),0.00754775228228662,H2,2.88559101533928,H1,0.142623679718329,AX,-0.223549582939759,L1,-0....
GetData ===>> L2(CDD),0.00739050730210944,H2,2.74302325158262,H1,0.0987199343843676,AX,-0.02244804631863,L1,0.1...
GetData ===>> L2(CDD),0.00912020241397181,H2,2.72680777445252,H1,0.0376947487924407,AX,-0.129195315079994,L1,-0...
GetData ===>> L2(CDD),0.00723326232793069,H2,2.81803790885468,H1,-0.0232116622986921,AX,-0.156023593736073,L1,-...
GetDeflection L2 (CDD) ===>> 0
testing L2_CDD_==3250
evaluate ot="L2(CDD).deflection==3250" t="L2_CDD_==3250", ctx="{'L2_CDD_': 0.0}"
14:19:20 -- collecting point 175
GetData ===>> L2(CDD),0.00833397727314888,H2,2.82935477109679,H1,0.132279685446095,AX,-0.408104088161973,L1,-0....
GetData ===>> L2(CDD),0.010220917863058,H2,2.90985993541429,H1,0.107684411141236,AX,-0.27949282365929,L1,-0.078...
GetData ===>> L2(CDD),0.00974918263460189,H2,3.01546007288076,H1,0.0379245915891461,AX,0.0645866844741851,L1,-0...
GetData ===>> L2(CDD),0.00927744746013169,H2,2.8108045190069,H1,0.14802558747982,AX,-0.098926615596882,L1,-0.17...
GetData ===>> L2(CDD),0.0111643884819278,H2,2.71642534373244,H1,-0.468860598486984,AX,-0.0550123780036056,L1,0....
GetData ===>> L2(CDD),0.00959193757044672,H2,2.73229067552939,H1,0.101018510226297,AX,-0.10179301052357,L1,-0.1...
GetData ===>> L2(CDD),0.00990642770475548,H2,2.89002471546441,H1,0.136877002540811,AX,-0.183424354159879,L1,-0....
GetData ===>> L2(CDD),0.00959193757044672,H2,2.84522193214109,H1,0.05872559146975,AX,-0.165080835177976,L1,-0.5...
GetData ===>> L2(CDD),0.00943469251228999,H2,2.73859021678353,H1,-0.145587446304142,AX,-0.0139627930167283,L1,-...
GetData ===>> L2(CDD),0.00849122228931661,H2,2.79680456136342,H1,0.133314079882356,AX,-0.258514489517694,L1,-0....
GetDeflection L2 (CDD) ===>> 0
testing L2_CDD_==3250
evaluate ot="L2(CDD).deflection==3250" t="L2_CDD_==3250", ctx="{'L2_CDD_': 0.0}"
GetData ===>> L2(CDD),0.00833397727314888,H2,2.98360380474922,H1,-0.0862974560283707,AX,-0.07863229531198,L1,-0...
GetData ===>> L2(CDD),0.00817673226297957,H2,3.02152805093042,H1,-0.0379205586441891,AX,-0.123004067636891,L1,-...
GetData ===>> L2(CDD),0.00801948725880869,H2,2.8748568770894,H1,-0.156617740081689,AX,-0.0102934711208725,L1,0....
GetData ===>> L2(CDD),0.00864846731148277,H2,2.90414268375867,H1,0.00459795775389411,AX,-0.168634919291077,L1,-...
GetData ===>> L2(CDD),0.00707601735975037,H2,3.06750587516275,H1,-0.0303363119753046,AX,-0.187895533910369,L1,-...
GetData ===>> L2(CDD),0.00927744746013169,H2,2.82235463469756,H1,-0.146736441124617,AX,-0.239828484384009,L1,-0...
GetData ===>> L2(CDD),0.00644703754701332,H2,3.04183271232633,H1,0.0307994903469809,AX,-0.133322791247634,L1,-0...
GetData ===>> L2(CDD),0.010220917863058,H2,3.08419379180064,H1,-0.103073675702811,AX,-0.143985356077086,L1,-0.1...
GetData ===>> L2(CDD),0.00896295737381037,H2,2.94474756142727,H1,0.23032222077555,AX,-0.207614335224533,L1,0.00...
GetData ===>> L2(CDD),0.00849122228931661,H2,2.94871479490274,H1,0.111936820272738,AX,-0.143182801545464,L1,-0....
GetDeflection L2 (CDD) ===>> 0
testing L2_CDD_==3250
evaluate ot="L2(CDD).deflection==3250" t="L2_CDD_==3250", ctx="{'L2_CDD_': 0.0}"
GetData ===>> L2(CDD),0.00990642770475548,H2,2.81675456159673,H1,0.222850867952377,AX,-0.312277719605718,L1,-0....
GetData ===>> L2(CDD),0.00959193757044672,H2,2.91989437613895,H1,-0.0442407186492339,AX,-0.0201547419928571,L1,...
GetData ===>> L2(CDD),0.00786224226063624,H2,2.92292806450069,H1,0.0433259130847456,AX,-0.0602867787426902,L1,-...
GetData ===>> L2(CDD),0.0100636727809075,H2,2.98232024056482,H1,-0.215328952018566,AX,-0.224810634441148,L1,0.0...
GetData ===>> L2(CDD),0.0117933690144763,H2,3.1427787987317,H1,-0.280699853769785,AX,-0.097436086861071,L1,-0.2...
14:19:46 -- collecting point 200
GetData ===>> L2(CDD),0.00927744746013169,H2,3.12118829889119,H1,0.257909255528046,AX,-0.170010690262518,L1,-0....
GetData ===>> L2(CDD),0.00927744746013169,H2,3.07940911530536,H1,0.149634672234669,AX,0.0999073710740964,L1,-0....
GetData ===>> L2(CDD),0.00817673226297957,H2,2.97893630668589,H1,-0.090893709616133,AX,-0.0914739488317235,L1,-...
GetData ===>> L2(CDD),0.00786224226063624,H2,2.70779284467891,H1,-0.104222721168178,AX,-0.203831108157662,L1,-0...
GetData ===>> L2(CDD),0.00833397727314888,H2,2.97683593981288,H1,-0.102154438345024,AX,-0.242121265279444,L1,-0...
GetDeflection L2 (CDD) ===>> 0
testing L2_CDD_==3250
evaluate ot="L2(CDD).deflection==3250" t="L2_CDD_==3250", ctx="{'L2_CDD_': 0.0}"
GetData ===>> L2(CDD),0.00864846731148277,H2,3.19938317881661,H1,0.110557658500483,AX,-0.3096412133318,L1,-0.05...
GetData ===>> L2(CDD),0.0105354080453542,H2,3.38439143762287,H1,0.107914270615261,AX,-0.0536364426223838,L1,-0....
GetData ===>> L2(CDD),0.0100636727809075,H2,3.1451129353234,H1,0.0194224216672302,AX,0.0158508523337327,L1,-0.1...
GetData ===>> L2(CDD),0.00880571233964735,H2,3.12282215791375,H1,0.071022526115296,AX,-0.0262319865092391,L1,-0...
GetData ===>> L2(CDD),0.010220917863058,H2,3.07742523190474,H1,-0.0306810517537128,AX,-0.0396476545762764,L1,-0...
GetData ===>> L2(CDD),0.0100636727809075,H2,3.19296396099661,H1,0.0334426669252417,AX,-0.105003362705819,L1,-0....
GetData ===>> L2(CDD),0.00943469251228999,H2,3.09948157331456,H1,0.063667331412318,AX,-0.128048790780944,L1,-0....
GetData ===>> L2(CDD),0.00943469251228999,H2,3.26065964766161,H1,0.177334337716,AX,-0.195347453995746,L1,-0.108...
GetData ===>> L2(CDD),0.0124223496429998,H2,3.13204184203908,H1,-0.205792931727168,AX,-0.00524813067137314,L1,-...
GetData ===>> L2(CDD),0.0103781629512068,H2,3.54152998573108,H1,-0.192465323717506,AX,-0.450512233657583,L1,-0....
GetDeflection L2 (CDD) ===>> 0
testing L2_CDD_==3250
evaluate ot="L2(CDD).deflection==3250" t="L2_CDD_==3250", ctx="{'L2_CDD_': 0.0}"
GetData ===>> L2(CDD),0.00896295737381037,H2,3.31096757536211,H1,-0.0195344031666487,AX,-0.199130714415836,L1,-...
GetData ===>> L2(CDD),0.0113216336060672,H2,3.29275837517741,H1,-0.0916980517423229,AX,-0.193169206401067,L1,-0...
GetData ===>> L2(CDD),0.00849122228931661,H2,3.13752701173486,H1,-0.116747227965264,AX,0.185462198459102,L1,-0....
GetData ===>> L2(CDD),0.00959193757044672,H2,3.15549991058949,H1,0.00482779266473079,AX,-0.00146410797623177,L1...
GetData ===>> L2(CDD),0.00943469251228999,H2,3.49623040454007,H1,-0.387765291748856,AX,-0.312506980679301,L1,-0...
GetData ===>> L2(CDD),0.00754775228228662,H2,3.22097540197089,H1,0.324006402133737,AX,0.0729580287063072,L1,-0....
GetData ===>> L2(CDD),0.0111643884819278,H2,3.15491636973317,H1,0.149519737520383,AX,-0.117615356884963,L1,-0.1...
GetData ===>> L2(CDD),0.00786224226063624,H2,3.27443279102501,H1,-0.0821608090735688,AX,-0.352397575902008,L1,-...
GetData ===>> L2(CDD),0.00959193757044672,H2,3.24875420517759,H1,-0.119389993024748,AX,-0.136418386755509,L1,-0...
GetData ===>> L2(CDD),0.00912020241397181,H2,3.07170700222783,H1,-0.0510204806172897,AX,-0.0425142260681176,L1,...
GetDeflection L2 (CDD) ===>> 0
testing L2_CDD_==3250
evaluate ot="L2(CDD).deflection==3250" t="L2_CDD_==3250", ctx="{'L2_CDD_': 0.0}"
14:20:12 -- collecting point 225
GetData ===>> L2(CDD),0.010220917863058,H2,3.60130995782315,H1,-0.226473338183329,AX,-0.213002542037592,L1,-0.3...
GetData ===>> L2(CDD),0.0113216336060672,H2,3.09539702818129,H1,-0.0948005079456835,AX,-0.0641852302749229,L1,-...
GetData ===>> L2(CDD),0.00833397727314888,H2,3.23147989881407,H1,0.17802396609098,AX,0.013557462209504,L1,-0.30...
GetData ===>> L2(CDD),0.00990642770475548,H2,3.33968277095813,H1,0.0610240720149751,AX,-0.276397688366078,L1,-0...
GetData ===>> L2(CDD),0.0100636727809075,H2,3.42956910773035,H1,-0.0029865635916957,AX,-0.0918179193373551,L1,-...
GetData ===>> L2(CDD),0.00943469251228999,H2,3.37516937854232,H1,0.0214909696279499,AX,-0.129653924417388,L1,-0...
GetData ===>> L2(CDD),0.00927744746013169,H2,3.26929702001425,H1,0.0147107456476914,AX,-0.0795495619600327,L1,-...
bu-FD-F-535   blank_unknown   NoIrradiation A:22 set to terminate after 40 counts
14:20:20 -- user termination. measurement iteration executed 231/400 counts
state changed from measurement to truncated
measurement finished
estimated time: 419.430 actual time: :242.867
flush and close file /Users/obama/PychronDev/data/isotopes/2f/61327c-2061-4d33-9407-649d681dca81.h5
baselines () {'settling_time': 15.0, 'detector': 'H2', 'mass': 39.862, 'ncounts': 120}
%%%%%%%%%%%%%%%%%%%%%%%%%%%%%%%% Baseline
build tables- baseline [Detector(H2), Detector(H1), Detector(AX), Detector(L1), Detector(L2(CDD))]
add group baseline table H2
add group baseline table H1
add group baseline table AX
add group baseline table L1
add group baseline table L2(CDD)
flush and close file /Users/obama/PychronDev/data/isotopes/2f/61327c-2061-4d33-9407-649d681dca81.h5
detector Detector(H2)
POSITION 39.862 H2
Mapping mass to dac mass func: "parabolic"
H2 map mass coeffs = [ -2.38925034e-04   8.80081338e-02   3.57445459e-01]
H2 map mass to dac 39.862 >> 3.48597881693
GetHighVoltage ===>> 9000
positioning 39.862 (3.48597881693) on H2
setting magnet DAC
current  : 3.492900
requested: 3.485979
Delta Dac: 0.006921
Checking detector protection. dv=0.00692
SetMagnetDAC 3.48597881693 ===>> OK
Magnet settling time: 0.500
Delaying 15.0s for detectors to settle
Join finished
measuring baseline. ncounts=120
"baseline" increment series count="2" fit count="1" regressing="True"
starting measurement
GetData ===>> L2(CDD),0,H2,-0.0739598757687413,H1,-0.237043152470928,AX,0.0526605116022419,L1,-0.26886351223050...
GetData ===>> L2(CDD),0,H2,-0.147730855550825,H1,-0.155353858651606,AX,0.119517792402998,L1,-0.20518368021241,L...
GetData ===>> L2(CDD),0,H2,-0.0197643786160242,H1,0.0213760501806582,AX,-0.396642106363849,L1,-0.33796062067778...
GetData ===>> L2(CDD),0,H2,-0.0399277853267172,H1,0.0906749620676994,AX,-0.382543681497008,L1,-0.11046371844177...
GetData ===>> L2(CDD),0,H2,-0.0710462157448239,H1,-0.141336153566696,AX,-0.208646121843554,L1,-0.22802584082491...
GetData ===>> L2(CDD),0,H2,-0.0344499067069967,H1,0.121820870674738,AX,-0.0809254602935923,L1,-0.11530954430885...
GetData ===>> L2(CDD),0,H2,-0.149945064351616,H1,-0.193384475010083,AX,-0.228479138502962,L1,0.364083158183561,...
GetData ===>> L2(CDD),0,H2,-0.0287388942050528,H1,-0.0426319545766685,AX,-0.30459744207028,L1,-0.36610560860980...
GetData ===>> L2(CDD),0,H2,-0.00344686657756689,H1,0.281128954521365,AX,-0.0357491036452235,L1,-0.1547675093270...
GetData ===>> L2(CDD),0,H2,-0.190149562812724,H1,-0.101579914551758,AX,-0.168978862218542,L1,0.0499237265078955...
GetData ===>> L2(CDD),0,H2,-0.140622046047096,H1,0.155956102611843,AX,-0.117500703137361,L1,-0.309930167840335,...
GetData ===>> L2(CDD),0,H2,-0.0389953826216176,H1,-0.0748067262386649,AX,-0.146851616797553,L1,0.01218990177902...
GetData ===>> L2(CDD),0,H2,-0.241189414728823,H1,-0.227277567254882,AX,-0.0834479354622711,L1,0.080619604305185...
GetData ===>> L2(CDD),0,H2,0.145404720735264,H1,-0.165120172110675,AX,-0.119564468512529,L1,-0.239908165836832,...
GetDeflection L2 (CDD) ===>> 0
testing L2_CDD_==3250
evaluate ot="L2(CDD).deflection==3250" t="L2_CDD_==3250", ctx="{'L2_CDD_': 0.0}"
GetData ===>> L2(CDD),0,H2,-0.195393505987969,H1,-0.182124811321015,AX,-0.318123859923315,L1,-0.132385118349038...
GetData ===>> L2(CDD),0,H2,-0.0322354364301356,H1,0.211356591978395,AX,-0.235586825325846,L1,0.0678103039137038...
GetData ===>> L2(CDD),0,H2,-0.1294343067733,H1,-0.289890486456162,AX,-0.156940786622212,L1,-0.167804436747557,L...
GetData ===>> L2(CDD),0,H2,-0.0260582033680397,H1,0.0390738063957736,AX,-0.0313918809745378,L1,-0.1605360829353...
GetData ===>> L2(CDD),0,H2,-0.0676663592436039,H1,0.183770888387709,AX,-0.153959906547132,L1,-0.225718576341853...
GetData ===>> L2(CDD),0,H2,-0.153441173304044,H1,-0.221647949671323,AX,-0.103512843381798,L1,-0.119578466050652...
GetData ===>> L2(CDD),0,H2,0.08292392717497,H1,0.126303205977974,AX,-0.139743274542894,L1,-0.333231259622788,L2...
GetData ===>> L2(CDD),0,H2,-0.0166174510527564,H1,0.165150984379505,AX,-0.140431180927139,L1,-0.333923362683429...
GetData ===>> L2(CDD),0,H2,-0.263096114090746,H1,-0.0438959837168782,AX,-0.128851357933645,L1,-0.04354269072848...
GetData ===>> L2(CDD),0,H2,-0.165094779557345,H1,-0.190856806848041,AX,-0.235128266469986,L1,0.0064203334143961...
GetDeflection L2 (CDD) ===>> 0
testing L2_CDD_==3250
evaluate ot="L2(CDD).deflection==3250" t="L2_CDD_==3250", ctx="{'L2_CDD_': 0.0}"
14:21:01 -- collecting point 25
GetData ===>> L2(CDD),0,H2,-0.22569129381248,H1,-0.0676824050241573,AX,-0.176430928790115,L1,0.0498083303071932...
GetData ===>> L2(CDD),0,H2,-0.103911797586534,H1,-0.112955421971107,AX,-0.165654075438896,L1,-0.013195941885258...
GetData ===>> L2(CDD),0,H2,-0.254123748683212,H1,0.118602796634633,AX,-0.0456101136887826,L1,-0.121309104638448...
GetData ===>> L2(CDD),0,H2,0.00296365905834479,H1,-0.241179135226014,AX,-0.190876308869068,L1,-0.13273124173619...
GetData ===>> L2(CDD),0,H2,-0.100298968503183,H1,-0.00919203669934555,AX,0.0956642330750869,L1,-0.2376009296703...
GetData ===>> L2(CDD),0,H2,0.0358328322884754,H1,-0.09847748015392,AX,-0.0310478888707538,L1,0.0391919386517953...
GetData ===>> L2(CDD),0,H2,0.106353757076933,H1,-0.0776794215194006,AX,-0.283619655230349,L1,-0.020234626142398...
GetData ===>> L2(CDD),0,H2,0.0836233169568528,H1,0.149174933459366,AX,0.0453214017509266,L1,-0.395172524148505,...
GetData ===>> L2(CDD),0,H2,0.0104232326876049,H1,-0.109623216519352,AX,-0.0586815294038728,L1,-0.01446521659818...
GetData ===>> L2(CDD),0,H2,-0.275564069613661,H1,0.130555697184511,AX,-0.119908428977807,L1,-0.0613118284013765...
GetDeflection L2 (CDD) ===>> 0
testing L2_CDD_==3250
evaluate ot="L2(CDD).deflection==3250" t="L2_CDD_==3250", ctx="{'L2_CDD_': 0.0}"
GetData ===>> L2(CDD),0,H2,-0.0392284833812043,H1,-0.258756864069269,AX,0.13178884407248,L1,-0.0193115229254667...
GetData ===>> L2(CDD),0,H2,-0.0675498122592544,H1,0.153657395863936,AX,0.0296113078457919,L1,-0.211644143929606...
GetData ===>> L2(CDD),0,H2,-0.186303986614252,H1,-0.289775604088243,AX,-0.0724407225665807,L1,-0.06338871931218...
GetData ===>> L2(CDD),0,H2,-0.0163843449043235,H1,0.164576301701269,AX,-0.116239511006899,L1,-0.087157264737547...
GetData ===>> L2(CDD),0,H2,0.0288392986729072,H1,-0.120998629080971,AX,-0.144443958366271,L1,-0.10527173524305,...
GetData ===>> L2(CDD),0,H2,-0.204716002209635,H1,0.0864226466614689,AX,-0.0521458437387415,L1,-0.12407811994440...
GetData ===>> L2(CDD),0,H2,-0.165211314918899,H1,-0.0768750677031264,AX,-0.333369509743182,L1,-0.18372540205787...
GetData ===>> L2(CDD),0,H2,0.0315201473154621,H1,0.0453945123054331,AX,-0.207614335224533,L1,-0.088657201915678...
GetData ===>> L2(CDD),0,H2,-0.0613728022225156,H1,-0.0893999296023234,AX,0.117338836968281,L1,-0.33011678972520...
GetData ===>> L2(CDD),0,H2,-0.033167845578502,H1,-0.191201489260069,AX,-0.161297440892128,L1,0.0919288572026578...
GetDeflection L2 (CDD) ===>> 0
testing L2_CDD_==3250
evaluate ot="L2(CDD).deflection==3250" t="L2_CDD_==3250", ctx="{'L2_CDD_': 0.0}"
GetData ===>> L2(CDD),0.000157244698251559,H2,0.0357162729854291,H1,-0.0708998469273331,AX,-0.0686569640570506,...
GetData ===>> L2(CDD),0,H2,-0.160899497302104,H1,-0.0808968300765069,AX,-0.00811480462641794,L1,-0.063157953875...
GetData ===>> L2(CDD),0,H2,-0.116731405997817,H1,-0.161443453944214,AX,0.0160801916465455,L1,-0.011118943311489...
GetData ===>> L2(CDD),0,H2,-0.00787593247546555,H1,0.0745852187107238,AX,-0.0795495619600327,L1,-0.302086109782...
GetData ===>> L2(CDD),0,H2,-0.0579929122941628,H1,0.054588340289097,AX,-0.0958308994867837,L1,-0.45872452553629...
bu-FD-F-535   blank_unknown   NoIrradiation A:22 set to terminate after 60 counts
14:21:27 -- collecting point 50
GetData ===>> L2(CDD),0,H2,0.110317067380697,H1,-0.025854683641091,AX,-0.206353261188024,L1,-0.100195102529337,...
GetData ===>> L2(CDD),0,H2,-0.174301030321038,H1,-0.189707864584741,AX,-0.178150628265175,L1,-0.094887685323003...
GetData ===>> L2(CDD),0,H2,0.0738319055223969,H1,-0.000228562729591286,AX,0.233862533098145,L1,-0.1769186445786...
GetData ===>> L2(CDD),0,H2,-0.0889942235497799,H1,0.154576877905389,AX,0.199339770652127,L1,-0.231948177826361,...
GetData ===>> L2(CDD),0,H2,-0.0142863870705802,H1,0.164806174731601,AX,-0.120711002919683,L1,-0.16999646925159,...
GetDeflection L2 (CDD) ===>> 0
testing L2_CDD_==3250
evaluate ot="L2(CDD).deflection==3250" t="L2_CDD_==3250", ctx="{'L2_CDD_': 0.0}"
GetData ===>> L2(CDD),0,H2,-0.169173508941913,H1,0.140784739297098,AX,0.00392528336499323,L1,-0.243945815897649...
GetData ===>> L2(CDD),0,H2,-0.117663734600795,H1,0.00402337071535594,AX,-0.0866583488424208,L1,-0.3415364636986...
GetData ===>> L2(CDD),0,H2,0.185156705798507,H1,-0.00539980787724232,AX,-0.0722114042928169,L1,-0.4155880502144...
GetData ===>> L2(CDD),0,H2,-0.234430865880316,H1,0.0488421875309564,AX,-0.0410236099580594,L1,-0.16549702875007...
GetData ===>> L2(CDD),0,H2,-0.0688318283221394,H1,0.0696434228365245,AX,-0.349531927354391,L1,-0.24060033561443...
GetData ===>> L2(CDD),0,H2,-0.0172002161799997,H1,-0.0421723072060158,AX,-0.141004435871153,L1,-0.4174335002793...
14:21:39 -- user termination. measurement iteration executed 60/120 counts
measurement finished
estimated time: 125.829 actual time: :63.117
flush and close file /Users/obama/PychronDev/data/isotopes/2f/61327c-2061-4d33-9407-649d681dca81.h5
activate_detectors ('H1', 'L2(CDD)') {'peak_center': True}
peak_center () {'detector': 'H2', 'integration_time': 1.048576, 'isotope': 'Ar40'}
peak center: mean=3.29367991605 threshold=100.0
Skipping peak center. intensities to small. 3.29367991605<100.0
finished measure script
executed snippet estimated_duration=650.242112, duration=354.594030857
felix_analysis400_120.py completed successfully
Measurement Finished
14:21:39 -- ******* Measurement Finished *******
Post Measurement Started felix_pump_ms.py
14:21:39 -- ******* Post Measurement Started felix_pump_ms.py *******
testing...
no interpolation path defined
executed snippet estimated_duration=0, duration=3.91006469727e-05
Pumping spectrometer
open () {'name': 'V'}
opening name=V desc=---
checking ownership. requestor=129.138.12.137
check software interlocks V
interlocks []
actuate state mode=None-script, software_lock=False
doing actuation None-script open_channel True
Open V ===>> OK
GetIndicatorState V ===>> OK
change switch state (True, True)
update switch state V True args=() kw={} ncanvase=4
14:21:39 -- OPEN   VALVE-V (Felix Ion Pump)
---------------------------------------- open V () result=[(True, True)], time=0.15 sec
action=open, ok=True, locked=[False]
executed snippet estimated_duration=0, duration=0.399642944336
felix_pump_ms.py completed successfully
setting _ms_pumptime
Post Measurement Finished
14:21:39 -- ******* Post Measurement Finished *******
$$$$$$$$$$$$$$$$$$$$ state at run end truncated
post measurement save measured=True aborted=False
Set filtering
setting fod for Ar40= {'filter_outliers': True, 'std_devs': 2, 'iterations': 2}
setting fod for H2= {'filter_outliers': True, 'std_devs': 2, 'iterations': 1}
setting fod for Ar36= {'filter_outliers': True, 'std_devs': 2, 'iterations': 2}
setting fod for L2(CDD)= {'filter_outliers': True, 'std_devs': 2, 'iterations': 1}
setting fod for Ar37= {'filter_outliers': True, 'std_devs': 2, 'iterations': 2}
setting fod for L1= {'filter_outliers': True, 'std_devs': 2, 'iterations': 1}
setting fod for Ar38= {'filter_outliers': True, 'std_devs': 2, 'iterations': 2}
setting fod for AX= {'filter_outliers': True, 'std_devs': 2, 'iterations': 1}
setting fod for Ar39= {'filter_outliers': True, 'std_devs': 2, 'iterations': 2}
setting fod for H1= {'filter_outliers': True, 'std_devs': 2, 'iterations': 1}
persistence save...
persistence save - db
post measurement save
5199412400 connecting to database sqlite:////Users/obama/PychronDev/.appdata/local_lab.db
connected to db sqlite:////Users/obama/PychronDev/.appdata/local_lab.db
create new session 5199412400
close session 5199412400
No database instance. Not saving post measurement to isotopedb database
$$$$$$$$$$$$$$$ auto_save_detector_ic=False
massspec enabled True
create new session 4821576496
MassSpec Database Version: 16.0
close session 4821576496
saving post measurement to secondary database
saving to massspec database 129.138.12.160/massspecdata
setting labnumber to bu-FD-F
setting aliquot to 535
setting step to 
setting uuid to 2f61327c-2061-4d33-9407-649d681dca81
setting irradpos to bu-FD-F
setting extract_device to Fusions Diode
setting tray to 
setting position to 35
setting power_requested to 0.0
setting extract_value to 0.0
setting duration to 40.0
setting duration_at_request to 40.0
setting first_stage_delay to 40.0
setting cleanup to 30.0
setting comment to 
setting irradiation to NoIrradiation
setting level to A
setting irradiation_level to A
setting sample to blank_unknown
setting material to Blank
setting project to REFERENCES
setting mass_spectrometer to Felix
no attribute chron_dosages
no attribute production_ratios
no attribute interference_corrections
no attribute production_name
no attribute j
Reference Isotope=Ar40
Reference Detector=H2
%%%%%%%%%%%%%%%%%%%% Comment:  %%%%%%%%%%%%%%%%%%%
adding isotope Ar40 H2
add baseline dbdet= Ar40. original det= H2
get baseline data Ar40 H2
Get data baseline <pychron.processing.isotope.Baseline object at 0x13d5cdd50> len t=60
baseline Ar40. v=-0.0791131754305, e=0.0129173369954
get signal data Ar40 H2
Get data signal Ar40 0.622+/-0.029 len t=231
adding isotope Ar39 H1
add baseline dbdet= Ar39. original det= H1
get baseline data Ar39 H1
Get data baseline <pychron.processing.isotope.Baseline object at 0x13d5cdbd0> len t=60
baseline Ar39. v=-0.032400542235, e=0.0182829951847
get signal data Ar39 H1
Get data signal Ar39 -0.01+/-0.04 len t=231
adding isotope Ar38 AX
add baseline dbdet= Ar38. original det= AX
get baseline data Ar38 AX
Get data baseline <pychron.processing.isotope.Baseline object at 0x13d744850> len t=60
baseline Ar38. v=-0.109529995215, e=0.0148879204819
get signal data Ar38 AX
Get data signal Ar38 -0.016+/-0.016 len t=231
adding isotope Ar37 L1
add baseline dbdet= Ar37. original det= L1
get baseline data Ar37 L1
Get data baseline <pychron.processing.isotope.Baseline object at 0x13d744d50> len t=60
baseline Ar37. v=-0.152628030229, e=0.0175599305582
get signal data Ar37 L1
Get data signal Ar37 -0.043+/-0.017 len t=231
adding isotope Ar36 L2(CDD)
add baseline dbdet= Ar36. original det= L2(CDD)
get baseline data Ar36 L2(CDD)
Get data baseline <pychron.processing.isotope.Baseline object at 0x13d744390> len t=60
baseline Ar36. v=0.0, e=0.0
get signal data Ar36 L2(CDD)
Get data signal Ar36 0.00214+/-0.00026 len t=231
bu-FD-F-535 added analysis time 0.656640052795s
analysis added to mass spec database
mass spec save time= 0.670
persistence save - dvc
================= post measurement started
create new session 4671971248
close session 4671971248
---------------- Experiment Queue saving disabled
DVC saving peakcenter
Smart pull ahead: 0 behind: 0
Up-to-date with origin
add to repo msg=modified - 1e2ad98a77a0f8b97e0df49be2474708cb221738.json
add to repo msg=modified - -F-535.json
add to repo msg=modified - -F-535.dat.json
add to repo msg=modified - -F-535.blan.json
add to repo msg=modified - -F-535.inte.json
add to repo msg=modified - -F-535.icfa.json
add to repo msg=modified - -F-535.base.json
not at valid file /Users/obama/PychronDev/data/.dvc/repositories/Load1790/bu-FD/tags/-F-535.tags.json
add to repo msg=modified - -F-535.peak.json
add to repo msg=modified - -F-535.extr.json
not at valid file /Users/obama/PychronDev/data/.dvc/repositories/Load1790/bu-FD/monitor/-F-535.moni.json
commit message=<COLLECTION>
add to repo msg=modified - -F-535.inte.json
add to repo msg=modified - -F-535.base.json
commit message=<ISOEVO> default collection fits
add to repo msg=modified - -F-535.blan.json
commit message=<BLANKS> preceding bu-FD-F-534
add to repo msg=modified - -F-535.icfa.json
commit message=<ICFactor> default
push repository <pychron.git_archive.repo_manager.GitRepoManager object at 0x134f29b90>
pushing to remote=origin, url=https://github.com
no changes to meta repo
create new session 4671971248
add association Load1790
get identifier "bu-FD-F"
setting analysis irradiation position=<pychron.dvc.dvc_orm.IrradiationPositionTbl object at 0x11b4efa50>
close session 4671971248
================= post measurement finished
14:21:51 -- ******* Post Run Check *******
loading queue conditionals post_run_actions
loading system conditionals post_run_actions
loading conditionals from /Users/obama/PychronDev/setupfiles/spectrometer/default_conditionals.yaml
loading queue conditionals post_run_terminations
loading system conditionals post_run_terminations
loading conditionals from /Users/obama/PychronDev/setupfiles/spectrometer/default_conditionals.yaml
Checking default post run terminations n=1
GetDeflection L2 (CDD) ===>> 0
testing L2_CDD_==3250
evaluate ot="L2(CDD).deflection==3250" t="L2_CDD_==3250", ctx="{'L2_CDD_': 0.0}"
14:21:51 -- ******* Post Run Check Passed *******
14:21:51 -- Automated run bu-FD-F-535 truncated duration: 466.896 s
----------------- finish -----------------
----------------- stop -----------------
retroactive repository identifiers disabled
finish run. runs completed=1
write rem/ex queues
/Users/obama/PychronDev/experiments/rem/CurrentExperiment.rem.txt
/Users/obama/PychronDev/experiments/rem/CurrentExperiment.ex.txt
doing event level: 3
